running egg_info
writing ../../build/dataset/dataset.egg-info/PKG-INFO
writing dependency_links to ../../build/dataset/dataset.egg-info/dependency_links.txt
writing entry points to ../../build/dataset/dataset.egg-info/entry_points.txt
writing requirements to ../../build/dataset/dataset.egg-info/requires.txt
writing top-level names to ../../build/dataset/dataset.egg-info/top_level.txt
reading manifest file '../../build/dataset/dataset.egg-info/SOURCES.txt'
writing manifest file '../../build/dataset/dataset.egg-info/SOURCES.txt'
running build
running build_py
copying dataset/save_images.py -> /home/robertog/ros2_ws/build/dataset/build/lib/dataset
running install
running install_lib
copying /home/robertog/ros2_ws/build/dataset/build/lib/dataset/save_images.py -> /home/robertog/ros2_ws/install/dataset/lib/python3.10/site-packages/dataset
byte-compiling /home/robertog/ros2_ws/install/dataset/lib/python3.10/site-packages/dataset/save_images.py to save_images.cpython-310.pyc
running install_data
running install_egg_info
removing '/home/robertog/ros2_ws/install/dataset/lib/python3.10/site-packages/dataset-0.0.0-py3.10.egg-info' (and everything under it)
Copying ../../build/dataset/dataset.egg-info to /home/robertog/ros2_ws/install/dataset/lib/python3.10/site-packages/dataset-0.0.0-py3.10.egg-info
running install_scripts
Installing save_images script to /home/robertog/ros2_ws/install/dataset/lib/dataset
writing list of installed files to '/home/robertog/ros2_ws/build/dataset/install.log'
