[0.835s] Invoking command in '/home/robertog/ros2_ws/src/dataset': PYTHONPATH=/home/robertog/ros2_ws/build/dataset/prefix_override:/home/robertog/ros2_ws/install/dataset/lib/python3.10/site-packages:${PYTHONPATH} /usr/bin/python3 -W ignore:setup.py install is deprecated setup.py egg_info --egg-base ../../build/dataset build --build-base /home/robertog/ros2_ws/build/dataset/build install --record /home/robertog/ros2_ws/build/dataset/install.log --single-version-externally-managed install_data
[1.166s] running egg_info
[1.166s] writing ../../build/dataset/dataset.egg-info/PKG-INFO
[1.167s] writing dependency_links to ../../build/dataset/dataset.egg-info/dependency_links.txt
[1.167s] writing entry points to ../../build/dataset/dataset.egg-info/entry_points.txt
[1.167s] writing requirements to ../../build/dataset/dataset.egg-info/requires.txt
[1.167s] writing top-level names to ../../build/dataset/dataset.egg-info/top_level.txt
[1.169s] reading manifest file '../../build/dataset/dataset.egg-info/SOURCES.txt'
[1.170s] writing manifest file '../../build/dataset/dataset.egg-info/SOURCES.txt'
[1.170s] running build
[1.170s] running build_py
[1.170s] copying dataset/save_images.py -> /home/robertog/ros2_ws/build/dataset/build/lib/dataset
[1.171s] running install
[1.171s] running install_lib
[1.172s] copying /home/robertog/ros2_ws/build/dataset/build/lib/dataset/save_images.py -> /home/robertog/ros2_ws/install/dataset/lib/python3.10/site-packages/dataset
[1.173s] byte-compiling /home/robertog/ros2_ws/install/dataset/lib/python3.10/site-packages/dataset/save_images.py to save_images.cpython-310.pyc
[1.174s] running install_data
[1.174s] running install_egg_info
[1.176s] removing '/home/robertog/ros2_ws/install/dataset/lib/python3.10/site-packages/dataset-0.0.0-py3.10.egg-info' (and everything under it)
[1.176s] Copying ../../build/dataset/dataset.egg-info to /home/robertog/ros2_ws/install/dataset/lib/python3.10/site-packages/dataset-0.0.0-py3.10.egg-info
[1.177s] running install_scripts
[1.203s] Installing save_images script to /home/robertog/ros2_ws/install/dataset/lib/dataset
[1.204s] writing list of installed files to '/home/robertog/ros2_ws/build/dataset/install.log'
[1.240s] Invoked command in '/home/robertog/ros2_ws/src/dataset' returned '0': PYTHONPATH=/home/robertog/ros2_ws/build/dataset/prefix_override:/home/robertog/ros2_ws/install/dataset/lib/python3.10/site-packages:${PYTHONPATH} /usr/bin/python3 -W ignore:setup.py install is deprecated setup.py egg_info --egg-base ../../build/dataset build --build-base /home/robertog/ros2_ws/build/dataset/build install --record /home/robertog/ros2_ws/build/dataset/install.log --single-version-externally-managed install_data
