[0.807s] Invoking command in '/home/robertog/ros2_ws/src/dataset': PYTHONPATH=/home/robertog/ros2_ws/build/dataset/prefix_override:/home/robertog/ros2_ws/install/dataset/lib/python3.10/site-packages:${PYTHONPATH} /usr/bin/python3 -W ignore:setup.py install is deprecated setup.py egg_info --egg-base ../../build/dataset build --build-base /home/robertog/ros2_ws/build/dataset/build install --record /home/robertog/ros2_ws/build/dataset/install.log --single-version-externally-managed install_data
[1.122s] running egg_info
[1.122s] writing ../../build/dataset/dataset.egg-info/PKG-INFO
[1.123s] writing dependency_links to ../../build/dataset/dataset.egg-info/dependency_links.txt
[1.123s] writing entry points to ../../build/dataset/dataset.egg-info/entry_points.txt
[1.123s] writing requirements to ../../build/dataset/dataset.egg-info/requires.txt
[1.123s] writing top-level names to ../../build/dataset/dataset.egg-info/top_level.txt
[1.125s] reading manifest file '../../build/dataset/dataset.egg-info/SOURCES.txt'
[1.126s] writing manifest file '../../build/dataset/dataset.egg-info/SOURCES.txt'
[1.126s] running build
[1.126s] running build_py
[1.126s] copying dataset/save_images.py -> /home/robertog/ros2_ws/build/dataset/build/lib/dataset
[1.127s] running install
[1.127s] running install_lib
[1.128s] copying /home/robertog/ros2_ws/build/dataset/build/lib/dataset/save_images.py -> /home/robertog/ros2_ws/install/dataset/lib/python3.10/site-packages/dataset
[1.129s] byte-compiling /home/robertog/ros2_ws/install/dataset/lib/python3.10/site-packages/dataset/save_images.py to save_images.cpython-310.pyc
[1.129s] running install_data
[1.130s] running install_egg_info
[1.132s] removing '/home/robertog/ros2_ws/install/dataset/lib/python3.10/site-packages/dataset-0.0.0-py3.10.egg-info' (and everything under it)
[1.132s] Copying ../../build/dataset/dataset.egg-info to /home/robertog/ros2_ws/install/dataset/lib/python3.10/site-packages/dataset-0.0.0-py3.10.egg-info
[1.133s] running install_scripts
[1.158s] Installing save_images script to /home/robertog/ros2_ws/install/dataset/lib/dataset
[1.158s] writing list of installed files to '/home/robertog/ros2_ws/build/dataset/install.log'
[1.190s] Invoked command in '/home/robertog/ros2_ws/src/dataset' returned '0': PYTHONPATH=/home/robertog/ros2_ws/build/dataset/prefix_override:/home/robertog/ros2_ws/install/dataset/lib/python3.10/site-packages:${PYTHONPATH} /usr/bin/python3 -W ignore:setup.py install is deprecated setup.py egg_info --egg-base ../../build/dataset build --build-base /home/robertog/ros2_ws/build/dataset/build install --record /home/robertog/ros2_ws/build/dataset/install.log --single-version-externally-managed install_data
