[4.680s] Invoking command in '/home/robertog/ros2_ws/src/gtg_ao': PYTHONPATH=/home/robertog/ros2_ws/build/gtg_ao/prefix_override:/home/robertog/ros2_ws/install/gtg_ao/lib/python3.10/site-packages:${PYTHONPATH} /usr/bin/python3 -W ignore:setup.py install is deprecated setup.py egg_info --egg-base ../../build/gtg_ao build --build-base /home/robertog/ros2_ws/build/gtg_ao/build install --record /home/robertog/ros2_ws/build/gtg_ao/install.log --single-version-externally-managed install_data
[5.438s] running egg_info
[5.441s] writing ../../build/gtg_ao/gtg_ao.egg-info/PKG-INFO
[5.441s] writing dependency_links to ../../build/gtg_ao/gtg_ao.egg-info/dependency_links.txt
[5.441s] writing entry points to ../../build/gtg_ao/gtg_ao.egg-info/entry_points.txt
[5.441s] writing requirements to ../../build/gtg_ao/gtg_ao.egg-info/requires.txt
[5.441s] writing top-level names to ../../build/gtg_ao/gtg_ao.egg-info/top_level.txt
[5.441s] reading manifest file '../../build/gtg_ao/gtg_ao.egg-info/SOURCES.txt'
[5.441s] writing manifest file '../../build/gtg_ao/gtg_ao.egg-info/SOURCES.txt'
[5.442s] running build
[5.442s] running build_py
[5.442s] running install
[5.442s] running install_lib
[5.442s] running install_data
[5.442s] running install_egg_info
[5.442s] removing '/home/robertog/ros2_ws/install/gtg_ao/lib/python3.10/site-packages/gtg_ao-0.0.0-py3.10.egg-info' (and everything under it)
[5.443s] Copying ../../build/gtg_ao/gtg_ao.egg-info to /home/robertog/ros2_ws/install/gtg_ao/lib/python3.10/site-packages/gtg_ao-0.0.0-py3.10.egg-info
[5.443s] running install_scripts
[5.443s] Installing avoid_obstacles script to /home/robertog/ros2_ws/install/gtg_ao/lib/gtg_ao
[5.443s] Installing go_to_goal script to /home/robertog/ros2_ws/install/gtg_ao/lib/gtg_ao
[5.444s] writing list of installed files to '/home/robertog/ros2_ws/build/gtg_ao/install.log'
[5.850s] Invoked command in '/home/robertog/ros2_ws/src/gtg_ao' returned '0': PYTHONPATH=/home/robertog/ros2_ws/build/gtg_ao/prefix_override:/home/robertog/ros2_ws/install/gtg_ao/lib/python3.10/site-packages:${PYTHONPATH} /usr/bin/python3 -W ignore:setup.py install is deprecated setup.py egg_info --egg-base ../../build/gtg_ao build --build-base /home/robertog/ros2_ws/build/gtg_ao/build install --record /home/robertog/ros2_ws/build/gtg_ao/install.log --single-version-externally-managed install_data
