[0.736s] Invoking command in '/home/robertog/ros2_ws/src/final_challenge': PYTHONPATH=/home/robertog/ros2_ws/build/final_challenge/prefix_override:/home/robertog/ros2_ws/install/final_challenge/lib/python3.10/site-packages:${PYTHONPATH} /usr/bin/python3 -W ignore:setup.py install is deprecated setup.py egg_info --egg-base ../../build/final_challenge build --build-base /home/robertog/ros2_ws/build/final_challenge/build install --record /home/robertog/ros2_ws/build/final_challenge/install.log --single-version-externally-managed install_data
[1.024s] running egg_info
[1.025s] writing ../../build/final_challenge/final_challenge.egg-info/PKG-INFO
[1.026s] writing dependency_links to ../../build/final_challenge/final_challenge.egg-info/dependency_links.txt
[1.026s] writing entry points to ../../build/final_challenge/final_challenge.egg-info/entry_points.txt
[1.026s] writing requirements to ../../build/final_challenge/final_challenge.egg-info/requires.txt
[1.027s] writing top-level names to ../../build/final_challenge/final_challenge.egg-info/top_level.txt
[1.029s] reading manifest file '../../build/final_challenge/final_challenge.egg-info/SOURCES.txt'
[1.030s] writing manifest file '../../build/final_challenge/final_challenge.egg-info/SOURCES.txt'
[1.031s] running build
[1.031s] running build_py
[1.031s] copying final_challenge/line_follower.py -> /home/robertog/ros2_ws/build/final_challenge/build/lib/final_challenge
[1.031s] copying final_challenge/states.py -> /home/robertog/ros2_ws/build/final_challenge/build/lib/final_challenge
[1.031s] running install
[1.031s] running install_lib
[1.033s] copying /home/robertog/ros2_ws/build/final_challenge/build/lib/final_challenge/line_follower.py -> /home/robertog/ros2_ws/install/final_challenge/lib/python3.10/site-packages/final_challenge
[1.033s] copying /home/robertog/ros2_ws/build/final_challenge/build/lib/final_challenge/states.py -> /home/robertog/ros2_ws/install/final_challenge/lib/python3.10/site-packages/final_challenge
[1.034s] byte-compiling /home/robertog/ros2_ws/install/final_challenge/lib/python3.10/site-packages/final_challenge/line_follower.py to line_follower.cpython-310.pyc
[1.036s] byte-compiling /home/robertog/ros2_ws/install/final_challenge/lib/python3.10/site-packages/final_challenge/states.py to states.cpython-310.pyc
[1.037s] running install_data
[1.038s] copying package.xml -> /home/robertog/ros2_ws/install/final_challenge/share/final_challenge
[1.038s] copying launch/project_launch.py -> /home/robertog/ros2_ws/install/final_challenge/share/final_challenge/launch
[1.038s] running install_egg_info
[1.040s] removing '/home/robertog/ros2_ws/install/final_challenge/lib/python3.10/site-packages/final_challenge-0.0.0-py3.10.egg-info' (and everything under it)
[1.040s] Copying ../../build/final_challenge/final_challenge.egg-info to /home/robertog/ros2_ws/install/final_challenge/lib/python3.10/site-packages/final_challenge-0.0.0-py3.10.egg-info
[1.042s] running install_scripts
[1.063s] Installing line_follower script to /home/robertog/ros2_ws/install/final_challenge/lib/final_challenge
[1.064s] writing list of installed files to '/home/robertog/ros2_ws/build/final_challenge/install.log'
[1.088s] Invoked command in '/home/robertog/ros2_ws/src/final_challenge' returned '0': PYTHONPATH=/home/robertog/ros2_ws/build/final_challenge/prefix_override:/home/robertog/ros2_ws/install/final_challenge/lib/python3.10/site-packages:${PYTHONPATH} /usr/bin/python3 -W ignore:setup.py install is deprecated setup.py egg_info --egg-base ../../build/final_challenge build --build-base /home/robertog/ros2_ws/build/final_challenge/build install --record /home/robertog/ros2_ws/build/final_challenge/install.log --single-version-externally-managed install_data
