[0.179s] DEBUG:colcon:Command line arguments: ['/usr/bin/colcon', 'list', '-p', '--base-paths', '/home/robertog/ros2_ws']
[0.179s] DEBUG:colcon:Parsed command line arguments: Namespace(log_base=None, log_level=None, verb_name='list', build_base='build', ignore_user_meta=False, metas=['./colcon.meta'], base_paths=['/home/robertog/ros2_ws'], packages_ignore=None, packages_ignore_regex=None, paths=None, packages_up_to=None, packages_up_to_regex=None, packages_above=None, packages_above_and_dependencies=None, packages_above_depth=None, packages_select_by_dep=None, packages_skip_by_dep=None, packages_skip_up_to=None, packages_select_build_failed=False, packages_skip_build_finished=False, packages_select_test_failures=False, packages_skip_test_passed=False, packages_select=None, packages_skip=None, packages_select_regex=None, packages_skip_regex=None, packages_start=None, packages_end=None, allow_overriding=[], topological_order=False, names_only=False, paths_only=True, topological_graph=False, topological_graph_dot=False, topological_graph_density=False, topological_graph_legend=False, topological_graph_dot_cluster=False, topological_graph_dot_include_skipped=False, mixin_files=None, mixin=None, verb_parser=<colcon_mixin.mixin.mixin_argument.MixinArgumentDecorator object at 0x7a17bd1d1ae0>, verb_extension=<colcon_package_information.verb.list.ListVerb object at 0x7a17bd3657e0>, main=<bound method ListVerb.main of <colcon_package_information.verb.list.ListVerb object at 0x7a17bd3657e0>>, mixin_verb=('list',))
[0.499s] Level 1:colcon.colcon_core.package_discovery:discover_packages(colcon_meta) check parameters
[0.499s] Level 1:colcon.colcon_core.package_discovery:discover_packages(recursive) check parameters
[0.499s] Level 1:colcon.colcon_core.package_discovery:discover_packages(ignore) check parameters
[0.499s] Level 1:colcon.colcon_core.package_discovery:discover_packages(path) check parameters
[0.499s] Level 1:colcon.colcon_core.package_discovery:discover_packages(recursive) discover
[0.499s] INFO:colcon.colcon_core.package_discovery:Crawling recursively for packages in '/home/robertog/ros2_ws'
[0.499s] Level 1:colcon.colcon_core.package_identification:_identify(/home/robertog/ros2_ws) by extensions ['ignore', 'ignore_ament_install']
[0.499s] Level 1:colcon.colcon_core.package_identification:_identify(/home/robertog/ros2_ws) by extension 'ignore'
[0.500s] Level 1:colcon.colcon_core.package_identification:_identify(/home/robertog/ros2_ws) by extension 'ignore_ament_install'
[0.500s] Level 1:colcon.colcon_core.package_identification:_identify(/home/robertog/ros2_ws) by extensions ['colcon_pkg']
[0.500s] Level 1:colcon.colcon_core.package_identification:_identify(/home/robertog/ros2_ws) by extension 'colcon_pkg'
[0.500s] Level 1:colcon.colcon_core.package_identification:_identify(/home/robertog/ros2_ws) by extensions ['colcon_meta']
[0.500s] Level 1:colcon.colcon_core.package_identification:_identify(/home/robertog/ros2_ws) by extension 'colcon_meta'
[0.500s] Level 1:colcon.colcon_core.package_identification:_identify(/home/robertog/ros2_ws) by extensions ['ros']
[0.500s] Level 1:colcon.colcon_core.package_identification:_identify(/home/robertog/ros2_ws) by extension 'ros'
[0.518s] Level 1:colcon.colcon_core.package_identification:_identify(/home/robertog/ros2_ws) by extensions ['cmake', 'python']
[0.518s] Level 1:colcon.colcon_core.package_identification:_identify(/home/robertog/ros2_ws) by extension 'cmake'
[0.518s] Level 1:colcon.colcon_core.package_identification:_identify(/home/robertog/ros2_ws) by extension 'python'
[0.519s] Level 1:colcon.colcon_core.package_identification:_identify(/home/robertog/ros2_ws) by extensions ['python_setup_py']
[0.519s] Level 1:colcon.colcon_core.package_identification:_identify(/home/robertog/ros2_ws) by extension 'python_setup_py'
[0.519s] Level 1:colcon.colcon_core.package_identification:_identify(/home/robertog/ros2_ws/build) by extensions ['ignore', 'ignore_ament_install']
[0.519s] Level 1:colcon.colcon_core.package_identification:_identify(/home/robertog/ros2_ws/build) by extension 'ignore'
[0.519s] Level 1:colcon.colcon_core.package_identification:_identify(/home/robertog/ros2_ws/build) ignored
[0.519s] Level 1:colcon.colcon_core.package_identification:_identify(/home/robertog/ros2_ws/install) by extensions ['ignore', 'ignore_ament_install']
[0.520s] Level 1:colcon.colcon_core.package_identification:_identify(/home/robertog/ros2_ws/install) by extension 'ignore'
[0.520s] Level 1:colcon.colcon_core.package_identification:_identify(/home/robertog/ros2_ws/install) ignored
[0.520s] Level 1:colcon.colcon_core.package_identification:_identify(/home/robertog/ros2_ws/log) by extensions ['ignore', 'ignore_ament_install']
[0.520s] Level 1:colcon.colcon_core.package_identification:_identify(/home/robertog/ros2_ws/log) by extension 'ignore'
[0.520s] Level 1:colcon.colcon_core.package_identification:_identify(/home/robertog/ros2_ws/log) ignored
[0.520s] Level 1:colcon.colcon_core.package_identification:_identify(/home/robertog/ros2_ws/src) by extensions ['ignore', 'ignore_ament_install']
[0.521s] Level 1:colcon.colcon_core.package_identification:_identify(/home/robertog/ros2_ws/src) by extension 'ignore'
[0.521s] Level 1:colcon.colcon_core.package_identification:_identify(/home/robertog/ros2_ws/src) by extension 'ignore_ament_install'
[0.521s] Level 1:colcon.colcon_core.package_identification:_identify(/home/robertog/ros2_ws/src) by extensions ['colcon_pkg']
[0.521s] Level 1:colcon.colcon_core.package_identification:_identify(/home/robertog/ros2_ws/src) by extension 'colcon_pkg'
[0.521s] Level 1:colcon.colcon_core.package_identification:_identify(/home/robertog/ros2_ws/src) by extensions ['colcon_meta']
[0.521s] Level 1:colcon.colcon_core.package_identification:_identify(/home/robertog/ros2_ws/src) by extension 'colcon_meta'
[0.521s] Level 1:colcon.colcon_core.package_identification:_identify(/home/robertog/ros2_ws/src) by extensions ['ros']
[0.521s] Level 1:colcon.colcon_core.package_identification:_identify(/home/robertog/ros2_ws/src) by extension 'ros'
[0.521s] Level 1:colcon.colcon_core.package_identification:_identify(/home/robertog/ros2_ws/src) by extensions ['cmake', 'python']
[0.521s] Level 1:colcon.colcon_core.package_identification:_identify(/home/robertog/ros2_ws/src) by extension 'cmake'
[0.521s] Level 1:colcon.colcon_core.package_identification:_identify(/home/robertog/ros2_ws/src) by extension 'python'
[0.521s] Level 1:colcon.colcon_core.package_identification:_identify(/home/robertog/ros2_ws/src) by extensions ['python_setup_py']
[0.521s] Level 1:colcon.colcon_core.package_identification:_identify(/home/robertog/ros2_ws/src) by extension 'python_setup_py'
[0.522s] Level 1:colcon.colcon_core.package_identification:_identify(/home/robertog/ros2_ws/src/gtg_ao) by extensions ['ignore', 'ignore_ament_install']
[0.522s] Level 1:colcon.colcon_core.package_identification:_identify(/home/robertog/ros2_ws/src/gtg_ao) by extension 'ignore'
[0.522s] Level 1:colcon.colcon_core.package_identification:_identify(/home/robertog/ros2_ws/src/gtg_ao) by extension 'ignore_ament_install'
[0.522s] Level 1:colcon.colcon_core.package_identification:_identify(/home/robertog/ros2_ws/src/gtg_ao) by extensions ['colcon_pkg']
[0.522s] Level 1:colcon.colcon_core.package_identification:_identify(/home/robertog/ros2_ws/src/gtg_ao) by extension 'colcon_pkg'
[0.522s] Level 1:colcon.colcon_core.package_identification:_identify(/home/robertog/ros2_ws/src/gtg_ao) by extensions ['colcon_meta']
[0.522s] Level 1:colcon.colcon_core.package_identification:_identify(/home/robertog/ros2_ws/src/gtg_ao) by extension 'colcon_meta'
[0.522s] Level 1:colcon.colcon_core.package_identification:_identify(/home/robertog/ros2_ws/src/gtg_ao) by extensions ['ros']
[0.522s] Level 1:colcon.colcon_core.package_identification:_identify(/home/robertog/ros2_ws/src/gtg_ao) by extension 'ros'
[0.526s] DEBUG:colcon.colcon_core.package_identification:Package '/home/robertog/ros2_ws/src/gtg_ao' with type 'ros.ament_python' and name 'gtg_ao'
[0.526s] Level 1:colcon.colcon_core.package_identification:_identify(/home/robertog/ros2_ws/src/gtg_behavior) by extensions ['ignore', 'ignore_ament_install']
[0.527s] Level 1:colcon.colcon_core.package_identification:_identify(/home/robertog/ros2_ws/src/gtg_behavior) by extension 'ignore'
[0.527s] Level 1:colcon.colcon_core.package_identification:_identify(/home/robertog/ros2_ws/src/gtg_behavior) by extension 'ignore_ament_install'
[0.527s] Level 1:colcon.colcon_core.package_identification:_identify(/home/robertog/ros2_ws/src/gtg_behavior) by extensions ['colcon_pkg']
[0.527s] Level 1:colcon.colcon_core.package_identification:_identify(/home/robertog/ros2_ws/src/gtg_behavior) by extension 'colcon_pkg'
[0.527s] Level 1:colcon.colcon_core.package_identification:_identify(/home/robertog/ros2_ws/src/gtg_behavior) by extensions ['colcon_meta']
[0.527s] Level 1:colcon.colcon_core.package_identification:_identify(/home/robertog/ros2_ws/src/gtg_behavior) by extension 'colcon_meta'
[0.527s] Level 1:colcon.colcon_core.package_identification:_identify(/home/robertog/ros2_ws/src/gtg_behavior) by extensions ['ros']
[0.527s] Level 1:colcon.colcon_core.package_identification:_identify(/home/robertog/ros2_ws/src/gtg_behavior) by extension 'ros'
[0.528s] DEBUG:colcon.colcon_core.package_identification:Package '/home/robertog/ros2_ws/src/gtg_behavior' with type 'ros.ament_python' and name 'gtg_behavior'
[0.528s] Level 1:colcon.colcon_core.package_identification:_identify(/home/robertog/ros2_ws/src/learning_tf2) by extensions ['ignore', 'ignore_ament_install']
[0.528s] Level 1:colcon.colcon_core.package_identification:_identify(/home/robertog/ros2_ws/src/learning_tf2) by extension 'ignore'
[0.528s] Level 1:colcon.colcon_core.package_identification:_identify(/home/robertog/ros2_ws/src/learning_tf2) by extension 'ignore_ament_install'
[0.528s] Level 1:colcon.colcon_core.package_identification:_identify(/home/robertog/ros2_ws/src/learning_tf2) by extensions ['colcon_pkg']
[0.529s] Level 1:colcon.colcon_core.package_identification:_identify(/home/robertog/ros2_ws/src/learning_tf2) by extension 'colcon_pkg'
[0.529s] Level 1:colcon.colcon_core.package_identification:_identify(/home/robertog/ros2_ws/src/learning_tf2) by extensions ['colcon_meta']
[0.529s] Level 1:colcon.colcon_core.package_identification:_identify(/home/robertog/ros2_ws/src/learning_tf2) by extension 'colcon_meta'
[0.529s] Level 1:colcon.colcon_core.package_identification:_identify(/home/robertog/ros2_ws/src/learning_tf2) by extensions ['ros']
[0.529s] Level 1:colcon.colcon_core.package_identification:_identify(/home/robertog/ros2_ws/src/learning_tf2) by extension 'ros'
[0.530s] DEBUG:colcon.colcon_core.package_identification:Package '/home/robertog/ros2_ws/src/learning_tf2' with type 'ros.ament_python' and name 'learning_tf2'
[0.530s] Level 1:colcon.colcon_core.package_identification:_identify(/home/robertog/ros2_ws/src/mini1_checo) by extensions ['ignore', 'ignore_ament_install']
[0.530s] Level 1:colcon.colcon_core.package_identification:_identify(/home/robertog/ros2_ws/src/mini1_checo) by extension 'ignore'
[0.530s] Level 1:colcon.colcon_core.package_identification:_identify(/home/robertog/ros2_ws/src/mini1_checo) by extension 'ignore_ament_install'
[0.530s] Level 1:colcon.colcon_core.package_identification:_identify(/home/robertog/ros2_ws/src/mini1_checo) by extensions ['colcon_pkg']
[0.530s] Level 1:colcon.colcon_core.package_identification:_identify(/home/robertog/ros2_ws/src/mini1_checo) by extension 'colcon_pkg'
[0.530s] Level 1:colcon.colcon_core.package_identification:_identify(/home/robertog/ros2_ws/src/mini1_checo) by extensions ['colcon_meta']
[0.530s] Level 1:colcon.colcon_core.package_identification:_identify(/home/robertog/ros2_ws/src/mini1_checo) by extension 'colcon_meta'
[0.531s] Level 1:colcon.colcon_core.package_identification:_identify(/home/robertog/ros2_ws/src/mini1_checo) by extensions ['ros']
[0.531s] Level 1:colcon.colcon_core.package_identification:_identify(/home/robertog/ros2_ws/src/mini1_checo) by extension 'ros'
[0.531s] DEBUG:colcon.colcon_core.package_identification:Package '/home/robertog/ros2_ws/src/mini1_checo' with type 'ros.ament_python' and name 'mini1_checo'
[0.531s] Level 1:colcon.colcon_core.package_identification:_identify(/home/robertog/ros2_ws/src/minichallenge3) by extensions ['ignore', 'ignore_ament_install']
[0.532s] Level 1:colcon.colcon_core.package_identification:_identify(/home/robertog/ros2_ws/src/minichallenge3) by extension 'ignore'
[0.532s] Level 1:colcon.colcon_core.package_identification:_identify(/home/robertog/ros2_ws/src/minichallenge3) by extension 'ignore_ament_install'
[0.532s] Level 1:colcon.colcon_core.package_identification:_identify(/home/robertog/ros2_ws/src/minichallenge3) by extensions ['colcon_pkg']
[0.532s] Level 1:colcon.colcon_core.package_identification:_identify(/home/robertog/ros2_ws/src/minichallenge3) by extension 'colcon_pkg'
[0.532s] Level 1:colcon.colcon_core.package_identification:_identify(/home/robertog/ros2_ws/src/minichallenge3) by extensions ['colcon_meta']
[0.532s] Level 1:colcon.colcon_core.package_identification:_identify(/home/robertog/ros2_ws/src/minichallenge3) by extension 'colcon_meta'
[0.532s] Level 1:colcon.colcon_core.package_identification:_identify(/home/robertog/ros2_ws/src/minichallenge3) by extensions ['ros']
[0.532s] Level 1:colcon.colcon_core.package_identification:_identify(/home/robertog/ros2_ws/src/minichallenge3) by extension 'ros'
[0.533s] DEBUG:colcon.colcon_core.package_identification:Package '/home/robertog/ros2_ws/src/minichallenge3' with type 'ros.ament_python' and name 'minichallenge3'
[0.533s] Level 1:colcon.colcon_core.package_identification:_identify(/home/robertog/ros2_ws/src/minichallenge4) by extensions ['ignore', 'ignore_ament_install']
[0.533s] Level 1:colcon.colcon_core.package_identification:_identify(/home/robertog/ros2_ws/src/minichallenge4) by extension 'ignore'
[0.533s] Level 1:colcon.colcon_core.package_identification:_identify(/home/robertog/ros2_ws/src/minichallenge4) by extension 'ignore_ament_install'
[0.533s] Level 1:colcon.colcon_core.package_identification:_identify(/home/robertog/ros2_ws/src/minichallenge4) by extensions ['colcon_pkg']
[0.533s] Level 1:colcon.colcon_core.package_identification:_identify(/home/robertog/ros2_ws/src/minichallenge4) by extension 'colcon_pkg'
[0.534s] Level 1:colcon.colcon_core.package_identification:_identify(/home/robertog/ros2_ws/src/minichallenge4) by extensions ['colcon_meta']
[0.534s] Level 1:colcon.colcon_core.package_identification:_identify(/home/robertog/ros2_ws/src/minichallenge4) by extension 'colcon_meta'
[0.534s] Level 1:colcon.colcon_core.package_identification:_identify(/home/robertog/ros2_ws/src/minichallenge4) by extensions ['ros']
[0.534s] Level 1:colcon.colcon_core.package_identification:_identify(/home/robertog/ros2_ws/src/minichallenge4) by extension 'ros'
[0.534s] DEBUG:colcon.colcon_core.package_identification:Package '/home/robertog/ros2_ws/src/minichallenge4' with type 'ros.ament_python' and name 'minichallenge4'
[0.535s] Level 1:colcon.colcon_core.package_identification:_identify(/home/robertog/ros2_ws/src/minichallenge4_bueno) by extensions ['ignore', 'ignore_ament_install']
[0.535s] Level 1:colcon.colcon_core.package_identification:_identify(/home/robertog/ros2_ws/src/minichallenge4_bueno) by extension 'ignore'
[0.535s] Level 1:colcon.colcon_core.package_identification:_identify(/home/robertog/ros2_ws/src/minichallenge4_bueno) by extension 'ignore_ament_install'
[0.535s] Level 1:colcon.colcon_core.package_identification:_identify(/home/robertog/ros2_ws/src/minichallenge4_bueno) by extensions ['colcon_pkg']
[0.535s] Level 1:colcon.colcon_core.package_identification:_identify(/home/robertog/ros2_ws/src/minichallenge4_bueno) by extension 'colcon_pkg'
[0.535s] Level 1:colcon.colcon_core.package_identification:_identify(/home/robertog/ros2_ws/src/minichallenge4_bueno) by extensions ['colcon_meta']
[0.535s] Level 1:colcon.colcon_core.package_identification:_identify(/home/robertog/ros2_ws/src/minichallenge4_bueno) by extension 'colcon_meta'
[0.535s] Level 1:colcon.colcon_core.package_identification:_identify(/home/robertog/ros2_ws/src/minichallenge4_bueno) by extensions ['ros']
[0.535s] Level 1:colcon.colcon_core.package_identification:_identify(/home/robertog/ros2_ws/src/minichallenge4_bueno) by extension 'ros'
[0.536s] DEBUG:colcon.colcon_core.package_identification:Package '/home/robertog/ros2_ws/src/minichallenge4_bueno' with type 'ros.ament_python' and name 'minichallenge4_bueno'
[0.536s] Level 1:colcon.colcon_core.package_identification:_identify(/home/robertog/ros2_ws/src/minichallenge5) by extensions ['ignore', 'ignore_ament_install']
[0.536s] Level 1:colcon.colcon_core.package_identification:_identify(/home/robertog/ros2_ws/src/minichallenge5) by extension 'ignore'
[0.536s] Level 1:colcon.colcon_core.package_identification:_identify(/home/robertog/ros2_ws/src/minichallenge5) by extension 'ignore_ament_install'
[0.536s] Level 1:colcon.colcon_core.package_identification:_identify(/home/robertog/ros2_ws/src/minichallenge5) by extensions ['colcon_pkg']
[0.536s] Level 1:colcon.colcon_core.package_identification:_identify(/home/robertog/ros2_ws/src/minichallenge5) by extension 'colcon_pkg'
[0.536s] Level 1:colcon.colcon_core.package_identification:_identify(/home/robertog/ros2_ws/src/minichallenge5) by extensions ['colcon_meta']
[0.536s] Level 1:colcon.colcon_core.package_identification:_identify(/home/robertog/ros2_ws/src/minichallenge5) by extension 'colcon_meta'
[0.537s] Level 1:colcon.colcon_core.package_identification:_identify(/home/robertog/ros2_ws/src/minichallenge5) by extensions ['ros']
[0.537s] Level 1:colcon.colcon_core.package_identification:_identify(/home/robertog/ros2_ws/src/minichallenge5) by extension 'ros'
[0.537s] DEBUG:colcon.colcon_core.package_identification:Package '/home/robertog/ros2_ws/src/minichallenge5' with type 'ros.ament_python' and name 'minichallenge5'
[0.538s] Level 1:colcon.colcon_core.package_identification:_identify(/home/robertog/ros2_ws/src/mobile_robotics) by extensions ['ignore', 'ignore_ament_install']
[0.538s] Level 1:colcon.colcon_core.package_identification:_identify(/home/robertog/ros2_ws/src/mobile_robotics) by extension 'ignore'
[0.538s] Level 1:colcon.colcon_core.package_identification:_identify(/home/robertog/ros2_ws/src/mobile_robotics) by extension 'ignore_ament_install'
[0.538s] Level 1:colcon.colcon_core.package_identification:_identify(/home/robertog/ros2_ws/src/mobile_robotics) by extensions ['colcon_pkg']
[0.538s] Level 1:colcon.colcon_core.package_identification:_identify(/home/robertog/ros2_ws/src/mobile_robotics) by extension 'colcon_pkg'
[0.538s] Level 1:colcon.colcon_core.package_identification:_identify(/home/robertog/ros2_ws/src/mobile_robotics) by extensions ['colcon_meta']
[0.538s] Level 1:colcon.colcon_core.package_identification:_identify(/home/robertog/ros2_ws/src/mobile_robotics) by extension 'colcon_meta'
[0.538s] Level 1:colcon.colcon_core.package_identification:_identify(/home/robertog/ros2_ws/src/mobile_robotics) by extensions ['ros']
[0.538s] Level 1:colcon.colcon_core.package_identification:_identify(/home/robertog/ros2_ws/src/mobile_robotics) by extension 'ros'
[0.539s] DEBUG:colcon.colcon_core.package_identification:Package '/home/robertog/ros2_ws/src/mobile_robotics' with type 'ros.ament_python' and name 'mobile_robotics'
[0.539s] Level 1:colcon.colcon_core.package_identification:_identify(/home/robertog/ros2_ws/src/open_cv_example) by extensions ['ignore', 'ignore_ament_install']
[0.539s] Level 1:colcon.colcon_core.package_identification:_identify(/home/robertog/ros2_ws/src/open_cv_example) by extension 'ignore'
[0.539s] Level 1:colcon.colcon_core.package_identification:_identify(/home/robertog/ros2_ws/src/open_cv_example) by extension 'ignore_ament_install'
[0.539s] Level 1:colcon.colcon_core.package_identification:_identify(/home/robertog/ros2_ws/src/open_cv_example) by extensions ['colcon_pkg']
[0.539s] Level 1:colcon.colcon_core.package_identification:_identify(/home/robertog/ros2_ws/src/open_cv_example) by extension 'colcon_pkg'
[0.539s] Level 1:colcon.colcon_core.package_identification:_identify(/home/robertog/ros2_ws/src/open_cv_example) by extensions ['colcon_meta']
[0.539s] Level 1:colcon.colcon_core.package_identification:_identify(/home/robertog/ros2_ws/src/open_cv_example) by extension 'colcon_meta'
[0.539s] Level 1:colcon.colcon_core.package_identification:_identify(/home/robertog/ros2_ws/src/open_cv_example) by extensions ['ros']
[0.539s] Level 1:colcon.colcon_core.package_identification:_identify(/home/robertog/ros2_ws/src/open_cv_example) by extension 'ros'
[0.540s] DEBUG:colcon.colcon_core.package_identification:Package '/home/robertog/ros2_ws/src/open_cv_example' with type 'ros.ament_python' and name 'open_cv_example'
[0.540s] Level 1:colcon.colcon_core.package_identification:_identify(/home/robertog/ros2_ws/src/programming_assignment) by extensions ['ignore', 'ignore_ament_install']
[0.540s] Level 1:colcon.colcon_core.package_identification:_identify(/home/robertog/ros2_ws/src/programming_assignment) by extension 'ignore'
[0.540s] Level 1:colcon.colcon_core.package_identification:_identify(/home/robertog/ros2_ws/src/programming_assignment) by extension 'ignore_ament_install'
[0.541s] Level 1:colcon.colcon_core.package_identification:_identify(/home/robertog/ros2_ws/src/programming_assignment) by extensions ['colcon_pkg']
[0.541s] Level 1:colcon.colcon_core.package_identification:_identify(/home/robertog/ros2_ws/src/programming_assignment) by extension 'colcon_pkg'
[0.541s] Level 1:colcon.colcon_core.package_identification:_identify(/home/robertog/ros2_ws/src/programming_assignment) by extensions ['colcon_meta']
[0.541s] Level 1:colcon.colcon_core.package_identification:_identify(/home/robertog/ros2_ws/src/programming_assignment) by extension 'colcon_meta'
[0.541s] Level 1:colcon.colcon_core.package_identification:_identify(/home/robertog/ros2_ws/src/programming_assignment) by extensions ['ros']
[0.541s] Level 1:colcon.colcon_core.package_identification:_identify(/home/robertog/ros2_ws/src/programming_assignment) by extension 'ros'
[0.541s] DEBUG:colcon.colcon_core.package_identification:Package '/home/robertog/ros2_ws/src/programming_assignment' with type 'ros.ament_python' and name 'programming_assignment'
[0.542s] Level 1:colcon.colcon_core.package_identification:_identify(/home/robertog/ros2_ws/src/two_wheeled_robot) by extensions ['ignore', 'ignore_ament_install']
[0.542s] Level 1:colcon.colcon_core.package_identification:_identify(/home/robertog/ros2_ws/src/two_wheeled_robot) by extension 'ignore'
[0.542s] Level 1:colcon.colcon_core.package_identification:_identify(/home/robertog/ros2_ws/src/two_wheeled_robot) by extension 'ignore_ament_install'
[0.542s] Level 1:colcon.colcon_core.package_identification:_identify(/home/robertog/ros2_ws/src/two_wheeled_robot) by extensions ['colcon_pkg']
[0.542s] Level 1:colcon.colcon_core.package_identification:_identify(/home/robertog/ros2_ws/src/two_wheeled_robot) by extension 'colcon_pkg'
[0.542s] Level 1:colcon.colcon_core.package_identification:_identify(/home/robertog/ros2_ws/src/two_wheeled_robot) by extensions ['colcon_meta']
[0.542s] Level 1:colcon.colcon_core.package_identification:_identify(/home/robertog/ros2_ws/src/two_wheeled_robot) by extension 'colcon_meta'
[0.542s] Level 1:colcon.colcon_core.package_identification:_identify(/home/robertog/ros2_ws/src/two_wheeled_robot) by extensions ['ros']
[0.542s] Level 1:colcon.colcon_core.package_identification:_identify(/home/robertog/ros2_ws/src/two_wheeled_robot) by extension 'ros'
[0.543s] DEBUG:colcon.colcon_core.package_identification:Package '/home/robertog/ros2_ws/src/two_wheeled_robot' with type 'ros.ament_cmake' and name 'two_wheeled_robot'
[0.543s] Level 1:colcon.colcon_core.package_identification:_identify(/home/robertog/ros2_ws/src/yolo_msg) by extensions ['ignore', 'ignore_ament_install']
[0.543s] Level 1:colcon.colcon_core.package_identification:_identify(/home/robertog/ros2_ws/src/yolo_msg) by extension 'ignore'
[0.543s] Level 1:colcon.colcon_core.package_identification:_identify(/home/robertog/ros2_ws/src/yolo_msg) by extension 'ignore_ament_install'
[0.543s] Level 1:colcon.colcon_core.package_identification:_identify(/home/robertog/ros2_ws/src/yolo_msg) by extensions ['colcon_pkg']
[0.543s] Level 1:colcon.colcon_core.package_identification:_identify(/home/robertog/ros2_ws/src/yolo_msg) by extension 'colcon_pkg'
[0.543s] Level 1:colcon.colcon_core.package_identification:_identify(/home/robertog/ros2_ws/src/yolo_msg) by extensions ['colcon_meta']
[0.544s] Level 1:colcon.colcon_core.package_identification:_identify(/home/robertog/ros2_ws/src/yolo_msg) by extension 'colcon_meta'
[0.544s] Level 1:colcon.colcon_core.package_identification:_identify(/home/robertog/ros2_ws/src/yolo_msg) by extensions ['ros']
[0.544s] Level 1:colcon.colcon_core.package_identification:_identify(/home/robertog/ros2_ws/src/yolo_msg) by extension 'ros'
[0.544s] DEBUG:colcon.colcon_core.package_identification:Package '/home/robertog/ros2_ws/src/yolo_msg' with type 'ros.ament_cmake' and name 'yolo_msg'
[0.544s] Level 1:colcon.colcon_core.package_identification:_identify(/home/robertog/ros2_ws/src/yolov8_ros2) by extensions ['ignore', 'ignore_ament_install']
[0.545s] Level 1:colcon.colcon_core.package_identification:_identify(/home/robertog/ros2_ws/src/yolov8_ros2) by extension 'ignore'
[0.545s] Level 1:colcon.colcon_core.package_identification:_identify(/home/robertog/ros2_ws/src/yolov8_ros2) by extension 'ignore_ament_install'
[0.545s] Level 1:colcon.colcon_core.package_identification:_identify(/home/robertog/ros2_ws/src/yolov8_ros2) by extensions ['colcon_pkg']
[0.545s] Level 1:colcon.colcon_core.package_identification:_identify(/home/robertog/ros2_ws/src/yolov8_ros2) by extension 'colcon_pkg'
[0.545s] Level 1:colcon.colcon_core.package_identification:_identify(/home/robertog/ros2_ws/src/yolov8_ros2) by extensions ['colcon_meta']
[0.545s] Level 1:colcon.colcon_core.package_identification:_identify(/home/robertog/ros2_ws/src/yolov8_ros2) by extension 'colcon_meta'
[0.545s] Level 1:colcon.colcon_core.package_identification:_identify(/home/robertog/ros2_ws/src/yolov8_ros2) by extensions ['ros']
[0.545s] Level 1:colcon.colcon_core.package_identification:_identify(/home/robertog/ros2_ws/src/yolov8_ros2) by extension 'ros'
[0.546s] DEBUG:colcon.colcon_core.package_identification:Package '/home/robertog/ros2_ws/src/yolov8_ros2' with type 'ros.ament_python' and name 'yolov8_ros2'
[0.546s] Level 1:colcon.colcon_core.package_discovery:discover_packages(recursive) using defaults
