running egg_info
creating ../../build/mobile_robotics/mobile_robotics.egg-info
writing ../../build/mobile_robotics/mobile_robotics.egg-info/PKG-INFO
writing dependency_links to ../../build/mobile_robotics/mobile_robotics.egg-info/dependency_links.txt
writing entry points to ../../build/mobile_robotics/mobile_robotics.egg-info/entry_points.txt
writing requirements to ../../build/mobile_robotics/mobile_robotics.egg-info/requires.txt
writing top-level names to ../../build/mobile_robotics/mobile_robotics.egg-info/top_level.txt
writing manifest file '../../build/mobile_robotics/mobile_robotics.egg-info/SOURCES.txt'
reading manifest file '../../build/mobile_robotics/mobile_robotics.egg-info/SOURCES.txt'
writing manifest file '../../build/mobile_robotics/mobile_robotics.egg-info/SOURCES.txt'
running build
running build_py
creating /home/robertog/ros2_ws/build/mobile_robotics/build
creating /home/robertog/ros2_ws/build/mobile_robotics/build/lib
creating /home/robertog/ros2_ws/build/mobile_robotics/build/lib/mobile_robotics
copying mobile_robotics/ros_color_tracker.py -> /home/robertog/ros2_ws/build/mobile_robotics/build/lib/mobile_robotics
copying mobile_robotics/__init__.py -> /home/robertog/ros2_ws/build/mobile_robotics/build/lib/mobile_robotics
copying mobile_robotics/test_node.py -> /home/robertog/ros2_ws/build/mobile_robotics/build/lib/mobile_robotics
copying mobile_robotics/real_camera.py -> /home/robertog/ros2_ws/build/mobile_robotics/build/lib/mobile_robotics
running install
running install_lib
creating /home/robertog/ros2_ws/install/mobile_robotics/lib/python3.10/site-packages/mobile_robotics
copying /home/robertog/ros2_ws/build/mobile_robotics/build/lib/mobile_robotics/ros_color_tracker.py -> /home/robertog/ros2_ws/install/mobile_robotics/lib/python3.10/site-packages/mobile_robotics
copying /home/robertog/ros2_ws/build/mobile_robotics/build/lib/mobile_robotics/__init__.py -> /home/robertog/ros2_ws/install/mobile_robotics/lib/python3.10/site-packages/mobile_robotics
copying /home/robertog/ros2_ws/build/mobile_robotics/build/lib/mobile_robotics/test_node.py -> /home/robertog/ros2_ws/install/mobile_robotics/lib/python3.10/site-packages/mobile_robotics
copying /home/robertog/ros2_ws/build/mobile_robotics/build/lib/mobile_robotics/real_camera.py -> /home/robertog/ros2_ws/install/mobile_robotics/lib/python3.10/site-packages/mobile_robotics
byte-compiling /home/robertog/ros2_ws/install/mobile_robotics/lib/python3.10/site-packages/mobile_robotics/ros_color_tracker.py to ros_color_tracker.cpython-310.pyc
byte-compiling /home/robertog/ros2_ws/install/mobile_robotics/lib/python3.10/site-packages/mobile_robotics/__init__.py to __init__.cpython-310.pyc
byte-compiling /home/robertog/ros2_ws/install/mobile_robotics/lib/python3.10/site-packages/mobile_robotics/test_node.py to test_node.cpython-310.pyc
byte-compiling /home/robertog/ros2_ws/install/mobile_robotics/lib/python3.10/site-packages/mobile_robotics/real_camera.py to real_camera.cpython-310.pyc
running install_data
creating /home/robertog/ros2_ws/install/mobile_robotics/share/ament_index
creating /home/robertog/ros2_ws/install/mobile_robotics/share/ament_index/resource_index
creating /home/robertog/ros2_ws/install/mobile_robotics/share/ament_index/resource_index/packages
copying resource/mobile_robotics -> /home/robertog/ros2_ws/install/mobile_robotics/share/ament_index/resource_index/packages
copying package.xml -> /home/robertog/ros2_ws/install/mobile_robotics/share/mobile_robotics
running install_egg_info
Copying ../../build/mobile_robotics/mobile_robotics.egg-info to /home/robertog/ros2_ws/install/mobile_robotics/lib/python3.10/site-packages/mobile_robotics-0.0.0-py3.10.egg-info
running install_scripts
Installing ros_color_tracker script to /home/robertog/ros2_ws/install/mobile_robotics/lib/mobile_robotics
Installing test_node script to /home/robertog/ros2_ws/install/mobile_robotics/lib/mobile_robotics
writing list of installed files to '/home/robertog/ros2_ws/build/mobile_robotics/install.log'
