[0.762s] Invoking command in '/home/robertog/ros2_ws/src/mobile_robotics': PYTHONPATH=/home/robertog/ros2_ws/build/mobile_robotics/prefix_override:/home/robertog/ros2_ws/install/mobile_robotics/lib/python3.10/site-packages:${PYTHONPATH} /usr/bin/python3 -W ignore:setup.py install is deprecated setup.py egg_info --egg-base ../../build/mobile_robotics build --build-base /home/robertog/ros2_ws/build/mobile_robotics/build install --record /home/robertog/ros2_ws/build/mobile_robotics/install.log --single-version-externally-managed install_data
[0.997s] running egg_info
[0.998s] creating ../../build/mobile_robotics/mobile_robotics.egg-info
[0.998s] writing ../../build/mobile_robotics/mobile_robotics.egg-info/PKG-INFO
[1.000s] writing dependency_links to ../../build/mobile_robotics/mobile_robotics.egg-info/dependency_links.txt
[1.000s] writing entry points to ../../build/mobile_robotics/mobile_robotics.egg-info/entry_points.txt
[1.000s] writing requirements to ../../build/mobile_robotics/mobile_robotics.egg-info/requires.txt
[1.000s] writing top-level names to ../../build/mobile_robotics/mobile_robotics.egg-info/top_level.txt
[1.000s] writing manifest file '../../build/mobile_robotics/mobile_robotics.egg-info/SOURCES.txt'
[1.002s] reading manifest file '../../build/mobile_robotics/mobile_robotics.egg-info/SOURCES.txt'
[1.002s] writing manifest file '../../build/mobile_robotics/mobile_robotics.egg-info/SOURCES.txt'
[1.003s] running build
[1.003s] running build_py
[1.003s] creating /home/robertog/ros2_ws/build/mobile_robotics/build
[1.003s] creating /home/robertog/ros2_ws/build/mobile_robotics/build/lib
[1.003s] creating /home/robertog/ros2_ws/build/mobile_robotics/build/lib/mobile_robotics
[1.003s] copying mobile_robotics/ros_color_tracker.py -> /home/robertog/ros2_ws/build/mobile_robotics/build/lib/mobile_robotics
[1.003s] copying mobile_robotics/__init__.py -> /home/robertog/ros2_ws/build/mobile_robotics/build/lib/mobile_robotics
[1.003s] copying mobile_robotics/test_node.py -> /home/robertog/ros2_ws/build/mobile_robotics/build/lib/mobile_robotics
[1.004s] copying mobile_robotics/real_camera.py -> /home/robertog/ros2_ws/build/mobile_robotics/build/lib/mobile_robotics
[1.004s] running install
[1.004s] running install_lib
[1.005s] creating /home/robertog/ros2_ws/install/mobile_robotics/lib/python3.10/site-packages/mobile_robotics
[1.005s] copying /home/robertog/ros2_ws/build/mobile_robotics/build/lib/mobile_robotics/ros_color_tracker.py -> /home/robertog/ros2_ws/install/mobile_robotics/lib/python3.10/site-packages/mobile_robotics
[1.005s] copying /home/robertog/ros2_ws/build/mobile_robotics/build/lib/mobile_robotics/__init__.py -> /home/robertog/ros2_ws/install/mobile_robotics/lib/python3.10/site-packages/mobile_robotics
[1.006s] copying /home/robertog/ros2_ws/build/mobile_robotics/build/lib/mobile_robotics/test_node.py -> /home/robertog/ros2_ws/install/mobile_robotics/lib/python3.10/site-packages/mobile_robotics
[1.006s] copying /home/robertog/ros2_ws/build/mobile_robotics/build/lib/mobile_robotics/real_camera.py -> /home/robertog/ros2_ws/install/mobile_robotics/lib/python3.10/site-packages/mobile_robotics
[1.006s] byte-compiling /home/robertog/ros2_ws/install/mobile_robotics/lib/python3.10/site-packages/mobile_robotics/ros_color_tracker.py to ros_color_tracker.cpython-310.pyc
[1.008s] byte-compiling /home/robertog/ros2_ws/install/mobile_robotics/lib/python3.10/site-packages/mobile_robotics/__init__.py to __init__.cpython-310.pyc
[1.008s] byte-compiling /home/robertog/ros2_ws/install/mobile_robotics/lib/python3.10/site-packages/mobile_robotics/test_node.py to test_node.cpython-310.pyc
[1.008s] byte-compiling /home/robertog/ros2_ws/install/mobile_robotics/lib/python3.10/site-packages/mobile_robotics/real_camera.py to real_camera.cpython-310.pyc
[1.008s] running install_data
[1.008s] creating /home/robertog/ros2_ws/install/mobile_robotics/share/ament_index
[1.008s] creating /home/robertog/ros2_ws/install/mobile_robotics/share/ament_index/resource_index
[1.008s] creating /home/robertog/ros2_ws/install/mobile_robotics/share/ament_index/resource_index/packages
[1.008s] copying resource/mobile_robotics -> /home/robertog/ros2_ws/install/mobile_robotics/share/ament_index/resource_index/packages
[1.008s] copying package.xml -> /home/robertog/ros2_ws/install/mobile_robotics/share/mobile_robotics
[1.008s] running install_egg_info
[1.011s] Copying ../../build/mobile_robotics/mobile_robotics.egg-info to /home/robertog/ros2_ws/install/mobile_robotics/lib/python3.10/site-packages/mobile_robotics-0.0.0-py3.10.egg-info
[1.014s] running install_scripts
[1.044s] Installing ros_color_tracker script to /home/robertog/ros2_ws/install/mobile_robotics/lib/mobile_robotics
[1.045s] Installing test_node script to /home/robertog/ros2_ws/install/mobile_robotics/lib/mobile_robotics
[1.047s] writing list of installed files to '/home/robertog/ros2_ws/build/mobile_robotics/install.log'
[1.076s] Invoked command in '/home/robertog/ros2_ws/src/mobile_robotics' returned '0': PYTHONPATH=/home/robertog/ros2_ws/build/mobile_robotics/prefix_override:/home/robertog/ros2_ws/install/mobile_robotics/lib/python3.10/site-packages:${PYTHONPATH} /usr/bin/python3 -W ignore:setup.py install is deprecated setup.py egg_info --egg-base ../../build/mobile_robotics build --build-base /home/robertog/ros2_ws/build/mobile_robotics/build install --record /home/robertog/ros2_ws/build/mobile_robotics/install.log --single-version-externally-managed install_data
