[1.784s] Invoking command in '/home/robertog/ros2_ws/src/minichallenge4_bueno': PYTHONPATH=/home/robertog/ros2_ws/build/minichallenge4_bueno/prefix_override:/home/robertog/ros2_ws/install/minichallenge4_bueno/lib/python3.10/site-packages:${PYTHONPATH} /usr/bin/python3 -W ignore:setup.py install is deprecated setup.py egg_info --egg-base ../../build/minichallenge4_bueno build --build-base /home/robertog/ros2_ws/build/minichallenge4_bueno/build install --record /home/robertog/ros2_ws/build/minichallenge4_bueno/install.log --single-version-externally-managed install_data
[2.290s] running egg_info
[2.290s] writing ../../build/minichallenge4_bueno/minichallenge4_bueno.egg-info/PKG-INFO
[2.290s] writing dependency_links to ../../build/minichallenge4_bueno/minichallenge4_bueno.egg-info/dependency_links.txt
[2.291s] writing entry points to ../../build/minichallenge4_bueno/minichallenge4_bueno.egg-info/entry_points.txt
[2.291s] writing requirements to ../../build/minichallenge4_bueno/minichallenge4_bueno.egg-info/requires.txt
[2.291s] writing top-level names to ../../build/minichallenge4_bueno/minichallenge4_bueno.egg-info/top_level.txt
[2.291s] reading manifest file '../../build/minichallenge4_bueno/minichallenge4_bueno.egg-info/SOURCES.txt'
[2.291s] writing manifest file '../../build/minichallenge4_bueno/minichallenge4_bueno.egg-info/SOURCES.txt'
[2.291s] running build
[2.291s] running build_py
[2.291s] copying minichallenge4_bueno/traffic_lights.py -> /home/robertog/ros2_ws/build/minichallenge4_bueno/build/lib/minichallenge4_bueno
[2.292s] running install
[2.292s] running install_lib
[2.292s] copying /home/robertog/ros2_ws/build/minichallenge4_bueno/build/lib/minichallenge4_bueno/traffic_lights.py -> /home/robertog/ros2_ws/install/minichallenge4_bueno/lib/python3.10/site-packages/minichallenge4_bueno
[2.292s] byte-compiling /home/robertog/ros2_ws/install/minichallenge4_bueno/lib/python3.10/site-packages/minichallenge4_bueno/traffic_lights.py to traffic_lights.cpython-310.pyc
[2.292s] running install_data
[2.292s] running install_egg_info
[2.292s] removing '/home/robertog/ros2_ws/install/minichallenge4_bueno/lib/python3.10/site-packages/minichallenge4_bueno-0.0.0-py3.10.egg-info' (and everything under it)
[2.292s] Copying ../../build/minichallenge4_bueno/minichallenge4_bueno.egg-info to /home/robertog/ros2_ws/install/minichallenge4_bueno/lib/python3.10/site-packages/minichallenge4_bueno-0.0.0-py3.10.egg-info
[2.293s] running install_scripts
[2.293s] Installing controller script to /home/robertog/ros2_ws/install/minichallenge4_bueno/lib/minichallenge4_bueno
[2.293s] Installing traffic_lights script to /home/robertog/ros2_ws/install/minichallenge4_bueno/lib/minichallenge4_bueno
[2.293s] writing list of installed files to '/home/robertog/ros2_ws/build/minichallenge4_bueno/install.log'
[2.344s] Invoked command in '/home/robertog/ros2_ws/src/minichallenge4_bueno' returned '0': PYTHONPATH=/home/robertog/ros2_ws/build/minichallenge4_bueno/prefix_override:/home/robertog/ros2_ws/install/minichallenge4_bueno/lib/python3.10/site-packages:${PYTHONPATH} /usr/bin/python3 -W ignore:setup.py install is deprecated setup.py egg_info --egg-base ../../build/minichallenge4_bueno build --build-base /home/robertog/ros2_ws/build/minichallenge4_bueno/build install --record /home/robertog/ros2_ws/build/minichallenge4_bueno/install.log --single-version-externally-managed install_data
