[1.401s] Invoking command in '/home/robertog/ros2_ws/src/minichallenge3': PYTHONPATH=/home/robertog/ros2_ws/build/minichallenge3/prefix_override:/home/robertog/ros2_ws/install/minichallenge3/lib/python3.10/site-packages:${PYTHONPATH} /usr/bin/python3 -W ignore:setup.py install is deprecated setup.py egg_info --egg-base ../../build/minichallenge3 build --build-base /home/robertog/ros2_ws/build/minichallenge3/build install --record /home/robertog/ros2_ws/build/minichallenge3/install.log --single-version-externally-managed install_data
[1.668s] running egg_info
[1.669s] writing ../../build/minichallenge3/minichallenge3.egg-info/PKG-INFO
[1.670s] writing dependency_links to ../../build/minichallenge3/minichallenge3.egg-info/dependency_links.txt
[1.670s] writing entry points to ../../build/minichallenge3/minichallenge3.egg-info/entry_points.txt
[1.671s] writing requirements to ../../build/minichallenge3/minichallenge3.egg-info/requires.txt
[1.671s] writing top-level names to ../../build/minichallenge3/minichallenge3.egg-info/top_level.txt
[1.675s] reading manifest file '../../build/minichallenge3/minichallenge3.egg-info/SOURCES.txt'
[1.676s] adding license file 'LICENSE'
[1.677s] writing manifest file '../../build/minichallenge3/minichallenge3.egg-info/SOURCES.txt'
[1.677s] running build
[1.677s] running build_py
[1.678s] running install
[1.678s] running install_lib
[1.679s] running install_data
[1.680s] running install_egg_info
[1.682s] removing '/home/robertog/ros2_ws/install/minichallenge3/lib/python3.10/site-packages/minichallenge3-0.0.0-py3.10.egg-info' (and everything under it)
[1.683s] Copying ../../build/minichallenge3/minichallenge3.egg-info to /home/robertog/ros2_ws/install/minichallenge3/lib/python3.10/site-packages/minichallenge3-0.0.0-py3.10.egg-info
[1.684s] running install_scripts
[1.720s] Installing controller script to /home/robertog/ros2_ws/install/minichallenge3/lib/minichallenge3
[1.722s] writing list of installed files to '/home/robertog/ros2_ws/build/minichallenge3/install.log'
[1.805s] Invoked command in '/home/robertog/ros2_ws/src/minichallenge3' returned '0': PYTHONPATH=/home/robertog/ros2_ws/build/minichallenge3/prefix_override:/home/robertog/ros2_ws/install/minichallenge3/lib/python3.10/site-packages:${PYTHONPATH} /usr/bin/python3 -W ignore:setup.py install is deprecated setup.py egg_info --egg-base ../../build/minichallenge3 build --build-base /home/robertog/ros2_ws/build/minichallenge3/build install --record /home/robertog/ros2_ws/build/minichallenge3/install.log --single-version-externally-managed install_data
