running egg_info
writing ../../build/final_challenge/final_challenge.egg-info/PKG-INFO
writing dependency_links to ../../build/final_challenge/final_challenge.egg-info/dependency_links.txt
writing entry points to ../../build/final_challenge/final_challenge.egg-info/entry_points.txt
writing requirements to ../../build/final_challenge/final_challenge.egg-info/requires.txt
writing top-level names to ../../build/final_challenge/final_challenge.egg-info/top_level.txt
reading manifest file '../../build/final_challenge/final_challenge.egg-info/SOURCES.txt'
writing manifest file '../../build/final_challenge/final_challenge.egg-info/SOURCES.txt'
running build
running build_py
running install
running install_lib
running install_data
running install_egg_info
removing '/home/robertog/ros2_ws/install/final_challenge/lib/python3.10/site-packages/final_challenge-0.0.0-py3.10.egg-info' (and everything under it)
Copying ../../build/final_challenge/final_challenge.egg-info to /home/robertog/ros2_ws/install/final_challenge/lib/python3.10/site-packages/final_challenge-0.0.0-py3.10.egg-info
running install_scripts
Installing line_follower script to /home/robertog/ros2_ws/install/final_challenge/lib/final_challenge
Installing states script to /home/robertog/ros2_ws/install/final_challenge/lib/final_challenge
writing list of installed files to '/home/robertog/ros2_ws/build/final_challenge/install.log'
