[0.759s] Invoking command in '/home/robertog/ros2_ws/src/final_challenge': PYTHONPATH=/home/robertog/ros2_ws/build/final_challenge/prefix_override:/home/robertog/ros2_ws/install/final_challenge/lib/python3.10/site-packages:${PYTHONPATH} /usr/bin/python3 -W ignore:setup.py install is deprecated setup.py egg_info --egg-base ../../build/final_challenge build --build-base /home/robertog/ros2_ws/build/final_challenge/build install --record /home/robertog/ros2_ws/build/final_challenge/install.log --single-version-externally-managed install_data
[1.051s] running egg_info
[1.052s] writing ../../build/final_challenge/final_challenge.egg-info/PKG-INFO
[1.052s] writing dependency_links to ../../build/final_challenge/final_challenge.egg-info/dependency_links.txt
[1.052s] writing entry points to ../../build/final_challenge/final_challenge.egg-info/entry_points.txt
[1.052s] writing requirements to ../../build/final_challenge/final_challenge.egg-info/requires.txt
[1.053s] writing top-level names to ../../build/final_challenge/final_challenge.egg-info/top_level.txt
[1.055s] reading manifest file '../../build/final_challenge/final_challenge.egg-info/SOURCES.txt'
[1.056s] writing manifest file '../../build/final_challenge/final_challenge.egg-info/SOURCES.txt'
[1.056s] running build
[1.056s] running build_py
[1.057s] running install
[1.057s] running install_lib
[1.060s] running install_data
[1.060s] running install_egg_info
[1.061s] removing '/home/robertog/ros2_ws/install/final_challenge/lib/python3.10/site-packages/final_challenge-0.0.0-py3.10.egg-info' (and everything under it)
[1.062s] Copying ../../build/final_challenge/final_challenge.egg-info to /home/robertog/ros2_ws/install/final_challenge/lib/python3.10/site-packages/final_challenge-0.0.0-py3.10.egg-info
[1.063s] running install_scripts
[1.086s] Installing line_follower script to /home/robertog/ros2_ws/install/final_challenge/lib/final_challenge
[1.086s] Installing states script to /home/robertog/ros2_ws/install/final_challenge/lib/final_challenge
[1.087s] writing list of installed files to '/home/robertog/ros2_ws/build/final_challenge/install.log'
[1.124s] Invoked command in '/home/robertog/ros2_ws/src/final_challenge' returned '0': PYTHONPATH=/home/robertog/ros2_ws/build/final_challenge/prefix_override:/home/robertog/ros2_ws/install/final_challenge/lib/python3.10/site-packages:${PYTHONPATH} /usr/bin/python3 -W ignore:setup.py install is deprecated setup.py egg_info --egg-base ../../build/final_challenge build --build-base /home/robertog/ros2_ws/build/final_challenge/build install --record /home/robertog/ros2_ws/build/final_challenge/install.log --single-version-externally-managed install_data
