[0.167s] DEBUG:colcon:Command line arguments: ['/usr/bin/colcon', 'build']
[0.167s] DEBUG:colcon:Parsed command line arguments: Namespace(log_base=None, log_level=None, verb_name='build', build_base='build', install_base='install', merge_install=False, symlink_install=False, test_result_base=None, continue_on_error=False, executor='parallel', parallel_workers=12, event_handlers=None, ignore_user_meta=False, metas=['./colcon.meta'], base_paths=['.'], packages_ignore=None, packages_ignore_regex=None, paths=None, packages_up_to=None, packages_up_to_regex=None, packages_above=None, packages_above_and_dependencies=None, packages_above_depth=None, packages_select_by_dep=None, packages_skip_by_dep=None, packages_skip_up_to=None, packages_select_build_failed=False, packages_skip_build_finished=False, packages_select_test_failures=False, packages_skip_test_passed=False, packages_select=None, packages_skip=None, packages_select_regex=None, packages_skip_regex=None, packages_start=None, packages_end=None, allow_overriding=[], cmake_args=None, cmake_target=None, cmake_target_skip_unavailable=False, cmake_clean_cache=False, cmake_clean_first=False, cmake_force_configure=False, ament_cmake_args=None, catkin_cmake_args=None, catkin_skip_building_tests=False, mixin_files=None, mixin=None, verb_parser=<colcon_mixin.mixin.mixin_argument.MixinArgumentDecorator object at 0x75ee36b935e0>, verb_extension=<colcon_core.verb.build.BuildVerb object at 0x75ee36dd0f70>, main=<bound method BuildVerb.main of <colcon_core.verb.build.BuildVerb object at 0x75ee36dd0f70>>, mixin_verb=('build',))
[0.405s] Level 1:colcon.colcon_core.package_discovery:discover_packages(colcon_meta) check parameters
[0.405s] Level 1:colcon.colcon_core.package_discovery:discover_packages(recursive) check parameters
[0.405s] Level 1:colcon.colcon_core.package_discovery:discover_packages(ignore) check parameters
[0.406s] Level 1:colcon.colcon_core.package_discovery:discover_packages(path) check parameters
[0.406s] Level 1:colcon.colcon_core.package_discovery:discover_packages(colcon_meta) discover
[0.406s] Level 1:colcon.colcon_core.package_discovery:discover_packages(recursive) discover
[0.406s] INFO:colcon.colcon_core.package_discovery:Crawling recursively for packages in '/home/robertog/ros2_ws'
[0.406s] Level 1:colcon.colcon_core.package_identification:_identify(.) by extensions ['ignore', 'ignore_ament_install']
[0.406s] Level 1:colcon.colcon_core.package_identification:_identify(.) by extension 'ignore'
[0.406s] Level 1:colcon.colcon_core.package_identification:_identify(.) by extension 'ignore_ament_install'
[0.406s] Level 1:colcon.colcon_core.package_identification:_identify(.) by extensions ['colcon_pkg']
[0.406s] Level 1:colcon.colcon_core.package_identification:_identify(.) by extension 'colcon_pkg'
[0.406s] Level 1:colcon.colcon_core.package_identification:_identify(.) by extensions ['colcon_meta']
[0.407s] Level 1:colcon.colcon_core.package_identification:_identify(.) by extension 'colcon_meta'
[0.407s] Level 1:colcon.colcon_core.package_identification:_identify(.) by extensions ['ros']
[0.407s] Level 1:colcon.colcon_core.package_identification:_identify(.) by extension 'ros'
[0.421s] Level 1:colcon.colcon_core.package_identification:_identify(.) by extensions ['cmake', 'python']
[0.421s] Level 1:colcon.colcon_core.package_identification:_identify(.) by extension 'cmake'
[0.421s] Level 1:colcon.colcon_core.package_identification:_identify(.) by extension 'python'
[0.421s] Level 1:colcon.colcon_core.package_identification:_identify(.) by extensions ['python_setup_py']
[0.421s] Level 1:colcon.colcon_core.package_identification:_identify(.) by extension 'python_setup_py'
[0.422s] Level 1:colcon.colcon_core.package_identification:_identify(build) by extensions ['ignore', 'ignore_ament_install']
[0.422s] Level 1:colcon.colcon_core.package_identification:_identify(build) by extension 'ignore'
[0.422s] Level 1:colcon.colcon_core.package_identification:_identify(build) ignored
[0.422s] Level 1:colcon.colcon_core.package_identification:_identify(install) by extensions ['ignore', 'ignore_ament_install']
[0.422s] Level 1:colcon.colcon_core.package_identification:_identify(install) by extension 'ignore'
[0.422s] Level 1:colcon.colcon_core.package_identification:_identify(install) ignored
[0.423s] Level 1:colcon.colcon_core.package_identification:_identify(log) by extensions ['ignore', 'ignore_ament_install']
[0.423s] Level 1:colcon.colcon_core.package_identification:_identify(log) by extension 'ignore'
[0.423s] Level 1:colcon.colcon_core.package_identification:_identify(log) ignored
[0.423s] Level 1:colcon.colcon_core.package_identification:_identify(src) by extensions ['ignore', 'ignore_ament_install']
[0.423s] Level 1:colcon.colcon_core.package_identification:_identify(src) by extension 'ignore'
[0.423s] Level 1:colcon.colcon_core.package_identification:_identify(src) by extension 'ignore_ament_install'
[0.423s] Level 1:colcon.colcon_core.package_identification:_identify(src) by extensions ['colcon_pkg']
[0.423s] Level 1:colcon.colcon_core.package_identification:_identify(src) by extension 'colcon_pkg'
[0.424s] Level 1:colcon.colcon_core.package_identification:_identify(src) by extensions ['colcon_meta']
[0.424s] Level 1:colcon.colcon_core.package_identification:_identify(src) by extension 'colcon_meta'
[0.424s] Level 1:colcon.colcon_core.package_identification:_identify(src) by extensions ['ros']
[0.424s] Level 1:colcon.colcon_core.package_identification:_identify(src) by extension 'ros'
[0.424s] Level 1:colcon.colcon_core.package_identification:_identify(src) by extensions ['cmake', 'python']
[0.424s] Level 1:colcon.colcon_core.package_identification:_identify(src) by extension 'cmake'
[0.424s] Level 1:colcon.colcon_core.package_identification:_identify(src) by extension 'python'
[0.424s] Level 1:colcon.colcon_core.package_identification:_identify(src) by extensions ['python_setup_py']
[0.424s] Level 1:colcon.colcon_core.package_identification:_identify(src) by extension 'python_setup_py'
[0.424s] Level 1:colcon.colcon_core.package_identification:_identify(src/GTG+AO) by extensions ['ignore', 'ignore_ament_install']
[0.424s] Level 1:colcon.colcon_core.package_identification:_identify(src/GTG+AO) by extension 'ignore'
[0.425s] Level 1:colcon.colcon_core.package_identification:_identify(src/GTG+AO) by extension 'ignore_ament_install'
[0.425s] Level 1:colcon.colcon_core.package_identification:_identify(src/GTG+AO) by extensions ['colcon_pkg']
[0.425s] Level 1:colcon.colcon_core.package_identification:_identify(src/GTG+AO) by extension 'colcon_pkg'
[0.425s] Level 1:colcon.colcon_core.package_identification:_identify(src/GTG+AO) by extensions ['colcon_meta']
[0.425s] Level 1:colcon.colcon_core.package_identification:_identify(src/GTG+AO) by extension 'colcon_meta'
[0.425s] Level 1:colcon.colcon_core.package_identification:_identify(src/GTG+AO) by extensions ['ros']
[0.425s] Level 1:colcon.colcon_core.package_identification:_identify(src/GTG+AO) by extension 'ros'
[0.428s] DEBUG:colcon.colcon_core.package_identification:Found ROS schema reference in package manifest in 'src/GTG+AO'
[0.428s] WARNING:colcon.colcon_core.package_identification:Failed to parse ROS package manifest in 'src/GTG+AO': Error(s) in package 'src/GTG+AO/package.xml':
Package name "GTG+AO" does not follow naming conventions
[0.428s] Level 1:colcon.colcon_core.package_identification:_identify(src/GTG+AO) by extensions ['cmake', 'python']
[0.429s] Level 1:colcon.colcon_core.package_identification:_identify(src/GTG+AO) by extension 'cmake'
[0.429s] Level 1:colcon.colcon_core.package_identification:_identify(src/GTG+AO) by extension 'python'
[0.429s] DEBUG:colcon.colcon_core.package_identification:Python package in 'src/GTG+AO' passes arguments to the setup() function which requires a different identification extension than 'python'
[0.429s] Level 1:colcon.colcon_core.package_identification:_identify(src/GTG+AO) by extensions ['python_setup_py']
[0.429s] Level 1:colcon.colcon_core.package_identification:_identify(src/GTG+AO) by extension 'python_setup_py'
[0.843s] ERROR:colcon.colcon_core.package_identification:Exception in package identification extension 'python_setup_py' in 'src/GTG+AO': Command '['/usr/bin/python3', '-c', 'import sys;from contextlib import suppress;exec("with suppress(ImportError):    from setuptools.extern.packaging.specifiers    import SpecifierSet");exec("with suppress(ImportError):    from packaging.specifiers import SpecifierSet");from distutils.core import run_setup;dist = run_setup(    \'setup.py\', script_args=(\'--dry-run\',), stop_after=\'config\');skip_keys = (\'cmdclass\', \'distclass\', \'ext_modules\', \'metadata\');data = {    key: value for key, value in dist.__dict__.items()     if (        not key.startswith(\'_\') and         not callable(value) and         key not in skip_keys and         key not in dist.display_option_names    )};data[\'metadata\'] = {    k: v for k, v in dist.metadata.__dict__.items()     if k not in (\'license_files\', \'provides_extras\')};sys.stdout.buffer.write(repr(data).encode(\'utf-8\'))']' returned non-zero exit status 1.
Traceback (most recent call last):
  File "/usr/lib/python3/dist-packages/colcon_core/package_identification/__init__.py", line 142, in _identify
    retval = extension.identify(_reused_descriptor_instance)
  File "/usr/lib/python3/dist-packages/colcon_python_setup_py/package_identification/python_setup_py.py", line 48, in identify
    config = get_setup_information(setup_py)
  File "/usr/lib/python3/dist-packages/colcon_python_setup_py/package_identification/python_setup_py.py", line 241, in get_setup_information
    _setup_information_cache[hashable_env] = _get_setup_information(
  File "/usr/lib/python3/dist-packages/colcon_python_setup_py/package_identification/python_setup_py.py", line 288, in _get_setup_information
    result = subprocess.run(
  File "/usr/lib/python3.10/subprocess.py", line 526, in run
    raise CalledProcessError(retcode, process.args,
subprocess.CalledProcessError: Command '['/usr/bin/python3', '-c', 'import sys;from contextlib import suppress;exec("with suppress(ImportError):    from setuptools.extern.packaging.specifiers    import SpecifierSet");exec("with suppress(ImportError):    from packaging.specifiers import SpecifierSet");from distutils.core import run_setup;dist = run_setup(    \'setup.py\', script_args=(\'--dry-run\',), stop_after=\'config\');skip_keys = (\'cmdclass\', \'distclass\', \'ext_modules\', \'metadata\');data = {    key: value for key, value in dist.__dict__.items()     if (        not key.startswith(\'_\') and         not callable(value) and         key not in skip_keys and         key not in dist.display_option_names    )};data[\'metadata\'] = {    k: v for k, v in dist.metadata.__dict__.items()     if k not in (\'license_files\', \'provides_extras\')};sys.stdout.buffer.write(repr(data).encode(\'utf-8\'))']' returned non-zero exit status 1.

[0.844s] Level 1:colcon.colcon_core.package_identification:_identify(src/GTG+AO/GTG_AO) by extensions ['ignore', 'ignore_ament_install']
[0.844s] Level 1:colcon.colcon_core.package_identification:_identify(src/GTG+AO/GTG_AO) by extension 'ignore'
[0.844s] Level 1:colcon.colcon_core.package_identification:_identify(src/GTG+AO/GTG_AO) by extension 'ignore_ament_install'
[0.844s] Level 1:colcon.colcon_core.package_identification:_identify(src/GTG+AO/GTG_AO) by extensions ['colcon_pkg']
[0.844s] Level 1:colcon.colcon_core.package_identification:_identify(src/GTG+AO/GTG_AO) by extension 'colcon_pkg'
[0.844s] Level 1:colcon.colcon_core.package_identification:_identify(src/GTG+AO/GTG_AO) by extensions ['colcon_meta']
[0.845s] Level 1:colcon.colcon_core.package_identification:_identify(src/GTG+AO/GTG_AO) by extension 'colcon_meta'
[0.845s] Level 1:colcon.colcon_core.package_identification:_identify(src/GTG+AO/GTG_AO) by extensions ['ros']
[0.845s] Level 1:colcon.colcon_core.package_identification:_identify(src/GTG+AO/GTG_AO) by extension 'ros'
[0.845s] Level 1:colcon.colcon_core.package_identification:_identify(src/GTG+AO/GTG_AO) by extensions ['cmake', 'python']
[0.845s] Level 1:colcon.colcon_core.package_identification:_identify(src/GTG+AO/GTG_AO) by extension 'cmake'
[0.845s] Level 1:colcon.colcon_core.package_identification:_identify(src/GTG+AO/GTG_AO) by extension 'python'
[0.845s] Level 1:colcon.colcon_core.package_identification:_identify(src/GTG+AO/GTG_AO) by extensions ['python_setup_py']
[0.845s] Level 1:colcon.colcon_core.package_identification:_identify(src/GTG+AO/GTG_AO) by extension 'python_setup_py'
[0.845s] Level 1:colcon.colcon_core.package_identification:_identify(src/GTG+AO/config) by extensions ['ignore', 'ignore_ament_install']
[0.845s] Level 1:colcon.colcon_core.package_identification:_identify(src/GTG+AO/config) by extension 'ignore'
[0.845s] Level 1:colcon.colcon_core.package_identification:_identify(src/GTG+AO/config) by extension 'ignore_ament_install'
[0.845s] Level 1:colcon.colcon_core.package_identification:_identify(src/GTG+AO/config) by extensions ['colcon_pkg']
[0.845s] Level 1:colcon.colcon_core.package_identification:_identify(src/GTG+AO/config) by extension 'colcon_pkg'
[0.845s] Level 1:colcon.colcon_core.package_identification:_identify(src/GTG+AO/config) by extensions ['colcon_meta']
[0.845s] Level 1:colcon.colcon_core.package_identification:_identify(src/GTG+AO/config) by extension 'colcon_meta'
[0.846s] Level 1:colcon.colcon_core.package_identification:_identify(src/GTG+AO/config) by extensions ['ros']
[0.846s] Level 1:colcon.colcon_core.package_identification:_identify(src/GTG+AO/config) by extension 'ros'
[0.846s] Level 1:colcon.colcon_core.package_identification:_identify(src/GTG+AO/config) by extensions ['cmake', 'python']
[0.846s] Level 1:colcon.colcon_core.package_identification:_identify(src/GTG+AO/config) by extension 'cmake'
[0.846s] Level 1:colcon.colcon_core.package_identification:_identify(src/GTG+AO/config) by extension 'python'
[0.846s] Level 1:colcon.colcon_core.package_identification:_identify(src/GTG+AO/config) by extensions ['python_setup_py']
[0.846s] Level 1:colcon.colcon_core.package_identification:_identify(src/GTG+AO/config) by extension 'python_setup_py'
[0.846s] Level 1:colcon.colcon_core.package_identification:_identify(src/GTG+AO/launch) by extensions ['ignore', 'ignore_ament_install']
[0.846s] Level 1:colcon.colcon_core.package_identification:_identify(src/GTG+AO/launch) by extension 'ignore'
[0.846s] Level 1:colcon.colcon_core.package_identification:_identify(src/GTG+AO/launch) by extension 'ignore_ament_install'
[0.846s] Level 1:colcon.colcon_core.package_identification:_identify(src/GTG+AO/launch) by extensions ['colcon_pkg']
[0.846s] Level 1:colcon.colcon_core.package_identification:_identify(src/GTG+AO/launch) by extension 'colcon_pkg'
[0.846s] Level 1:colcon.colcon_core.package_identification:_identify(src/GTG+AO/launch) by extensions ['colcon_meta']
[0.846s] Level 1:colcon.colcon_core.package_identification:_identify(src/GTG+AO/launch) by extension 'colcon_meta'
[0.846s] Level 1:colcon.colcon_core.package_identification:_identify(src/GTG+AO/launch) by extensions ['ros']
[0.847s] Level 1:colcon.colcon_core.package_identification:_identify(src/GTG+AO/launch) by extension 'ros'
[0.847s] Level 1:colcon.colcon_core.package_identification:_identify(src/GTG+AO/launch) by extensions ['cmake', 'python']
[0.847s] Level 1:colcon.colcon_core.package_identification:_identify(src/GTG+AO/launch) by extension 'cmake'
[0.847s] Level 1:colcon.colcon_core.package_identification:_identify(src/GTG+AO/launch) by extension 'python'
[0.847s] Level 1:colcon.colcon_core.package_identification:_identify(src/GTG+AO/launch) by extensions ['python_setup_py']
[0.847s] Level 1:colcon.colcon_core.package_identification:_identify(src/GTG+AO/launch) by extension 'python_setup_py'
[0.847s] Level 1:colcon.colcon_core.package_identification:_identify(src/GTG+AO/resource) by extensions ['ignore', 'ignore_ament_install']
[0.847s] Level 1:colcon.colcon_core.package_identification:_identify(src/GTG+AO/resource) by extension 'ignore'
[0.847s] Level 1:colcon.colcon_core.package_identification:_identify(src/GTG+AO/resource) by extension 'ignore_ament_install'
[0.847s] Level 1:colcon.colcon_core.package_identification:_identify(src/GTG+AO/resource) by extensions ['colcon_pkg']
[0.847s] Level 1:colcon.colcon_core.package_identification:_identify(src/GTG+AO/resource) by extension 'colcon_pkg'
[0.847s] Level 1:colcon.colcon_core.package_identification:_identify(src/GTG+AO/resource) by extensions ['colcon_meta']
[0.847s] Level 1:colcon.colcon_core.package_identification:_identify(src/GTG+AO/resource) by extension 'colcon_meta'
[0.847s] Level 1:colcon.colcon_core.package_identification:_identify(src/GTG+AO/resource) by extensions ['ros']
[0.847s] Level 1:colcon.colcon_core.package_identification:_identify(src/GTG+AO/resource) by extension 'ros'
[0.847s] Level 1:colcon.colcon_core.package_identification:_identify(src/GTG+AO/resource) by extensions ['cmake', 'python']
[0.848s] Level 1:colcon.colcon_core.package_identification:_identify(src/GTG+AO/resource) by extension 'cmake'
[0.848s] Level 1:colcon.colcon_core.package_identification:_identify(src/GTG+AO/resource) by extension 'python'
[0.848s] Level 1:colcon.colcon_core.package_identification:_identify(src/GTG+AO/resource) by extensions ['python_setup_py']
[0.848s] Level 1:colcon.colcon_core.package_identification:_identify(src/GTG+AO/resource) by extension 'python_setup_py'
[0.848s] Level 1:colcon.colcon_core.package_identification:_identify(src/GTG+AO/test) by extensions ['ignore', 'ignore_ament_install']
[0.848s] Level 1:colcon.colcon_core.package_identification:_identify(src/GTG+AO/test) by extension 'ignore'
[0.848s] Level 1:colcon.colcon_core.package_identification:_identify(src/GTG+AO/test) by extension 'ignore_ament_install'
[0.848s] Level 1:colcon.colcon_core.package_identification:_identify(src/GTG+AO/test) by extensions ['colcon_pkg']
[0.848s] Level 1:colcon.colcon_core.package_identification:_identify(src/GTG+AO/test) by extension 'colcon_pkg'
[0.848s] Level 1:colcon.colcon_core.package_identification:_identify(src/GTG+AO/test) by extensions ['colcon_meta']
[0.848s] Level 1:colcon.colcon_core.package_identification:_identify(src/GTG+AO/test) by extension 'colcon_meta'
[0.848s] Level 1:colcon.colcon_core.package_identification:_identify(src/GTG+AO/test) by extensions ['ros']
[0.848s] Level 1:colcon.colcon_core.package_identification:_identify(src/GTG+AO/test) by extension 'ros'
[0.848s] Level 1:colcon.colcon_core.package_identification:_identify(src/GTG+AO/test) by extensions ['cmake', 'python']
[0.848s] Level 1:colcon.colcon_core.package_identification:_identify(src/GTG+AO/test) by extension 'cmake'
[0.848s] Level 1:colcon.colcon_core.package_identification:_identify(src/GTG+AO/test) by extension 'python'
[0.849s] Level 1:colcon.colcon_core.package_identification:_identify(src/GTG+AO/test) by extensions ['python_setup_py']
[0.849s] Level 1:colcon.colcon_core.package_identification:_identify(src/GTG+AO/test) by extension 'python_setup_py'
[0.849s] Level 1:colcon.colcon_core.package_identification:_identify(src/gtg_ao) by extensions ['ignore', 'ignore_ament_install']
[0.849s] Level 1:colcon.colcon_core.package_identification:_identify(src/gtg_ao) by extension 'ignore'
[0.849s] Level 1:colcon.colcon_core.package_identification:_identify(src/gtg_ao) by extension 'ignore_ament_install'
[0.849s] Level 1:colcon.colcon_core.package_identification:_identify(src/gtg_ao) by extensions ['colcon_pkg']
[0.849s] Level 1:colcon.colcon_core.package_identification:_identify(src/gtg_ao) by extension 'colcon_pkg'
[0.849s] Level 1:colcon.colcon_core.package_identification:_identify(src/gtg_ao) by extensions ['colcon_meta']
[0.849s] Level 1:colcon.colcon_core.package_identification:_identify(src/gtg_ao) by extension 'colcon_meta'
[0.849s] Level 1:colcon.colcon_core.package_identification:_identify(src/gtg_ao) by extensions ['ros']
[0.849s] Level 1:colcon.colcon_core.package_identification:_identify(src/gtg_ao) by extension 'ros'
[0.850s] DEBUG:colcon.colcon_core.package_identification:Package 'src/gtg_ao' with type 'ros.ament_python' and name 'gtg_ao'
[0.850s] Level 1:colcon.colcon_core.package_identification:_identify(src/mini1_checo) by extensions ['ignore', 'ignore_ament_install']
[0.850s] Level 1:colcon.colcon_core.package_identification:_identify(src/mini1_checo) by extension 'ignore'
[0.851s] Level 1:colcon.colcon_core.package_identification:_identify(src/mini1_checo) by extension 'ignore_ament_install'
[0.851s] Level 1:colcon.colcon_core.package_identification:_identify(src/mini1_checo) by extensions ['colcon_pkg']
[0.851s] Level 1:colcon.colcon_core.package_identification:_identify(src/mini1_checo) by extension 'colcon_pkg'
[0.851s] Level 1:colcon.colcon_core.package_identification:_identify(src/mini1_checo) by extensions ['colcon_meta']
[0.851s] Level 1:colcon.colcon_core.package_identification:_identify(src/mini1_checo) by extension 'colcon_meta'
[0.851s] Level 1:colcon.colcon_core.package_identification:_identify(src/mini1_checo) by extensions ['ros']
[0.851s] Level 1:colcon.colcon_core.package_identification:_identify(src/mini1_checo) by extension 'ros'
[0.851s] DEBUG:colcon.colcon_core.package_identification:Package 'src/mini1_checo' with type 'ros.ament_python' and name 'mini1_checo'
[0.852s] Level 1:colcon.colcon_core.package_identification:_identify(src/minichallenge3) by extensions ['ignore', 'ignore_ament_install']
[0.852s] Level 1:colcon.colcon_core.package_identification:_identify(src/minichallenge3) by extension 'ignore'
[0.852s] Level 1:colcon.colcon_core.package_identification:_identify(src/minichallenge3) by extension 'ignore_ament_install'
[0.852s] Level 1:colcon.colcon_core.package_identification:_identify(src/minichallenge3) by extensions ['colcon_pkg']
[0.852s] Level 1:colcon.colcon_core.package_identification:_identify(src/minichallenge3) by extension 'colcon_pkg'
[0.852s] Level 1:colcon.colcon_core.package_identification:_identify(src/minichallenge3) by extensions ['colcon_meta']
[0.852s] Level 1:colcon.colcon_core.package_identification:_identify(src/minichallenge3) by extension 'colcon_meta'
[0.852s] Level 1:colcon.colcon_core.package_identification:_identify(src/minichallenge3) by extensions ['ros']
[0.852s] Level 1:colcon.colcon_core.package_identification:_identify(src/minichallenge3) by extension 'ros'
[0.853s] DEBUG:colcon.colcon_core.package_identification:Package 'src/minichallenge3' with type 'ros.ament_python' and name 'minichallenge3'
[0.853s] Level 1:colcon.colcon_core.package_identification:_identify(src/minichallenge4) by extensions ['ignore', 'ignore_ament_install']
[0.853s] Level 1:colcon.colcon_core.package_identification:_identify(src/minichallenge4) by extension 'ignore'
[0.853s] Level 1:colcon.colcon_core.package_identification:_identify(src/minichallenge4) by extension 'ignore_ament_install'
[0.853s] Level 1:colcon.colcon_core.package_identification:_identify(src/minichallenge4) by extensions ['colcon_pkg']
[0.853s] Level 1:colcon.colcon_core.package_identification:_identify(src/minichallenge4) by extension 'colcon_pkg'
[0.853s] Level 1:colcon.colcon_core.package_identification:_identify(src/minichallenge4) by extensions ['colcon_meta']
[0.853s] Level 1:colcon.colcon_core.package_identification:_identify(src/minichallenge4) by extension 'colcon_meta'
[0.853s] Level 1:colcon.colcon_core.package_identification:_identify(src/minichallenge4) by extensions ['ros']
[0.853s] Level 1:colcon.colcon_core.package_identification:_identify(src/minichallenge4) by extension 'ros'
[0.854s] DEBUG:colcon.colcon_core.package_identification:Package 'src/minichallenge4' with type 'ros.ament_python' and name 'minichallenge4'
[0.854s] Level 1:colcon.colcon_core.package_identification:_identify(src/minichallenge4_bueno) by extensions ['ignore', 'ignore_ament_install']
[0.854s] Level 1:colcon.colcon_core.package_identification:_identify(src/minichallenge4_bueno) by extension 'ignore'
[0.854s] Level 1:colcon.colcon_core.package_identification:_identify(src/minichallenge4_bueno) by extension 'ignore_ament_install'
[0.854s] Level 1:colcon.colcon_core.package_identification:_identify(src/minichallenge4_bueno) by extensions ['colcon_pkg']
[0.854s] Level 1:colcon.colcon_core.package_identification:_identify(src/minichallenge4_bueno) by extension 'colcon_pkg'
[0.855s] Level 1:colcon.colcon_core.package_identification:_identify(src/minichallenge4_bueno) by extensions ['colcon_meta']
[0.855s] Level 1:colcon.colcon_core.package_identification:_identify(src/minichallenge4_bueno) by extension 'colcon_meta'
[0.855s] Level 1:colcon.colcon_core.package_identification:_identify(src/minichallenge4_bueno) by extensions ['ros']
[0.855s] Level 1:colcon.colcon_core.package_identification:_identify(src/minichallenge4_bueno) by extension 'ros'
[0.855s] DEBUG:colcon.colcon_core.package_identification:Package 'src/minichallenge4_bueno' with type 'ros.ament_python' and name 'minichallenge4_bueno'
[0.856s] Level 1:colcon.colcon_core.package_identification:_identify(src/mobile_robotics) by extensions ['ignore', 'ignore_ament_install']
[0.856s] Level 1:colcon.colcon_core.package_identification:_identify(src/mobile_robotics) by extension 'ignore'
[0.856s] Level 1:colcon.colcon_core.package_identification:_identify(src/mobile_robotics) by extension 'ignore_ament_install'
[0.856s] Level 1:colcon.colcon_core.package_identification:_identify(src/mobile_robotics) by extensions ['colcon_pkg']
[0.856s] Level 1:colcon.colcon_core.package_identification:_identify(src/mobile_robotics) by extension 'colcon_pkg'
[0.856s] Level 1:colcon.colcon_core.package_identification:_identify(src/mobile_robotics) by extensions ['colcon_meta']
[0.856s] Level 1:colcon.colcon_core.package_identification:_identify(src/mobile_robotics) by extension 'colcon_meta'
[0.856s] Level 1:colcon.colcon_core.package_identification:_identify(src/mobile_robotics) by extensions ['ros']
[0.856s] Level 1:colcon.colcon_core.package_identification:_identify(src/mobile_robotics) by extension 'ros'
[0.857s] DEBUG:colcon.colcon_core.package_identification:Package 'src/mobile_robotics' with type 'ros.ament_python' and name 'mobile_robotics'
[0.857s] Level 1:colcon.colcon_core.package_identification:_identify(src/open_cv_example) by extensions ['ignore', 'ignore_ament_install']
[0.857s] Level 1:colcon.colcon_core.package_identification:_identify(src/open_cv_example) by extension 'ignore'
[0.857s] Level 1:colcon.colcon_core.package_identification:_identify(src/open_cv_example) by extension 'ignore_ament_install'
[0.857s] Level 1:colcon.colcon_core.package_identification:_identify(src/open_cv_example) by extensions ['colcon_pkg']
[0.857s] Level 1:colcon.colcon_core.package_identification:_identify(src/open_cv_example) by extension 'colcon_pkg'
[0.857s] Level 1:colcon.colcon_core.package_identification:_identify(src/open_cv_example) by extensions ['colcon_meta']
[0.857s] Level 1:colcon.colcon_core.package_identification:_identify(src/open_cv_example) by extension 'colcon_meta'
[0.857s] Level 1:colcon.colcon_core.package_identification:_identify(src/open_cv_example) by extensions ['ros']
[0.857s] Level 1:colcon.colcon_core.package_identification:_identify(src/open_cv_example) by extension 'ros'
[0.859s] DEBUG:colcon.colcon_core.package_identification:Package 'src/open_cv_example' with type 'ros.ament_python' and name 'open_cv_example'
[0.859s] Level 1:colcon.colcon_core.package_identification:_identify(src/programming_assignment) by extensions ['ignore', 'ignore_ament_install']
[0.859s] Level 1:colcon.colcon_core.package_identification:_identify(src/programming_assignment) by extension 'ignore'
[0.859s] Level 1:colcon.colcon_core.package_identification:_identify(src/programming_assignment) by extension 'ignore_ament_install'
[0.859s] Level 1:colcon.colcon_core.package_identification:_identify(src/programming_assignment) by extensions ['colcon_pkg']
[0.859s] Level 1:colcon.colcon_core.package_identification:_identify(src/programming_assignment) by extension 'colcon_pkg'
[0.859s] Level 1:colcon.colcon_core.package_identification:_identify(src/programming_assignment) by extensions ['colcon_meta']
[0.859s] Level 1:colcon.colcon_core.package_identification:_identify(src/programming_assignment) by extension 'colcon_meta'
[0.860s] Level 1:colcon.colcon_core.package_identification:_identify(src/programming_assignment) by extensions ['ros']
[0.860s] Level 1:colcon.colcon_core.package_identification:_identify(src/programming_assignment) by extension 'ros'
[0.860s] DEBUG:colcon.colcon_core.package_identification:Package 'src/programming_assignment' with type 'ros.ament_python' and name 'programming_assignment'
[0.860s] Level 1:colcon.colcon_core.package_identification:_identify(src/two_wheeled_robot) by extensions ['ignore', 'ignore_ament_install']
[0.860s] Level 1:colcon.colcon_core.package_identification:_identify(src/two_wheeled_robot) by extension 'ignore'
[0.860s] Level 1:colcon.colcon_core.package_identification:_identify(src/two_wheeled_robot) by extension 'ignore_ament_install'
[0.861s] Level 1:colcon.colcon_core.package_identification:_identify(src/two_wheeled_robot) by extensions ['colcon_pkg']
[0.861s] Level 1:colcon.colcon_core.package_identification:_identify(src/two_wheeled_robot) by extension 'colcon_pkg'
[0.861s] Level 1:colcon.colcon_core.package_identification:_identify(src/two_wheeled_robot) by extensions ['colcon_meta']
[0.861s] Level 1:colcon.colcon_core.package_identification:_identify(src/two_wheeled_robot) by extension 'colcon_meta'
[0.861s] Level 1:colcon.colcon_core.package_identification:_identify(src/two_wheeled_robot) by extensions ['ros']
[0.861s] Level 1:colcon.colcon_core.package_identification:_identify(src/two_wheeled_robot) by extension 'ros'
[0.862s] DEBUG:colcon.colcon_core.package_identification:Package 'src/two_wheeled_robot' with type 'ros.ament_cmake' and name 'two_wheeled_robot'
[0.862s] Level 1:colcon.colcon_core.package_discovery:discover_packages(recursive) using defaults
[0.862s] Level 1:colcon.colcon_core.package_discovery:discover_packages(ignore) discover
[0.862s] Level 1:colcon.colcon_core.package_discovery:discover_packages(ignore) using defaults
[0.862s] Level 1:colcon.colcon_core.package_discovery:discover_packages(path) discover
[0.862s] Level 1:colcon.colcon_core.package_discovery:discover_packages(path) using defaults
[0.908s] Level 1:colcon.colcon_core.package_discovery:discover_packages(prefix_path) check parameters
[0.909s] Level 1:colcon.colcon_core.package_discovery:discover_packages(prefix_path) discover
[0.912s] DEBUG:colcon.colcon_installed_package_information.package_discovery:Found 10 installed packages in /home/robertog/ros2_ws/install
[0.914s] DEBUG:colcon.colcon_installed_package_information.package_discovery:Found 337 installed packages in /opt/ros/humble
[0.916s] Level 1:colcon.colcon_core.package_discovery:discover_packages(prefix_path) using defaults
[0.975s] Level 5:colcon.colcon_core.verb:set package 'gtg_ao' build argument 'cmake_args' from command line to 'None'
[0.975s] Level 5:colcon.colcon_core.verb:set package 'gtg_ao' build argument 'cmake_target' from command line to 'None'
[0.975s] Level 5:colcon.colcon_core.verb:set package 'gtg_ao' build argument 'cmake_target_skip_unavailable' from command line to 'False'
[0.975s] Level 5:colcon.colcon_core.verb:set package 'gtg_ao' build argument 'cmake_clean_cache' from command line to 'False'
[0.975s] Level 5:colcon.colcon_core.verb:set package 'gtg_ao' build argument 'cmake_clean_first' from command line to 'False'
[0.975s] Level 5:colcon.colcon_core.verb:set package 'gtg_ao' build argument 'cmake_force_configure' from command line to 'False'
[0.975s] Level 5:colcon.colcon_core.verb:set package 'gtg_ao' build argument 'ament_cmake_args' from command line to 'None'
[0.975s] Level 5:colcon.colcon_core.verb:set package 'gtg_ao' build argument 'catkin_cmake_args' from command line to 'None'
[0.975s] Level 5:colcon.colcon_core.verb:set package 'gtg_ao' build argument 'catkin_skip_building_tests' from command line to 'False'
[0.975s] DEBUG:colcon.colcon_core.verb:Building package 'gtg_ao' with the following arguments: {'ament_cmake_args': None, 'build_base': '/home/robertog/ros2_ws/build/gtg_ao', 'catkin_cmake_args': None, 'catkin_skip_building_tests': False, 'cmake_args': None, 'cmake_clean_cache': False, 'cmake_clean_first': False, 'cmake_force_configure': False, 'cmake_target': None, 'cmake_target_skip_unavailable': False, 'install_base': '/home/robertog/ros2_ws/install/gtg_ao', 'merge_install': False, 'path': '/home/robertog/ros2_ws/src/gtg_ao', 'symlink_install': False, 'test_result_base': None}
[0.976s] Level 5:colcon.colcon_core.verb:set package 'mini1_checo' build argument 'cmake_args' from command line to 'None'
[0.976s] Level 5:colcon.colcon_core.verb:set package 'mini1_checo' build argument 'cmake_target' from command line to 'None'
[0.976s] Level 5:colcon.colcon_core.verb:set package 'mini1_checo' build argument 'cmake_target_skip_unavailable' from command line to 'False'
[0.976s] Level 5:colcon.colcon_core.verb:set package 'mini1_checo' build argument 'cmake_clean_cache' from command line to 'False'
[0.976s] Level 5:colcon.colcon_core.verb:set package 'mini1_checo' build argument 'cmake_clean_first' from command line to 'False'
[0.976s] Level 5:colcon.colcon_core.verb:set package 'mini1_checo' build argument 'cmake_force_configure' from command line to 'False'
[0.976s] Level 5:colcon.colcon_core.verb:set package 'mini1_checo' build argument 'ament_cmake_args' from command line to 'None'
[0.976s] Level 5:colcon.colcon_core.verb:set package 'mini1_checo' build argument 'catkin_cmake_args' from command line to 'None'
[0.976s] Level 5:colcon.colcon_core.verb:set package 'mini1_checo' build argument 'catkin_skip_building_tests' from command line to 'False'
[0.976s] DEBUG:colcon.colcon_core.verb:Building package 'mini1_checo' with the following arguments: {'ament_cmake_args': None, 'build_base': '/home/robertog/ros2_ws/build/mini1_checo', 'catkin_cmake_args': None, 'catkin_skip_building_tests': False, 'cmake_args': None, 'cmake_clean_cache': False, 'cmake_clean_first': False, 'cmake_force_configure': False, 'cmake_target': None, 'cmake_target_skip_unavailable': False, 'install_base': '/home/robertog/ros2_ws/install/mini1_checo', 'merge_install': False, 'path': '/home/robertog/ros2_ws/src/mini1_checo', 'symlink_install': False, 'test_result_base': None}
[0.976s] Level 5:colcon.colcon_core.verb:set package 'minichallenge3' build argument 'cmake_args' from command line to 'None'
[0.977s] Level 5:colcon.colcon_core.verb:set package 'minichallenge3' build argument 'cmake_target' from command line to 'None'
[0.977s] Level 5:colcon.colcon_core.verb:set package 'minichallenge3' build argument 'cmake_target_skip_unavailable' from command line to 'False'
[0.977s] Level 5:colcon.colcon_core.verb:set package 'minichallenge3' build argument 'cmake_clean_cache' from command line to 'False'
[0.977s] Level 5:colcon.colcon_core.verb:set package 'minichallenge3' build argument 'cmake_clean_first' from command line to 'False'
[0.977s] Level 5:colcon.colcon_core.verb:set package 'minichallenge3' build argument 'cmake_force_configure' from command line to 'False'
[0.977s] Level 5:colcon.colcon_core.verb:set package 'minichallenge3' build argument 'ament_cmake_args' from command line to 'None'
[0.977s] Level 5:colcon.colcon_core.verb:set package 'minichallenge3' build argument 'catkin_cmake_args' from command line to 'None'
[0.977s] Level 5:colcon.colcon_core.verb:set package 'minichallenge3' build argument 'catkin_skip_building_tests' from command line to 'False'
[0.977s] DEBUG:colcon.colcon_core.verb:Building package 'minichallenge3' with the following arguments: {'ament_cmake_args': None, 'build_base': '/home/robertog/ros2_ws/build/minichallenge3', 'catkin_cmake_args': None, 'catkin_skip_building_tests': False, 'cmake_args': None, 'cmake_clean_cache': False, 'cmake_clean_first': False, 'cmake_force_configure': False, 'cmake_target': None, 'cmake_target_skip_unavailable': False, 'install_base': '/home/robertog/ros2_ws/install/minichallenge3', 'merge_install': False, 'path': '/home/robertog/ros2_ws/src/minichallenge3', 'symlink_install': False, 'test_result_base': None}
[0.977s] Level 5:colcon.colcon_core.verb:set package 'minichallenge4' build argument 'cmake_args' from command line to 'None'
[0.977s] Level 5:colcon.colcon_core.verb:set package 'minichallenge4' build argument 'cmake_target' from command line to 'None'
[0.977s] Level 5:colcon.colcon_core.verb:set package 'minichallenge4' build argument 'cmake_target_skip_unavailable' from command line to 'False'
[0.977s] Level 5:colcon.colcon_core.verb:set package 'minichallenge4' build argument 'cmake_clean_cache' from command line to 'False'
[0.977s] Level 5:colcon.colcon_core.verb:set package 'minichallenge4' build argument 'cmake_clean_first' from command line to 'False'
[0.977s] Level 5:colcon.colcon_core.verb:set package 'minichallenge4' build argument 'cmake_force_configure' from command line to 'False'
[0.977s] Level 5:colcon.colcon_core.verb:set package 'minichallenge4' build argument 'ament_cmake_args' from command line to 'None'
[0.978s] Level 5:colcon.colcon_core.verb:set package 'minichallenge4' build argument 'catkin_cmake_args' from command line to 'None'
[0.978s] Level 5:colcon.colcon_core.verb:set package 'minichallenge4' build argument 'catkin_skip_building_tests' from command line to 'False'
[0.978s] DEBUG:colcon.colcon_core.verb:Building package 'minichallenge4' with the following arguments: {'ament_cmake_args': None, 'build_base': '/home/robertog/ros2_ws/build/minichallenge4', 'catkin_cmake_args': None, 'catkin_skip_building_tests': False, 'cmake_args': None, 'cmake_clean_cache': False, 'cmake_clean_first': False, 'cmake_force_configure': False, 'cmake_target': None, 'cmake_target_skip_unavailable': False, 'install_base': '/home/robertog/ros2_ws/install/minichallenge4', 'merge_install': False, 'path': '/home/robertog/ros2_ws/src/minichallenge4', 'symlink_install': False, 'test_result_base': None}
[0.978s] Level 5:colcon.colcon_core.verb:set package 'minichallenge4_bueno' build argument 'cmake_args' from command line to 'None'
[0.978s] Level 5:colcon.colcon_core.verb:set package 'minichallenge4_bueno' build argument 'cmake_target' from command line to 'None'
[0.978s] Level 5:colcon.colcon_core.verb:set package 'minichallenge4_bueno' build argument 'cmake_target_skip_unavailable' from command line to 'False'
[0.978s] Level 5:colcon.colcon_core.verb:set package 'minichallenge4_bueno' build argument 'cmake_clean_cache' from command line to 'False'
[0.978s] Level 5:colcon.colcon_core.verb:set package 'minichallenge4_bueno' build argument 'cmake_clean_first' from command line to 'False'
[0.978s] Level 5:colcon.colcon_core.verb:set package 'minichallenge4_bueno' build argument 'cmake_force_configure' from command line to 'False'
[0.978s] Level 5:colcon.colcon_core.verb:set package 'minichallenge4_bueno' build argument 'ament_cmake_args' from command line to 'None'
[0.978s] Level 5:colcon.colcon_core.verb:set package 'minichallenge4_bueno' build argument 'catkin_cmake_args' from command line to 'None'
[0.978s] Level 5:colcon.colcon_core.verb:set package 'minichallenge4_bueno' build argument 'catkin_skip_building_tests' from command line to 'False'
[0.978s] DEBUG:colcon.colcon_core.verb:Building package 'minichallenge4_bueno' with the following arguments: {'ament_cmake_args': None, 'build_base': '/home/robertog/ros2_ws/build/minichallenge4_bueno', 'catkin_cmake_args': None, 'catkin_skip_building_tests': False, 'cmake_args': None, 'cmake_clean_cache': False, 'cmake_clean_first': False, 'cmake_force_configure': False, 'cmake_target': None, 'cmake_target_skip_unavailable': False, 'install_base': '/home/robertog/ros2_ws/install/minichallenge4_bueno', 'merge_install': False, 'path': '/home/robertog/ros2_ws/src/minichallenge4_bueno', 'symlink_install': False, 'test_result_base': None}
[0.979s] Level 5:colcon.colcon_core.verb:set package 'mobile_robotics' build argument 'cmake_args' from command line to 'None'
[0.979s] Level 5:colcon.colcon_core.verb:set package 'mobile_robotics' build argument 'cmake_target' from command line to 'None'
[0.979s] Level 5:colcon.colcon_core.verb:set package 'mobile_robotics' build argument 'cmake_target_skip_unavailable' from command line to 'False'
[0.979s] Level 5:colcon.colcon_core.verb:set package 'mobile_robotics' build argument 'cmake_clean_cache' from command line to 'False'
[0.979s] Level 5:colcon.colcon_core.verb:set package 'mobile_robotics' build argument 'cmake_clean_first' from command line to 'False'
[0.979s] Level 5:colcon.colcon_core.verb:set package 'mobile_robotics' build argument 'cmake_force_configure' from command line to 'False'
[0.979s] Level 5:colcon.colcon_core.verb:set package 'mobile_robotics' build argument 'ament_cmake_args' from command line to 'None'
[0.979s] Level 5:colcon.colcon_core.verb:set package 'mobile_robotics' build argument 'catkin_cmake_args' from command line to 'None'
[0.979s] Level 5:colcon.colcon_core.verb:set package 'mobile_robotics' build argument 'catkin_skip_building_tests' from command line to 'False'
[0.979s] DEBUG:colcon.colcon_core.verb:Building package 'mobile_robotics' with the following arguments: {'ament_cmake_args': None, 'build_base': '/home/robertog/ros2_ws/build/mobile_robotics', 'catkin_cmake_args': None, 'catkin_skip_building_tests': False, 'cmake_args': None, 'cmake_clean_cache': False, 'cmake_clean_first': False, 'cmake_force_configure': False, 'cmake_target': None, 'cmake_target_skip_unavailable': False, 'install_base': '/home/robertog/ros2_ws/install/mobile_robotics', 'merge_install': False, 'path': '/home/robertog/ros2_ws/src/mobile_robotics', 'symlink_install': False, 'test_result_base': None}
[0.980s] Level 5:colcon.colcon_core.verb:set package 'open_cv_example' build argument 'cmake_args' from command line to 'None'
[0.980s] Level 5:colcon.colcon_core.verb:set package 'open_cv_example' build argument 'cmake_target' from command line to 'None'
[0.980s] Level 5:colcon.colcon_core.verb:set package 'open_cv_example' build argument 'cmake_target_skip_unavailable' from command line to 'False'
[0.980s] Level 5:colcon.colcon_core.verb:set package 'open_cv_example' build argument 'cmake_clean_cache' from command line to 'False'
[0.980s] Level 5:colcon.colcon_core.verb:set package 'open_cv_example' build argument 'cmake_clean_first' from command line to 'False'
[0.980s] Level 5:colcon.colcon_core.verb:set package 'open_cv_example' build argument 'cmake_force_configure' from command line to 'False'
[0.980s] Level 5:colcon.colcon_core.verb:set package 'open_cv_example' build argument 'ament_cmake_args' from command line to 'None'
[0.980s] Level 5:colcon.colcon_core.verb:set package 'open_cv_example' build argument 'catkin_cmake_args' from command line to 'None'
[0.980s] Level 5:colcon.colcon_core.verb:set package 'open_cv_example' build argument 'catkin_skip_building_tests' from command line to 'False'
[0.980s] DEBUG:colcon.colcon_core.verb:Building package 'open_cv_example' with the following arguments: {'ament_cmake_args': None, 'build_base': '/home/robertog/ros2_ws/build/open_cv_example', 'catkin_cmake_args': None, 'catkin_skip_building_tests': False, 'cmake_args': None, 'cmake_clean_cache': False, 'cmake_clean_first': False, 'cmake_force_configure': False, 'cmake_target': None, 'cmake_target_skip_unavailable': False, 'install_base': '/home/robertog/ros2_ws/install/open_cv_example', 'merge_install': False, 'path': '/home/robertog/ros2_ws/src/open_cv_example', 'symlink_install': False, 'test_result_base': None}
[0.980s] Level 5:colcon.colcon_core.verb:set package 'programming_assignment' build argument 'cmake_args' from command line to 'None'
[0.980s] Level 5:colcon.colcon_core.verb:set package 'programming_assignment' build argument 'cmake_target' from command line to 'None'
[0.980s] Level 5:colcon.colcon_core.verb:set package 'programming_assignment' build argument 'cmake_target_skip_unavailable' from command line to 'False'
[0.980s] Level 5:colcon.colcon_core.verb:set package 'programming_assignment' build argument 'cmake_clean_cache' from command line to 'False'
[0.980s] Level 5:colcon.colcon_core.verb:set package 'programming_assignment' build argument 'cmake_clean_first' from command line to 'False'
[0.980s] Level 5:colcon.colcon_core.verb:set package 'programming_assignment' build argument 'cmake_force_configure' from command line to 'False'
[0.980s] Level 5:colcon.colcon_core.verb:set package 'programming_assignment' build argument 'ament_cmake_args' from command line to 'None'
[0.980s] Level 5:colcon.colcon_core.verb:set package 'programming_assignment' build argument 'catkin_cmake_args' from command line to 'None'
[0.980s] Level 5:colcon.colcon_core.verb:set package 'programming_assignment' build argument 'catkin_skip_building_tests' from command line to 'False'
[0.981s] DEBUG:colcon.colcon_core.verb:Building package 'programming_assignment' with the following arguments: {'ament_cmake_args': None, 'build_base': '/home/robertog/ros2_ws/build/programming_assignment', 'catkin_cmake_args': None, 'catkin_skip_building_tests': False, 'cmake_args': None, 'cmake_clean_cache': False, 'cmake_clean_first': False, 'cmake_force_configure': False, 'cmake_target': None, 'cmake_target_skip_unavailable': False, 'install_base': '/home/robertog/ros2_ws/install/programming_assignment', 'merge_install': False, 'path': '/home/robertog/ros2_ws/src/programming_assignment', 'symlink_install': False, 'test_result_base': None}
[0.981s] Level 5:colcon.colcon_core.verb:set package 'two_wheeled_robot' build argument 'cmake_args' from command line to 'None'
[0.981s] Level 5:colcon.colcon_core.verb:set package 'two_wheeled_robot' build argument 'cmake_target' from command line to 'None'
[0.981s] Level 5:colcon.colcon_core.verb:set package 'two_wheeled_robot' build argument 'cmake_target_skip_unavailable' from command line to 'False'
[0.981s] Level 5:colcon.colcon_core.verb:set package 'two_wheeled_robot' build argument 'cmake_clean_cache' from command line to 'False'
[0.981s] Level 5:colcon.colcon_core.verb:set package 'two_wheeled_robot' build argument 'cmake_clean_first' from command line to 'False'
[0.981s] Level 5:colcon.colcon_core.verb:set package 'two_wheeled_robot' build argument 'cmake_force_configure' from command line to 'False'
[0.981s] Level 5:colcon.colcon_core.verb:set package 'two_wheeled_robot' build argument 'ament_cmake_args' from command line to 'None'
[0.981s] Level 5:colcon.colcon_core.verb:set package 'two_wheeled_robot' build argument 'catkin_cmake_args' from command line to 'None'
[0.981s] Level 5:colcon.colcon_core.verb:set package 'two_wheeled_robot' build argument 'catkin_skip_building_tests' from command line to 'False'
[0.981s] DEBUG:colcon.colcon_core.verb:Building package 'two_wheeled_robot' with the following arguments: {'ament_cmake_args': None, 'build_base': '/home/robertog/ros2_ws/build/two_wheeled_robot', 'catkin_cmake_args': None, 'catkin_skip_building_tests': False, 'cmake_args': None, 'cmake_clean_cache': False, 'cmake_clean_first': False, 'cmake_force_configure': False, 'cmake_target': None, 'cmake_target_skip_unavailable': False, 'install_base': '/home/robertog/ros2_ws/install/two_wheeled_robot', 'merge_install': False, 'path': '/home/robertog/ros2_ws/src/two_wheeled_robot', 'symlink_install': False, 'test_result_base': None}
[0.981s] INFO:colcon.colcon_core.executor:Executing jobs using 'parallel' executor
[0.983s] DEBUG:colcon.colcon_parallel_executor.executor.parallel:run_until_complete
[0.983s] INFO:colcon.colcon_ros.task.ament_python.build:Building ROS package in '/home/robertog/ros2_ws/src/gtg_ao' with build type 'ament_python'
[0.983s] Level 1:colcon.colcon_core.shell:create_environment_hook('gtg_ao', 'ament_prefix_path')
[0.986s] INFO:colcon.colcon_core.plugin_system:Skipping extension 'colcon_core.shell.bat': Not used on non-Windows systems
[0.987s] INFO:colcon.colcon_core.shell:Creating environment hook '/home/robertog/ros2_ws/install/gtg_ao/share/gtg_ao/hook/ament_prefix_path.ps1'
[0.987s] INFO:colcon.colcon_core.shell:Creating environment descriptor '/home/robertog/ros2_ws/install/gtg_ao/share/gtg_ao/hook/ament_prefix_path.dsv'
[0.988s] INFO:colcon.colcon_core.shell:Creating environment hook '/home/robertog/ros2_ws/install/gtg_ao/share/gtg_ao/hook/ament_prefix_path.sh'
[0.989s] INFO:colcon.colcon_core.shell:Skip shell extension 'powershell' for command environment: Not usable outside of PowerShell
[0.989s] DEBUG:colcon.colcon_core.shell:Skip shell extension 'dsv' for command environment
[0.994s] INFO:colcon.colcon_ros.task.ament_python.build:Building ROS package in '/home/robertog/ros2_ws/src/mini1_checo' with build type 'ament_python'
[0.994s] Level 1:colcon.colcon_core.shell:create_environment_hook('mini1_checo', 'ament_prefix_path')
[0.994s] INFO:colcon.colcon_core.shell:Creating environment hook '/home/robertog/ros2_ws/install/mini1_checo/share/mini1_checo/hook/ament_prefix_path.ps1'
[0.995s] INFO:colcon.colcon_core.shell:Creating environment descriptor '/home/robertog/ros2_ws/install/mini1_checo/share/mini1_checo/hook/ament_prefix_path.dsv'
[0.995s] INFO:colcon.colcon_core.shell:Creating environment hook '/home/robertog/ros2_ws/install/mini1_checo/share/mini1_checo/hook/ament_prefix_path.sh'
[0.996s] INFO:colcon.colcon_core.shell:Skip shell extension 'powershell' for command environment: Not usable outside of PowerShell
[0.996s] DEBUG:colcon.colcon_core.shell:Skip shell extension 'dsv' for command environment
[1.000s] INFO:colcon.colcon_ros.task.ament_python.build:Building ROS package in '/home/robertog/ros2_ws/src/minichallenge3' with build type 'ament_python'
[1.001s] Level 1:colcon.colcon_core.shell:create_environment_hook('minichallenge3', 'ament_prefix_path')
[1.001s] INFO:colcon.colcon_core.shell:Creating environment hook '/home/robertog/ros2_ws/install/minichallenge3/share/minichallenge3/hook/ament_prefix_path.ps1'
[1.002s] INFO:colcon.colcon_core.shell:Creating environment descriptor '/home/robertog/ros2_ws/install/minichallenge3/share/minichallenge3/hook/ament_prefix_path.dsv'
[1.002s] INFO:colcon.colcon_core.shell:Creating environment hook '/home/robertog/ros2_ws/install/minichallenge3/share/minichallenge3/hook/ament_prefix_path.sh'
[1.003s] INFO:colcon.colcon_core.shell:Skip shell extension 'powershell' for command environment: Not usable outside of PowerShell
[1.003s] DEBUG:colcon.colcon_core.shell:Skip shell extension 'dsv' for command environment
[1.007s] INFO:colcon.colcon_ros.task.ament_python.build:Building ROS package in '/home/robertog/ros2_ws/src/minichallenge4' with build type 'ament_python'
[1.007s] Level 1:colcon.colcon_core.shell:create_environment_hook('minichallenge4', 'ament_prefix_path')
[1.008s] INFO:colcon.colcon_core.shell:Creating environment hook '/home/robertog/ros2_ws/install/minichallenge4/share/minichallenge4/hook/ament_prefix_path.ps1'
[1.008s] INFO:colcon.colcon_core.shell:Creating environment descriptor '/home/robertog/ros2_ws/install/minichallenge4/share/minichallenge4/hook/ament_prefix_path.dsv'
[1.009s] INFO:colcon.colcon_core.shell:Creating environment hook '/home/robertog/ros2_ws/install/minichallenge4/share/minichallenge4/hook/ament_prefix_path.sh'
[1.009s] INFO:colcon.colcon_core.shell:Skip shell extension 'powershell' for command environment: Not usable outside of PowerShell
[1.009s] DEBUG:colcon.colcon_core.shell:Skip shell extension 'dsv' for command environment
[1.014s] INFO:colcon.colcon_ros.task.ament_python.build:Building ROS package in '/home/robertog/ros2_ws/src/minichallenge4_bueno' with build type 'ament_python'
[1.014s] Level 1:colcon.colcon_core.shell:create_environment_hook('minichallenge4_bueno', 'ament_prefix_path')
[1.014s] INFO:colcon.colcon_core.shell:Creating environment hook '/home/robertog/ros2_ws/install/minichallenge4_bueno/share/minichallenge4_bueno/hook/ament_prefix_path.ps1'
[1.015s] INFO:colcon.colcon_core.shell:Creating environment descriptor '/home/robertog/ros2_ws/install/minichallenge4_bueno/share/minichallenge4_bueno/hook/ament_prefix_path.dsv'
[1.015s] INFO:colcon.colcon_core.shell:Creating environment hook '/home/robertog/ros2_ws/install/minichallenge4_bueno/share/minichallenge4_bueno/hook/ament_prefix_path.sh'
[1.016s] INFO:colcon.colcon_core.shell:Skip shell extension 'powershell' for command environment: Not usable outside of PowerShell
[1.016s] DEBUG:colcon.colcon_core.shell:Skip shell extension 'dsv' for command environment
[1.021s] INFO:colcon.colcon_ros.task.ament_python.build:Building ROS package in '/home/robertog/ros2_ws/src/mobile_robotics' with build type 'ament_python'
[1.021s] Level 1:colcon.colcon_core.shell:create_environment_hook('mobile_robotics', 'ament_prefix_path')
[1.022s] INFO:colcon.colcon_core.shell:Creating environment hook '/home/robertog/ros2_ws/install/mobile_robotics/share/mobile_robotics/hook/ament_prefix_path.ps1'
[1.022s] INFO:colcon.colcon_core.shell:Creating environment descriptor '/home/robertog/ros2_ws/install/mobile_robotics/share/mobile_robotics/hook/ament_prefix_path.dsv'
[1.023s] INFO:colcon.colcon_core.shell:Creating environment hook '/home/robertog/ros2_ws/install/mobile_robotics/share/mobile_robotics/hook/ament_prefix_path.sh'
[1.023s] INFO:colcon.colcon_core.shell:Skip shell extension 'powershell' for command environment: Not usable outside of PowerShell
[1.023s] DEBUG:colcon.colcon_core.shell:Skip shell extension 'dsv' for command environment
[1.028s] INFO:colcon.colcon_ros.task.ament_python.build:Building ROS package in '/home/robertog/ros2_ws/src/open_cv_example' with build type 'ament_python'
[1.028s] Level 1:colcon.colcon_core.shell:create_environment_hook('open_cv_example', 'ament_prefix_path')
[1.028s] INFO:colcon.colcon_core.shell:Creating environment hook '/home/robertog/ros2_ws/install/open_cv_example/share/open_cv_example/hook/ament_prefix_path.ps1'
[1.029s] INFO:colcon.colcon_core.shell:Creating environment descriptor '/home/robertog/ros2_ws/install/open_cv_example/share/open_cv_example/hook/ament_prefix_path.dsv'
[1.029s] INFO:colcon.colcon_core.shell:Creating environment hook '/home/robertog/ros2_ws/install/open_cv_example/share/open_cv_example/hook/ament_prefix_path.sh'
[1.030s] INFO:colcon.colcon_core.shell:Skip shell extension 'powershell' for command environment: Not usable outside of PowerShell
[1.030s] DEBUG:colcon.colcon_core.shell:Skip shell extension 'dsv' for command environment
[1.035s] INFO:colcon.colcon_ros.task.ament_python.build:Building ROS package in '/home/robertog/ros2_ws/src/programming_assignment' with build type 'ament_python'
[1.035s] Level 1:colcon.colcon_core.shell:create_environment_hook('programming_assignment', 'ament_prefix_path')
[1.035s] INFO:colcon.colcon_core.shell:Creating environment hook '/home/robertog/ros2_ws/install/programming_assignment/share/programming_assignment/hook/ament_prefix_path.ps1'
[1.036s] INFO:colcon.colcon_core.shell:Creating environment descriptor '/home/robertog/ros2_ws/install/programming_assignment/share/programming_assignment/hook/ament_prefix_path.dsv'
[1.036s] INFO:colcon.colcon_core.shell:Creating environment hook '/home/robertog/ros2_ws/install/programming_assignment/share/programming_assignment/hook/ament_prefix_path.sh'
[1.037s] INFO:colcon.colcon_core.shell:Skip shell extension 'powershell' for command environment: Not usable outside of PowerShell
[1.037s] DEBUG:colcon.colcon_core.shell:Skip shell extension 'dsv' for command environment
[1.042s] INFO:colcon.colcon_ros.task.ament_cmake.build:Building ROS package in '/home/robertog/ros2_ws/src/two_wheeled_robot' with build type 'ament_cmake'
[1.042s] INFO:colcon.colcon_cmake.task.cmake.build:Building CMake package in '/home/robertog/ros2_ws/src/two_wheeled_robot'
[1.042s] INFO:colcon.colcon_core.shell:Skip shell extension 'powershell' for command environment: Not usable outside of PowerShell
[1.042s] DEBUG:colcon.colcon_core.shell:Skip shell extension 'dsv' for command environment
[1.405s] INFO:colcon.colcon_core.task.python.build:Building Python package in '/home/robertog/ros2_ws/src/gtg_ao'
[1.406s] INFO:colcon.colcon_core.shell:Skip shell extension 'powershell' for command environment: Not usable outside of PowerShell
[1.406s] DEBUG:colcon.colcon_core.shell:Skip shell extension 'dsv' for command environment
[1.768s] INFO:colcon.colcon_core.task.python.build:Building Python package in '/home/robertog/ros2_ws/src/mini1_checo'
[1.769s] INFO:colcon.colcon_core.shell:Skip shell extension 'powershell' for command environment: Not usable outside of PowerShell
[1.769s] DEBUG:colcon.colcon_core.shell:Skip shell extension 'dsv' for command environment
[2.134s] INFO:colcon.colcon_core.task.python.build:Building Python package in '/home/robertog/ros2_ws/src/minichallenge3'
[2.135s] INFO:colcon.colcon_core.shell:Skip shell extension 'powershell' for command environment: Not usable outside of PowerShell
[2.135s] DEBUG:colcon.colcon_core.shell:Skip shell extension 'dsv' for command environment
[2.491s] INFO:colcon.colcon_core.task.python.build:Building Python package in '/home/robertog/ros2_ws/src/minichallenge4'
[2.492s] INFO:colcon.colcon_core.shell:Skip shell extension 'powershell' for command environment: Not usable outside of PowerShell
[2.492s] DEBUG:colcon.colcon_core.shell:Skip shell extension 'dsv' for command environment
[2.854s] INFO:colcon.colcon_core.task.python.build:Building Python package in '/home/robertog/ros2_ws/src/minichallenge4_bueno'
[2.855s] INFO:colcon.colcon_core.shell:Skip shell extension 'powershell' for command environment: Not usable outside of PowerShell
[2.855s] DEBUG:colcon.colcon_core.shell:Skip shell extension 'dsv' for command environment
[3.219s] INFO:colcon.colcon_core.task.python.build:Building Python package in '/home/robertog/ros2_ws/src/mobile_robotics'
[3.219s] INFO:colcon.colcon_core.shell:Skip shell extension 'powershell' for command environment: Not usable outside of PowerShell
[3.219s] DEBUG:colcon.colcon_core.shell:Skip shell extension 'dsv' for command environment
[3.577s] INFO:colcon.colcon_core.task.python.build:Building Python package in '/home/robertog/ros2_ws/src/open_cv_example'
[3.578s] INFO:colcon.colcon_core.shell:Skip shell extension 'powershell' for command environment: Not usable outside of PowerShell
[3.578s] DEBUG:colcon.colcon_core.shell:Skip shell extension 'dsv' for command environment
[3.956s] INFO:colcon.colcon_core.task.python.build:Building Python package in '/home/robertog/ros2_ws/src/programming_assignment'
[3.956s] INFO:colcon.colcon_core.shell:Skip shell extension 'powershell' for command environment: Not usable outside of PowerShell
[3.956s] DEBUG:colcon.colcon_core.shell:Skip shell extension 'dsv' for command environment
[3.968s] DEBUG:colcon.colcon_core.event_handler.log_command:Invoking command in '/home/robertog/ros2_ws/build/two_wheeled_robot': CMAKE_PREFIX_PATH=${CMAKE_PREFIX_PATH}:/home/robertog/ros2_ws/install/gtg_ao:/home/robertog/ros2_ws/install/programming_assignment:/home/robertog/ros2_ws/install/open_cv_example:/home/robertog/ros2_ws/install/mobile_robotics:/home/robertog/ros2_ws/install/minichallenge4_bueno:/home/robertog/ros2_ws/install/minichallenge4:/home/robertog/ros2_ws/install/minichallenge3:/home/robertog/ros2_ws/install/mini1_checo:/home/robertog/ros2_ws/install/GTG_AO:/opt/ros/humble /usr/bin/cmake --build /home/robertog/ros2_ws/build/two_wheeled_robot -- -j12 -l12
[4.682s] DEBUG:colcon.colcon_core.event_handler.log_command:Invoking command in '/home/robertog/ros2_ws/src/minichallenge3': PYTHONPATH=/home/robertog/ros2_ws/build/minichallenge3/prefix_override:/home/robertog/ros2_ws/install/minichallenge3/lib/python3.10/site-packages:${PYTHONPATH} /usr/bin/python3 -W ignore:setup.py install is deprecated setup.py egg_info --egg-base ../../build/minichallenge3 build --build-base /home/robertog/ros2_ws/build/minichallenge3/build install --record /home/robertog/ros2_ws/build/minichallenge3/install.log --single-version-externally-managed install_data
[4.720s] DEBUG:colcon.colcon_core.event_handler.log_command:Invoking command in '/home/robertog/ros2_ws/src/mobile_robotics': PYTHONPATH=/home/robertog/ros2_ws/build/mobile_robotics/prefix_override:/home/robertog/ros2_ws/install/mobile_robotics/lib/python3.10/site-packages:${PYTHONPATH} /usr/bin/python3 -W ignore:setup.py install is deprecated setup.py egg_info --egg-base ../../build/mobile_robotics build --build-base /home/robertog/ros2_ws/build/mobile_robotics/build install --record /home/robertog/ros2_ws/build/mobile_robotics/install.log --single-version-externally-managed install_data
[4.756s] DEBUG:colcon.colcon_core.event_handler.log_command:Invoking command in '/home/robertog/ros2_ws/src/minichallenge4': PYTHONPATH=/home/robertog/ros2_ws/build/minichallenge4/prefix_override:/home/robertog/ros2_ws/install/minichallenge4/lib/python3.10/site-packages:${PYTHONPATH} /usr/bin/python3 -W ignore:setup.py install is deprecated setup.py egg_info --egg-base ../../build/minichallenge4 build --build-base /home/robertog/ros2_ws/build/minichallenge4/build install --record /home/robertog/ros2_ws/build/minichallenge4/install.log --single-version-externally-managed install_data
[4.800s] DEBUG:colcon.colcon_core.event_handler.log_command:Invoking command in '/home/robertog/ros2_ws/src/mini1_checo': PYTHONPATH=/home/robertog/ros2_ws/build/mini1_checo/prefix_override:/home/robertog/ros2_ws/install/mini1_checo/lib/python3.10/site-packages:${PYTHONPATH} /usr/bin/python3 -W ignore:setup.py install is deprecated setup.py egg_info --egg-base ../../build/mini1_checo build --build-base /home/robertog/ros2_ws/build/mini1_checo/build install --record /home/robertog/ros2_ws/build/mini1_checo/install.log --single-version-externally-managed install_data
[4.830s] DEBUG:colcon.colcon_core.event_handler.log_command:Invoking command in '/home/robertog/ros2_ws/src/minichallenge4_bueno': PYTHONPATH=/home/robertog/ros2_ws/build/minichallenge4_bueno/prefix_override:/home/robertog/ros2_ws/install/minichallenge4_bueno/lib/python3.10/site-packages:${PYTHONPATH} /usr/bin/python3 -W ignore:setup.py install is deprecated setup.py egg_info --egg-base ../../build/minichallenge4_bueno build --build-base /home/robertog/ros2_ws/build/minichallenge4_bueno/build install --record /home/robertog/ros2_ws/build/minichallenge4_bueno/install.log --single-version-externally-managed install_data
[4.843s] DEBUG:colcon.colcon_core.event_handler.log_command:Invoking command in '/home/robertog/ros2_ws/src/open_cv_example': PYTHONPATH=/home/robertog/ros2_ws/build/open_cv_example/prefix_override:/home/robertog/ros2_ws/install/open_cv_example/lib/python3.10/site-packages:${PYTHONPATH} /usr/bin/python3 -W ignore:setup.py install is deprecated setup.py egg_info --egg-base ../../build/open_cv_example build --build-base /home/robertog/ros2_ws/build/open_cv_example/build install --record /home/robertog/ros2_ws/build/open_cv_example/install.log --single-version-externally-managed install_data
[4.855s] DEBUG:colcon.colcon_core.event_handler.log_command:Invoking command in '/home/robertog/ros2_ws/src/gtg_ao': PYTHONPATH=/home/robertog/ros2_ws/build/gtg_ao/prefix_override:/home/robertog/ros2_ws/install/gtg_ao/lib/python3.10/site-packages:${PYTHONPATH} /usr/bin/python3 -W ignore:setup.py install is deprecated setup.py egg_info --egg-base ../../build/gtg_ao build --build-base /home/robertog/ros2_ws/build/gtg_ao/build install --record /home/robertog/ros2_ws/build/gtg_ao/install.log --single-version-externally-managed install_data
[4.883s] DEBUG:colcon.colcon_core.event_handler.log_command:Invoking command in '/home/robertog/ros2_ws/src/programming_assignment': PYTHONPATH=/home/robertog/ros2_ws/build/programming_assignment/prefix_override:/home/robertog/ros2_ws/install/programming_assignment/lib/python3.10/site-packages:${PYTHONPATH} /usr/bin/python3 -W ignore:setup.py install is deprecated setup.py egg_info --egg-base ../../build/programming_assignment build --build-base /home/robertog/ros2_ws/build/programming_assignment/build install --record /home/robertog/ros2_ws/build/programming_assignment/install.log --single-version-externally-managed install_data
[4.918s] DEBUG:colcon.colcon_core.event_handler.log_command:Invoked command in '/home/robertog/ros2_ws/build/two_wheeled_robot' returned '0': CMAKE_PREFIX_PATH=${CMAKE_PREFIX_PATH}:/home/robertog/ros2_ws/install/gtg_ao:/home/robertog/ros2_ws/install/programming_assignment:/home/robertog/ros2_ws/install/open_cv_example:/home/robertog/ros2_ws/install/mobile_robotics:/home/robertog/ros2_ws/install/minichallenge4_bueno:/home/robertog/ros2_ws/install/minichallenge4:/home/robertog/ros2_ws/install/minichallenge3:/home/robertog/ros2_ws/install/mini1_checo:/home/robertog/ros2_ws/install/GTG_AO:/opt/ros/humble /usr/bin/cmake --build /home/robertog/ros2_ws/build/two_wheeled_robot -- -j12 -l12
[5.005s] DEBUG:colcon.colcon_core.event_handler.log_command:Invoking command in '/home/robertog/ros2_ws/build/two_wheeled_robot': CMAKE_PREFIX_PATH=${CMAKE_PREFIX_PATH}:/home/robertog/ros2_ws/install/gtg_ao:/home/robertog/ros2_ws/install/programming_assignment:/home/robertog/ros2_ws/install/open_cv_example:/home/robertog/ros2_ws/install/mobile_robotics:/home/robertog/ros2_ws/install/minichallenge4_bueno:/home/robertog/ros2_ws/install/minichallenge4:/home/robertog/ros2_ws/install/minichallenge3:/home/robertog/ros2_ws/install/mini1_checo:/home/robertog/ros2_ws/install/GTG_AO:/opt/ros/humble /usr/bin/cmake --install /home/robertog/ros2_ws/build/two_wheeled_robot
[5.377s] Level 1:colcon.colcon_core.environment:checking '/home/robertog/ros2_ws/install/minichallenge4' for CMake module files
[5.378s] Level 1:colcon.colcon_core.environment:checking '/home/robertog/ros2_ws/install/minichallenge4' for CMake config files
[5.379s] Level 1:colcon.colcon_core.environment:checking '/home/robertog/ros2_ws/install/minichallenge4/lib'
[5.388s] Level 1:colcon.colcon_core.environment:checking '/home/robertog/ros2_ws/install/minichallenge4/bin'
[5.388s] Level 1:colcon.colcon_core.environment:checking '/home/robertog/ros2_ws/install/minichallenge4/lib/pkgconfig/minichallenge4.pc'
[5.388s] Level 1:colcon.colcon_core.environment:checking '/home/robertog/ros2_ws/install/minichallenge4/lib/python3.10/site-packages'
[5.389s] Level 1:colcon.colcon_core.shell:create_environment_hook('minichallenge4', 'pythonpath')
[5.389s] INFO:colcon.colcon_core.shell:Creating environment hook '/home/robertog/ros2_ws/install/minichallenge4/share/minichallenge4/hook/pythonpath.ps1'
[5.390s] INFO:colcon.colcon_core.shell:Creating environment descriptor '/home/robertog/ros2_ws/install/minichallenge4/share/minichallenge4/hook/pythonpath.dsv'
[5.392s] INFO:colcon.colcon_core.shell:Creating environment hook '/home/robertog/ros2_ws/install/minichallenge4/share/minichallenge4/hook/pythonpath.sh'
[5.393s] Level 1:colcon.colcon_core.environment:checking '/home/robertog/ros2_ws/install/minichallenge4/bin'
[5.393s] Level 1:colcon.colcon_core.environment:create_environment_scripts_only(minichallenge4)
[5.394s] INFO:colcon.colcon_core.shell:Creating package script '/home/robertog/ros2_ws/install/minichallenge4/share/minichallenge4/package.ps1'
[5.404s] DEBUG:colcon.colcon_core.event_handler.log_command:Invoked command in '/home/robertog/ros2_ws/src/minichallenge4' returned '0': PYTHONPATH=/home/robertog/ros2_ws/build/minichallenge4/prefix_override:/home/robertog/ros2_ws/install/minichallenge4/lib/python3.10/site-packages:${PYTHONPATH} /usr/bin/python3 -W ignore:setup.py install is deprecated setup.py egg_info --egg-base ../../build/minichallenge4 build --build-base /home/robertog/ros2_ws/build/minichallenge4/build install --record /home/robertog/ros2_ws/build/minichallenge4/install.log --single-version-externally-managed install_data
[5.406s] INFO:colcon.colcon_core.shell:Creating package descriptor '/home/robertog/ros2_ws/install/minichallenge4/share/minichallenge4/package.dsv'
[5.408s] INFO:colcon.colcon_core.shell:Creating package script '/home/robertog/ros2_ws/install/minichallenge4/share/minichallenge4/package.sh'
[5.410s] INFO:colcon.colcon_core.shell:Creating package script '/home/robertog/ros2_ws/install/minichallenge4/share/minichallenge4/package.bash'
[5.413s] INFO:colcon.colcon_core.shell:Creating package script '/home/robertog/ros2_ws/install/minichallenge4/share/minichallenge4/package.zsh'
[5.415s] Level 1:colcon.colcon_core.environment:create_file_with_runtime_dependencies(/home/robertog/ros2_ws/install/minichallenge4/share/colcon-core/packages/minichallenge4)
[5.420s] Level 1:colcon.colcon_core.environment:checking '/home/robertog/ros2_ws/install/minichallenge3' for CMake module files
[5.424s] Level 1:colcon.colcon_core.environment:checking '/home/robertog/ros2_ws/install/minichallenge3' for CMake config files
[5.427s] Level 1:colcon.colcon_core.environment:checking '/home/robertog/ros2_ws/install/minichallenge3/lib'
[5.428s] Level 1:colcon.colcon_core.environment:checking '/home/robertog/ros2_ws/install/minichallenge3/bin'
[5.428s] Level 1:colcon.colcon_core.environment:checking '/home/robertog/ros2_ws/install/minichallenge3/lib/pkgconfig/minichallenge3.pc'
[5.429s] Level 1:colcon.colcon_core.environment:checking '/home/robertog/ros2_ws/install/minichallenge3/lib/python3.10/site-packages'
[5.429s] Level 1:colcon.colcon_core.shell:create_environment_hook('minichallenge3', 'pythonpath')
[5.429s] INFO:colcon.colcon_core.shell:Creating environment hook '/home/robertog/ros2_ws/install/minichallenge3/share/minichallenge3/hook/pythonpath.ps1'
[5.431s] INFO:colcon.colcon_core.shell:Creating environment descriptor '/home/robertog/ros2_ws/install/minichallenge3/share/minichallenge3/hook/pythonpath.dsv'
[5.433s] INFO:colcon.colcon_core.shell:Creating environment hook '/home/robertog/ros2_ws/install/minichallenge3/share/minichallenge3/hook/pythonpath.sh'
[5.435s] Level 1:colcon.colcon_core.environment:checking '/home/robertog/ros2_ws/install/minichallenge3/bin'
[5.435s] Level 1:colcon.colcon_core.environment:create_environment_scripts_only(minichallenge3)
[5.436s] INFO:colcon.colcon_core.shell:Creating package script '/home/robertog/ros2_ws/install/minichallenge3/share/minichallenge3/package.ps1'
[5.438s] INFO:colcon.colcon_core.shell:Creating package descriptor '/home/robertog/ros2_ws/install/minichallenge3/share/minichallenge3/package.dsv'
[5.439s] INFO:colcon.colcon_core.shell:Creating package script '/home/robertog/ros2_ws/install/minichallenge3/share/minichallenge3/package.sh'
[5.440s] INFO:colcon.colcon_core.shell:Creating package script '/home/robertog/ros2_ws/install/minichallenge3/share/minichallenge3/package.bash'
[5.442s] INFO:colcon.colcon_core.shell:Creating package script '/home/robertog/ros2_ws/install/minichallenge3/share/minichallenge3/package.zsh'
[5.453s] Level 1:colcon.colcon_core.environment:create_file_with_runtime_dependencies(/home/robertog/ros2_ws/install/minichallenge3/share/colcon-core/packages/minichallenge3)
[5.460s] Level 1:colcon.colcon_core.environment:checking '/home/robertog/ros2_ws/install/mobile_robotics' for CMake module files
[5.461s] Level 1:colcon.colcon_core.environment:checking '/home/robertog/ros2_ws/install/mobile_robotics' for CMake config files
[5.462s] Level 1:colcon.colcon_core.environment:checking '/home/robertog/ros2_ws/install/mobile_robotics/lib'
[5.463s] Level 1:colcon.colcon_core.environment:checking '/home/robertog/ros2_ws/install/mobile_robotics/bin'
[5.463s] Level 1:colcon.colcon_core.environment:checking '/home/robertog/ros2_ws/install/mobile_robotics/lib/pkgconfig/mobile_robotics.pc'
[5.463s] Level 1:colcon.colcon_core.environment:checking '/home/robertog/ros2_ws/install/mobile_robotics/lib/python3.10/site-packages'
[5.463s] Level 1:colcon.colcon_core.shell:create_environment_hook('mobile_robotics', 'pythonpath')
[5.464s] INFO:colcon.colcon_core.shell:Creating environment hook '/home/robertog/ros2_ws/install/mobile_robotics/share/mobile_robotics/hook/pythonpath.ps1'
[5.464s] INFO:colcon.colcon_core.shell:Creating environment descriptor '/home/robertog/ros2_ws/install/mobile_robotics/share/mobile_robotics/hook/pythonpath.dsv'
[5.465s] INFO:colcon.colcon_core.shell:Creating environment hook '/home/robertog/ros2_ws/install/mobile_robotics/share/mobile_robotics/hook/pythonpath.sh'
[5.466s] Level 1:colcon.colcon_core.environment:checking '/home/robertog/ros2_ws/install/mobile_robotics/bin'
[5.466s] Level 1:colcon.colcon_core.environment:create_environment_scripts_only(mobile_robotics)
[5.466s] INFO:colcon.colcon_core.shell:Creating package script '/home/robertog/ros2_ws/install/mobile_robotics/share/mobile_robotics/package.ps1'
[5.467s] INFO:colcon.colcon_core.shell:Creating package descriptor '/home/robertog/ros2_ws/install/mobile_robotics/share/mobile_robotics/package.dsv'
[5.469s] INFO:colcon.colcon_core.shell:Creating package script '/home/robertog/ros2_ws/install/mobile_robotics/share/mobile_robotics/package.sh'
[5.471s] INFO:colcon.colcon_core.shell:Creating package script '/home/robertog/ros2_ws/install/mobile_robotics/share/mobile_robotics/package.bash'
[5.472s] INFO:colcon.colcon_core.shell:Creating package script '/home/robertog/ros2_ws/install/mobile_robotics/share/mobile_robotics/package.zsh'
[5.473s] Level 1:colcon.colcon_core.environment:create_file_with_runtime_dependencies(/home/robertog/ros2_ws/install/mobile_robotics/share/colcon-core/packages/mobile_robotics)
[5.475s] Level 1:colcon.colcon_core.environment:checking '/home/robertog/ros2_ws/install/minichallenge4_bueno' for CMake module files
[5.477s] Level 1:colcon.colcon_core.environment:checking '/home/robertog/ros2_ws/install/minichallenge4_bueno' for CMake config files
[5.482s] Level 1:colcon.colcon_core.environment:checking '/home/robertog/ros2_ws/install/minichallenge4_bueno/lib'
[5.482s] Level 1:colcon.colcon_core.environment:checking '/home/robertog/ros2_ws/install/minichallenge4_bueno/bin'
[5.483s] Level 1:colcon.colcon_core.environment:checking '/home/robertog/ros2_ws/install/minichallenge4_bueno/lib/pkgconfig/minichallenge4_bueno.pc'
[5.483s] Level 1:colcon.colcon_core.environment:checking '/home/robertog/ros2_ws/install/minichallenge4_bueno/lib/python3.10/site-packages'
[5.484s] Level 1:colcon.colcon_core.shell:create_environment_hook('minichallenge4_bueno', 'pythonpath')
[5.484s] INFO:colcon.colcon_core.shell:Creating environment hook '/home/robertog/ros2_ws/install/minichallenge4_bueno/share/minichallenge4_bueno/hook/pythonpath.ps1'
[5.486s] INFO:colcon.colcon_core.shell:Creating environment descriptor '/home/robertog/ros2_ws/install/minichallenge4_bueno/share/minichallenge4_bueno/hook/pythonpath.dsv'
[5.487s] INFO:colcon.colcon_core.shell:Creating environment hook '/home/robertog/ros2_ws/install/minichallenge4_bueno/share/minichallenge4_bueno/hook/pythonpath.sh'
[5.489s] Level 1:colcon.colcon_core.environment:checking '/home/robertog/ros2_ws/install/minichallenge4_bueno/bin'
[5.489s] Level 1:colcon.colcon_core.environment:create_environment_scripts_only(minichallenge4_bueno)
[5.490s] INFO:colcon.colcon_core.shell:Creating package script '/home/robertog/ros2_ws/install/minichallenge4_bueno/share/minichallenge4_bueno/package.ps1'
[5.492s] INFO:colcon.colcon_core.shell:Creating package descriptor '/home/robertog/ros2_ws/install/minichallenge4_bueno/share/minichallenge4_bueno/package.dsv'
[5.493s] INFO:colcon.colcon_core.shell:Creating package script '/home/robertog/ros2_ws/install/minichallenge4_bueno/share/minichallenge4_bueno/package.sh'
[5.495s] INFO:colcon.colcon_core.shell:Creating package script '/home/robertog/ros2_ws/install/minichallenge4_bueno/share/minichallenge4_bueno/package.bash'
[5.496s] INFO:colcon.colcon_core.shell:Creating package script '/home/robertog/ros2_ws/install/minichallenge4_bueno/share/minichallenge4_bueno/package.zsh'
[5.497s] Level 1:colcon.colcon_core.environment:create_file_with_runtime_dependencies(/home/robertog/ros2_ws/install/minichallenge4_bueno/share/colcon-core/packages/minichallenge4_bueno)
[5.499s] Level 1:colcon.colcon_core.environment:checking '/home/robertog/ros2_ws/install/mini1_checo' for CMake module files
[5.500s] Level 1:colcon.colcon_core.environment:checking '/home/robertog/ros2_ws/install/mini1_checo' for CMake config files
[5.505s] Level 1:colcon.colcon_core.environment:checking '/home/robertog/ros2_ws/install/mini1_checo/lib'
[5.505s] Level 1:colcon.colcon_core.environment:checking '/home/robertog/ros2_ws/install/mini1_checo/bin'
[5.505s] Level 1:colcon.colcon_core.environment:checking '/home/robertog/ros2_ws/install/mini1_checo/lib/pkgconfig/mini1_checo.pc'
[5.506s] Level 1:colcon.colcon_core.environment:checking '/home/robertog/ros2_ws/install/mini1_checo/lib/python3.10/site-packages'
[5.507s] Level 1:colcon.colcon_core.shell:create_environment_hook('mini1_checo', 'pythonpath')
[5.507s] INFO:colcon.colcon_core.shell:Creating environment hook '/home/robertog/ros2_ws/install/mini1_checo/share/mini1_checo/hook/pythonpath.ps1'
[5.510s] INFO:colcon.colcon_core.shell:Creating environment descriptor '/home/robertog/ros2_ws/install/mini1_checo/share/mini1_checo/hook/pythonpath.dsv'
[5.511s] INFO:colcon.colcon_core.shell:Creating environment hook '/home/robertog/ros2_ws/install/mini1_checo/share/mini1_checo/hook/pythonpath.sh'
[5.513s] Level 1:colcon.colcon_core.environment:checking '/home/robertog/ros2_ws/install/mini1_checo/bin'
[5.513s] Level 1:colcon.colcon_core.environment:create_environment_scripts_only(mini1_checo)
[5.514s] INFO:colcon.colcon_core.shell:Creating package script '/home/robertog/ros2_ws/install/mini1_checo/share/mini1_checo/package.ps1'
[5.516s] INFO:colcon.colcon_core.shell:Creating package descriptor '/home/robertog/ros2_ws/install/mini1_checo/share/mini1_checo/package.dsv'
[5.517s] INFO:colcon.colcon_core.shell:Creating package script '/home/robertog/ros2_ws/install/mini1_checo/share/mini1_checo/package.sh'
[5.519s] INFO:colcon.colcon_core.shell:Creating package script '/home/robertog/ros2_ws/install/mini1_checo/share/mini1_checo/package.bash'
[5.521s] INFO:colcon.colcon_core.shell:Creating package script '/home/robertog/ros2_ws/install/mini1_checo/share/mini1_checo/package.zsh'
[5.522s] Level 1:colcon.colcon_core.environment:create_file_with_runtime_dependencies(/home/robertog/ros2_ws/install/mini1_checo/share/colcon-core/packages/mini1_checo)
[5.525s] Level 1:colcon.colcon_core.environment:checking '/home/robertog/ros2_ws/install/open_cv_example' for CMake module files
[5.527s] Level 1:colcon.colcon_core.environment:checking '/home/robertog/ros2_ws/install/open_cv_example' for CMake config files
[5.533s] Level 1:colcon.colcon_core.environment:checking '/home/robertog/ros2_ws/install/open_cv_example/lib'
[5.534s] Level 1:colcon.colcon_core.environment:checking '/home/robertog/ros2_ws/install/open_cv_example/bin'
[5.534s] Level 1:colcon.colcon_core.environment:checking '/home/robertog/ros2_ws/install/open_cv_example/lib/pkgconfig/open_cv_example.pc'
[5.534s] Level 1:colcon.colcon_core.environment:checking '/home/robertog/ros2_ws/install/open_cv_example/lib/python3.10/site-packages'
[5.537s] Level 1:colcon.colcon_core.shell:create_environment_hook('open_cv_example', 'pythonpath')
[5.538s] INFO:colcon.colcon_core.shell:Creating environment hook '/home/robertog/ros2_ws/install/open_cv_example/share/open_cv_example/hook/pythonpath.ps1'
[5.540s] INFO:colcon.colcon_core.shell:Creating environment descriptor '/home/robertog/ros2_ws/install/open_cv_example/share/open_cv_example/hook/pythonpath.dsv'
[5.542s] INFO:colcon.colcon_core.shell:Creating environment hook '/home/robertog/ros2_ws/install/open_cv_example/share/open_cv_example/hook/pythonpath.sh'
[5.545s] Level 1:colcon.colcon_core.environment:checking '/home/robertog/ros2_ws/install/open_cv_example/bin'
[5.545s] Level 1:colcon.colcon_core.environment:create_environment_scripts_only(open_cv_example)
[5.546s] INFO:colcon.colcon_core.shell:Creating package script '/home/robertog/ros2_ws/install/open_cv_example/share/open_cv_example/package.ps1'
[5.548s] INFO:colcon.colcon_core.shell:Creating package descriptor '/home/robertog/ros2_ws/install/open_cv_example/share/open_cv_example/package.dsv'
[5.550s] INFO:colcon.colcon_core.shell:Creating package script '/home/robertog/ros2_ws/install/open_cv_example/share/open_cv_example/package.sh'
[5.551s] INFO:colcon.colcon_core.shell:Creating package script '/home/robertog/ros2_ws/install/open_cv_example/share/open_cv_example/package.bash'
[5.552s] INFO:colcon.colcon_core.shell:Creating package script '/home/robertog/ros2_ws/install/open_cv_example/share/open_cv_example/package.zsh'
[5.554s] Level 1:colcon.colcon_core.environment:create_file_with_runtime_dependencies(/home/robertog/ros2_ws/install/open_cv_example/share/colcon-core/packages/open_cv_example)
[5.556s] Level 1:colcon.colcon_core.environment:checking '/home/robertog/ros2_ws/install/gtg_ao' for CMake module files
[5.558s] Level 1:colcon.colcon_core.environment:checking '/home/robertog/ros2_ws/install/gtg_ao' for CMake config files
[5.564s] Level 1:colcon.colcon_core.environment:checking '/home/robertog/ros2_ws/install/gtg_ao/lib'
[5.564s] Level 1:colcon.colcon_core.environment:checking '/home/robertog/ros2_ws/install/gtg_ao/bin'
[5.564s] Level 1:colcon.colcon_core.environment:checking '/home/robertog/ros2_ws/install/gtg_ao/lib/pkgconfig/gtg_ao.pc'
[5.565s] Level 1:colcon.colcon_core.environment:checking '/home/robertog/ros2_ws/install/gtg_ao/lib/python3.10/site-packages'
[5.565s] Level 1:colcon.colcon_core.shell:create_environment_hook('gtg_ao', 'pythonpath')
[5.565s] INFO:colcon.colcon_core.shell:Creating environment hook '/home/robertog/ros2_ws/install/gtg_ao/share/gtg_ao/hook/pythonpath.ps1'
[5.567s] INFO:colcon.colcon_core.shell:Creating environment descriptor '/home/robertog/ros2_ws/install/gtg_ao/share/gtg_ao/hook/pythonpath.dsv'
[5.568s] INFO:colcon.colcon_core.shell:Creating environment hook '/home/robertog/ros2_ws/install/gtg_ao/share/gtg_ao/hook/pythonpath.sh'
[5.569s] Level 1:colcon.colcon_core.environment:checking '/home/robertog/ros2_ws/install/gtg_ao/bin'
[5.570s] Level 1:colcon.colcon_core.environment:create_environment_scripts_only(gtg_ao)
[5.570s] INFO:colcon.colcon_core.shell:Creating package script '/home/robertog/ros2_ws/install/gtg_ao/share/gtg_ao/package.ps1'
[5.572s] INFO:colcon.colcon_core.shell:Creating package descriptor '/home/robertog/ros2_ws/install/gtg_ao/share/gtg_ao/package.dsv'
[5.573s] INFO:colcon.colcon_core.shell:Creating package script '/home/robertog/ros2_ws/install/gtg_ao/share/gtg_ao/package.sh'
[5.574s] INFO:colcon.colcon_core.shell:Creating package script '/home/robertog/ros2_ws/install/gtg_ao/share/gtg_ao/package.bash'
[5.575s] INFO:colcon.colcon_core.shell:Creating package script '/home/robertog/ros2_ws/install/gtg_ao/share/gtg_ao/package.zsh'
[5.576s] Level 1:colcon.colcon_core.environment:create_file_with_runtime_dependencies(/home/robertog/ros2_ws/install/gtg_ao/share/colcon-core/packages/gtg_ao)
[5.577s] Level 1:colcon.colcon_core.environment:checking '/home/robertog/ros2_ws/install/programming_assignment' for CMake module files
[5.578s] Level 1:colcon.colcon_core.environment:checking '/home/robertog/ros2_ws/install/programming_assignment' for CMake config files
[5.581s] Level 1:colcon.colcon_core.environment:checking '/home/robertog/ros2_ws/install/programming_assignment/lib'
[5.582s] Level 1:colcon.colcon_core.environment:checking '/home/robertog/ros2_ws/install/programming_assignment/bin'
[5.582s] Level 1:colcon.colcon_core.environment:checking '/home/robertog/ros2_ws/install/programming_assignment/lib/pkgconfig/programming_assignment.pc'
[5.582s] Level 1:colcon.colcon_core.environment:checking '/home/robertog/ros2_ws/install/programming_assignment/lib/python3.10/site-packages'
[5.582s] Level 1:colcon.colcon_core.shell:create_environment_hook('programming_assignment', 'pythonpath')
[5.583s] INFO:colcon.colcon_core.shell:Creating environment hook '/home/robertog/ros2_ws/install/programming_assignment/share/programming_assignment/hook/pythonpath.ps1'
[5.584s] INFO:colcon.colcon_core.shell:Creating environment descriptor '/home/robertog/ros2_ws/install/programming_assignment/share/programming_assignment/hook/pythonpath.dsv'
[5.585s] INFO:colcon.colcon_core.shell:Creating environment hook '/home/robertog/ros2_ws/install/programming_assignment/share/programming_assignment/hook/pythonpath.sh'
[5.586s] Level 1:colcon.colcon_core.environment:checking '/home/robertog/ros2_ws/install/programming_assignment/bin'
[5.586s] Level 1:colcon.colcon_core.environment:create_environment_scripts_only(programming_assignment)
[5.587s] INFO:colcon.colcon_core.shell:Creating package script '/home/robertog/ros2_ws/install/programming_assignment/share/programming_assignment/package.ps1'
[5.588s] INFO:colcon.colcon_core.shell:Creating package descriptor '/home/robertog/ros2_ws/install/programming_assignment/share/programming_assignment/package.dsv'
[5.589s] INFO:colcon.colcon_core.shell:Creating package script '/home/robertog/ros2_ws/install/programming_assignment/share/programming_assignment/package.sh'
[5.591s] INFO:colcon.colcon_core.shell:Creating package script '/home/robertog/ros2_ws/install/programming_assignment/share/programming_assignment/package.bash'
[5.591s] INFO:colcon.colcon_core.shell:Creating package script '/home/robertog/ros2_ws/install/programming_assignment/share/programming_assignment/package.zsh'
[5.592s] Level 1:colcon.colcon_core.environment:create_file_with_runtime_dependencies(/home/robertog/ros2_ws/install/programming_assignment/share/colcon-core/packages/programming_assignment)
[5.647s] DEBUG:colcon.colcon_core.event_handler.log_command:Invoked command in '/home/robertog/ros2_ws/src/minichallenge3' returned '0': PYTHONPATH=/home/robertog/ros2_ws/build/minichallenge3/prefix_override:/home/robertog/ros2_ws/install/minichallenge3/lib/python3.10/site-packages:${PYTHONPATH} /usr/bin/python3 -W ignore:setup.py install is deprecated setup.py egg_info --egg-base ../../build/minichallenge3 build --build-base /home/robertog/ros2_ws/build/minichallenge3/build install --record /home/robertog/ros2_ws/build/minichallenge3/install.log --single-version-externally-managed install_data
[5.659s] Level 1:colcon.colcon_core.environment:create_environment_scripts_only(two_wheeled_robot)
[5.660s] Level 1:colcon.colcon_core.environment:checking '/home/robertog/ros2_ws/install/two_wheeled_robot' for CMake module files
[5.664s] Level 1:colcon.colcon_core.environment:checking '/home/robertog/ros2_ws/install/two_wheeled_robot' for CMake config files
[5.769s] DEBUG:colcon.colcon_core.event_handler.log_command:Invoked command in '/home/robertog/ros2_ws/src/mobile_robotics' returned '0': PYTHONPATH=/home/robertog/ros2_ws/build/mobile_robotics/prefix_override:/home/robertog/ros2_ws/install/mobile_robotics/lib/python3.10/site-packages:${PYTHONPATH} /usr/bin/python3 -W ignore:setup.py install is deprecated setup.py egg_info --egg-base ../../build/mobile_robotics build --build-base /home/robertog/ros2_ws/build/mobile_robotics/build install --record /home/robertog/ros2_ws/build/mobile_robotics/install.log --single-version-externally-managed install_data
[5.810s] DEBUG:colcon.colcon_core.event_handler.log_command:Invoked command in '/home/robertog/ros2_ws/src/minichallenge4_bueno' returned '0': PYTHONPATH=/home/robertog/ros2_ws/build/minichallenge4_bueno/prefix_override:/home/robertog/ros2_ws/install/minichallenge4_bueno/lib/python3.10/site-packages:${PYTHONPATH} /usr/bin/python3 -W ignore:setup.py install is deprecated setup.py egg_info --egg-base ../../build/minichallenge4_bueno build --build-base /home/robertog/ros2_ws/build/minichallenge4_bueno/build install --record /home/robertog/ros2_ws/build/minichallenge4_bueno/install.log --single-version-externally-managed install_data
[5.869s] Level 1:colcon.colcon_core.shell:create_environment_hook('two_wheeled_robot', 'cmake_prefix_path')
[5.870s] INFO:colcon.colcon_core.shell:Creating environment hook '/home/robertog/ros2_ws/install/two_wheeled_robot/share/two_wheeled_robot/hook/cmake_prefix_path.ps1'
[5.871s] INFO:colcon.colcon_core.shell:Creating environment descriptor '/home/robertog/ros2_ws/install/two_wheeled_robot/share/two_wheeled_robot/hook/cmake_prefix_path.dsv'
[5.871s] INFO:colcon.colcon_core.shell:Creating environment hook '/home/robertog/ros2_ws/install/two_wheeled_robot/share/two_wheeled_robot/hook/cmake_prefix_path.sh'
[5.872s] Level 1:colcon.colcon_core.environment:checking '/home/robertog/ros2_ws/install/two_wheeled_robot/lib'
[5.873s] Level 1:colcon.colcon_core.environment:checking '/home/robertog/ros2_ws/install/two_wheeled_robot/bin'
[5.873s] Level 1:colcon.colcon_core.environment:checking '/home/robertog/ros2_ws/install/two_wheeled_robot/lib/pkgconfig/two_wheeled_robot.pc'
[5.873s] Level 1:colcon.colcon_core.environment:checking '/home/robertog/ros2_ws/install/two_wheeled_robot/lib/python3.10/site-packages'
[5.873s] Level 1:colcon.colcon_core.environment:checking '/home/robertog/ros2_ws/install/two_wheeled_robot/bin'
[5.874s] INFO:colcon.colcon_core.shell:Creating package script '/home/robertog/ros2_ws/install/two_wheeled_robot/share/two_wheeled_robot/package.ps1'
[5.875s] INFO:colcon.colcon_core.shell:Creating package descriptor '/home/robertog/ros2_ws/install/two_wheeled_robot/share/two_wheeled_robot/package.dsv'
[5.875s] INFO:colcon.colcon_core.shell:Creating package script '/home/robertog/ros2_ws/install/two_wheeled_robot/share/two_wheeled_robot/package.sh'
[5.876s] INFO:colcon.colcon_core.shell:Creating package script '/home/robertog/ros2_ws/install/two_wheeled_robot/share/two_wheeled_robot/package.bash'
[5.877s] INFO:colcon.colcon_core.shell:Creating package script '/home/robertog/ros2_ws/install/two_wheeled_robot/share/two_wheeled_robot/package.zsh'
[5.878s] Level 1:colcon.colcon_core.environment:create_file_with_runtime_dependencies(/home/robertog/ros2_ws/install/two_wheeled_robot/share/colcon-core/packages/two_wheeled_robot)
[5.878s] DEBUG:colcon.colcon_core.event_handler.log_command:Invoked command in '/home/robertog/ros2_ws/src/mini1_checo' returned '0': PYTHONPATH=/home/robertog/ros2_ws/build/mini1_checo/prefix_override:/home/robertog/ros2_ws/install/mini1_checo/lib/python3.10/site-packages:${PYTHONPATH} /usr/bin/python3 -W ignore:setup.py install is deprecated setup.py egg_info --egg-base ../../build/mini1_checo build --build-base /home/robertog/ros2_ws/build/mini1_checo/build install --record /home/robertog/ros2_ws/build/mini1_checo/install.log --single-version-externally-managed install_data
[5.913s] Level 1:colcon.colcon_core.environment:create_environment_scripts_only(two_wheeled_robot)
[5.913s] Level 1:colcon.colcon_core.environment:checking '/home/robertog/ros2_ws/install/two_wheeled_robot' for CMake module files
[5.916s] Level 1:colcon.colcon_core.environment:checking '/home/robertog/ros2_ws/install/two_wheeled_robot' for CMake config files
[5.931s] DEBUG:colcon.colcon_core.event_handler.log_command:Invoked command in '/home/robertog/ros2_ws/src/open_cv_example' returned '0': PYTHONPATH=/home/robertog/ros2_ws/build/open_cv_example/prefix_override:/home/robertog/ros2_ws/install/open_cv_example/lib/python3.10/site-packages:${PYTHONPATH} /usr/bin/python3 -W ignore:setup.py install is deprecated setup.py egg_info --egg-base ../../build/open_cv_example build --build-base /home/robertog/ros2_ws/build/open_cv_example/build install --record /home/robertog/ros2_ws/build/open_cv_example/install.log --single-version-externally-managed install_data
[5.999s] DEBUG:colcon.colcon_core.event_handler.log_command:Invoked command in '/home/robertog/ros2_ws/src/gtg_ao' returned '0': PYTHONPATH=/home/robertog/ros2_ws/build/gtg_ao/prefix_override:/home/robertog/ros2_ws/install/gtg_ao/lib/python3.10/site-packages:${PYTHONPATH} /usr/bin/python3 -W ignore:setup.py install is deprecated setup.py egg_info --egg-base ../../build/gtg_ao build --build-base /home/robertog/ros2_ws/build/gtg_ao/build install --record /home/robertog/ros2_ws/build/gtg_ao/install.log --single-version-externally-managed install_data
[6.058s] DEBUG:colcon.colcon_core.event_handler.log_command:Invoked command in '/home/robertog/ros2_ws/src/programming_assignment' returned '0': PYTHONPATH=/home/robertog/ros2_ws/build/programming_assignment/prefix_override:/home/robertog/ros2_ws/install/programming_assignment/lib/python3.10/site-packages:${PYTHONPATH} /usr/bin/python3 -W ignore:setup.py install is deprecated setup.py egg_info --egg-base ../../build/programming_assignment build --build-base /home/robertog/ros2_ws/build/programming_assignment/build install --record /home/robertog/ros2_ws/build/programming_assignment/install.log --single-version-externally-managed install_data
[6.074s] DEBUG:colcon.colcon_core.event_handler.log_command:Invoked command in '/home/robertog/ros2_ws/build/two_wheeled_robot' returned '0': CMAKE_PREFIX_PATH=${CMAKE_PREFIX_PATH}:/home/robertog/ros2_ws/install/gtg_ao:/home/robertog/ros2_ws/install/programming_assignment:/home/robertog/ros2_ws/install/open_cv_example:/home/robertog/ros2_ws/install/mobile_robotics:/home/robertog/ros2_ws/install/minichallenge4_bueno:/home/robertog/ros2_ws/install/minichallenge4:/home/robertog/ros2_ws/install/minichallenge3:/home/robertog/ros2_ws/install/mini1_checo:/home/robertog/ros2_ws/install/GTG_AO:/opt/ros/humble /usr/bin/cmake --install /home/robertog/ros2_ws/build/two_wheeled_robot
[6.076s] Level 1:colcon.colcon_core.shell:create_environment_hook('two_wheeled_robot', 'cmake_prefix_path')
[6.077s] INFO:colcon.colcon_core.shell:Creating environment hook '/home/robertog/ros2_ws/install/two_wheeled_robot/share/two_wheeled_robot/hook/cmake_prefix_path.ps1'
[6.077s] INFO:colcon.colcon_core.shell:Creating environment descriptor '/home/robertog/ros2_ws/install/two_wheeled_robot/share/two_wheeled_robot/hook/cmake_prefix_path.dsv'
[6.077s] INFO:colcon.colcon_core.shell:Creating environment hook '/home/robertog/ros2_ws/install/two_wheeled_robot/share/two_wheeled_robot/hook/cmake_prefix_path.sh'
[6.078s] Level 1:colcon.colcon_core.environment:checking '/home/robertog/ros2_ws/install/two_wheeled_robot/lib'
[6.078s] Level 1:colcon.colcon_core.environment:checking '/home/robertog/ros2_ws/install/two_wheeled_robot/bin'
[6.078s] Level 1:colcon.colcon_core.environment:checking '/home/robertog/ros2_ws/install/two_wheeled_robot/lib/pkgconfig/two_wheeled_robot.pc'
[6.079s] Level 1:colcon.colcon_core.environment:checking '/home/robertog/ros2_ws/install/two_wheeled_robot/lib/python3.10/site-packages'
[6.079s] Level 1:colcon.colcon_core.environment:checking '/home/robertog/ros2_ws/install/two_wheeled_robot/bin'
[6.079s] INFO:colcon.colcon_core.shell:Creating package script '/home/robertog/ros2_ws/install/two_wheeled_robot/share/two_wheeled_robot/package.ps1'
[6.080s] INFO:colcon.colcon_core.shell:Creating package descriptor '/home/robertog/ros2_ws/install/two_wheeled_robot/share/two_wheeled_robot/package.dsv'
[6.080s] INFO:colcon.colcon_core.shell:Creating package script '/home/robertog/ros2_ws/install/two_wheeled_robot/share/two_wheeled_robot/package.sh'
[6.081s] INFO:colcon.colcon_core.shell:Creating package script '/home/robertog/ros2_ws/install/two_wheeled_robot/share/two_wheeled_robot/package.bash'
[6.081s] INFO:colcon.colcon_core.shell:Creating package script '/home/robertog/ros2_ws/install/two_wheeled_robot/share/two_wheeled_robot/package.zsh'
[6.082s] Level 1:colcon.colcon_core.environment:create_file_with_runtime_dependencies(/home/robertog/ros2_ws/install/two_wheeled_robot/share/colcon-core/packages/two_wheeled_robot)
[6.082s] DEBUG:colcon.colcon_parallel_executor.executor.parallel:closing loop
[6.082s] DEBUG:colcon.colcon_parallel_executor.executor.parallel:loop closed
[6.083s] DEBUG:colcon.colcon_parallel_executor.executor.parallel:run_until_complete finished with '0'
[6.083s] DEBUG:colcon.colcon_core.event_reactor:joining thread
[6.091s] INFO:colcon.colcon_core.plugin_system:Skipping extension 'colcon_notification.desktop_notification.terminal_notifier': Not used on non-Darwin systems
[6.091s] INFO:colcon.colcon_core.plugin_system:Skipping extension 'colcon_notification.desktop_notification.win32': Not used on non-Windows systems
[6.091s] INFO:colcon.colcon_notification.desktop_notification:Sending desktop notification using 'notify2'
[6.106s] DEBUG:colcon.colcon_core.event_reactor:joined thread
[6.106s] INFO:colcon.colcon_core.shell:Creating prefix script '/home/robertog/ros2_ws/install/local_setup.ps1'
[6.108s] INFO:colcon.colcon_core.shell:Creating prefix util module '/home/robertog/ros2_ws/install/_local_setup_util_ps1.py'
[6.109s] INFO:colcon.colcon_core.shell:Creating prefix chain script '/home/robertog/ros2_ws/install/setup.ps1'
[6.111s] INFO:colcon.colcon_core.shell:Creating prefix script '/home/robertog/ros2_ws/install/local_setup.sh'
[6.112s] INFO:colcon.colcon_core.shell:Creating prefix util module '/home/robertog/ros2_ws/install/_local_setup_util_sh.py'
[6.112s] INFO:colcon.colcon_core.shell:Creating prefix chain script '/home/robertog/ros2_ws/install/setup.sh'
[6.114s] INFO:colcon.colcon_core.shell:Creating prefix script '/home/robertog/ros2_ws/install/local_setup.bash'
[6.115s] INFO:colcon.colcon_core.shell:Creating prefix chain script '/home/robertog/ros2_ws/install/setup.bash'
[6.117s] INFO:colcon.colcon_core.shell:Creating prefix script '/home/robertog/ros2_ws/install/local_setup.zsh'
[6.117s] INFO:colcon.colcon_core.shell:Creating prefix chain script '/home/robertog/ros2_ws/install/setup.zsh'
