running egg_info
creating ../../build/yolov8_ros2/yolov8_ros2.egg-info
writing ../../build/yolov8_ros2/yolov8_ros2.egg-info/PKG-INFO
writing dependency_links to ../../build/yolov8_ros2/yolov8_ros2.egg-info/dependency_links.txt
writing entry points to ../../build/yolov8_ros2/yolov8_ros2.egg-info/entry_points.txt
writing requirements to ../../build/yolov8_ros2/yolov8_ros2.egg-info/requires.txt
writing top-level names to ../../build/yolov8_ros2/yolov8_ros2.egg-info/top_level.txt
writing manifest file '../../build/yolov8_ros2/yolov8_ros2.egg-info/SOURCES.txt'
reading manifest file '../../build/yolov8_ros2/yolov8_ros2.egg-info/SOURCES.txt'
adding license file 'LICENSE'
writing manifest file '../../build/yolov8_ros2/yolov8_ros2.egg-info/SOURCES.txt'
running build
running install
running install_data
creating /home/robertog/ros2_ws/install/yolov8_ros2/share/ament_index
creating /home/robertog/ros2_ws/install/yolov8_ros2/share/ament_index/resource_index
creating /home/robertog/ros2_ws/install/yolov8_ros2/share/ament_index/resource_index/packages
copying resource/yolov8_ros2 -> /home/robertog/ros2_ws/install/yolov8_ros2/share/ament_index/resource_index/packages
copying package.xml -> /home/robertog/ros2_ws/install/yolov8_ros2/share/yolov8_ros2
running install_egg_info
Copying ../../build/yolov8_ros2/yolov8_ros2.egg-info to /home/robertog/ros2_ws/install/yolov8_ros2/lib/python3.10/site-packages/yolov8_ros2-0.0.0-py3.10.egg-info
running install_scripts
Installing yolov8_recognition script to /home/robertog/ros2_ws/install/yolov8_ros2/lib/yolov8_ros2
writing list of installed files to '/home/robertog/ros2_ws/build/yolov8_ros2/install.log'
