[0.690s] Invoking command in '/home/robertog/ros2_ws/src/yolov8_ros2': AMENT_PREFIX_PATH=/home/robertog/ros2_ws/install/yolo_msg:${AMENT_PREFIX_PATH} CMAKE_PREFIX_PATH=/home/robertog/ros2_ws/install/yolo_msg LD_LIBRARY_PATH=/home/robertog/ros2_ws/install/yolo_msg/lib:${LD_LIBRARY_PATH} PYTHONPATH=/home/robertog/ros2_ws/build/yolov8_ros2/prefix_override:/home/robertog/ros2_ws/install/yolov8_ros2/lib/python3.10/site-packages:/home/robertog/ros2_ws/install/yolo_msg/local/lib/python3.10/dist-packages:${PYTHONPATH} /usr/bin/python3 -W ignore:setup.py install is deprecated setup.py egg_info --egg-base ../../build/yolov8_ros2 build --build-base /home/robertog/ros2_ws/build/yolov8_ros2/build install --record /home/robertog/ros2_ws/build/yolov8_ros2/install.log --single-version-externally-managed install_data
[0.971s] running egg_info
[0.971s] creating ../../build/yolov8_ros2/yolov8_ros2.egg-info
[0.971s] writing ../../build/yolov8_ros2/yolov8_ros2.egg-info/PKG-INFO
[0.972s] writing dependency_links to ../../build/yolov8_ros2/yolov8_ros2.egg-info/dependency_links.txt
[0.972s] writing entry points to ../../build/yolov8_ros2/yolov8_ros2.egg-info/entry_points.txt
[0.972s] writing requirements to ../../build/yolov8_ros2/yolov8_ros2.egg-info/requires.txt
[0.972s] writing top-level names to ../../build/yolov8_ros2/yolov8_ros2.egg-info/top_level.txt
[0.972s] writing manifest file '../../build/yolov8_ros2/yolov8_ros2.egg-info/SOURCES.txt'
[0.973s] reading manifest file '../../build/yolov8_ros2/yolov8_ros2.egg-info/SOURCES.txt'
[0.973s] adding license file 'LICENSE'
[0.974s] writing manifest file '../../build/yolov8_ros2/yolov8_ros2.egg-info/SOURCES.txt'
[0.974s] running build
[0.974s] running install
[0.974s] running install_data
[0.975s] creating /home/robertog/ros2_ws/install/yolov8_ros2/share/ament_index
[0.975s] creating /home/robertog/ros2_ws/install/yolov8_ros2/share/ament_index/resource_index
[0.975s] creating /home/robertog/ros2_ws/install/yolov8_ros2/share/ament_index/resource_index/packages
[0.975s] copying resource/yolov8_ros2 -> /home/robertog/ros2_ws/install/yolov8_ros2/share/ament_index/resource_index/packages
[0.975s] copying package.xml -> /home/robertog/ros2_ws/install/yolov8_ros2/share/yolov8_ros2
[0.975s] running install_egg_info
[0.978s] Copying ../../build/yolov8_ros2/yolov8_ros2.egg-info to /home/robertog/ros2_ws/install/yolov8_ros2/lib/python3.10/site-packages/yolov8_ros2-0.0.0-py3.10.egg-info
[0.979s] running install_scripts
[1.000s] Installing yolov8_recognition script to /home/robertog/ros2_ws/install/yolov8_ros2/lib/yolov8_ros2
[1.001s] writing list of installed files to '/home/robertog/ros2_ws/build/yolov8_ros2/install.log'
[1.023s] Invoked command in '/home/robertog/ros2_ws/src/yolov8_ros2' returned '0': AMENT_PREFIX_PATH=/home/robertog/ros2_ws/install/yolo_msg:${AMENT_PREFIX_PATH} CMAKE_PREFIX_PATH=/home/robertog/ros2_ws/install/yolo_msg LD_LIBRARY_PATH=/home/robertog/ros2_ws/install/yolo_msg/lib:${LD_LIBRARY_PATH} PYTHONPATH=/home/robertog/ros2_ws/build/yolov8_ros2/prefix_override:/home/robertog/ros2_ws/install/yolov8_ros2/lib/python3.10/site-packages:/home/robertog/ros2_ws/install/yolo_msg/local/lib/python3.10/dist-packages:${PYTHONPATH} /usr/bin/python3 -W ignore:setup.py install is deprecated setup.py egg_info --egg-base ../../build/yolov8_ros2 build --build-base /home/robertog/ros2_ws/build/yolov8_ros2/build install --record /home/robertog/ros2_ws/build/yolov8_ros2/install.log --single-version-externally-managed install_data
