[0.506s] Invoking command in '/home/robertog/ros2_ws/src/learning_tf2': PYTHONPATH=/home/robertog/ros2_ws/build/learning_tf2/prefix_override:/home/robertog/ros2_ws/install/learning_tf2/lib/python3.10/site-packages:${PYTHONPATH} /usr/bin/python3 -W ignore:setup.py install is deprecated setup.py egg_info --egg-base ../../build/learning_tf2 build --build-base /home/robertog/ros2_ws/build/learning_tf2/build install --record /home/robertog/ros2_ws/build/learning_tf2/install.log --single-version-externally-managed install_data
[0.714s] running egg_info
[0.714s] writing ../../build/learning_tf2/learning_tf2.egg-info/PKG-INFO
[0.715s] writing dependency_links to ../../build/learning_tf2/learning_tf2.egg-info/dependency_links.txt
[0.715s] writing entry points to ../../build/learning_tf2/learning_tf2.egg-info/entry_points.txt
[0.715s] writing requirements to ../../build/learning_tf2/learning_tf2.egg-info/requires.txt
[0.715s] writing top-level names to ../../build/learning_tf2/learning_tf2.egg-info/top_level.txt
[0.716s] reading manifest file '../../build/learning_tf2/learning_tf2.egg-info/SOURCES.txt'
[0.717s] writing manifest file '../../build/learning_tf2/learning_tf2.egg-info/SOURCES.txt'
[0.717s] running build
[0.717s] running build_py
[0.717s] running install
[0.717s] running install_lib
[0.718s] running install_data
[0.719s] copying launch/static_transform.launch.py -> /home/robertog/ros2_ws/install/learning_tf2/share/learning_tf2/launch
[0.719s] running install_egg_info
[0.720s] removing '/home/robertog/ros2_ws/install/learning_tf2/lib/python3.10/site-packages/learning_tf2-0.0.0-py3.10.egg-info' (and everything under it)
[0.720s] Copying ../../build/learning_tf2/learning_tf2.egg-info to /home/robertog/ros2_ws/install/learning_tf2/lib/python3.10/site-packages/learning_tf2-0.0.0-py3.10.egg-info
[0.721s] running install_scripts
[0.737s] Installing test_node script to /home/robertog/ros2_ws/install/learning_tf2/lib/learning_tf2
[0.737s] writing list of installed files to '/home/robertog/ros2_ws/build/learning_tf2/install.log'
[0.754s] Invoked command in '/home/robertog/ros2_ws/src/learning_tf2' returned '0': PYTHONPATH=/home/robertog/ros2_ws/build/learning_tf2/prefix_override:/home/robertog/ros2_ws/install/learning_tf2/lib/python3.10/site-packages:${PYTHONPATH} /usr/bin/python3 -W ignore:setup.py install is deprecated setup.py egg_info --egg-base ../../build/learning_tf2 build --build-base /home/robertog/ros2_ws/build/learning_tf2/build install --record /home/robertog/ros2_ws/build/learning_tf2/install.log --single-version-externally-managed install_data
