[1.190s] Invoking command in '/home/robertog/ros2_ws/src/programming_assignment': PYTHONPATH=/home/robertog/ros2_ws/build/programming_assignment/prefix_override:/home/robertog/ros2_ws/install/programming_assignment/lib/python3.10/site-packages:${PYTHONPATH} /usr/bin/python3 -W ignore:setup.py install is deprecated setup.py egg_info --egg-base ../../build/programming_assignment build --build-base /home/robertog/ros2_ws/build/programming_assignment/build install --record /home/robertog/ros2_ws/build/programming_assignment/install.log --single-version-externally-managed install_data
[1.476s] running egg_info
[1.476s] writing ../../build/programming_assignment/programming_assignment.egg-info/PKG-INFO
[1.477s] writing dependency_links to ../../build/programming_assignment/programming_assignment.egg-info/dependency_links.txt
[1.477s] writing entry points to ../../build/programming_assignment/programming_assignment.egg-info/entry_points.txt
[1.477s] writing requirements to ../../build/programming_assignment/programming_assignment.egg-info/requires.txt
[1.477s] writing top-level names to ../../build/programming_assignment/programming_assignment.egg-info/top_level.txt
[1.479s] reading manifest file '../../build/programming_assignment/programming_assignment.egg-info/SOURCES.txt'
[1.480s] writing manifest file '../../build/programming_assignment/programming_assignment.egg-info/SOURCES.txt'
[1.480s] running build
[1.480s] running build_py
[1.481s] running install
[1.483s] running install_lib
[1.484s] running install_data
[1.484s] running install_egg_info
[1.486s] removing '/home/robertog/ros2_ws/install/programming_assignment/lib/python3.10/site-packages/programming_assignment-0.0.0-py3.10.egg-info' (and everything under it)
[1.487s] Copying ../../build/programming_assignment/programming_assignment.egg-info to /home/robertog/ros2_ws/install/programming_assignment/lib/python3.10/site-packages/programming_assignment-0.0.0-py3.10.egg-info
[1.488s] running install_scripts
[1.511s] Installing forward_kinematics script to /home/robertog/ros2_ws/install/programming_assignment/lib/programming_assignment
[1.511s] writing list of installed files to '/home/robertog/ros2_ws/build/programming_assignment/install.log'
[1.540s] Invoked command in '/home/robertog/ros2_ws/src/programming_assignment' returned '0': PYTHONPATH=/home/robertog/ros2_ws/build/programming_assignment/prefix_override:/home/robertog/ros2_ws/install/programming_assignment/lib/python3.10/site-packages:${PYTHONPATH} /usr/bin/python3 -W ignore:setup.py install is deprecated setup.py egg_info --egg-base ../../build/programming_assignment build --build-base /home/robertog/ros2_ws/build/programming_assignment/build install --record /home/robertog/ros2_ws/build/programming_assignment/install.log --single-version-externally-managed install_data
