[0.748s] Invoking command in '/home/robertog/ros2_ws/src/open_cv_example': PYTHONPATH=/home/robertog/ros2_ws/build/open_cv_example/prefix_override:/home/robertog/ros2_ws/install/open_cv_example/lib/python3.10/site-packages:${PYTHONPATH} /usr/bin/python3 -W ignore:setup.py install is deprecated setup.py egg_info --egg-base ../../build/open_cv_example build --build-base /home/robertog/ros2_ws/build/open_cv_example/build install --record /home/robertog/ros2_ws/build/open_cv_example/install.log --single-version-externally-managed install_data
[1.108s] running egg_info
[1.108s] writing ../../build/open_cv_example/open_cv_example.egg-info/PKG-INFO
[1.109s] writing dependency_links to ../../build/open_cv_example/open_cv_example.egg-info/dependency_links.txt
[1.109s] writing entry points to ../../build/open_cv_example/open_cv_example.egg-info/entry_points.txt
[1.110s] writing requirements to ../../build/open_cv_example/open_cv_example.egg-info/requires.txt
[1.110s] writing top-level names to ../../build/open_cv_example/open_cv_example.egg-info/top_level.txt
[1.112s] reading manifest file '../../build/open_cv_example/open_cv_example.egg-info/SOURCES.txt'
[1.113s] adding license file 'LICENSE'
[1.114s] writing manifest file '../../build/open_cv_example/open_cv_example.egg-info/SOURCES.txt'
[1.114s] running build
[1.114s] running build_py
[1.114s] copying open_cv_example/circle_id.py -> /home/robertog/ros2_ws/build/open_cv_example/build/lib/open_cv_example
[1.114s] running install
[1.115s] running install_lib
[1.116s] copying /home/robertog/ros2_ws/build/open_cv_example/build/lib/open_cv_example/circle_id.py -> /home/robertog/ros2_ws/install/open_cv_example/lib/python3.10/site-packages/open_cv_example
[1.118s] byte-compiling /home/robertog/ros2_ws/install/open_cv_example/lib/python3.10/site-packages/open_cv_example/circle_id.py to circle_id.cpython-310.pyc
[1.120s] running install_data
[1.120s] running install_egg_info
[1.120s] removing '/home/robertog/ros2_ws/install/open_cv_example/lib/python3.10/site-packages/open_cv_example-0.0.0-py3.10.egg-info' (and everything under it)
[1.120s] Copying ../../build/open_cv_example/open_cv_example.egg-info to /home/robertog/ros2_ws/install/open_cv_example/lib/python3.10/site-packages/open_cv_example-0.0.0-py3.10.egg-info
[1.120s] running install_scripts
[1.121s] Installing circle_id script to /home/robertog/ros2_ws/install/open_cv_example/lib/open_cv_example
[1.121s] writing list of installed files to '/home/robertog/ros2_ws/build/open_cv_example/install.log'
[1.137s] Invoked command in '/home/robertog/ros2_ws/src/open_cv_example' returned '0': PYTHONPATH=/home/robertog/ros2_ws/build/open_cv_example/prefix_override:/home/robertog/ros2_ws/install/open_cv_example/lib/python3.10/site-packages:${PYTHONPATH} /usr/bin/python3 -W ignore:setup.py install is deprecated setup.py egg_info --egg-base ../../build/open_cv_example build --build-base /home/robertog/ros2_ws/build/open_cv_example/build install --record /home/robertog/ros2_ws/build/open_cv_example/install.log --single-version-externally-managed install_data
