[0.823s] Invoking command in '/home/robertog/ros2_ws/src/dataset': PYTHONPATH=/home/robertog/ros2_ws/build/dataset/prefix_override:/home/robertog/ros2_ws/install/dataset/lib/python3.10/site-packages:${PYTHONPATH} /usr/bin/python3 -W ignore:setup.py install is deprecated setup.py egg_info --egg-base ../../build/dataset build --build-base /home/robertog/ros2_ws/build/dataset/build install --record /home/robertog/ros2_ws/build/dataset/install.log --single-version-externally-managed install_data
[1.152s] running egg_info
[1.153s] writing ../../build/dataset/dataset.egg-info/PKG-INFO
[1.153s] writing dependency_links to ../../build/dataset/dataset.egg-info/dependency_links.txt
[1.153s] writing entry points to ../../build/dataset/dataset.egg-info/entry_points.txt
[1.153s] writing requirements to ../../build/dataset/dataset.egg-info/requires.txt
[1.154s] writing top-level names to ../../build/dataset/dataset.egg-info/top_level.txt
[1.156s] reading manifest file '../../build/dataset/dataset.egg-info/SOURCES.txt'
[1.157s] writing manifest file '../../build/dataset/dataset.egg-info/SOURCES.txt'
[1.157s] running build
[1.157s] running build_py
[1.157s] copying dataset/save_images.py -> /home/robertog/ros2_ws/build/dataset/build/lib/dataset
[1.157s] running install
[1.158s] running install_lib
[1.158s] copying /home/robertog/ros2_ws/build/dataset/build/lib/dataset/save_images.py -> /home/robertog/ros2_ws/install/dataset/lib/python3.10/site-packages/dataset
[1.160s] byte-compiling /home/robertog/ros2_ws/install/dataset/lib/python3.10/site-packages/dataset/save_images.py to save_images.cpython-310.pyc
[1.161s] running install_data
[1.161s] running install_egg_info
[1.163s] removing '/home/robertog/ros2_ws/install/dataset/lib/python3.10/site-packages/dataset-0.0.0-py3.10.egg-info' (and everything under it)
[1.163s] Copying ../../build/dataset/dataset.egg-info to /home/robertog/ros2_ws/install/dataset/lib/python3.10/site-packages/dataset-0.0.0-py3.10.egg-info
[1.164s] running install_scripts
[1.191s] Installing save_images script to /home/robertog/ros2_ws/install/dataset/lib/dataset
[1.192s] writing list of installed files to '/home/robertog/ros2_ws/build/dataset/install.log'
[1.231s] Invoked command in '/home/robertog/ros2_ws/src/dataset' returned '0': PYTHONPATH=/home/robertog/ros2_ws/build/dataset/prefix_override:/home/robertog/ros2_ws/install/dataset/lib/python3.10/site-packages:${PYTHONPATH} /usr/bin/python3 -W ignore:setup.py install is deprecated setup.py egg_info --egg-base ../../build/dataset build --build-base /home/robertog/ros2_ws/build/dataset/build install --record /home/robertog/ros2_ws/build/dataset/install.log --single-version-externally-managed install_data
