[0.141s] DEBUG:colcon:Command line arguments: ['/usr/bin/colcon', 'list', '-p', '--base-paths', '/home/robertog/ros2_ws']
[0.141s] DEBUG:colcon:Parsed command line arguments: Namespace(log_base=None, log_level=None, verb_name='list', build_base='build', ignore_user_meta=False, metas=['./colcon.meta'], base_paths=['/home/robertog/ros2_ws'], packages_ignore=None, packages_ignore_regex=None, paths=None, packages_up_to=None, packages_up_to_regex=None, packages_above=None, packages_above_and_dependencies=None, packages_above_depth=None, packages_select_by_dep=None, packages_skip_by_dep=None, packages_skip_up_to=None, packages_select_build_failed=False, packages_skip_build_finished=False, packages_select_test_failures=False, packages_skip_test_passed=False, packages_select=None, packages_skip=None, packages_select_regex=None, packages_skip_regex=None, packages_start=None, packages_end=None, allow_overriding=[], topological_order=False, names_only=False, paths_only=True, topological_graph=False, topological_graph_dot=False, topological_graph_density=False, topological_graph_legend=False, topological_graph_dot_cluster=False, topological_graph_dot_include_skipped=False, mixin_files=None, mixin=None, verb_parser=<colcon_mixin.mixin.mixin_argument.MixinArgumentDecorator object at 0x77f154cefaf0>, verb_extension=<colcon_package_information.verb.list.ListVerb object at 0x77f154eabbe0>, main=<bound method ListVerb.main of <colcon_package_information.verb.list.ListVerb object at 0x77f154eabbe0>>, mixin_verb=('list',))
[0.403s] Level 1:colcon.colcon_core.package_discovery:discover_packages(colcon_meta) check parameters
[0.403s] Level 1:colcon.colcon_core.package_discovery:discover_packages(recursive) check parameters
[0.403s] Level 1:colcon.colcon_core.package_discovery:discover_packages(ignore) check parameters
[0.403s] Level 1:colcon.colcon_core.package_discovery:discover_packages(path) check parameters
[0.403s] Level 1:colcon.colcon_core.package_discovery:discover_packages(recursive) discover
[0.403s] INFO:colcon.colcon_core.package_discovery:Crawling recursively for packages in '/home/robertog/ros2_ws'
[0.403s] Level 1:colcon.colcon_core.package_identification:_identify(/home/robertog/ros2_ws) by extensions ['ignore', 'ignore_ament_install']
[0.404s] Level 1:colcon.colcon_core.package_identification:_identify(/home/robertog/ros2_ws) by extension 'ignore'
[0.404s] Level 1:colcon.colcon_core.package_identification:_identify(/home/robertog/ros2_ws) by extension 'ignore_ament_install'
[0.404s] Level 1:colcon.colcon_core.package_identification:_identify(/home/robertog/ros2_ws) by extensions ['colcon_pkg']
[0.404s] Level 1:colcon.colcon_core.package_identification:_identify(/home/robertog/ros2_ws) by extension 'colcon_pkg'
[0.404s] Level 1:colcon.colcon_core.package_identification:_identify(/home/robertog/ros2_ws) by extensions ['colcon_meta']
[0.404s] Level 1:colcon.colcon_core.package_identification:_identify(/home/robertog/ros2_ws) by extension 'colcon_meta'
[0.404s] Level 1:colcon.colcon_core.package_identification:_identify(/home/robertog/ros2_ws) by extensions ['ros']
[0.404s] Level 1:colcon.colcon_core.package_identification:_identify(/home/robertog/ros2_ws) by extension 'ros'
[0.415s] Level 1:colcon.colcon_core.package_identification:_identify(/home/robertog/ros2_ws) by extensions ['cmake', 'python']
[0.415s] Level 1:colcon.colcon_core.package_identification:_identify(/home/robertog/ros2_ws) by extension 'cmake'
[0.415s] Level 1:colcon.colcon_core.package_identification:_identify(/home/robertog/ros2_ws) by extension 'python'
[0.415s] Level 1:colcon.colcon_core.package_identification:_identify(/home/robertog/ros2_ws) by extensions ['python_setup_py']
[0.415s] Level 1:colcon.colcon_core.package_identification:_identify(/home/robertog/ros2_ws) by extension 'python_setup_py'
[0.416s] Level 1:colcon.colcon_core.package_identification:_identify(/home/robertog/ros2_ws/build) by extensions ['ignore', 'ignore_ament_install']
[0.416s] Level 1:colcon.colcon_core.package_identification:_identify(/home/robertog/ros2_ws/build) by extension 'ignore'
[0.416s] Level 1:colcon.colcon_core.package_identification:_identify(/home/robertog/ros2_ws/build) ignored
[0.416s] Level 1:colcon.colcon_core.package_identification:_identify(/home/robertog/ros2_ws/install) by extensions ['ignore', 'ignore_ament_install']
[0.417s] Level 1:colcon.colcon_core.package_identification:_identify(/home/robertog/ros2_ws/install) by extension 'ignore'
[0.417s] Level 1:colcon.colcon_core.package_identification:_identify(/home/robertog/ros2_ws/install) ignored
[0.417s] Level 1:colcon.colcon_core.package_identification:_identify(/home/robertog/ros2_ws/log) by extensions ['ignore', 'ignore_ament_install']
[0.417s] Level 1:colcon.colcon_core.package_identification:_identify(/home/robertog/ros2_ws/log) by extension 'ignore'
[0.417s] Level 1:colcon.colcon_core.package_identification:_identify(/home/robertog/ros2_ws/log) ignored
[0.417s] Level 1:colcon.colcon_core.package_identification:_identify(/home/robertog/ros2_ws/src) by extensions ['ignore', 'ignore_ament_install']
[0.417s] Level 1:colcon.colcon_core.package_identification:_identify(/home/robertog/ros2_ws/src) by extension 'ignore'
[0.417s] Level 1:colcon.colcon_core.package_identification:_identify(/home/robertog/ros2_ws/src) by extension 'ignore_ament_install'
[0.417s] Level 1:colcon.colcon_core.package_identification:_identify(/home/robertog/ros2_ws/src) by extensions ['colcon_pkg']
[0.417s] Level 1:colcon.colcon_core.package_identification:_identify(/home/robertog/ros2_ws/src) by extension 'colcon_pkg'
[0.417s] Level 1:colcon.colcon_core.package_identification:_identify(/home/robertog/ros2_ws/src) by extensions ['colcon_meta']
[0.417s] Level 1:colcon.colcon_core.package_identification:_identify(/home/robertog/ros2_ws/src) by extension 'colcon_meta'
[0.417s] Level 1:colcon.colcon_core.package_identification:_identify(/home/robertog/ros2_ws/src) by extensions ['ros']
[0.417s] Level 1:colcon.colcon_core.package_identification:_identify(/home/robertog/ros2_ws/src) by extension 'ros'
[0.417s] Level 1:colcon.colcon_core.package_identification:_identify(/home/robertog/ros2_ws/src) by extensions ['cmake', 'python']
[0.417s] Level 1:colcon.colcon_core.package_identification:_identify(/home/robertog/ros2_ws/src) by extension 'cmake'
[0.417s] Level 1:colcon.colcon_core.package_identification:_identify(/home/robertog/ros2_ws/src) by extension 'python'
[0.417s] Level 1:colcon.colcon_core.package_identification:_identify(/home/robertog/ros2_ws/src) by extensions ['python_setup_py']
[0.417s] Level 1:colcon.colcon_core.package_identification:_identify(/home/robertog/ros2_ws/src) by extension 'python_setup_py'
[0.418s] Level 1:colcon.colcon_core.package_identification:_identify(/home/robertog/ros2_ws/src/mini1_checo) by extensions ['ignore', 'ignore_ament_install']
[0.418s] Level 1:colcon.colcon_core.package_identification:_identify(/home/robertog/ros2_ws/src/mini1_checo) by extension 'ignore'
[0.418s] Level 1:colcon.colcon_core.package_identification:_identify(/home/robertog/ros2_ws/src/mini1_checo) by extension 'ignore_ament_install'
[0.418s] Level 1:colcon.colcon_core.package_identification:_identify(/home/robertog/ros2_ws/src/mini1_checo) by extensions ['colcon_pkg']
[0.418s] Level 1:colcon.colcon_core.package_identification:_identify(/home/robertog/ros2_ws/src/mini1_checo) by extension 'colcon_pkg'
[0.418s] Level 1:colcon.colcon_core.package_identification:_identify(/home/robertog/ros2_ws/src/mini1_checo) by extensions ['colcon_meta']
[0.418s] Level 1:colcon.colcon_core.package_identification:_identify(/home/robertog/ros2_ws/src/mini1_checo) by extension 'colcon_meta'
[0.418s] Level 1:colcon.colcon_core.package_identification:_identify(/home/robertog/ros2_ws/src/mini1_checo) by extensions ['ros']
[0.418s] Level 1:colcon.colcon_core.package_identification:_identify(/home/robertog/ros2_ws/src/mini1_checo) by extension 'ros'
[0.420s] DEBUG:colcon.colcon_core.package_identification:Package '/home/robertog/ros2_ws/src/mini1_checo' with type 'ros.ament_python' and name 'mini1_checo'
[0.420s] Level 1:colcon.colcon_core.package_identification:_identify(/home/robertog/ros2_ws/src/minichallenge3) by extensions ['ignore', 'ignore_ament_install']
[0.421s] Level 1:colcon.colcon_core.package_identification:_identify(/home/robertog/ros2_ws/src/minichallenge3) by extension 'ignore'
[0.421s] Level 1:colcon.colcon_core.package_identification:_identify(/home/robertog/ros2_ws/src/minichallenge3) by extension 'ignore_ament_install'
[0.421s] Level 1:colcon.colcon_core.package_identification:_identify(/home/robertog/ros2_ws/src/minichallenge3) by extensions ['colcon_pkg']
[0.421s] Level 1:colcon.colcon_core.package_identification:_identify(/home/robertog/ros2_ws/src/minichallenge3) by extension 'colcon_pkg'
[0.421s] Level 1:colcon.colcon_core.package_identification:_identify(/home/robertog/ros2_ws/src/minichallenge3) by extensions ['colcon_meta']
[0.421s] Level 1:colcon.colcon_core.package_identification:_identify(/home/robertog/ros2_ws/src/minichallenge3) by extension 'colcon_meta'
[0.421s] Level 1:colcon.colcon_core.package_identification:_identify(/home/robertog/ros2_ws/src/minichallenge3) by extensions ['ros']
[0.421s] Level 1:colcon.colcon_core.package_identification:_identify(/home/robertog/ros2_ws/src/minichallenge3) by extension 'ros'
[0.421s] DEBUG:colcon.colcon_core.package_identification:Package '/home/robertog/ros2_ws/src/minichallenge3' with type 'ros.ament_python' and name 'minichallenge3'
[0.422s] Level 1:colcon.colcon_core.package_identification:_identify(/home/robertog/ros2_ws/src/minichallenge4) by extensions ['ignore', 'ignore_ament_install']
[0.422s] Level 1:colcon.colcon_core.package_identification:_identify(/home/robertog/ros2_ws/src/minichallenge4) by extension 'ignore'
[0.422s] Level 1:colcon.colcon_core.package_identification:_identify(/home/robertog/ros2_ws/src/minichallenge4) by extension 'ignore_ament_install'
[0.422s] Level 1:colcon.colcon_core.package_identification:_identify(/home/robertog/ros2_ws/src/minichallenge4) by extensions ['colcon_pkg']
[0.422s] Level 1:colcon.colcon_core.package_identification:_identify(/home/robertog/ros2_ws/src/minichallenge4) by extension 'colcon_pkg'
[0.422s] Level 1:colcon.colcon_core.package_identification:_identify(/home/robertog/ros2_ws/src/minichallenge4) by extensions ['colcon_meta']
[0.422s] Level 1:colcon.colcon_core.package_identification:_identify(/home/robertog/ros2_ws/src/minichallenge4) by extension 'colcon_meta'
[0.422s] Level 1:colcon.colcon_core.package_identification:_identify(/home/robertog/ros2_ws/src/minichallenge4) by extensions ['ros']
[0.422s] Level 1:colcon.colcon_core.package_identification:_identify(/home/robertog/ros2_ws/src/minichallenge4) by extension 'ros'
[0.422s] DEBUG:colcon.colcon_core.package_identification:Package '/home/robertog/ros2_ws/src/minichallenge4' with type 'ros.ament_python' and name 'minichallenge4'
[0.422s] Level 1:colcon.colcon_core.package_identification:_identify(/home/robertog/ros2_ws/src/minichallenge4_bueno) by extensions ['ignore', 'ignore_ament_install']
[0.423s] Level 1:colcon.colcon_core.package_identification:_identify(/home/robertog/ros2_ws/src/minichallenge4_bueno) by extension 'ignore'
[0.423s] Level 1:colcon.colcon_core.package_identification:_identify(/home/robertog/ros2_ws/src/minichallenge4_bueno) by extension 'ignore_ament_install'
[0.423s] Level 1:colcon.colcon_core.package_identification:_identify(/home/robertog/ros2_ws/src/minichallenge4_bueno) by extensions ['colcon_pkg']
[0.423s] Level 1:colcon.colcon_core.package_identification:_identify(/home/robertog/ros2_ws/src/minichallenge4_bueno) by extension 'colcon_pkg'
[0.423s] Level 1:colcon.colcon_core.package_identification:_identify(/home/robertog/ros2_ws/src/minichallenge4_bueno) by extensions ['colcon_meta']
[0.423s] Level 1:colcon.colcon_core.package_identification:_identify(/home/robertog/ros2_ws/src/minichallenge4_bueno) by extension 'colcon_meta'
[0.423s] Level 1:colcon.colcon_core.package_identification:_identify(/home/robertog/ros2_ws/src/minichallenge4_bueno) by extensions ['ros']
[0.423s] Level 1:colcon.colcon_core.package_identification:_identify(/home/robertog/ros2_ws/src/minichallenge4_bueno) by extension 'ros'
[0.423s] DEBUG:colcon.colcon_core.package_identification:Package '/home/robertog/ros2_ws/src/minichallenge4_bueno' with type 'ros.ament_python' and name 'minichallenge4_bueno'
[0.423s] Level 1:colcon.colcon_core.package_identification:_identify(/home/robertog/ros2_ws/src/mobile_robotics) by extensions ['ignore', 'ignore_ament_install']
[0.424s] Level 1:colcon.colcon_core.package_identification:_identify(/home/robertog/ros2_ws/src/mobile_robotics) by extension 'ignore'
[0.424s] Level 1:colcon.colcon_core.package_identification:_identify(/home/robertog/ros2_ws/src/mobile_robotics) by extension 'ignore_ament_install'
[0.424s] Level 1:colcon.colcon_core.package_identification:_identify(/home/robertog/ros2_ws/src/mobile_robotics) by extensions ['colcon_pkg']
[0.424s] Level 1:colcon.colcon_core.package_identification:_identify(/home/robertog/ros2_ws/src/mobile_robotics) by extension 'colcon_pkg'
[0.424s] Level 1:colcon.colcon_core.package_identification:_identify(/home/robertog/ros2_ws/src/mobile_robotics) by extensions ['colcon_meta']
[0.424s] Level 1:colcon.colcon_core.package_identification:_identify(/home/robertog/ros2_ws/src/mobile_robotics) by extension 'colcon_meta'
[0.424s] Level 1:colcon.colcon_core.package_identification:_identify(/home/robertog/ros2_ws/src/mobile_robotics) by extensions ['ros']
[0.424s] Level 1:colcon.colcon_core.package_identification:_identify(/home/robertog/ros2_ws/src/mobile_robotics) by extension 'ros'
[0.424s] DEBUG:colcon.colcon_core.package_identification:Package '/home/robertog/ros2_ws/src/mobile_robotics' with type 'ros.ament_python' and name 'mobile_robotics'
[0.424s] Level 1:colcon.colcon_core.package_identification:_identify(/home/robertog/ros2_ws/src/open_cv_example) by extensions ['ignore', 'ignore_ament_install']
[0.425s] Level 1:colcon.colcon_core.package_identification:_identify(/home/robertog/ros2_ws/src/open_cv_example) by extension 'ignore'
[0.425s] Level 1:colcon.colcon_core.package_identification:_identify(/home/robertog/ros2_ws/src/open_cv_example) by extension 'ignore_ament_install'
[0.425s] Level 1:colcon.colcon_core.package_identification:_identify(/home/robertog/ros2_ws/src/open_cv_example) by extensions ['colcon_pkg']
[0.425s] Level 1:colcon.colcon_core.package_identification:_identify(/home/robertog/ros2_ws/src/open_cv_example) by extension 'colcon_pkg'
[0.425s] Level 1:colcon.colcon_core.package_identification:_identify(/home/robertog/ros2_ws/src/open_cv_example) by extensions ['colcon_meta']
[0.425s] Level 1:colcon.colcon_core.package_identification:_identify(/home/robertog/ros2_ws/src/open_cv_example) by extension 'colcon_meta'
[0.425s] Level 1:colcon.colcon_core.package_identification:_identify(/home/robertog/ros2_ws/src/open_cv_example) by extensions ['ros']
[0.425s] Level 1:colcon.colcon_core.package_identification:_identify(/home/robertog/ros2_ws/src/open_cv_example) by extension 'ros'
[0.425s] DEBUG:colcon.colcon_core.package_identification:Package '/home/robertog/ros2_ws/src/open_cv_example' with type 'ros.ament_python' and name 'open_cv_example'
[0.425s] Level 1:colcon.colcon_core.package_identification:_identify(/home/robertog/ros2_ws/src/programming_assignment) by extensions ['ignore', 'ignore_ament_install']
[0.425s] Level 1:colcon.colcon_core.package_identification:_identify(/home/robertog/ros2_ws/src/programming_assignment) by extension 'ignore'
[0.425s] Level 1:colcon.colcon_core.package_identification:_identify(/home/robertog/ros2_ws/src/programming_assignment) by extension 'ignore_ament_install'
[0.425s] Level 1:colcon.colcon_core.package_identification:_identify(/home/robertog/ros2_ws/src/programming_assignment) by extensions ['colcon_pkg']
[0.426s] Level 1:colcon.colcon_core.package_identification:_identify(/home/robertog/ros2_ws/src/programming_assignment) by extension 'colcon_pkg'
[0.426s] Level 1:colcon.colcon_core.package_identification:_identify(/home/robertog/ros2_ws/src/programming_assignment) by extensions ['colcon_meta']
[0.426s] Level 1:colcon.colcon_core.package_identification:_identify(/home/robertog/ros2_ws/src/programming_assignment) by extension 'colcon_meta'
[0.426s] Level 1:colcon.colcon_core.package_identification:_identify(/home/robertog/ros2_ws/src/programming_assignment) by extensions ['ros']
[0.426s] Level 1:colcon.colcon_core.package_identification:_identify(/home/robertog/ros2_ws/src/programming_assignment) by extension 'ros'
[0.426s] DEBUG:colcon.colcon_core.package_identification:Package '/home/robertog/ros2_ws/src/programming_assignment' with type 'ros.ament_python' and name 'programming_assignment'
[0.426s] Level 1:colcon.colcon_core.package_identification:_identify(/home/robertog/ros2_ws/src/two_wheeled_robot) by extensions ['ignore', 'ignore_ament_install']
[0.426s] Level 1:colcon.colcon_core.package_identification:_identify(/home/robertog/ros2_ws/src/two_wheeled_robot) by extension 'ignore'
[0.426s] Level 1:colcon.colcon_core.package_identification:_identify(/home/robertog/ros2_ws/src/two_wheeled_robot) by extension 'ignore_ament_install'
[0.426s] Level 1:colcon.colcon_core.package_identification:_identify(/home/robertog/ros2_ws/src/two_wheeled_robot) by extensions ['colcon_pkg']
[0.426s] Level 1:colcon.colcon_core.package_identification:_identify(/home/robertog/ros2_ws/src/two_wheeled_robot) by extension 'colcon_pkg'
[0.426s] Level 1:colcon.colcon_core.package_identification:_identify(/home/robertog/ros2_ws/src/two_wheeled_robot) by extensions ['colcon_meta']
[0.426s] Level 1:colcon.colcon_core.package_identification:_identify(/home/robertog/ros2_ws/src/two_wheeled_robot) by extension 'colcon_meta'
[0.426s] Level 1:colcon.colcon_core.package_identification:_identify(/home/robertog/ros2_ws/src/two_wheeled_robot) by extensions ['ros']
[0.426s] Level 1:colcon.colcon_core.package_identification:_identify(/home/robertog/ros2_ws/src/two_wheeled_robot) by extension 'ros'
[0.427s] DEBUG:colcon.colcon_core.package_identification:Package '/home/robertog/ros2_ws/src/two_wheeled_robot' with type 'ros.ament_cmake' and name 'two_wheeled_robot'
[0.427s] Level 1:colcon.colcon_core.package_discovery:discover_packages(recursive) using defaults
