[0.078s] Invoking command in '/home/robertog/ros2_ws/build/yolo_msg': CMAKE_PREFIX_PATH=/opt/ros/humble /usr/bin/cmake --build /home/robertog/ros2_ws/build/yolo_msg -- -j12 -l12
[3.304s] -- Found ament_cmake: 1.3.8 (/opt/ros/humble/share/ament_cmake/cmake)
[3.304s] -- Found std_msgs: 4.2.3 (/opt/ros/humble/share/std_msgs/cmake)
[3.305s] -- Found rosidl_generator_c: 3.1.5 (/opt/ros/humble/share/rosidl_generator_c/cmake)
[3.305s] -- Found rosidl_adapter: 3.1.5 (/opt/ros/humble/share/rosidl_adapter/cmake)
[3.305s] -- Found rosidl_generator_cpp: 3.1.5 (/opt/ros/humble/share/rosidl_generator_cpp/cmake)
[3.306s] -- Using all available rosidl_typesupport_c: rosidl_typesupport_fastrtps_c;rosidl_typesupport_introspection_c
[3.306s] -- Using all available rosidl_typesupport_cpp: rosidl_typesupport_fastrtps_cpp;rosidl_typesupport_introspection_cpp
[3.306s] -- Found rosidl_default_generators: 1.2.0 (/opt/ros/humble/share/rosidl_default_generators/cmake)
[3.306s] -- Found ament_cmake_ros: 0.10.0 (/opt/ros/humble/share/ament_cmake_ros/cmake)
[3.306s] -- Using all available rosidl_typesupport_c: rosidl_typesupport_fastrtps_c;rosidl_typesupport_introspection_c
[3.306s] -- Using all available rosidl_typesupport_cpp: rosidl_typesupport_fastrtps_cpp;rosidl_typesupport_introspection_cpp
[3.306s] -- Found python_cmake_module: 0.10.0 (/opt/ros/humble/share/python_cmake_module/cmake)
[3.306s] -- Using PYTHON_EXECUTABLE: /usr/bin/python3
[3.306s] -- Using PYTHON_INCLUDE_DIRS: /usr/include/python3.10
[3.306s] -- Using PYTHON_LIBRARIES: /usr/lib/x86_64-linux-gnu/libpython3.10.so
[3.306s] -- Found ament_lint_auto: 0.12.10 (/opt/ros/humble/share/ament_lint_auto/cmake)
[3.306s] -- Added test 'lint_cmake' to check CMake code style
[3.307s] -- Added test 'xmllint' to check XML markup files
[3.307s] -- Configuring done
[3.307s] -- Generating done
[3.307s] -- Build files have been written to: /home/robertog/ros2_ws/build/yolo_msg
[3.307s] [35m[1mConsolidate compiler generated dependencies of target yolo_msg__rosidl_generator_c[0m
[3.307s] [  2%] Built target yolo_msg__cpp
[3.307s] [ 12%] Built target yolo_msg__rosidl_generator_c
[3.307s] [35m[1mConsolidate compiler generated dependencies of target yolo_msg__rosidl_typesupport_introspection_cpp[0m
[3.307s] [35m[1mConsolidate compiler generated dependencies of target yolo_msg__rosidl_typesupport_cpp[0m
[3.307s] [35m[1mConsolidate compiler generated dependencies of target yolo_msg__rosidl_typesupport_fastrtps_cpp[0m
[3.307s] [35m[1mConsolidate compiler generated dependencies of target yolo_msg__rosidl_typesupport_fastrtps_c[0m
[3.307s] [ 12%] Built target ament_cmake_python_copy_yolo_msg
[3.307s] [35m[1mConsolidate compiler generated dependencies of target yolo_msg__rosidl_typesupport_c[0m
[3.307s] [35m[1mConsolidate compiler generated dependencies of target yolo_msg__rosidl_typesupport_introspection_c[0m
[3.308s] [ 25%] Built target yolo_msg__rosidl_typesupport_introspection_c
[3.308s] [ 33%] Built target yolo_msg__rosidl_typesupport_fastrtps_cpp
[3.308s] [ 43%] Built target yolo_msg__rosidl_typesupport_cpp
[3.308s] [ 53%] Built target yolo_msg__rosidl_typesupport_c
[3.308s] [ 64%] Built target yolo_msg__rosidl_typesupport_introspection_cpp
[3.308s] [ 74%] Built target yolo_msg__rosidl_typesupport_fastrtps_c
[3.308s] [ 74%] Built target yolo_msg
[3.308s] [ 76%] Built target yolo_msg__py
[3.308s] [35m[1mConsolidate compiler generated dependencies of target yolo_msg__rosidl_generator_py[0m
[3.308s] [ 84%] Built target yolo_msg__rosidl_generator_py
[3.308s] [35m[1mConsolidate compiler generated dependencies of target yolo_msg__rosidl_typesupport_fastrtps_c__pyext[0m
[3.308s] [35m[1mConsolidate compiler generated dependencies of target yolo_msg__rosidl_typesupport_c__pyext[0m
[3.308s] [35m[1mConsolidate compiler generated dependencies of target yolo_msg__rosidl_typesupport_introspection_c__pyext[0m
[3.308s] [100%] Built target yolo_msg__rosidl_typesupport_introspection_c__pyext
[3.309s] [100%] Built target yolo_msg__rosidl_typesupport_c__pyext
[3.309s] [100%] Built target yolo_msg__rosidl_typesupport_fastrtps_c__pyext
[3.309s] running egg_info
[3.309s] writing yolo_msg.egg-info/PKG-INFO
[3.309s] writing dependency_links to yolo_msg.egg-info/dependency_links.txt
[3.309s] writing top-level names to yolo_msg.egg-info/top_level.txt
[3.309s] reading manifest file 'yolo_msg.egg-info/SOURCES.txt'
[3.309s] writing manifest file 'yolo_msg.egg-info/SOURCES.txt'
[3.309s] [100%] Built target ament_cmake_python_build_yolo_msg_egg
[3.610s] Invoked command in '/home/robertog/ros2_ws/build/yolo_msg' returned '0': CMAKE_PREFIX_PATH=/opt/ros/humble /usr/bin/cmake --build /home/robertog/ros2_ws/build/yolo_msg -- -j12 -l12
[3.810s] Invoking command in '/home/robertog/ros2_ws/build/yolo_msg': CMAKE_PREFIX_PATH=/opt/ros/humble /usr/bin/cmake --install /home/robertog/ros2_ws/build/yolo_msg
[3.829s] -- Install configuration: ""
[3.829s] -- Up-to-date: /home/robertog/ros2_ws/install/yolo_msg/share/ament_index/resource_index/rosidl_interfaces/yolo_msg
[3.830s] -- Up-to-date: /home/robertog/ros2_ws/install/yolo_msg/include/yolo_msg/yolo_msg
[3.830s] -- Up-to-date: /home/robertog/ros2_ws/install/yolo_msg/include/yolo_msg/yolo_msg/msg
[3.830s] -- Up-to-date: /home/robertog/ros2_ws/install/yolo_msg/include/yolo_msg/yolo_msg/msg/detail
[3.830s] -- Up-to-date: /home/robertog/ros2_ws/install/yolo_msg/include/yolo_msg/yolo_msg/msg/detail/yolov8_inference__type_support.h
[3.831s] -- Up-to-date: /home/robertog/ros2_ws/install/yolo_msg/include/yolo_msg/yolo_msg/msg/detail/inference_result__type_support.h
[3.831s] -- Up-to-date: /home/robertog/ros2_ws/install/yolo_msg/include/yolo_msg/yolo_msg/msg/detail/inference_result__functions.c
[3.831s] -- Up-to-date: /home/robertog/ros2_ws/install/yolo_msg/include/yolo_msg/yolo_msg/msg/detail/yolov8_inference__functions.c
[3.831s] -- Up-to-date: /home/robertog/ros2_ws/install/yolo_msg/include/yolo_msg/yolo_msg/msg/detail/inference_result__struct.h
[3.832s] -- Up-to-date: /home/robertog/ros2_ws/install/yolo_msg/include/yolo_msg/yolo_msg/msg/detail/inference_result__functions.h
[3.832s] -- Up-to-date: /home/robertog/ros2_ws/install/yolo_msg/include/yolo_msg/yolo_msg/msg/detail/yolov8_inference__functions.h
[3.832s] -- Up-to-date: /home/robertog/ros2_ws/install/yolo_msg/include/yolo_msg/yolo_msg/msg/detail/yolov8_inference__struct.h
[3.832s] -- Up-to-date: /home/robertog/ros2_ws/install/yolo_msg/include/yolo_msg/yolo_msg/msg/yolov8_inference.h
[3.833s] -- Up-to-date: /home/robertog/ros2_ws/install/yolo_msg/include/yolo_msg/yolo_msg/msg/rosidl_generator_c__visibility_control.h
[3.833s] -- Up-to-date: /home/robertog/ros2_ws/install/yolo_msg/include/yolo_msg/yolo_msg/msg/inference_result.h
[3.833s] -- Up-to-date: /home/robertog/ros2_ws/install/yolo_msg/share/yolo_msg/environment/library_path.sh
[3.833s] -- Installing: /home/robertog/ros2_ws/install/yolo_msg/share/yolo_msg/environment/library_path.dsv
[3.834s] -- Up-to-date: /home/robertog/ros2_ws/install/yolo_msg/lib/libyolo_msg__rosidl_generator_c.so
[3.835s] -- Up-to-date: /home/robertog/ros2_ws/install/yolo_msg/include/yolo_msg/yolo_msg
[3.835s] -- Up-to-date: /home/robertog/ros2_ws/install/yolo_msg/include/yolo_msg/yolo_msg/msg
[3.835s] -- Up-to-date: /home/robertog/ros2_ws/install/yolo_msg/include/yolo_msg/yolo_msg/msg/detail
[3.836s] -- Up-to-date: /home/robertog/ros2_ws/install/yolo_msg/include/yolo_msg/yolo_msg/msg/detail/yolov8_inference__rosidl_typesupport_fastrtps_c.h
[3.836s] -- Up-to-date: /home/robertog/ros2_ws/install/yolo_msg/include/yolo_msg/yolo_msg/msg/detail/inference_result__rosidl_typesupport_fastrtps_c.h
[3.837s] -- Up-to-date: /home/robertog/ros2_ws/install/yolo_msg/include/yolo_msg/yolo_msg/msg/rosidl_typesupport_fastrtps_c__visibility_control.h
[3.838s] -- Up-to-date: /home/robertog/ros2_ws/install/yolo_msg/lib/libyolo_msg__rosidl_typesupport_fastrtps_c.so
[3.838s] -- Up-to-date: /home/robertog/ros2_ws/install/yolo_msg/include/yolo_msg/yolo_msg
[3.839s] -- Up-to-date: /home/robertog/ros2_ws/install/yolo_msg/include/yolo_msg/yolo_msg/msg
[3.839s] -- Up-to-date: /home/robertog/ros2_ws/install/yolo_msg/include/yolo_msg/yolo_msg/msg/detail
[3.840s] -- Up-to-date: /home/robertog/ros2_ws/install/yolo_msg/include/yolo_msg/yolo_msg/msg/detail/inference_result__builder.hpp
[3.840s] -- Up-to-date: /home/robertog/ros2_ws/install/yolo_msg/include/yolo_msg/yolo_msg/msg/detail/inference_result__struct.hpp
[3.840s] -- Up-to-date: /home/robertog/ros2_ws/install/yolo_msg/include/yolo_msg/yolo_msg/msg/detail/yolov8_inference__builder.hpp
[3.841s] -- Up-to-date: /home/robertog/ros2_ws/install/yolo_msg/include/yolo_msg/yolo_msg/msg/detail/inference_result__traits.hpp
[3.841s] -- Up-to-date: /home/robertog/ros2_ws/install/yolo_msg/include/yolo_msg/yolo_msg/msg/detail/yolov8_inference__traits.hpp
[3.841s] -- Up-to-date: /home/robertog/ros2_ws/install/yolo_msg/include/yolo_msg/yolo_msg/msg/detail/yolov8_inference__struct.hpp
[3.842s] -- Up-to-date: /home/robertog/ros2_ws/install/yolo_msg/include/yolo_msg/yolo_msg/msg/yolov8_inference.hpp
[3.842s] -- Up-to-date: /home/robertog/ros2_ws/install/yolo_msg/include/yolo_msg/yolo_msg/msg/inference_result.hpp
[3.842s] -- Up-to-date: /home/robertog/ros2_ws/install/yolo_msg/include/yolo_msg/yolo_msg
[3.843s] -- Up-to-date: /home/robertog/ros2_ws/install/yolo_msg/include/yolo_msg/yolo_msg/msg
[3.843s] -- Up-to-date: /home/robertog/ros2_ws/install/yolo_msg/include/yolo_msg/yolo_msg/msg/detail
[3.844s] -- Up-to-date: /home/robertog/ros2_ws/install/yolo_msg/include/yolo_msg/yolo_msg/msg/detail/dds_fastrtps
[3.844s] -- Up-to-date: /home/robertog/ros2_ws/install/yolo_msg/include/yolo_msg/yolo_msg/msg/detail/inference_result__rosidl_typesupport_fastrtps_cpp.hpp
[3.844s] -- Up-to-date: /home/robertog/ros2_ws/install/yolo_msg/include/yolo_msg/yolo_msg/msg/detail/yolov8_inference__rosidl_typesupport_fastrtps_cpp.hpp
[3.845s] -- Up-to-date: /home/robertog/ros2_ws/install/yolo_msg/include/yolo_msg/yolo_msg/msg/rosidl_typesupport_fastrtps_cpp__visibility_control.h
[3.850s] -- Up-to-date: /home/robertog/ros2_ws/install/yolo_msg/lib/libyolo_msg__rosidl_typesupport_fastrtps_cpp.so
[3.851s] -- Up-to-date: /home/robertog/ros2_ws/install/yolo_msg/include/yolo_msg/yolo_msg
[3.851s] -- Up-to-date: /home/robertog/ros2_ws/install/yolo_msg/include/yolo_msg/yolo_msg/msg
[3.852s] -- Up-to-date: /home/robertog/ros2_ws/install/yolo_msg/include/yolo_msg/yolo_msg/msg/detail
[3.852s] -- Up-to-date: /home/robertog/ros2_ws/install/yolo_msg/include/yolo_msg/yolo_msg/msg/detail/yolov8_inference__rosidl_typesupport_introspection_c.h
[3.852s] -- Up-to-date: /home/robertog/ros2_ws/install/yolo_msg/include/yolo_msg/yolo_msg/msg/detail/inference_result__rosidl_typesupport_introspection_c.h
[3.853s] -- Up-to-date: /home/robertog/ros2_ws/install/yolo_msg/include/yolo_msg/yolo_msg/msg/detail/yolov8_inference__type_support.c
[3.853s] -- Up-to-date: /home/robertog/ros2_ws/install/yolo_msg/include/yolo_msg/yolo_msg/msg/detail/inference_result__type_support.c
[3.853s] -- Up-to-date: /home/robertog/ros2_ws/install/yolo_msg/include/yolo_msg/yolo_msg/msg/rosidl_typesupport_introspection_c__visibility_control.h
[3.854s] -- Up-to-date: /home/robertog/ros2_ws/install/yolo_msg/lib/libyolo_msg__rosidl_typesupport_introspection_c.so
[3.855s] -- Up-to-date: /home/robertog/ros2_ws/install/yolo_msg/lib/libyolo_msg__rosidl_typesupport_c.so
[3.856s] -- Up-to-date: /home/robertog/ros2_ws/install/yolo_msg/include/yolo_msg/yolo_msg
[3.856s] -- Up-to-date: /home/robertog/ros2_ws/install/yolo_msg/include/yolo_msg/yolo_msg/msg
[3.857s] -- Up-to-date: /home/robertog/ros2_ws/install/yolo_msg/include/yolo_msg/yolo_msg/msg/detail
[3.857s] -- Up-to-date: /home/robertog/ros2_ws/install/yolo_msg/include/yolo_msg/yolo_msg/msg/detail/inference_result__type_support.cpp
[3.858s] -- Up-to-date: /home/robertog/ros2_ws/install/yolo_msg/include/yolo_msg/yolo_msg/msg/detail/yolov8_inference__rosidl_typesupport_introspection_cpp.hpp
[3.858s] -- Up-to-date: /home/robertog/ros2_ws/install/yolo_msg/include/yolo_msg/yolo_msg/msg/detail/inference_result__rosidl_typesupport_introspection_cpp.hpp
[3.858s] -- Up-to-date: /home/robertog/ros2_ws/install/yolo_msg/include/yolo_msg/yolo_msg/msg/detail/yolov8_inference__type_support.cpp
[3.859s] -- Up-to-date: /home/robertog/ros2_ws/install/yolo_msg/lib/libyolo_msg__rosidl_typesupport_introspection_cpp.so
[3.860s] -- Up-to-date: /home/robertog/ros2_ws/install/yolo_msg/lib/libyolo_msg__rosidl_typesupport_cpp.so
[3.861s] -- Up-to-date: /home/robertog/ros2_ws/install/yolo_msg/share/yolo_msg/environment/pythonpath.sh
[3.862s] -- Installing: /home/robertog/ros2_ws/install/yolo_msg/share/yolo_msg/environment/pythonpath.dsv
[3.862s] -- Up-to-date: /home/robertog/ros2_ws/install/yolo_msg/local/lib/python3.10/dist-packages/yolo_msg-0.0.0-py3.10.egg-info
[3.863s] -- Installing: /home/robertog/ros2_ws/install/yolo_msg/local/lib/python3.10/dist-packages/yolo_msg-0.0.0-py3.10.egg-info/top_level.txt
[3.863s] -- Installing: /home/robertog/ros2_ws/install/yolo_msg/local/lib/python3.10/dist-packages/yolo_msg-0.0.0-py3.10.egg-info/dependency_links.txt
[3.864s] -- Installing: /home/robertog/ros2_ws/install/yolo_msg/local/lib/python3.10/dist-packages/yolo_msg-0.0.0-py3.10.egg-info/PKG-INFO
[3.865s] -- Installing: /home/robertog/ros2_ws/install/yolo_msg/local/lib/python3.10/dist-packages/yolo_msg-0.0.0-py3.10.egg-info/SOURCES.txt
[3.865s] -- Up-to-date: /home/robertog/ros2_ws/install/yolo_msg/local/lib/python3.10/dist-packages/yolo_msg
[3.866s] -- Installing: /home/robertog/ros2_ws/install/yolo_msg/local/lib/python3.10/dist-packages/yolo_msg/__init__.py
[3.866s] -- Up-to-date: /home/robertog/ros2_ws/install/yolo_msg/local/lib/python3.10/dist-packages/yolo_msg/yolo_msg_s__rosidl_typesupport_c.cpython-310-x86_64-linux-gnu.so
[3.867s] -- Up-to-date: /home/robertog/ros2_ws/install/yolo_msg/local/lib/python3.10/dist-packages/yolo_msg/yolo_msg_s__rosidl_typesupport_introspection_c.cpython-310-x86_64-linux-gnu.so
[3.867s] -- Up-to-date: /home/robertog/ros2_ws/install/yolo_msg/local/lib/python3.10/dist-packages/yolo_msg/_yolo_msg_s.ep.rosidl_typesupport_c.c
[3.867s] -- Up-to-date: /home/robertog/ros2_ws/install/yolo_msg/local/lib/python3.10/dist-packages/yolo_msg/yolo_msg_s__rosidl_typesupport_fastrtps_c.cpython-310-x86_64-linux-gnu.so
[3.868s] -- Up-to-date: /home/robertog/ros2_ws/install/yolo_msg/local/lib/python3.10/dist-packages/yolo_msg/_yolo_msg_s.ep.rosidl_typesupport_fastrtps_c.c
[3.868s] -- Up-to-date: /home/robertog/ros2_ws/install/yolo_msg/local/lib/python3.10/dist-packages/yolo_msg/_yolo_msg_s.ep.rosidl_typesupport_introspection_c.c
[3.868s] -- Up-to-date: /home/robertog/ros2_ws/install/yolo_msg/local/lib/python3.10/dist-packages/yolo_msg/msg
[3.869s] -- Up-to-date: /home/robertog/ros2_ws/install/yolo_msg/local/lib/python3.10/dist-packages/yolo_msg/msg/__init__.py
[3.869s] -- Up-to-date: /home/robertog/ros2_ws/install/yolo_msg/local/lib/python3.10/dist-packages/yolo_msg/msg/_yolov8_inference_s.c
[3.869s] -- Up-to-date: /home/robertog/ros2_ws/install/yolo_msg/local/lib/python3.10/dist-packages/yolo_msg/msg/_inference_result_s.c
[3.870s] -- Up-to-date: /home/robertog/ros2_ws/install/yolo_msg/local/lib/python3.10/dist-packages/yolo_msg/msg/_inference_result.py
[3.870s] -- Up-to-date: /home/robertog/ros2_ws/install/yolo_msg/local/lib/python3.10/dist-packages/yolo_msg/msg/_yolov8_inference.py
[3.870s] -- Up-to-date: /home/robertog/ros2_ws/install/yolo_msg/local/lib/python3.10/dist-packages/yolo_msg/libyolo_msg__rosidl_generator_py.so
[3.934s] Listing '/home/robertog/ros2_ws/install/yolo_msg/local/lib/python3.10/dist-packages/yolo_msg'...
[3.934s] Compiling '/home/robertog/ros2_ws/install/yolo_msg/local/lib/python3.10/dist-packages/yolo_msg/__init__.py'...
[3.934s] Listing '/home/robertog/ros2_ws/install/yolo_msg/local/lib/python3.10/dist-packages/yolo_msg/msg'...
[3.943s] -- Up-to-date: /home/robertog/ros2_ws/install/yolo_msg/local/lib/python3.10/dist-packages/yolo_msg/yolo_msg_s__rosidl_typesupport_fastrtps_c.cpython-310-x86_64-linux-gnu.so
[3.944s] -- Up-to-date: /home/robertog/ros2_ws/install/yolo_msg/local/lib/python3.10/dist-packages/yolo_msg/yolo_msg_s__rosidl_typesupport_introspection_c.cpython-310-x86_64-linux-gnu.so
[3.946s] -- Up-to-date: /home/robertog/ros2_ws/install/yolo_msg/local/lib/python3.10/dist-packages/yolo_msg/yolo_msg_s__rosidl_typesupport_c.cpython-310-x86_64-linux-gnu.so
[3.947s] -- Up-to-date: /home/robertog/ros2_ws/install/yolo_msg/lib/libyolo_msg__rosidl_generator_py.so
[3.948s] -- Up-to-date: /home/robertog/ros2_ws/install/yolo_msg/share/yolo_msg/msg/InferenceResult.idl
[3.948s] -- Up-to-date: /home/robertog/ros2_ws/install/yolo_msg/share/yolo_msg/msg/Yolov8Inference.idl
[3.949s] -- Installing: /home/robertog/ros2_ws/install/yolo_msg/share/yolo_msg/msg/InferenceResult.msg
[3.949s] -- Installing: /home/robertog/ros2_ws/install/yolo_msg/share/yolo_msg/msg/Yolov8Inference.msg
[3.950s] -- Up-to-date: /home/robertog/ros2_ws/install/yolo_msg/share/ament_index/resource_index/package_run_dependencies/yolo_msg
[3.951s] -- Up-to-date: /home/robertog/ros2_ws/install/yolo_msg/share/ament_index/resource_index/parent_prefix_path/yolo_msg
[3.951s] -- Up-to-date: /home/robertog/ros2_ws/install/yolo_msg/share/yolo_msg/environment/ament_prefix_path.sh
[3.952s] -- Installing: /home/robertog/ros2_ws/install/yolo_msg/share/yolo_msg/environment/ament_prefix_path.dsv
[3.952s] -- Up-to-date: /home/robertog/ros2_ws/install/yolo_msg/share/yolo_msg/environment/path.sh
[3.953s] -- Installing: /home/robertog/ros2_ws/install/yolo_msg/share/yolo_msg/environment/path.dsv
[3.953s] -- Up-to-date: /home/robertog/ros2_ws/install/yolo_msg/share/yolo_msg/local_setup.bash
[3.954s] -- Up-to-date: /home/robertog/ros2_ws/install/yolo_msg/share/yolo_msg/local_setup.sh
[3.954s] -- Up-to-date: /home/robertog/ros2_ws/install/yolo_msg/share/yolo_msg/local_setup.zsh
[3.955s] -- Installing: /home/robertog/ros2_ws/install/yolo_msg/share/yolo_msg/local_setup.dsv
[3.955s] -- Installing: /home/robertog/ros2_ws/install/yolo_msg/share/yolo_msg/package.dsv
[3.956s] -- Up-to-date: /home/robertog/ros2_ws/install/yolo_msg/share/ament_index/resource_index/packages/yolo_msg
[3.957s] -- Up-to-date: /home/robertog/ros2_ws/install/yolo_msg/share/yolo_msg/cmake/export_yolo_msg__rosidl_generator_cExport.cmake
[3.957s] -- Up-to-date: /home/robertog/ros2_ws/install/yolo_msg/share/yolo_msg/cmake/export_yolo_msg__rosidl_generator_cExport-noconfig.cmake
[3.958s] -- Up-to-date: /home/robertog/ros2_ws/install/yolo_msg/share/yolo_msg/cmake/export_yolo_msg__rosidl_typesupport_fastrtps_cExport.cmake
[3.959s] -- Up-to-date: /home/robertog/ros2_ws/install/yolo_msg/share/yolo_msg/cmake/export_yolo_msg__rosidl_typesupport_fastrtps_cExport-noconfig.cmake
[3.959s] -- Up-to-date: /home/robertog/ros2_ws/install/yolo_msg/share/yolo_msg/cmake/export_yolo_msg__rosidl_generator_cppExport.cmake
[3.960s] -- Up-to-date: /home/robertog/ros2_ws/install/yolo_msg/share/yolo_msg/cmake/export_yolo_msg__rosidl_typesupport_fastrtps_cppExport.cmake
[3.960s] -- Up-to-date: /home/robertog/ros2_ws/install/yolo_msg/share/yolo_msg/cmake/export_yolo_msg__rosidl_typesupport_fastrtps_cppExport-noconfig.cmake
[3.961s] -- Up-to-date: /home/robertog/ros2_ws/install/yolo_msg/share/yolo_msg/cmake/yolo_msg__rosidl_typesupport_introspection_cExport.cmake
[3.961s] -- Up-to-date: /home/robertog/ros2_ws/install/yolo_msg/share/yolo_msg/cmake/yolo_msg__rosidl_typesupport_introspection_cExport-noconfig.cmake
[3.962s] -- Up-to-date: /home/robertog/ros2_ws/install/yolo_msg/share/yolo_msg/cmake/yolo_msg__rosidl_typesupport_cExport.cmake
[3.962s] -- Up-to-date: /home/robertog/ros2_ws/install/yolo_msg/share/yolo_msg/cmake/yolo_msg__rosidl_typesupport_cExport-noconfig.cmake
[3.963s] -- Up-to-date: /home/robertog/ros2_ws/install/yolo_msg/share/yolo_msg/cmake/yolo_msg__rosidl_typesupport_introspection_cppExport.cmake
[3.963s] -- Up-to-date: /home/robertog/ros2_ws/install/yolo_msg/share/yolo_msg/cmake/yolo_msg__rosidl_typesupport_introspection_cppExport-noconfig.cmake
[3.964s] -- Up-to-date: /home/robertog/ros2_ws/install/yolo_msg/share/yolo_msg/cmake/yolo_msg__rosidl_typesupport_cppExport.cmake
[3.964s] -- Up-to-date: /home/robertog/ros2_ws/install/yolo_msg/share/yolo_msg/cmake/yolo_msg__rosidl_typesupport_cppExport-noconfig.cmake
[3.965s] -- Up-to-date: /home/robertog/ros2_ws/install/yolo_msg/share/yolo_msg/cmake/export_yolo_msg__rosidl_generator_pyExport.cmake
[3.965s] -- Up-to-date: /home/robertog/ros2_ws/install/yolo_msg/share/yolo_msg/cmake/export_yolo_msg__rosidl_generator_pyExport-noconfig.cmake
[3.966s] -- Up-to-date: /home/robertog/ros2_ws/install/yolo_msg/share/yolo_msg/cmake/rosidl_cmake-extras.cmake
[3.966s] -- Up-to-date: /home/robertog/ros2_ws/install/yolo_msg/share/yolo_msg/cmake/ament_cmake_export_dependencies-extras.cmake
[3.966s] -- Up-to-date: /home/robertog/ros2_ws/install/yolo_msg/share/yolo_msg/cmake/ament_cmake_export_include_directories-extras.cmake
[3.967s] -- Up-to-date: /home/robertog/ros2_ws/install/yolo_msg/share/yolo_msg/cmake/ament_cmake_export_libraries-extras.cmake
[3.967s] -- Up-to-date: /home/robertog/ros2_ws/install/yolo_msg/share/yolo_msg/cmake/ament_cmake_export_targets-extras.cmake
[3.968s] -- Up-to-date: /home/robertog/ros2_ws/install/yolo_msg/share/yolo_msg/cmake/rosidl_cmake_export_typesupport_targets-extras.cmake
[3.968s] -- Up-to-date: /home/robertog/ros2_ws/install/yolo_msg/share/yolo_msg/cmake/rosidl_cmake_export_typesupport_libraries-extras.cmake
[3.968s] -- Up-to-date: /home/robertog/ros2_ws/install/yolo_msg/share/yolo_msg/cmake/yolo_msgConfig.cmake
[3.969s] -- Up-to-date: /home/robertog/ros2_ws/install/yolo_msg/share/yolo_msg/cmake/yolo_msgConfig-version.cmake
[3.969s] -- Installing: /home/robertog/ros2_ws/install/yolo_msg/share/yolo_msg/package.xml
[3.976s] Invoked command in '/home/robertog/ros2_ws/build/yolo_msg' returned '0': CMAKE_PREFIX_PATH=/opt/ros/humble /usr/bin/cmake --install /home/robertog/ros2_ws/build/yolo_msg
