[3.748s] Invoking command in '/home/robertog/ros2_ws/src/minichallenge4': PYTHONPATH=/home/robertog/ros2_ws/build/minichallenge4/prefix_override:/home/robertog/ros2_ws/install/minichallenge4/lib/python3.10/site-packages:${PYTHONPATH} /usr/bin/python3 -W ignore:setup.py install is deprecated setup.py egg_info --egg-base ../../build/minichallenge4 build --build-base /home/robertog/ros2_ws/build/minichallenge4/build install --record /home/robertog/ros2_ws/build/minichallenge4/install.log --single-version-externally-managed install_data
[4.218s] running egg_info
[4.219s] writing ../../build/minichallenge4/minichallenge4.egg-info/PKG-INFO
[4.219s] writing dependency_links to ../../build/minichallenge4/minichallenge4.egg-info/dependency_links.txt
[4.219s] writing entry points to ../../build/minichallenge4/minichallenge4.egg-info/entry_points.txt
[4.220s] writing requirements to ../../build/minichallenge4/minichallenge4.egg-info/requires.txt
[4.220s] writing top-level names to ../../build/minichallenge4/minichallenge4.egg-info/top_level.txt
[4.222s] reading manifest file '../../build/minichallenge4/minichallenge4.egg-info/SOURCES.txt'
[4.222s] adding license file 'LICENSE'
[4.223s] writing manifest file '../../build/minichallenge4/minichallenge4.egg-info/SOURCES.txt'
[4.223s] running build
[4.224s] running build_py
[4.224s] running install
[4.225s] running install_lib
[4.228s] running install_data
[4.228s] running install_egg_info
[4.229s] removing '/home/robertog/ros2_ws/install/minichallenge4/lib/python3.10/site-packages/minichallenge4-0.0.0-py3.10.egg-info' (and everything under it)
[4.235s] Copying ../../build/minichallenge4/minichallenge4.egg-info to /home/robertog/ros2_ws/install/minichallenge4/lib/python3.10/site-packages/minichallenge4-0.0.0-py3.10.egg-info
[4.235s] running install_scripts
[4.270s] Installing controller script to /home/robertog/ros2_ws/install/minichallenge4/lib/minichallenge4
[4.271s] Installing traffic_lights script to /home/robertog/ros2_ws/install/minichallenge4/lib/minichallenge4
[4.273s] writing list of installed files to '/home/robertog/ros2_ws/build/minichallenge4/install.log'
[4.396s] Invoked command in '/home/robertog/ros2_ws/src/minichallenge4' returned '0': PYTHONPATH=/home/robertog/ros2_ws/build/minichallenge4/prefix_override:/home/robertog/ros2_ws/install/minichallenge4/lib/python3.10/site-packages:${PYTHONPATH} /usr/bin/python3 -W ignore:setup.py install is deprecated setup.py egg_info --egg-base ../../build/minichallenge4 build --build-base /home/robertog/ros2_ws/build/minichallenge4/build install --record /home/robertog/ros2_ws/build/minichallenge4/install.log --single-version-externally-managed install_data
