[3.172s] Invoking command in '/home/robertog/ros2_ws/src/learning_tf2': PYTHONPATH=/home/robertog/ros2_ws/build/learning_tf2/prefix_override:/home/robertog/ros2_ws/install/learning_tf2/lib/python3.10/site-packages:${PYTHONPATH} /usr/bin/python3 -W ignore:setup.py install is deprecated setup.py egg_info --egg-base ../../build/learning_tf2 build --build-base /home/robertog/ros2_ws/build/learning_tf2/build install --record /home/robertog/ros2_ws/build/learning_tf2/install.log --single-version-externally-managed install_data
[3.516s] running egg_info
[3.517s] writing ../../build/learning_tf2/learning_tf2.egg-info/PKG-INFO
[3.518s] writing dependency_links to ../../build/learning_tf2/learning_tf2.egg-info/dependency_links.txt
[3.518s] writing entry points to ../../build/learning_tf2/learning_tf2.egg-info/entry_points.txt
[3.519s] writing requirements to ../../build/learning_tf2/learning_tf2.egg-info/requires.txt
[3.519s] writing top-level names to ../../build/learning_tf2/learning_tf2.egg-info/top_level.txt
[3.522s] reading manifest file '../../build/learning_tf2/learning_tf2.egg-info/SOURCES.txt'
[3.523s] writing manifest file '../../build/learning_tf2/learning_tf2.egg-info/SOURCES.txt'
[3.523s] running build
[3.524s] running build_py
[3.524s] running install
[3.525s] running install_lib
[3.530s] running install_data
[3.531s] running install_egg_info
[3.533s] removing '/home/robertog/ros2_ws/install/learning_tf2/lib/python3.10/site-packages/learning_tf2-0.0.0-py3.10.egg-info' (and everything under it)
[3.534s] Copying ../../build/learning_tf2/learning_tf2.egg-info to /home/robertog/ros2_ws/install/learning_tf2/lib/python3.10/site-packages/learning_tf2-0.0.0-py3.10.egg-info
[3.535s] running install_scripts
[3.568s] Installing test_node script to /home/robertog/ros2_ws/install/learning_tf2/lib/learning_tf2
[3.569s] writing list of installed files to '/home/robertog/ros2_ws/build/learning_tf2/install.log'
[3.737s] Invoked command in '/home/robertog/ros2_ws/src/learning_tf2' returned '0': PYTHONPATH=/home/robertog/ros2_ws/build/learning_tf2/prefix_override:/home/robertog/ros2_ws/install/learning_tf2/lib/python3.10/site-packages:${PYTHONPATH} /usr/bin/python3 -W ignore:setup.py install is deprecated setup.py egg_info --egg-base ../../build/learning_tf2 build --build-base /home/robertog/ros2_ws/build/learning_tf2/build install --record /home/robertog/ros2_ws/build/learning_tf2/install.log --single-version-externally-managed install_data
