[0.055s] Invoking command in '/home/robertog/ros2_ws/build/yolo_msg': CMAKE_PREFIX_PATH=/opt/ros/humble /usr/bin/cmake --build /home/robertog/ros2_ws/build/yolo_msg -- -j12 -l12
[2.178s] [  2%] Built target yolo_msg__cpp
[2.178s] [ 12%] Built target yolo_msg__rosidl_generator_c
[2.179s] [ 12%] Built target ament_cmake_python_copy_yolo_msg
[2.179s] [ 23%] Built target yolo_msg__rosidl_typesupport_cpp
[2.179s] [ 38%] Built target yolo_msg__rosidl_typesupport_introspection_cpp
[2.179s] [ 43%] Built target yolo_msg__rosidl_typesupport_fastrtps_cpp
[2.179s] [ 53%] Built target yolo_msg__rosidl_typesupport_fastrtps_c
[2.179s] [ 66%] Built target yolo_msg__rosidl_typesupport_introspection_c
[2.179s] [ 74%] Built target yolo_msg__rosidl_typesupport_c
[2.179s] [ 74%] Built target yolo_msg
[2.179s] [ 76%] Built target yolo_msg__py
[2.179s] [ 84%] Built target yolo_msg__rosidl_generator_py
[2.179s] [100%] Built target yolo_msg__rosidl_typesupport_introspection_c__pyext
[2.179s] [100%] Built target yolo_msg__rosidl_typesupport_c__pyext
[2.179s] [100%] Built target yolo_msg__rosidl_typesupport_fastrtps_c__pyext
[2.179s] running egg_info
[2.179s] writing yolo_msg.egg-info/PKG-INFO
[2.179s] writing dependency_links to yolo_msg.egg-info/dependency_links.txt
[2.179s] writing top-level names to yolo_msg.egg-info/top_level.txt
[2.179s] reading manifest file 'yolo_msg.egg-info/SOURCES.txt'
[2.180s] writing manifest file 'yolo_msg.egg-info/SOURCES.txt'
[2.180s] [100%] Built target ament_cmake_python_build_yolo_msg_egg
[2.393s] Invoked command in '/home/robertog/ros2_ws/build/yolo_msg' returned '0': CMAKE_PREFIX_PATH=/opt/ros/humble /usr/bin/cmake --build /home/robertog/ros2_ws/build/yolo_msg -- -j12 -l12
[2.533s] Invoking command in '/home/robertog/ros2_ws/build/yolo_msg': CMAKE_PREFIX_PATH=/opt/ros/humble /usr/bin/cmake --install /home/robertog/ros2_ws/build/yolo_msg
[2.546s] -- Install configuration: ""
[2.547s] -- Up-to-date: /home/robertog/ros2_ws/install/yolo_msg/share/ament_index/resource_index/rosidl_interfaces/yolo_msg
[2.547s] -- Up-to-date: /home/robertog/ros2_ws/install/yolo_msg/include/yolo_msg/yolo_msg
[2.547s] -- Up-to-date: /home/robertog/ros2_ws/install/yolo_msg/include/yolo_msg/yolo_msg/msg
[2.547s] -- Up-to-date: /home/robertog/ros2_ws/install/yolo_msg/include/yolo_msg/yolo_msg/msg/detail
[2.547s] -- Up-to-date: /home/robertog/ros2_ws/install/yolo_msg/include/yolo_msg/yolo_msg/msg/detail/yolov8_inference__type_support.h
[2.548s] -- Up-to-date: /home/robertog/ros2_ws/install/yolo_msg/include/yolo_msg/yolo_msg/msg/detail/inference_result__type_support.h
[2.548s] -- Up-to-date: /home/robertog/ros2_ws/install/yolo_msg/include/yolo_msg/yolo_msg/msg/detail/inference_result__functions.c
[2.548s] -- Up-to-date: /home/robertog/ros2_ws/install/yolo_msg/include/yolo_msg/yolo_msg/msg/detail/yolov8_inference__functions.c
[2.548s] -- Up-to-date: /home/robertog/ros2_ws/install/yolo_msg/include/yolo_msg/yolo_msg/msg/detail/inference_result__struct.h
[2.548s] -- Up-to-date: /home/robertog/ros2_ws/install/yolo_msg/include/yolo_msg/yolo_msg/msg/detail/inference_result__functions.h
[2.549s] -- Up-to-date: /home/robertog/ros2_ws/install/yolo_msg/include/yolo_msg/yolo_msg/msg/detail/yolov8_inference__functions.h
[2.549s] -- Up-to-date: /home/robertog/ros2_ws/install/yolo_msg/include/yolo_msg/yolo_msg/msg/detail/yolov8_inference__struct.h
[2.549s] -- Up-to-date: /home/robertog/ros2_ws/install/yolo_msg/include/yolo_msg/yolo_msg/msg/yolov8_inference.h
[2.549s] -- Up-to-date: /home/robertog/ros2_ws/install/yolo_msg/include/yolo_msg/yolo_msg/msg/rosidl_generator_c__visibility_control.h
[2.549s] -- Up-to-date: /home/robertog/ros2_ws/install/yolo_msg/include/yolo_msg/yolo_msg/msg/inference_result.h
[2.549s] -- Up-to-date: /home/robertog/ros2_ws/install/yolo_msg/share/yolo_msg/environment/library_path.sh
[2.549s] -- Up-to-date: /home/robertog/ros2_ws/install/yolo_msg/share/yolo_msg/environment/library_path.dsv
[2.549s] -- Up-to-date: /home/robertog/ros2_ws/install/yolo_msg/lib/libyolo_msg__rosidl_generator_c.so
[2.550s] -- Up-to-date: /home/robertog/ros2_ws/install/yolo_msg/include/yolo_msg/yolo_msg
[2.550s] -- Up-to-date: /home/robertog/ros2_ws/install/yolo_msg/include/yolo_msg/yolo_msg/msg
[2.550s] -- Up-to-date: /home/robertog/ros2_ws/install/yolo_msg/include/yolo_msg/yolo_msg/msg/detail
[2.550s] -- Up-to-date: /home/robertog/ros2_ws/install/yolo_msg/include/yolo_msg/yolo_msg/msg/detail/yolov8_inference__rosidl_typesupport_fastrtps_c.h
[2.550s] -- Up-to-date: /home/robertog/ros2_ws/install/yolo_msg/include/yolo_msg/yolo_msg/msg/detail/inference_result__rosidl_typesupport_fastrtps_c.h
[2.550s] -- Up-to-date: /home/robertog/ros2_ws/install/yolo_msg/include/yolo_msg/yolo_msg/msg/rosidl_typesupport_fastrtps_c__visibility_control.h
[2.551s] -- Up-to-date: /home/robertog/ros2_ws/install/yolo_msg/lib/libyolo_msg__rosidl_typesupport_fastrtps_c.so
[2.551s] -- Up-to-date: /home/robertog/ros2_ws/install/yolo_msg/include/yolo_msg/yolo_msg
[2.551s] -- Up-to-date: /home/robertog/ros2_ws/install/yolo_msg/include/yolo_msg/yolo_msg/msg
[2.552s] -- Up-to-date: /home/robertog/ros2_ws/install/yolo_msg/include/yolo_msg/yolo_msg/msg/detail
[2.552s] -- Up-to-date: /home/robertog/ros2_ws/install/yolo_msg/include/yolo_msg/yolo_msg/msg/detail/inference_result__builder.hpp
[2.552s] -- Up-to-date: /home/robertog/ros2_ws/install/yolo_msg/include/yolo_msg/yolo_msg/msg/detail/inference_result__struct.hpp
[2.552s] -- Up-to-date: /home/robertog/ros2_ws/install/yolo_msg/include/yolo_msg/yolo_msg/msg/detail/yolov8_inference__builder.hpp
[2.552s] -- Up-to-date: /home/robertog/ros2_ws/install/yolo_msg/include/yolo_msg/yolo_msg/msg/detail/inference_result__traits.hpp
[2.552s] -- Up-to-date: /home/robertog/ros2_ws/install/yolo_msg/include/yolo_msg/yolo_msg/msg/detail/yolov8_inference__traits.hpp
[2.553s] -- Up-to-date: /home/robertog/ros2_ws/install/yolo_msg/include/yolo_msg/yolo_msg/msg/detail/yolov8_inference__struct.hpp
[2.553s] -- Up-to-date: /home/robertog/ros2_ws/install/yolo_msg/include/yolo_msg/yolo_msg/msg/yolov8_inference.hpp
[2.553s] -- Up-to-date: /home/robertog/ros2_ws/install/yolo_msg/include/yolo_msg/yolo_msg/msg/inference_result.hpp
[2.553s] -- Up-to-date: /home/robertog/ros2_ws/install/yolo_msg/include/yolo_msg/yolo_msg
[2.553s] -- Up-to-date: /home/robertog/ros2_ws/install/yolo_msg/include/yolo_msg/yolo_msg/msg
[2.553s] -- Up-to-date: /home/robertog/ros2_ws/install/yolo_msg/include/yolo_msg/yolo_msg/msg/detail
[2.554s] -- Up-to-date: /home/robertog/ros2_ws/install/yolo_msg/include/yolo_msg/yolo_msg/msg/detail/dds_fastrtps
[2.554s] -- Up-to-date: /home/robertog/ros2_ws/install/yolo_msg/include/yolo_msg/yolo_msg/msg/detail/inference_result__rosidl_typesupport_fastrtps_cpp.hpp
[2.554s] -- Up-to-date: /home/robertog/ros2_ws/install/yolo_msg/include/yolo_msg/yolo_msg/msg/detail/yolov8_inference__rosidl_typesupport_fastrtps_cpp.hpp
[2.554s] -- Up-to-date: /home/robertog/ros2_ws/install/yolo_msg/include/yolo_msg/yolo_msg/msg/rosidl_typesupport_fastrtps_cpp__visibility_control.h
[2.555s] -- Up-to-date: /home/robertog/ros2_ws/install/yolo_msg/lib/libyolo_msg__rosidl_typesupport_fastrtps_cpp.so
[2.555s] -- Up-to-date: /home/robertog/ros2_ws/install/yolo_msg/include/yolo_msg/yolo_msg
[2.556s] -- Up-to-date: /home/robertog/ros2_ws/install/yolo_msg/include/yolo_msg/yolo_msg/msg
[2.556s] -- Up-to-date: /home/robertog/ros2_ws/install/yolo_msg/include/yolo_msg/yolo_msg/msg/detail
[2.556s] -- Up-to-date: /home/robertog/ros2_ws/install/yolo_msg/include/yolo_msg/yolo_msg/msg/detail/yolov8_inference__rosidl_typesupport_introspection_c.h
[2.556s] -- Up-to-date: /home/robertog/ros2_ws/install/yolo_msg/include/yolo_msg/yolo_msg/msg/detail/inference_result__rosidl_typesupport_introspection_c.h
[2.556s] -- Up-to-date: /home/robertog/ros2_ws/install/yolo_msg/include/yolo_msg/yolo_msg/msg/detail/yolov8_inference__type_support.c
[2.556s] -- Up-to-date: /home/robertog/ros2_ws/install/yolo_msg/include/yolo_msg/yolo_msg/msg/detail/inference_result__type_support.c
[2.556s] -- Up-to-date: /home/robertog/ros2_ws/install/yolo_msg/include/yolo_msg/yolo_msg/msg/rosidl_typesupport_introspection_c__visibility_control.h
[2.557s] -- Up-to-date: /home/robertog/ros2_ws/install/yolo_msg/lib/libyolo_msg__rosidl_typesupport_introspection_c.so
[2.557s] -- Up-to-date: /home/robertog/ros2_ws/install/yolo_msg/lib/libyolo_msg__rosidl_typesupport_c.so
[2.557s] -- Up-to-date: /home/robertog/ros2_ws/install/yolo_msg/include/yolo_msg/yolo_msg
[2.558s] -- Up-to-date: /home/robertog/ros2_ws/install/yolo_msg/include/yolo_msg/yolo_msg/msg
[2.558s] -- Up-to-date: /home/robertog/ros2_ws/install/yolo_msg/include/yolo_msg/yolo_msg/msg/detail
[2.558s] -- Up-to-date: /home/robertog/ros2_ws/install/yolo_msg/include/yolo_msg/yolo_msg/msg/detail/inference_result__type_support.cpp
[2.558s] -- Up-to-date: /home/robertog/ros2_ws/install/yolo_msg/include/yolo_msg/yolo_msg/msg/detail/yolov8_inference__rosidl_typesupport_introspection_cpp.hpp
[2.558s] -- Up-to-date: /home/robertog/ros2_ws/install/yolo_msg/include/yolo_msg/yolo_msg/msg/detail/inference_result__rosidl_typesupport_introspection_cpp.hpp
[2.558s] -- Up-to-date: /home/robertog/ros2_ws/install/yolo_msg/include/yolo_msg/yolo_msg/msg/detail/yolov8_inference__type_support.cpp
[2.562s] -- Up-to-date: /home/robertog/ros2_ws/install/yolo_msg/lib/libyolo_msg__rosidl_typesupport_introspection_cpp.so
[2.563s] -- Up-to-date: /home/robertog/ros2_ws/install/yolo_msg/lib/libyolo_msg__rosidl_typesupport_cpp.so
[2.563s] -- Up-to-date: /home/robertog/ros2_ws/install/yolo_msg/share/yolo_msg/environment/pythonpath.sh
[2.563s] -- Up-to-date: /home/robertog/ros2_ws/install/yolo_msg/share/yolo_msg/environment/pythonpath.dsv
[2.563s] -- Up-to-date: /home/robertog/ros2_ws/install/yolo_msg/local/lib/python3.10/dist-packages/yolo_msg-0.0.0-py3.10.egg-info
[2.563s] -- Installing: /home/robertog/ros2_ws/install/yolo_msg/local/lib/python3.10/dist-packages/yolo_msg-0.0.0-py3.10.egg-info/top_level.txt
[2.564s] -- Installing: /home/robertog/ros2_ws/install/yolo_msg/local/lib/python3.10/dist-packages/yolo_msg-0.0.0-py3.10.egg-info/dependency_links.txt
[2.564s] -- Installing: /home/robertog/ros2_ws/install/yolo_msg/local/lib/python3.10/dist-packages/yolo_msg-0.0.0-py3.10.egg-info/PKG-INFO
[2.565s] -- Installing: /home/robertog/ros2_ws/install/yolo_msg/local/lib/python3.10/dist-packages/yolo_msg-0.0.0-py3.10.egg-info/SOURCES.txt
[2.565s] -- Up-to-date: /home/robertog/ros2_ws/install/yolo_msg/local/lib/python3.10/dist-packages/yolo_msg
[2.565s] -- Up-to-date: /home/robertog/ros2_ws/install/yolo_msg/local/lib/python3.10/dist-packages/yolo_msg/__init__.py
[2.566s] -- Up-to-date: /home/robertog/ros2_ws/install/yolo_msg/local/lib/python3.10/dist-packages/yolo_msg/yolo_msg_s__rosidl_typesupport_c.cpython-310-x86_64-linux-gnu.so
[2.566s] -- Up-to-date: /home/robertog/ros2_ws/install/yolo_msg/local/lib/python3.10/dist-packages/yolo_msg/yolo_msg_s__rosidl_typesupport_introspection_c.cpython-310-x86_64-linux-gnu.so
[2.566s] -- Up-to-date: /home/robertog/ros2_ws/install/yolo_msg/local/lib/python3.10/dist-packages/yolo_msg/_yolo_msg_s.ep.rosidl_typesupport_c.c
[2.566s] -- Up-to-date: /home/robertog/ros2_ws/install/yolo_msg/local/lib/python3.10/dist-packages/yolo_msg/yolo_msg_s__rosidl_typesupport_fastrtps_c.cpython-310-x86_64-linux-gnu.so
[2.567s] -- Up-to-date: /home/robertog/ros2_ws/install/yolo_msg/local/lib/python3.10/dist-packages/yolo_msg/_yolo_msg_s.ep.rosidl_typesupport_fastrtps_c.c
[2.567s] -- Up-to-date: /home/robertog/ros2_ws/install/yolo_msg/local/lib/python3.10/dist-packages/yolo_msg/_yolo_msg_s.ep.rosidl_typesupport_introspection_c.c
[2.567s] -- Up-to-date: /home/robertog/ros2_ws/install/yolo_msg/local/lib/python3.10/dist-packages/yolo_msg/msg
[2.567s] -- Up-to-date: /home/robertog/ros2_ws/install/yolo_msg/local/lib/python3.10/dist-packages/yolo_msg/msg/__init__.py
[2.568s] -- Up-to-date: /home/robertog/ros2_ws/install/yolo_msg/local/lib/python3.10/dist-packages/yolo_msg/msg/_yolov8_inference_s.c
[2.568s] -- Up-to-date: /home/robertog/ros2_ws/install/yolo_msg/local/lib/python3.10/dist-packages/yolo_msg/msg/_inference_result_s.c
[2.568s] -- Up-to-date: /home/robertog/ros2_ws/install/yolo_msg/local/lib/python3.10/dist-packages/yolo_msg/msg/_inference_result.py
[2.568s] -- Up-to-date: /home/robertog/ros2_ws/install/yolo_msg/local/lib/python3.10/dist-packages/yolo_msg/msg/_yolov8_inference.py
[2.568s] -- Up-to-date: /home/robertog/ros2_ws/install/yolo_msg/local/lib/python3.10/dist-packages/yolo_msg/libyolo_msg__rosidl_generator_py.so
[2.610s] Listing '/home/robertog/ros2_ws/install/yolo_msg/local/lib/python3.10/dist-packages/yolo_msg'...
[2.610s] Listing '/home/robertog/ros2_ws/install/yolo_msg/local/lib/python3.10/dist-packages/yolo_msg/msg'...
[2.617s] -- Up-to-date: /home/robertog/ros2_ws/install/yolo_msg/local/lib/python3.10/dist-packages/yolo_msg/yolo_msg_s__rosidl_typesupport_fastrtps_c.cpython-310-x86_64-linux-gnu.so
[2.617s] -- Up-to-date: /home/robertog/ros2_ws/install/yolo_msg/local/lib/python3.10/dist-packages/yolo_msg/yolo_msg_s__rosidl_typesupport_introspection_c.cpython-310-x86_64-linux-gnu.so
[2.618s] -- Up-to-date: /home/robertog/ros2_ws/install/yolo_msg/local/lib/python3.10/dist-packages/yolo_msg/yolo_msg_s__rosidl_typesupport_c.cpython-310-x86_64-linux-gnu.so
[2.619s] -- Up-to-date: /home/robertog/ros2_ws/install/yolo_msg/lib/libyolo_msg__rosidl_generator_py.so
[2.619s] -- Up-to-date: /home/robertog/ros2_ws/install/yolo_msg/share/yolo_msg/msg/InferenceResult.idl
[2.620s] -- Up-to-date: /home/robertog/ros2_ws/install/yolo_msg/share/yolo_msg/msg/Yolov8Inference.idl
[2.620s] -- Up-to-date: /home/robertog/ros2_ws/install/yolo_msg/share/yolo_msg/msg/InferenceResult.msg
[2.620s] -- Up-to-date: /home/robertog/ros2_ws/install/yolo_msg/share/yolo_msg/msg/Yolov8Inference.msg
[2.621s] -- Up-to-date: /home/robertog/ros2_ws/install/yolo_msg/share/ament_index/resource_index/package_run_dependencies/yolo_msg
[2.621s] -- Up-to-date: /home/robertog/ros2_ws/install/yolo_msg/share/ament_index/resource_index/parent_prefix_path/yolo_msg
[2.621s] -- Up-to-date: /home/robertog/ros2_ws/install/yolo_msg/share/yolo_msg/environment/ament_prefix_path.sh
[2.622s] -- Up-to-date: /home/robertog/ros2_ws/install/yolo_msg/share/yolo_msg/environment/ament_prefix_path.dsv
[2.622s] -- Up-to-date: /home/robertog/ros2_ws/install/yolo_msg/share/yolo_msg/environment/path.sh
[2.622s] -- Up-to-date: /home/robertog/ros2_ws/install/yolo_msg/share/yolo_msg/environment/path.dsv
[2.622s] -- Up-to-date: /home/robertog/ros2_ws/install/yolo_msg/share/yolo_msg/local_setup.bash
[2.623s] -- Up-to-date: /home/robertog/ros2_ws/install/yolo_msg/share/yolo_msg/local_setup.sh
[2.623s] -- Up-to-date: /home/robertog/ros2_ws/install/yolo_msg/share/yolo_msg/local_setup.zsh
[2.623s] -- Up-to-date: /home/robertog/ros2_ws/install/yolo_msg/share/yolo_msg/local_setup.dsv
[2.623s] -- Installing: /home/robertog/ros2_ws/install/yolo_msg/share/yolo_msg/package.dsv
[2.624s] -- Up-to-date: /home/robertog/ros2_ws/install/yolo_msg/share/ament_index/resource_index/packages/yolo_msg
[2.625s] -- Up-to-date: /home/robertog/ros2_ws/install/yolo_msg/share/yolo_msg/cmake/export_yolo_msg__rosidl_generator_cExport.cmake
[2.625s] -- Up-to-date: /home/robertog/ros2_ws/install/yolo_msg/share/yolo_msg/cmake/export_yolo_msg__rosidl_generator_cExport-noconfig.cmake
[2.626s] -- Up-to-date: /home/robertog/ros2_ws/install/yolo_msg/share/yolo_msg/cmake/export_yolo_msg__rosidl_typesupport_fastrtps_cExport.cmake
[2.626s] -- Up-to-date: /home/robertog/ros2_ws/install/yolo_msg/share/yolo_msg/cmake/export_yolo_msg__rosidl_typesupport_fastrtps_cExport-noconfig.cmake
[2.627s] -- Up-to-date: /home/robertog/ros2_ws/install/yolo_msg/share/yolo_msg/cmake/export_yolo_msg__rosidl_generator_cppExport.cmake
[2.627s] -- Up-to-date: /home/robertog/ros2_ws/install/yolo_msg/share/yolo_msg/cmake/export_yolo_msg__rosidl_typesupport_fastrtps_cppExport.cmake
[2.628s] -- Up-to-date: /home/robertog/ros2_ws/install/yolo_msg/share/yolo_msg/cmake/export_yolo_msg__rosidl_typesupport_fastrtps_cppExport-noconfig.cmake
[2.628s] -- Up-to-date: /home/robertog/ros2_ws/install/yolo_msg/share/yolo_msg/cmake/yolo_msg__rosidl_typesupport_introspection_cExport.cmake
[2.628s] -- Up-to-date: /home/robertog/ros2_ws/install/yolo_msg/share/yolo_msg/cmake/yolo_msg__rosidl_typesupport_introspection_cExport-noconfig.cmake
[2.629s] -- Up-to-date: /home/robertog/ros2_ws/install/yolo_msg/share/yolo_msg/cmake/yolo_msg__rosidl_typesupport_cExport.cmake
[2.629s] -- Up-to-date: /home/robertog/ros2_ws/install/yolo_msg/share/yolo_msg/cmake/yolo_msg__rosidl_typesupport_cExport-noconfig.cmake
[2.630s] -- Up-to-date: /home/robertog/ros2_ws/install/yolo_msg/share/yolo_msg/cmake/yolo_msg__rosidl_typesupport_introspection_cppExport.cmake
[2.630s] -- Up-to-date: /home/robertog/ros2_ws/install/yolo_msg/share/yolo_msg/cmake/yolo_msg__rosidl_typesupport_introspection_cppExport-noconfig.cmake
[2.631s] -- Up-to-date: /home/robertog/ros2_ws/install/yolo_msg/share/yolo_msg/cmake/yolo_msg__rosidl_typesupport_cppExport.cmake
[2.631s] -- Up-to-date: /home/robertog/ros2_ws/install/yolo_msg/share/yolo_msg/cmake/yolo_msg__rosidl_typesupport_cppExport-noconfig.cmake
[2.631s] -- Up-to-date: /home/robertog/ros2_ws/install/yolo_msg/share/yolo_msg/cmake/export_yolo_msg__rosidl_generator_pyExport.cmake
[2.632s] -- Up-to-date: /home/robertog/ros2_ws/install/yolo_msg/share/yolo_msg/cmake/export_yolo_msg__rosidl_generator_pyExport-noconfig.cmake
[2.632s] -- Up-to-date: /home/robertog/ros2_ws/install/yolo_msg/share/yolo_msg/cmake/rosidl_cmake-extras.cmake
[2.632s] -- Up-to-date: /home/robertog/ros2_ws/install/yolo_msg/share/yolo_msg/cmake/ament_cmake_export_dependencies-extras.cmake
[2.633s] -- Up-to-date: /home/robertog/ros2_ws/install/yolo_msg/share/yolo_msg/cmake/ament_cmake_export_include_directories-extras.cmake
[2.633s] -- Up-to-date: /home/robertog/ros2_ws/install/yolo_msg/share/yolo_msg/cmake/ament_cmake_export_libraries-extras.cmake
[2.633s] -- Up-to-date: /home/robertog/ros2_ws/install/yolo_msg/share/yolo_msg/cmake/ament_cmake_export_targets-extras.cmake
[2.633s] -- Up-to-date: /home/robertog/ros2_ws/install/yolo_msg/share/yolo_msg/cmake/rosidl_cmake_export_typesupport_targets-extras.cmake
[2.634s] -- Up-to-date: /home/robertog/ros2_ws/install/yolo_msg/share/yolo_msg/cmake/rosidl_cmake_export_typesupport_libraries-extras.cmake
[2.634s] -- Up-to-date: /home/robertog/ros2_ws/install/yolo_msg/share/yolo_msg/cmake/yolo_msgConfig.cmake
[2.634s] -- Up-to-date: /home/robertog/ros2_ws/install/yolo_msg/share/yolo_msg/cmake/yolo_msgConfig-version.cmake
[2.635s] -- Up-to-date: /home/robertog/ros2_ws/install/yolo_msg/share/yolo_msg/package.xml
[2.639s] Invoked command in '/home/robertog/ros2_ws/build/yolo_msg' returned '0': CMAKE_PREFIX_PATH=/opt/ros/humble /usr/bin/cmake --install /home/robertog/ros2_ws/build/yolo_msg
