[0.879s] Invoking command in '/home/robertog/ros2_ws/src/gtg_ao': PYTHONPATH=/home/robertog/ros2_ws/build/gtg_ao/prefix_override:/home/robertog/ros2_ws/install/gtg_ao/lib/python3.10/site-packages:${PYTHONPATH} /usr/bin/python3 -W ignore:setup.py install is deprecated setup.py egg_info --egg-base ../../build/gtg_ao build --build-base /home/robertog/ros2_ws/build/gtg_ao/build install --record /home/robertog/ros2_ws/build/gtg_ao/install.log --single-version-externally-managed install_data
[1.223s] running egg_info
[1.223s] writing ../../build/gtg_ao/gtg_ao.egg-info/PKG-INFO
[1.224s] writing dependency_links to ../../build/gtg_ao/gtg_ao.egg-info/dependency_links.txt
[1.224s] writing entry points to ../../build/gtg_ao/gtg_ao.egg-info/entry_points.txt
[1.224s] writing requirements to ../../build/gtg_ao/gtg_ao.egg-info/requires.txt
[1.224s] writing top-level names to ../../build/gtg_ao/gtg_ao.egg-info/top_level.txt
[1.226s] reading manifest file '../../build/gtg_ao/gtg_ao.egg-info/SOURCES.txt'
[1.228s] writing manifest file '../../build/gtg_ao/gtg_ao.egg-info/SOURCES.txt'
[1.228s] running build
[1.228s] running build_py
[1.228s] running install
[1.229s] running install_lib
[1.231s] running install_data
[1.231s] copying config/params.yaml -> /home/robertog/ros2_ws/install/gtg_ao/share/gtg_ao/config
[1.231s] running install_egg_info
[1.233s] removing '/home/robertog/ros2_ws/install/gtg_ao/lib/python3.10/site-packages/gtg_ao-0.0.0-py3.10.egg-info' (and everything under it)
[1.234s] Copying ../../build/gtg_ao/gtg_ao.egg-info to /home/robertog/ros2_ws/install/gtg_ao/lib/python3.10/site-packages/gtg_ao-0.0.0-py3.10.egg-info
[1.236s] running install_scripts
[1.263s] Installing avoid_obstacles script to /home/robertog/ros2_ws/install/gtg_ao/lib/gtg_ao
[1.263s] Installing go_to_goal script to /home/robertog/ros2_ws/install/gtg_ao/lib/gtg_ao
[1.264s] writing list of installed files to '/home/robertog/ros2_ws/build/gtg_ao/install.log'
[1.302s] Invoked command in '/home/robertog/ros2_ws/src/gtg_ao' returned '0': PYTHONPATH=/home/robertog/ros2_ws/build/gtg_ao/prefix_override:/home/robertog/ros2_ws/install/gtg_ao/lib/python3.10/site-packages:${PYTHONPATH} /usr/bin/python3 -W ignore:setup.py install is deprecated setup.py egg_info --egg-base ../../build/gtg_ao build --build-base /home/robertog/ros2_ws/build/gtg_ao/build install --record /home/robertog/ros2_ws/build/gtg_ao/install.log --single-version-externally-managed install_data
