[2.860s] Invoking command in '/home/robertog/ros2_ws/src/mobile_robotics': PYTHONPATH=/home/robertog/ros2_ws/build/mobile_robotics/prefix_override:/home/robertog/ros2_ws/install/mobile_robotics/lib/python3.10/site-packages:${PYTHONPATH} /usr/bin/python3 -W ignore:setup.py install is deprecated setup.py egg_info --egg-base ../../build/mobile_robotics build --build-base /home/robertog/ros2_ws/build/mobile_robotics/build install --record /home/robertog/ros2_ws/build/mobile_robotics/install.log --single-version-externally-managed install_data
[3.393s] running egg_info
[3.394s] writing ../../build/mobile_robotics/mobile_robotics.egg-info/PKG-INFO
[3.394s] writing dependency_links to ../../build/mobile_robotics/mobile_robotics.egg-info/dependency_links.txt
[3.395s] writing entry points to ../../build/mobile_robotics/mobile_robotics.egg-info/entry_points.txt
[3.395s] writing requirements to ../../build/mobile_robotics/mobile_robotics.egg-info/requires.txt
[3.396s] writing top-level names to ../../build/mobile_robotics/mobile_robotics.egg-info/top_level.txt
[3.398s] reading manifest file '../../build/mobile_robotics/mobile_robotics.egg-info/SOURCES.txt'
[3.400s] writing manifest file '../../build/mobile_robotics/mobile_robotics.egg-info/SOURCES.txt'
[3.400s] running build
[3.401s] running build_py
[3.401s] copying mobile_robotics/laser_scan_subscriber.py -> /home/robertog/ros2_ws/build/mobile_robotics/build/lib/mobile_robotics
[3.402s] copying mobile_robotics/follower.py -> /home/robertog/ros2_ws/build/mobile_robotics/build/lib/mobile_robotics
[3.402s] running install
[3.403s] running install_lib
[3.405s] copying /home/robertog/ros2_ws/build/mobile_robotics/build/lib/mobile_robotics/laser_scan_subscriber.py -> /home/robertog/ros2_ws/install/mobile_robotics/lib/python3.10/site-packages/mobile_robotics
[3.406s] copying /home/robertog/ros2_ws/build/mobile_robotics/build/lib/mobile_robotics/follower.py -> /home/robertog/ros2_ws/install/mobile_robotics/lib/python3.10/site-packages/mobile_robotics
[3.406s] byte-compiling /home/robertog/ros2_ws/install/mobile_robotics/lib/python3.10/site-packages/mobile_robotics/laser_scan_subscriber.py to laser_scan_subscriber.cpython-310.pyc
[3.407s] byte-compiling /home/robertog/ros2_ws/install/mobile_robotics/lib/python3.10/site-packages/mobile_robotics/follower.py to follower.cpython-310.pyc
[3.408s] running install_data
[3.408s] running install_egg_info
[3.413s] removing '/home/robertog/ros2_ws/install/mobile_robotics/lib/python3.10/site-packages/mobile_robotics-0.0.0-py3.10.egg-info' (and everything under it)
[3.414s] Copying ../../build/mobile_robotics/mobile_robotics.egg-info to /home/robertog/ros2_ws/install/mobile_robotics/lib/python3.10/site-packages/mobile_robotics-0.0.0-py3.10.egg-info
[3.417s] running install_scripts
[3.459s] Installing follower script to /home/robertog/ros2_ws/install/mobile_robotics/lib/mobile_robotics
[3.459s] Installing ros_color_tracker script to /home/robertog/ros2_ws/install/mobile_robotics/lib/mobile_robotics
[3.459s] Installing test_node script to /home/robertog/ros2_ws/install/mobile_robotics/lib/mobile_robotics
[3.460s] writing list of installed files to '/home/robertog/ros2_ws/build/mobile_robotics/install.log'
[3.482s] Invoked command in '/home/robertog/ros2_ws/src/mobile_robotics' returned '0': PYTHONPATH=/home/robertog/ros2_ws/build/mobile_robotics/prefix_override:/home/robertog/ros2_ws/install/mobile_robotics/lib/python3.10/site-packages:${PYTHONPATH} /usr/bin/python3 -W ignore:setup.py install is deprecated setup.py egg_info --egg-base ../../build/mobile_robotics build --build-base /home/robertog/ros2_ws/build/mobile_robotics/build install --record /home/robertog/ros2_ws/build/mobile_robotics/install.log --single-version-externally-managed install_data
