[2.402s] Invoking command in '/home/robertog/ros2_ws/src/minichallenge3': PYTHONPATH=/home/robertog/ros2_ws/build/minichallenge3/prefix_override:/home/robertog/ros2_ws/install/minichallenge3/lib/python3.10/site-packages:${PYTHONPATH} /usr/bin/python3 -W ignore:setup.py install is deprecated setup.py egg_info --egg-base ../../build/minichallenge3 build --build-base /home/robertog/ros2_ws/build/minichallenge3/build install --record /home/robertog/ros2_ws/build/minichallenge3/install.log --single-version-externally-managed install_data
[3.174s] running egg_info
[3.174s] writing ../../build/minichallenge3/minichallenge3.egg-info/PKG-INFO
[3.174s] writing dependency_links to ../../build/minichallenge3/minichallenge3.egg-info/dependency_links.txt
[3.174s] writing entry points to ../../build/minichallenge3/minichallenge3.egg-info/entry_points.txt
[3.175s] writing requirements to ../../build/minichallenge3/minichallenge3.egg-info/requires.txt
[3.175s] writing top-level names to ../../build/minichallenge3/minichallenge3.egg-info/top_level.txt
[3.176s] reading manifest file '../../build/minichallenge3/minichallenge3.egg-info/SOURCES.txt'
[3.176s] adding license file 'LICENSE'
[3.176s] writing manifest file '../../build/minichallenge3/minichallenge3.egg-info/SOURCES.txt'
[3.176s] running build
[3.176s] running build_py
[3.176s] running install
[3.177s] running install_lib
[3.177s] running install_data
[3.177s] running install_egg_info
[3.178s] removing '/home/robertog/ros2_ws/install/minichallenge3/lib/python3.10/site-packages/minichallenge3-0.0.0-py3.10.egg-info' (and everything under it)
[3.178s] Copying ../../build/minichallenge3/minichallenge3.egg-info to /home/robertog/ros2_ws/install/minichallenge3/lib/python3.10/site-packages/minichallenge3-0.0.0-py3.10.egg-info
[3.178s] running install_scripts
[3.184s] Installing controller script to /home/robertog/ros2_ws/install/minichallenge3/lib/minichallenge3
[3.184s] writing list of installed files to '/home/robertog/ros2_ws/build/minichallenge3/install.log'
[3.186s] Invoked command in '/home/robertog/ros2_ws/src/minichallenge3' returned '0': PYTHONPATH=/home/robertog/ros2_ws/build/minichallenge3/prefix_override:/home/robertog/ros2_ws/install/minichallenge3/lib/python3.10/site-packages:${PYTHONPATH} /usr/bin/python3 -W ignore:setup.py install is deprecated setup.py egg_info --egg-base ../../build/minichallenge3 build --build-base /home/robertog/ros2_ws/build/minichallenge3/build install --record /home/robertog/ros2_ws/build/minichallenge3/install.log --single-version-externally-managed install_data
