[1.789s] Invoking command in '/home/robertog/ros2_ws/src/minichallenge4': PYTHONPATH=/home/robertog/ros2_ws/build/minichallenge4/prefix_override:/home/robertog/ros2_ws/install/minichallenge4/lib/python3.10/site-packages:${PYTHONPATH} /usr/bin/python3 -W ignore:setup.py install is deprecated setup.py egg_info --egg-base ../../build/minichallenge4 build --build-base /home/robertog/ros2_ws/build/minichallenge4/build install --record /home/robertog/ros2_ws/build/minichallenge4/install.log --single-version-externally-managed install_data
[2.213s] running egg_info
[2.213s] writing ../../build/minichallenge4/minichallenge4.egg-info/PKG-INFO
[2.213s] writing dependency_links to ../../build/minichallenge4/minichallenge4.egg-info/dependency_links.txt
[2.213s] writing entry points to ../../build/minichallenge4/minichallenge4.egg-info/entry_points.txt
[2.213s] writing requirements to ../../build/minichallenge4/minichallenge4.egg-info/requires.txt
[2.213s] writing top-level names to ../../build/minichallenge4/minichallenge4.egg-info/top_level.txt
[2.213s] reading manifest file '../../build/minichallenge4/minichallenge4.egg-info/SOURCES.txt'
[2.213s] adding license file 'LICENSE'
[2.214s] writing manifest file '../../build/minichallenge4/minichallenge4.egg-info/SOURCES.txt'
[2.214s] running build
[2.214s] running build_py
[2.214s] running install
[2.214s] running install_lib
[2.214s] running install_data
[2.214s] copying package.xml -> /home/robertog/ros2_ws/install/minichallenge4/share/minichallenge4
[2.214s] creating /home/robertog/ros2_ws/install/minichallenge4/share/minichallenge4/launch
[2.214s] copying launch/mini4_launch.py -> /home/robertog/ros2_ws/install/minichallenge4/share/minichallenge4/launch
[2.214s] creating /home/robertog/ros2_ws/install/minichallenge4/share/minichallenge4/config
[2.215s] copying config/params.yaml -> /home/robertog/ros2_ws/install/minichallenge4/share/minichallenge4/config
[2.215s] running install_egg_info
[2.215s] removing '/home/robertog/ros2_ws/install/minichallenge4/lib/python3.10/site-packages/minichallenge4-0.0.0-py3.10.egg-info' (and everything under it)
[2.215s] Copying ../../build/minichallenge4/minichallenge4.egg-info to /home/robertog/ros2_ws/install/minichallenge4/lib/python3.10/site-packages/minichallenge4-0.0.0-py3.10.egg-info
[2.215s] running install_scripts
[2.216s] Installing controller script to /home/robertog/ros2_ws/install/minichallenge4/lib/minichallenge4
[2.216s] Installing traffic_lights script to /home/robertog/ros2_ws/install/minichallenge4/lib/minichallenge4
[2.216s] writing list of installed files to '/home/robertog/ros2_ws/build/minichallenge4/install.log'
[2.236s] Invoked command in '/home/robertog/ros2_ws/src/minichallenge4' returned '0': PYTHONPATH=/home/robertog/ros2_ws/build/minichallenge4/prefix_override:/home/robertog/ros2_ws/install/minichallenge4/lib/python3.10/site-packages:${PYTHONPATH} /usr/bin/python3 -W ignore:setup.py install is deprecated setup.py egg_info --egg-base ../../build/minichallenge4 build --build-base /home/robertog/ros2_ws/build/minichallenge4/build install --record /home/robertog/ros2_ws/build/minichallenge4/install.log --single-version-externally-managed install_data
