[3.763s] Invoking command in '/home/robertog/ros2_ws/src/gtg_ao': PYTHONPATH=/home/robertog/ros2_ws/build/gtg_ao/prefix_override:/home/robertog/ros2_ws/install/gtg_ao/lib/python3.10/site-packages:${PYTHONPATH} /usr/bin/python3 -W ignore:setup.py install is deprecated setup.py egg_info --egg-base ../../build/gtg_ao build --build-base /home/robertog/ros2_ws/build/gtg_ao/build install --record /home/robertog/ros2_ws/build/gtg_ao/install.log --single-version-externally-managed install_data
[4.350s] running egg_info
[4.353s] writing ../../build/gtg_ao/gtg_ao.egg-info/PKG-INFO
[4.354s] writing dependency_links to ../../build/gtg_ao/gtg_ao.egg-info/dependency_links.txt
[4.354s] writing entry points to ../../build/gtg_ao/gtg_ao.egg-info/entry_points.txt
[4.355s] writing requirements to ../../build/gtg_ao/gtg_ao.egg-info/requires.txt
[4.355s] writing top-level names to ../../build/gtg_ao/gtg_ao.egg-info/top_level.txt
[4.361s] reading manifest file '../../build/gtg_ao/gtg_ao.egg-info/SOURCES.txt'
[4.365s] writing manifest file '../../build/gtg_ao/gtg_ao.egg-info/SOURCES.txt'
[4.366s] running build
[4.367s] running build_py
[4.370s] running install
[4.371s] running install_lib
[4.390s] running install_data
[4.393s] running install_egg_info
[4.407s] removing '/home/robertog/ros2_ws/install/gtg_ao/lib/python3.10/site-packages/gtg_ao-0.0.0-py3.10.egg-info' (and everything under it)
[4.409s] Copying ../../build/gtg_ao/gtg_ao.egg-info to /home/robertog/ros2_ws/install/gtg_ao/lib/python3.10/site-packages/gtg_ao-0.0.0-py3.10.egg-info
[4.415s] running install_scripts
[4.491s] Installing avoid_obstacles script to /home/robertog/ros2_ws/install/gtg_ao/lib/gtg_ao
[4.492s] Installing go_to_goal script to /home/robertog/ros2_ws/install/gtg_ao/lib/gtg_ao
[4.492s] writing list of installed files to '/home/robertog/ros2_ws/build/gtg_ao/install.log'
[4.673s] Invoked command in '/home/robertog/ros2_ws/src/gtg_ao' returned '0': PYTHONPATH=/home/robertog/ros2_ws/build/gtg_ao/prefix_override:/home/robertog/ros2_ws/install/gtg_ao/lib/python3.10/site-packages:${PYTHONPATH} /usr/bin/python3 -W ignore:setup.py install is deprecated setup.py egg_info --egg-base ../../build/gtg_ao build --build-base /home/robertog/ros2_ws/build/gtg_ao/build install --record /home/robertog/ros2_ws/build/gtg_ao/install.log --single-version-externally-managed install_data
