[4.675s] Invoking command in '/home/robertog/ros2_ws/src/final_challenge': PYTHONPATH=/home/robertog/ros2_ws/build/final_challenge/prefix_override:/home/robertog/ros2_ws/install/final_challenge/lib/python3.10/site-packages:${PYTHONPATH} /usr/bin/python3 -W ignore:setup.py install is deprecated setup.py egg_info --egg-base ../../build/final_challenge build --build-base /home/robertog/ros2_ws/build/final_challenge/build install --record /home/robertog/ros2_ws/build/final_challenge/install.log --single-version-externally-managed install_data
[5.200s] running egg_info
[5.202s] writing ../../build/final_challenge/final_challenge.egg-info/PKG-INFO
[5.203s] writing dependency_links to ../../build/final_challenge/final_challenge.egg-info/dependency_links.txt
[5.203s] writing entry points to ../../build/final_challenge/final_challenge.egg-info/entry_points.txt
[5.204s] writing requirements to ../../build/final_challenge/final_challenge.egg-info/requires.txt
[5.204s] writing top-level names to ../../build/final_challenge/final_challenge.egg-info/top_level.txt
[5.208s] reading manifest file '../../build/final_challenge/final_challenge.egg-info/SOURCES.txt'
[5.215s] writing manifest file '../../build/final_challenge/final_challenge.egg-info/SOURCES.txt'
[5.216s] running build
[5.216s] running build_py
[5.217s] copying final_challenge/line_follower.py -> /home/robertog/ros2_ws/build/final_challenge/build/lib/final_challenge
[5.218s] copying final_challenge/states.py -> /home/robertog/ros2_ws/build/final_challenge/build/lib/final_challenge
[5.218s] running install
[5.218s] running install_lib
[5.226s] copying /home/robertog/ros2_ws/build/final_challenge/build/lib/final_challenge/line_follower.py -> /home/robertog/ros2_ws/install/final_challenge/lib/python3.10/site-packages/final_challenge
[5.226s] copying /home/robertog/ros2_ws/build/final_challenge/build/lib/final_challenge/states.py -> /home/robertog/ros2_ws/install/final_challenge/lib/python3.10/site-packages/final_challenge
[5.226s] byte-compiling /home/robertog/ros2_ws/install/final_challenge/lib/python3.10/site-packages/final_challenge/line_follower.py to line_follower.cpython-310.pyc
[5.228s] byte-compiling /home/robertog/ros2_ws/install/final_challenge/lib/python3.10/site-packages/final_challenge/states.py to states.cpython-310.pyc
[5.231s] running install_data
[5.234s] running install_egg_info
[5.238s] removing '/home/robertog/ros2_ws/install/final_challenge/lib/python3.10/site-packages/final_challenge-0.0.0-py3.10.egg-info' (and everything under it)
[5.238s] Copying ../../build/final_challenge/final_challenge.egg-info to /home/robertog/ros2_ws/install/final_challenge/lib/python3.10/site-packages/final_challenge-0.0.0-py3.10.egg-info
[5.240s] running install_scripts
[5.281s] Installing line_follower script to /home/robertog/ros2_ws/install/final_challenge/lib/final_challenge
[5.282s] writing list of installed files to '/home/robertog/ros2_ws/build/final_challenge/install.log'
[5.452s] Invoked command in '/home/robertog/ros2_ws/src/final_challenge' returned '0': PYTHONPATH=/home/robertog/ros2_ws/build/final_challenge/prefix_override:/home/robertog/ros2_ws/install/final_challenge/lib/python3.10/site-packages:${PYTHONPATH} /usr/bin/python3 -W ignore:setup.py install is deprecated setup.py egg_info --egg-base ../../build/final_challenge build --build-base /home/robertog/ros2_ws/build/final_challenge/build install --record /home/robertog/ros2_ws/build/final_challenge/install.log --single-version-externally-managed install_data
