[2.924s] Invoking command in '/home/robertog/ros2_ws/src/gtg_ao': PYTHONPATH=/home/robertog/ros2_ws/build/gtg_ao/prefix_override:/home/robertog/ros2_ws/install/gtg_ao/lib/python3.10/site-packages:${PYTHONPATH} /usr/bin/python3 -W ignore:setup.py install is deprecated setup.py egg_info --egg-base ../../build/gtg_ao build --build-base /home/robertog/ros2_ws/build/gtg_ao/build install --record /home/robertog/ros2_ws/build/gtg_ao/install.log --single-version-externally-managed install_data
[3.768s] running egg_info
[3.769s] writing ../../build/gtg_ao/gtg_ao.egg-info/PKG-INFO
[3.770s] writing dependency_links to ../../build/gtg_ao/gtg_ao.egg-info/dependency_links.txt
[3.770s] writing entry points to ../../build/gtg_ao/gtg_ao.egg-info/entry_points.txt
[3.771s] writing requirements to ../../build/gtg_ao/gtg_ao.egg-info/requires.txt
[3.771s] writing top-level names to ../../build/gtg_ao/gtg_ao.egg-info/top_level.txt
[3.777s] reading manifest file '../../build/gtg_ao/gtg_ao.egg-info/SOURCES.txt'
[3.777s] writing manifest file '../../build/gtg_ao/gtg_ao.egg-info/SOURCES.txt'
[3.778s] running build
[3.778s] running build_py
[3.779s] running install
[3.779s] running install_lib
[3.782s] running install_data
[3.783s] running install_egg_info
[3.786s] removing '/home/robertog/ros2_ws/install/gtg_ao/lib/python3.10/site-packages/gtg_ao-0.0.0-py3.10.egg-info' (and everything under it)
[3.787s] Copying ../../build/gtg_ao/gtg_ao.egg-info to /home/robertog/ros2_ws/install/gtg_ao/lib/python3.10/site-packages/gtg_ao-0.0.0-py3.10.egg-info
[3.789s] running install_scripts
[3.871s] Installing avoid_obstacles script to /home/robertog/ros2_ws/install/gtg_ao/lib/gtg_ao
[3.871s] Installing go_to_goal script to /home/robertog/ros2_ws/install/gtg_ao/lib/gtg_ao
[3.873s] writing list of installed files to '/home/robertog/ros2_ws/build/gtg_ao/install.log'
[3.939s] Invoked command in '/home/robertog/ros2_ws/src/gtg_ao' returned '0': PYTHONPATH=/home/robertog/ros2_ws/build/gtg_ao/prefix_override:/home/robertog/ros2_ws/install/gtg_ao/lib/python3.10/site-packages:${PYTHONPATH} /usr/bin/python3 -W ignore:setup.py install is deprecated setup.py egg_info --egg-base ../../build/gtg_ao build --build-base /home/robertog/ros2_ws/build/gtg_ao/build install --record /home/robertog/ros2_ws/build/gtg_ao/install.log --single-version-externally-managed install_data
