[0.520s] Invoking command in '/home/robertog/ros2_ws/src/gtg_behavior': PYTHONPATH=/home/robertog/ros2_ws/build/gtg_behavior/prefix_override:/home/robertog/ros2_ws/install/gtg_behavior/lib/python3.10/site-packages:${PYTHONPATH} /usr/bin/python3 -W ignore:setup.py install is deprecated setup.py egg_info --egg-base ../../build/gtg_behavior build --build-base /home/robertog/ros2_ws/build/gtg_behavior/build install --record /home/robertog/ros2_ws/build/gtg_behavior/install.log --single-version-externally-managed install_data
[0.721s] running egg_info
[0.722s] writing ../../build/gtg_behavior/gtg_behavior.egg-info/PKG-INFO
[0.722s] writing dependency_links to ../../build/gtg_behavior/gtg_behavior.egg-info/dependency_links.txt
[0.723s] writing entry points to ../../build/gtg_behavior/gtg_behavior.egg-info/entry_points.txt
[0.723s] writing requirements to ../../build/gtg_behavior/gtg_behavior.egg-info/requires.txt
[0.723s] writing top-level names to ../../build/gtg_behavior/gtg_behavior.egg-info/top_level.txt
[0.724s] reading manifest file '../../build/gtg_behavior/gtg_behavior.egg-info/SOURCES.txt'
[0.725s] writing manifest file '../../build/gtg_behavior/gtg_behavior.egg-info/SOURCES.txt'
[0.725s] running build
[0.725s] running build_py
[0.725s] copying gtg_behavior/go_to_goal.py -> /home/robertog/ros2_ws/build/gtg_behavior/build/lib/gtg_behavior
[0.726s] running install
[0.726s] running install_lib
[0.727s] copying /home/robertog/ros2_ws/build/gtg_behavior/build/lib/gtg_behavior/go_to_goal.py -> /home/robertog/ros2_ws/install/gtg_behavior/lib/python3.10/site-packages/gtg_behavior
[0.727s] byte-compiling /home/robertog/ros2_ws/install/gtg_behavior/lib/python3.10/site-packages/gtg_behavior/go_to_goal.py to go_to_goal.cpython-310.pyc
[0.728s] running install_data
[0.729s] running install_egg_info
[0.730s] removing '/home/robertog/ros2_ws/install/gtg_behavior/lib/python3.10/site-packages/gtg_behavior-0.0.0-py3.10.egg-info' (and everything under it)
[0.730s] Copying ../../build/gtg_behavior/gtg_behavior.egg-info to /home/robertog/ros2_ws/install/gtg_behavior/lib/python3.10/site-packages/gtg_behavior-0.0.0-py3.10.egg-info
[0.731s] running install_scripts
[0.747s] Installing go_to_goal script to /home/robertog/ros2_ws/install/gtg_behavior/lib/gtg_behavior
[0.747s] writing list of installed files to '/home/robertog/ros2_ws/build/gtg_behavior/install.log'
[0.769s] Invoked command in '/home/robertog/ros2_ws/src/gtg_behavior' returned '0': PYTHONPATH=/home/robertog/ros2_ws/build/gtg_behavior/prefix_override:/home/robertog/ros2_ws/install/gtg_behavior/lib/python3.10/site-packages:${PYTHONPATH} /usr/bin/python3 -W ignore:setup.py install is deprecated setup.py egg_info --egg-base ../../build/gtg_behavior build --build-base /home/robertog/ros2_ws/build/gtg_behavior/build install --record /home/robertog/ros2_ws/build/gtg_behavior/install.log --single-version-externally-managed install_data
