[3.653s] Invoking command in '/home/robertog/ros2_ws/src/minichallenge5': PYTHONPATH=/home/robertog/ros2_ws/build/minichallenge5/prefix_override:/home/robertog/ros2_ws/install/minichallenge5/lib/python3.10/site-packages:${PYTHONPATH} /usr/bin/python3 -W ignore:setup.py install is deprecated setup.py egg_info --egg-base ../../build/minichallenge5 build --build-base /home/robertog/ros2_ws/build/minichallenge5/build install --record /home/robertog/ros2_ws/build/minichallenge5/install.log --single-version-externally-managed install_data
[4.227s] running egg_info
[4.229s] writing ../../build/minichallenge5/minichallenge5.egg-info/PKG-INFO
[4.229s] writing dependency_links to ../../build/minichallenge5/minichallenge5.egg-info/dependency_links.txt
[4.230s] writing entry points to ../../build/minichallenge5/minichallenge5.egg-info/entry_points.txt
[4.230s] writing requirements to ../../build/minichallenge5/minichallenge5.egg-info/requires.txt
[4.231s] writing top-level names to ../../build/minichallenge5/minichallenge5.egg-info/top_level.txt
[4.235s] reading manifest file '../../build/minichallenge5/minichallenge5.egg-info/SOURCES.txt'
[4.237s] writing manifest file '../../build/minichallenge5/minichallenge5.egg-info/SOURCES.txt'
[4.237s] running build
[4.237s] running build_py
[4.241s] running install
[4.241s] running install_lib
[4.243s] running install_data
[4.243s] running install_egg_info
[4.247s] removing '/home/robertog/ros2_ws/install/minichallenge5/lib/python3.10/site-packages/minichallenge5-0.0.0-py3.10.egg-info' (and everything under it)
[4.249s] Copying ../../build/minichallenge5/minichallenge5.egg-info to /home/robertog/ros2_ws/install/minichallenge5/lib/python3.10/site-packages/minichallenge5-0.0.0-py3.10.egg-info
[4.270s] running install_scripts
[4.306s] Installing line_follower script to /home/robertog/ros2_ws/install/minichallenge5/lib/minichallenge5
[4.306s] Installing traffic_lights script to /home/robertog/ros2_ws/install/minichallenge5/lib/minichallenge5
[4.306s] writing list of installed files to '/home/robertog/ros2_ws/build/minichallenge5/install.log'
[4.786s] Invoked command in '/home/robertog/ros2_ws/src/minichallenge5' returned '0': PYTHONPATH=/home/robertog/ros2_ws/build/minichallenge5/prefix_override:/home/robertog/ros2_ws/install/minichallenge5/lib/python3.10/site-packages:${PYTHONPATH} /usr/bin/python3 -W ignore:setup.py install is deprecated setup.py egg_info --egg-base ../../build/minichallenge5 build --build-base /home/robertog/ros2_ws/build/minichallenge5/build install --record /home/robertog/ros2_ws/build/minichallenge5/install.log --single-version-externally-managed install_data
