[0.869s] Invoking command in '/home/robertog/ros2_ws/src/gtg_ao': PYTHONPATH=/home/robertog/ros2_ws/build/gtg_ao/prefix_override:/home/robertog/ros2_ws/install/gtg_ao/lib/python3.10/site-packages:${PYTHONPATH} /usr/bin/python3 -W ignore:setup.py install is deprecated setup.py egg_info --egg-base ../../build/gtg_ao build --build-base /home/robertog/ros2_ws/build/gtg_ao/build install --record /home/robertog/ros2_ws/build/gtg_ao/install.log --single-version-externally-managed install_data
[1.213s] running egg_info
[1.214s] writing ../../build/gtg_ao/gtg_ao.egg-info/PKG-INFO
[1.214s] writing dependency_links to ../../build/gtg_ao/gtg_ao.egg-info/dependency_links.txt
[1.215s] writing entry points to ../../build/gtg_ao/gtg_ao.egg-info/entry_points.txt
[1.215s] writing requirements to ../../build/gtg_ao/gtg_ao.egg-info/requires.txt
[1.215s] writing top-level names to ../../build/gtg_ao/gtg_ao.egg-info/top_level.txt
[1.217s] reading manifest file '../../build/gtg_ao/gtg_ao.egg-info/SOURCES.txt'
[1.218s] writing manifest file '../../build/gtg_ao/gtg_ao.egg-info/SOURCES.txt'
[1.218s] running build
[1.219s] running build_py
[1.219s] copying gtg_ao/go_to_goal.py -> /home/robertog/ros2_ws/build/gtg_ao/build/lib/gtg_ao
[1.219s] running install
[1.219s] running install_lib
[1.220s] copying /home/robertog/ros2_ws/build/gtg_ao/build/lib/gtg_ao/go_to_goal.py -> /home/robertog/ros2_ws/install/gtg_ao/lib/python3.10/site-packages/gtg_ao
[1.221s] byte-compiling /home/robertog/ros2_ws/install/gtg_ao/lib/python3.10/site-packages/gtg_ao/go_to_goal.py to go_to_goal.cpython-310.pyc
[1.223s] running install_data
[1.223s] running install_egg_info
[1.225s] removing '/home/robertog/ros2_ws/install/gtg_ao/lib/python3.10/site-packages/gtg_ao-0.0.0-py3.10.egg-info' (and everything under it)
[1.226s] Copying ../../build/gtg_ao/gtg_ao.egg-info to /home/robertog/ros2_ws/install/gtg_ao/lib/python3.10/site-packages/gtg_ao-0.0.0-py3.10.egg-info
[1.227s] running install_scripts
[1.257s] Installing avoid_obstacles script to /home/robertog/ros2_ws/install/gtg_ao/lib/gtg_ao
[1.258s] Installing go_to_goal script to /home/robertog/ros2_ws/install/gtg_ao/lib/gtg_ao
[1.258s] writing list of installed files to '/home/robertog/ros2_ws/build/gtg_ao/install.log'
[1.297s] Invoked command in '/home/robertog/ros2_ws/src/gtg_ao' returned '0': PYTHONPATH=/home/robertog/ros2_ws/build/gtg_ao/prefix_override:/home/robertog/ros2_ws/install/gtg_ao/lib/python3.10/site-packages:${PYTHONPATH} /usr/bin/python3 -W ignore:setup.py install is deprecated setup.py egg_info --egg-base ../../build/gtg_ao build --build-base /home/robertog/ros2_ws/build/gtg_ao/build install --record /home/robertog/ros2_ws/build/gtg_ao/install.log --single-version-externally-managed install_data
