[2.881s] Invoking command in '/home/robertog/ros2_ws/src/minichallenge3': PYTHONPATH=/home/robertog/ros2_ws/build/minichallenge3/prefix_override:/home/robertog/ros2_ws/install/minichallenge3/lib/python3.10/site-packages:${PYTHONPATH} /usr/bin/python3 -W ignore:setup.py install is deprecated setup.py egg_info --egg-base ../../build/minichallenge3 build --build-base /home/robertog/ros2_ws/build/minichallenge3/build install --record /home/robertog/ros2_ws/build/minichallenge3/install.log --single-version-externally-managed install_data
[3.716s] running egg_info
[3.718s] writing ../../build/minichallenge3/minichallenge3.egg-info/PKG-INFO
[3.718s] writing dependency_links to ../../build/minichallenge3/minichallenge3.egg-info/dependency_links.txt
[3.719s] writing entry points to ../../build/minichallenge3/minichallenge3.egg-info/entry_points.txt
[3.720s] writing requirements to ../../build/minichallenge3/minichallenge3.egg-info/requires.txt
[3.720s] writing top-level names to ../../build/minichallenge3/minichallenge3.egg-info/top_level.txt
[3.726s] reading manifest file '../../build/minichallenge3/minichallenge3.egg-info/SOURCES.txt'
[3.727s] adding license file 'LICENSE'
[3.729s] writing manifest file '../../build/minichallenge3/minichallenge3.egg-info/SOURCES.txt'
[3.729s] running build
[3.730s] running build_py
[3.730s] running install
[3.732s] running install_lib
[3.736s] running install_data
[3.737s] running install_egg_info
[3.739s] removing '/home/robertog/ros2_ws/install/minichallenge3/lib/python3.10/site-packages/minichallenge3-0.0.0-py3.10.egg-info' (and everything under it)
[3.744s] Copying ../../build/minichallenge3/minichallenge3.egg-info to /home/robertog/ros2_ws/install/minichallenge3/lib/python3.10/site-packages/minichallenge3-0.0.0-py3.10.egg-info
[3.747s] running install_scripts
[3.838s] Installing controller script to /home/robertog/ros2_ws/install/minichallenge3/lib/minichallenge3
[3.840s] writing list of installed files to '/home/robertog/ros2_ws/build/minichallenge3/install.log'
[3.924s] Invoked command in '/home/robertog/ros2_ws/src/minichallenge3' returned '0': PYTHONPATH=/home/robertog/ros2_ws/build/minichallenge3/prefix_override:/home/robertog/ros2_ws/install/minichallenge3/lib/python3.10/site-packages:${PYTHONPATH} /usr/bin/python3 -W ignore:setup.py install is deprecated setup.py egg_info --egg-base ../../build/minichallenge3 build --build-base /home/robertog/ros2_ws/build/minichallenge3/build install --record /home/robertog/ros2_ws/build/minichallenge3/install.log --single-version-externally-managed install_data
