[0.736s] Invoking command in '/home/robertog/ros2_ws/src/GTG_AO': PYTHONPATH=/home/robertog/ros2_ws/build/GTG_AO/prefix_override:/home/robertog/ros2_ws/install/GTG_AO/lib/python3.10/site-packages:${PYTHONPATH} /usr/bin/python3 -W ignore:setup.py install is deprecated setup.py egg_info --egg-base ../../build/GTG_AO build --build-base /home/robertog/ros2_ws/build/GTG_AO/build install --record /home/robertog/ros2_ws/build/GTG_AO/install.log --single-version-externally-managed install_data
[1.019s] running egg_info
[1.020s] creating ../../build/GTG_AO/GTG_AO.egg-info
[1.020s] writing ../../build/GTG_AO/GTG_AO.egg-info/PKG-INFO
[1.020s] writing dependency_links to ../../build/GTG_AO/GTG_AO.egg-info/dependency_links.txt
[1.021s] writing entry points to ../../build/GTG_AO/GTG_AO.egg-info/entry_points.txt
[1.021s] writing requirements to ../../build/GTG_AO/GTG_AO.egg-info/requires.txt
[1.021s] writing top-level names to ../../build/GTG_AO/GTG_AO.egg-info/top_level.txt
[1.021s] writing manifest file '../../build/GTG_AO/GTG_AO.egg-info/SOURCES.txt'
[1.023s] reading manifest file '../../build/GTG_AO/GTG_AO.egg-info/SOURCES.txt'
[1.023s] writing manifest file '../../build/GTG_AO/GTG_AO.egg-info/SOURCES.txt'
[1.024s] running build
[1.024s] running build_py
[1.024s] creating /home/robertog/ros2_ws/build/GTG_AO/build
[1.024s] creating /home/robertog/ros2_ws/build/GTG_AO/build/lib
[1.024s] creating /home/robertog/ros2_ws/build/GTG_AO/build/lib/GTG_AO
[1.024s] copying GTG_AO/__init__.py -> /home/robertog/ros2_ws/build/GTG_AO/build/lib/GTG_AO
[1.024s] copying GTG_AO/avoid_obstacles.py -> /home/robertog/ros2_ws/build/GTG_AO/build/lib/GTG_AO
[1.024s] copying GTG_AO/go_to_goal.py -> /home/robertog/ros2_ws/build/GTG_AO/build/lib/GTG_AO
[1.024s] running install
[1.025s] running install_lib
[1.026s] creating /home/robertog/ros2_ws/install/GTG_AO/lib/python3.10/site-packages/GTG_AO
[1.026s] copying /home/robertog/ros2_ws/build/GTG_AO/build/lib/GTG_AO/__init__.py -> /home/robertog/ros2_ws/install/GTG_AO/lib/python3.10/site-packages/GTG_AO
[1.026s] copying /home/robertog/ros2_ws/build/GTG_AO/build/lib/GTG_AO/avoid_obstacles.py -> /home/robertog/ros2_ws/install/GTG_AO/lib/python3.10/site-packages/GTG_AO
[1.026s] copying /home/robertog/ros2_ws/build/GTG_AO/build/lib/GTG_AO/go_to_goal.py -> /home/robertog/ros2_ws/install/GTG_AO/lib/python3.10/site-packages/GTG_AO
[1.027s] byte-compiling /home/robertog/ros2_ws/install/GTG_AO/lib/python3.10/site-packages/GTG_AO/__init__.py to __init__.cpython-310.pyc
[1.027s] byte-compiling /home/robertog/ros2_ws/install/GTG_AO/lib/python3.10/site-packages/GTG_AO/avoid_obstacles.py to avoid_obstacles.cpython-310.pyc
[1.027s] byte-compiling /home/robertog/ros2_ws/install/GTG_AO/lib/python3.10/site-packages/GTG_AO/go_to_goal.py to go_to_goal.cpython-310.pyc
[1.028s] running install_data
[1.029s] creating /home/robertog/ros2_ws/install/GTG_AO/share/ament_index
[1.029s] creating /home/robertog/ros2_ws/install/GTG_AO/share/ament_index/resource_index
[1.029s] creating /home/robertog/ros2_ws/install/GTG_AO/share/ament_index/resource_index/packages
[1.029s] copying resource/GTG_AO -> /home/robertog/ros2_ws/install/GTG_AO/share/ament_index/resource_index/packages
[1.029s] copying package.xml -> /home/robertog/ros2_ws/install/GTG_AO/share/GTG_AO
[1.029s] running install_egg_info
[1.030s] Copying ../../build/GTG_AO/GTG_AO.egg-info to /home/robertog/ros2_ws/install/GTG_AO/lib/python3.10/site-packages/GTG_AO-0.0.0-py3.10.egg-info
[1.031s] running install_scripts
[1.056s] Installing avoid_obstacles script to /home/robertog/ros2_ws/install/GTG_AO/lib/GTG_AO
[1.056s] writing list of installed files to '/home/robertog/ros2_ws/build/GTG_AO/install.log'
[1.087s] Invoked command in '/home/robertog/ros2_ws/src/GTG_AO' returned '0': PYTHONPATH=/home/robertog/ros2_ws/build/GTG_AO/prefix_override:/home/robertog/ros2_ws/install/GTG_AO/lib/python3.10/site-packages:${PYTHONPATH} /usr/bin/python3 -W ignore:setup.py install is deprecated setup.py egg_info --egg-base ../../build/GTG_AO build --build-base /home/robertog/ros2_ws/build/GTG_AO/build install --record /home/robertog/ros2_ws/build/GTG_AO/install.log --single-version-externally-managed install_data
