[3.713s] Invoking command in '/home/robertog/ros2_ws/src/open_cv_example': PYTHONPATH=/home/robertog/ros2_ws/build/open_cv_example/prefix_override:/home/robertog/ros2_ws/install/open_cv_example/lib/python3.10/site-packages:${PYTHONPATH} /usr/bin/python3 -W ignore:setup.py install is deprecated setup.py egg_info --egg-base ../../build/open_cv_example build --build-base /home/robertog/ros2_ws/build/open_cv_example/build install --record /home/robertog/ros2_ws/build/open_cv_example/install.log --single-version-externally-managed install_data
[4.288s] running egg_info
[4.289s] writing ../../build/open_cv_example/open_cv_example.egg-info/PKG-INFO
[4.291s] writing dependency_links to ../../build/open_cv_example/open_cv_example.egg-info/dependency_links.txt
[4.292s] writing entry points to ../../build/open_cv_example/open_cv_example.egg-info/entry_points.txt
[4.293s] writing requirements to ../../build/open_cv_example/open_cv_example.egg-info/requires.txt
[4.294s] writing top-level names to ../../build/open_cv_example/open_cv_example.egg-info/top_level.txt
[4.302s] reading manifest file '../../build/open_cv_example/open_cv_example.egg-info/SOURCES.txt'
[4.305s] adding license file 'LICENSE'
[4.306s] writing manifest file '../../build/open_cv_example/open_cv_example.egg-info/SOURCES.txt'
[4.306s] running build
[4.307s] running build_py
[4.313s] running install
[4.313s] running install_lib
[4.323s] running install_data
[4.326s] running install_egg_info
[4.330s] removing '/home/robertog/ros2_ws/install/open_cv_example/lib/python3.10/site-packages/open_cv_example-0.0.0-py3.10.egg-info' (and everything under it)
[4.331s] Copying ../../build/open_cv_example/open_cv_example.egg-info to /home/robertog/ros2_ws/install/open_cv_example/lib/python3.10/site-packages/open_cv_example-0.0.0-py3.10.egg-info
[4.334s] running install_scripts
[4.397s] Installing circle_id script to /home/robertog/ros2_ws/install/open_cv_example/lib/open_cv_example
[4.400s] writing list of installed files to '/home/robertog/ros2_ws/build/open_cv_example/install.log'
[4.539s] Invoked command in '/home/robertog/ros2_ws/src/open_cv_example' returned '0': PYTHONPATH=/home/robertog/ros2_ws/build/open_cv_example/prefix_override:/home/robertog/ros2_ws/install/open_cv_example/lib/python3.10/site-packages:${PYTHONPATH} /usr/bin/python3 -W ignore:setup.py install is deprecated setup.py egg_info --egg-base ../../build/open_cv_example build --build-base /home/robertog/ros2_ws/build/open_cv_example/build install --record /home/robertog/ros2_ws/build/open_cv_example/install.log --single-version-externally-managed install_data
