[2.808s] Invoking command in '/home/robertog/ros2_ws/src/minichallenge3': PYTHONPATH=/home/robertog/ros2_ws/build/minichallenge3/prefix_override:/home/robertog/ros2_ws/install/minichallenge3/lib/python3.10/site-packages:${PYTHONPATH} /usr/bin/python3 -W ignore:setup.py install is deprecated setup.py egg_info --egg-base ../../build/minichallenge3 build --build-base /home/robertog/ros2_ws/build/minichallenge3/build install --record /home/robertog/ros2_ws/build/minichallenge3/install.log --single-version-externally-managed install_data
[2.991s] running egg_info
[2.991s] writing ../../build/minichallenge3/minichallenge3.egg-info/PKG-INFO
[2.991s] writing dependency_links to ../../build/minichallenge3/minichallenge3.egg-info/dependency_links.txt
[2.992s] writing entry points to ../../build/minichallenge3/minichallenge3.egg-info/entry_points.txt
[2.992s] writing requirements to ../../build/minichallenge3/minichallenge3.egg-info/requires.txt
[2.992s] writing top-level names to ../../build/minichallenge3/minichallenge3.egg-info/top_level.txt
[2.994s] reading manifest file '../../build/minichallenge3/minichallenge3.egg-info/SOURCES.txt'
[2.994s] adding license file 'LICENSE'
[2.995s] writing manifest file '../../build/minichallenge3/minichallenge3.egg-info/SOURCES.txt'
[2.995s] running build
[2.995s] running build_py
[2.995s] running install
[2.996s] running install_lib
[2.997s] running install_data
[2.997s] running install_egg_info
[2.999s] removing '/home/robertog/ros2_ws/install/minichallenge3/lib/python3.10/site-packages/minichallenge3-0.0.0-py3.10.egg-info' (and everything under it)
[3.000s] Copying ../../build/minichallenge3/minichallenge3.egg-info to /home/robertog/ros2_ws/install/minichallenge3/lib/python3.10/site-packages/minichallenge3-0.0.0-py3.10.egg-info
[3.001s] running install_scripts
[3.023s] Installing controller script to /home/robertog/ros2_ws/install/minichallenge3/lib/minichallenge3
[3.024s] writing list of installed files to '/home/robertog/ros2_ws/build/minichallenge3/install.log'
