running egg_info
writing ../../build/mobile_robotics/mobile_robotics.egg-info/PKG-INFO
writing dependency_links to ../../build/mobile_robotics/mobile_robotics.egg-info/dependency_links.txt
writing entry points to ../../build/mobile_robotics/mobile_robotics.egg-info/entry_points.txt
writing requirements to ../../build/mobile_robotics/mobile_robotics.egg-info/requires.txt
writing top-level names to ../../build/mobile_robotics/mobile_robotics.egg-info/top_level.txt
reading manifest file '../../build/mobile_robotics/mobile_robotics.egg-info/SOURCES.txt'
writing manifest file '../../build/mobile_robotics/mobile_robotics.egg-info/SOURCES.txt'
running build
running build_py
copying mobile_robotics/laser_scan_subscriber.py -> /home/robertog/ros2_ws/build/mobile_robotics/build/lib/mobile_robotics
running install
running install_lib
copying /home/robertog/ros2_ws/build/mobile_robotics/build/lib/mobile_robotics/laser_scan_subscriber.py -> /home/robertog/ros2_ws/install/mobile_robotics/lib/python3.10/site-packages/mobile_robotics
byte-compiling /home/robertog/ros2_ws/install/mobile_robotics/lib/python3.10/site-packages/mobile_robotics/laser_scan_subscriber.py to laser_scan_subscriber.cpython-310.pyc
running install_data
running install_egg_info
removing '/home/robertog/ros2_ws/install/mobile_robotics/lib/python3.10/site-packages/mobile_robotics-0.0.0-py3.10.egg-info' (and everything under it)
Copying ../../build/mobile_robotics/mobile_robotics.egg-info to /home/robertog/ros2_ws/install/mobile_robotics/lib/python3.10/site-packages/mobile_robotics-0.0.0-py3.10.egg-info
running install_scripts
Installing ros_color_tracker script to /home/robertog/ros2_ws/install/mobile_robotics/lib/mobile_robotics
Installing test_node script to /home/robertog/ros2_ws/install/mobile_robotics/lib/mobile_robotics
writing list of installed files to '/home/robertog/ros2_ws/build/mobile_robotics/install.log'
