[4.474s] Invoking command in '/home/robertog/ros2_ws/src/minichallenge4': PYTHONPATH=/home/robertog/ros2_ws/build/minichallenge4/prefix_override:/home/robertog/ros2_ws/install/minichallenge4/lib/python3.10/site-packages:${PYTHONPATH} /usr/bin/python3 -W ignore:setup.py install is deprecated setup.py egg_info --egg-base ../../build/minichallenge4 build --build-base /home/robertog/ros2_ws/build/minichallenge4/build install --record /home/robertog/ros2_ws/build/minichallenge4/install.log --single-version-externally-managed install_data
[4.989s] running egg_info
[4.991s] writing ../../build/minichallenge4/minichallenge4.egg-info/PKG-INFO
[4.991s] writing dependency_links to ../../build/minichallenge4/minichallenge4.egg-info/dependency_links.txt
[4.992s] writing entry points to ../../build/minichallenge4/minichallenge4.egg-info/entry_points.txt
[4.993s] writing requirements to ../../build/minichallenge4/minichallenge4.egg-info/requires.txt
[4.993s] writing top-level names to ../../build/minichallenge4/minichallenge4.egg-info/top_level.txt
[4.997s] reading manifest file '../../build/minichallenge4/minichallenge4.egg-info/SOURCES.txt'
[4.997s] adding license file 'LICENSE'
[4.998s] writing manifest file '../../build/minichallenge4/minichallenge4.egg-info/SOURCES.txt'
[4.998s] running build
[4.998s] running build_py
[5.000s] running install
[5.000s] running install_lib
[5.008s] running install_data
[5.009s] running install_egg_info
[5.012s] removing '/home/robertog/ros2_ws/install/minichallenge4/lib/python3.10/site-packages/minichallenge4-0.0.0-py3.10.egg-info' (and everything under it)
[5.013s] Copying ../../build/minichallenge4/minichallenge4.egg-info to /home/robertog/ros2_ws/install/minichallenge4/lib/python3.10/site-packages/minichallenge4-0.0.0-py3.10.egg-info
[5.015s] running install_scripts
[5.058s] Installing controller script to /home/robertog/ros2_ws/install/minichallenge4/lib/minichallenge4
[5.058s] Installing traffic_lights script to /home/robertog/ros2_ws/install/minichallenge4/lib/minichallenge4
[5.059s] writing list of installed files to '/home/robertog/ros2_ws/build/minichallenge4/install.log'
[5.417s] Invoked command in '/home/robertog/ros2_ws/src/minichallenge4' returned '0': PYTHONPATH=/home/robertog/ros2_ws/build/minichallenge4/prefix_override:/home/robertog/ros2_ws/install/minichallenge4/lib/python3.10/site-packages:${PYTHONPATH} /usr/bin/python3 -W ignore:setup.py install is deprecated setup.py egg_info --egg-base ../../build/minichallenge4 build --build-base /home/robertog/ros2_ws/build/minichallenge4/build install --record /home/robertog/ros2_ws/build/minichallenge4/install.log --single-version-externally-managed install_data
