[2.770s] Invoking command in '/home/robertog/ros2_ws/src/minichallenge3': PYTHONPATH=/home/robertog/ros2_ws/build/minichallenge3/prefix_override:/home/robertog/ros2_ws/install/minichallenge3/lib/python3.10/site-packages:${PYTHONPATH} /usr/bin/python3 -W ignore:setup.py install is deprecated setup.py egg_info --egg-base ../../build/minichallenge3 build --build-base /home/robertog/ros2_ws/build/minichallenge3/build install --record /home/robertog/ros2_ws/build/minichallenge3/install.log --single-version-externally-managed install_data
[3.138s] running egg_info
[3.139s] writing ../../build/minichallenge3/minichallenge3.egg-info/PKG-INFO
[3.139s] writing dependency_links to ../../build/minichallenge3/minichallenge3.egg-info/dependency_links.txt
[3.140s] writing entry points to ../../build/minichallenge3/minichallenge3.egg-info/entry_points.txt
[3.140s] writing requirements to ../../build/minichallenge3/minichallenge3.egg-info/requires.txt
[3.140s] writing top-level names to ../../build/minichallenge3/minichallenge3.egg-info/top_level.txt
[3.144s] reading manifest file '../../build/minichallenge3/minichallenge3.egg-info/SOURCES.txt'
[3.144s] adding license file 'LICENSE'
[3.145s] writing manifest file '../../build/minichallenge3/minichallenge3.egg-info/SOURCES.txt'
[3.145s] running build
[3.145s] running build_py
[3.146s] copying minichallenge3/controller.py -> /home/robertog/ros2_ws/build/minichallenge3/build/lib/minichallenge3
[3.146s] running install
[3.147s] running install_lib
[3.149s] copying /home/robertog/ros2_ws/build/minichallenge3/build/lib/minichallenge3/controller.py -> /home/robertog/ros2_ws/install/minichallenge3/lib/python3.10/site-packages/minichallenge3
[3.150s] byte-compiling /home/robertog/ros2_ws/install/minichallenge3/lib/python3.10/site-packages/minichallenge3/controller.py to controller.cpython-310.pyc
[3.152s] running install_data
[3.153s] running install_egg_info
[3.156s] removing '/home/robertog/ros2_ws/install/minichallenge3/lib/python3.10/site-packages/minichallenge3-0.0.0-py3.10.egg-info' (and everything under it)
[3.156s] Copying ../../build/minichallenge3/minichallenge3.egg-info to /home/robertog/ros2_ws/install/minichallenge3/lib/python3.10/site-packages/minichallenge3-0.0.0-py3.10.egg-info
[3.157s] running install_scripts
[3.195s] Installing controller script to /home/robertog/ros2_ws/install/minichallenge3/lib/minichallenge3
[3.196s] writing list of installed files to '/home/robertog/ros2_ws/build/minichallenge3/install.log'
[3.243s] Invoked command in '/home/robertog/ros2_ws/src/minichallenge3' returned '0': PYTHONPATH=/home/robertog/ros2_ws/build/minichallenge3/prefix_override:/home/robertog/ros2_ws/install/minichallenge3/lib/python3.10/site-packages:${PYTHONPATH} /usr/bin/python3 -W ignore:setup.py install is deprecated setup.py egg_info --egg-base ../../build/minichallenge3 build --build-base /home/robertog/ros2_ws/build/minichallenge3/build install --record /home/robertog/ros2_ws/build/minichallenge3/install.log --single-version-externally-managed install_data
