[3.740s] Invoking command in '/home/robertog/ros2_ws/src/minichallenge4_bueno': PYTHONPATH=/home/robertog/ros2_ws/build/minichallenge4_bueno/prefix_override:/home/robertog/ros2_ws/install/minichallenge4_bueno/lib/python3.10/site-packages:${PYTHONPATH} /usr/bin/python3 -W ignore:setup.py install is deprecated setup.py egg_info --egg-base ../../build/minichallenge4_bueno build --build-base /home/robertog/ros2_ws/build/minichallenge4_bueno/build install --record /home/robertog/ros2_ws/build/minichallenge4_bueno/install.log --single-version-externally-managed install_data
[4.334s] running egg_info
[4.337s] writing ../../build/minichallenge4_bueno/minichallenge4_bueno.egg-info/PKG-INFO
[4.337s] writing dependency_links to ../../build/minichallenge4_bueno/minichallenge4_bueno.egg-info/dependency_links.txt
[4.337s] writing entry points to ../../build/minichallenge4_bueno/minichallenge4_bueno.egg-info/entry_points.txt
[4.338s] writing requirements to ../../build/minichallenge4_bueno/minichallenge4_bueno.egg-info/requires.txt
[4.338s] writing top-level names to ../../build/minichallenge4_bueno/minichallenge4_bueno.egg-info/top_level.txt
[4.347s] reading manifest file '../../build/minichallenge4_bueno/minichallenge4_bueno.egg-info/SOURCES.txt'
[4.352s] writing manifest file '../../build/minichallenge4_bueno/minichallenge4_bueno.egg-info/SOURCES.txt'
[4.355s] running build
[4.355s] running build_py
[4.357s] running install
[4.360s] running install_lib
[4.372s] running install_data
[4.378s] running install_egg_info
[4.387s] removing '/home/robertog/ros2_ws/install/minichallenge4_bueno/lib/python3.10/site-packages/minichallenge4_bueno-0.0.0-py3.10.egg-info' (and everything under it)
[4.389s] Copying ../../build/minichallenge4_bueno/minichallenge4_bueno.egg-info to /home/robertog/ros2_ws/install/minichallenge4_bueno/lib/python3.10/site-packages/minichallenge4_bueno-0.0.0-py3.10.egg-info
[4.396s] running install_scripts
[4.465s] Installing controller script to /home/robertog/ros2_ws/install/minichallenge4_bueno/lib/minichallenge4_bueno
[4.466s] Installing traffic_lights script to /home/robertog/ros2_ws/install/minichallenge4_bueno/lib/minichallenge4_bueno
[4.466s] writing list of installed files to '/home/robertog/ros2_ws/build/minichallenge4_bueno/install.log'
[4.670s] Invoked command in '/home/robertog/ros2_ws/src/minichallenge4_bueno' returned '0': PYTHONPATH=/home/robertog/ros2_ws/build/minichallenge4_bueno/prefix_override:/home/robertog/ros2_ws/install/minichallenge4_bueno/lib/python3.10/site-packages:${PYTHONPATH} /usr/bin/python3 -W ignore:setup.py install is deprecated setup.py egg_info --egg-base ../../build/minichallenge4_bueno build --build-base /home/robertog/ros2_ws/build/minichallenge4_bueno/build install --record /home/robertog/ros2_ws/build/minichallenge4_bueno/install.log --single-version-externally-managed install_data
