[4.109s] Invoking command in '/home/robertog/ros2_ws/src/minichallenge3': PYTHONPATH=/home/robertog/ros2_ws/build/minichallenge3/prefix_override:/home/robertog/ros2_ws/install/minichallenge3/lib/python3.10/site-packages:${PYTHONPATH} /usr/bin/python3 -W ignore:setup.py install is deprecated setup.py egg_info --egg-base ../../build/minichallenge3 build --build-base /home/robertog/ros2_ws/build/minichallenge3/build install --record /home/robertog/ros2_ws/build/minichallenge3/install.log --single-version-externally-managed install_data
[4.716s] running egg_info
[4.716s] writing ../../build/minichallenge3/minichallenge3.egg-info/PKG-INFO
[4.716s] writing dependency_links to ../../build/minichallenge3/minichallenge3.egg-info/dependency_links.txt
[4.717s] writing entry points to ../../build/minichallenge3/minichallenge3.egg-info/entry_points.txt
[4.718s] writing requirements to ../../build/minichallenge3/minichallenge3.egg-info/requires.txt
[4.718s] writing top-level names to ../../build/minichallenge3/minichallenge3.egg-info/top_level.txt
[4.718s] reading manifest file '../../build/minichallenge3/minichallenge3.egg-info/SOURCES.txt'
[4.718s] adding license file 'LICENSE'
[4.718s] writing manifest file '../../build/minichallenge3/minichallenge3.egg-info/SOURCES.txt'
[4.718s] running build
[4.718s] running build_py
[4.718s] running install
[4.719s] running install_lib
[4.719s] running install_data
[4.719s] running install_egg_info
[4.719s] removing '/home/robertog/ros2_ws/install/minichallenge3/lib/python3.10/site-packages/minichallenge3-0.0.0-py3.10.egg-info' (and everything under it)
[4.719s] Copying ../../build/minichallenge3/minichallenge3.egg-info to /home/robertog/ros2_ws/install/minichallenge3/lib/python3.10/site-packages/minichallenge3-0.0.0-py3.10.egg-info
[4.719s] running install_scripts
[4.719s] Installing controller script to /home/robertog/ros2_ws/install/minichallenge3/lib/minichallenge3
[4.719s] writing list of installed files to '/home/robertog/ros2_ws/build/minichallenge3/install.log'
[4.874s] Invoked command in '/home/robertog/ros2_ws/src/minichallenge3' returned '0': PYTHONPATH=/home/robertog/ros2_ws/build/minichallenge3/prefix_override:/home/robertog/ros2_ws/install/minichallenge3/lib/python3.10/site-packages:${PYTHONPATH} /usr/bin/python3 -W ignore:setup.py install is deprecated setup.py egg_info --egg-base ../../build/minichallenge3 build --build-base /home/robertog/ros2_ws/build/minichallenge3/build install --record /home/robertog/ros2_ws/build/minichallenge3/install.log --single-version-externally-managed install_data
