-- The C compiler identification is GNU 11.4.0
-- The CXX compiler identification is GNU 11.4.0
-- Detecting C compiler ABI info
-- Detecting C compiler ABI info - done
-- Check for working C compiler: /usr/bin/cc - skipped
-- Detecting C compile features
-- Detecting C compile features - done
-- Detecting CXX compiler ABI info
-- Detecting CXX compiler ABI info - done
-- Check for working CXX compiler: /usr/bin/c++ - skipped
-- Detecting CXX compile features
-- Detecting CXX compile features - done
-- Found ament_cmake: 1.3.8 (/opt/ros/humble/share/ament_cmake/cmake)
-- Found Python3: /usr/bin/python3 (found version "3.10.12") found components: Interpreter 
-- Found std_msgs: 4.2.3 (/opt/ros/humble/share/std_msgs/cmake)
-- Found rosidl_generator_c: 3.1.5 (/opt/ros/humble/share/rosidl_generator_c/cmake)
-- Found rosidl_adapter: 3.1.5 (/opt/ros/humble/share/rosidl_adapter/cmake)
-- Found rosidl_generator_cpp: 3.1.5 (/opt/ros/humble/share/rosidl_generator_cpp/cmake)
-- Using all available rosidl_typesupport_c: rosidl_typesupport_fastrtps_c;rosidl_typesupport_introspection_c
-- Using all available rosidl_typesupport_cpp: rosidl_typesupport_fastrtps_cpp;rosidl_typesupport_introspection_cpp
-- Found rosidl_default_generators: 1.2.0 (/opt/ros/humble/share/rosidl_default_generators/cmake)
-- Found ament_cmake_ros: 0.10.0 (/opt/ros/humble/share/ament_cmake_ros/cmake)
-- Using all available rosidl_typesupport_c: rosidl_typesupport_fastrtps_c;rosidl_typesupport_introspection_c
-- Using all available rosidl_typesupport_cpp: rosidl_typesupport_fastrtps_cpp;rosidl_typesupport_introspection_cpp
-- Found PythonInterp: /usr/bin/python3 (found suitable version "3.10.12", minimum required is "3.6") 
-- Found python_cmake_module: 0.10.0 (/opt/ros/humble/share/python_cmake_module/cmake)
-- Found PythonLibs: /usr/lib/x86_64-linux-gnu/libpython3.10.so (found suitable version "3.10.12", minimum required is "3.5") 
-- Using PYTHON_EXECUTABLE: /usr/bin/python3
-- Using PYTHON_INCLUDE_DIRS: /usr/include/python3.10
-- Using PYTHON_LIBRARIES: /usr/lib/x86_64-linux-gnu/libpython3.10.so
-- Found PythonExtra: .so  
-- Found ament_lint_auto: 0.12.10 (/opt/ros/humble/share/ament_lint_auto/cmake)
-- Added test 'lint_cmake' to check CMake code style
-- Added test 'xmllint' to check XML markup files
-- Configuring done
-- Generating done
-- Build files have been written to: /home/robertog/ros2_ws/build/yolo_msg
[  2%] [34m[1mGenerating C code for ROS interfaces[0m
[  5%] [34m[1mGenerating C++ code for ROS interfaces[0m
[  5%] Built target ament_cmake_python_copy_yolo_msg
running egg_info
creating yolo_msg.egg-info
writing yolo_msg.egg-info/PKG-INFO
writing dependency_links to yolo_msg.egg-info/dependency_links.txt
writing top-level names to yolo_msg.egg-info/top_level.txt
writing manifest file 'yolo_msg.egg-info/SOURCES.txt'
reading manifest file 'yolo_msg.egg-info/SOURCES.txt'
writing manifest file 'yolo_msg.egg-info/SOURCES.txt'
[  5%] Built target yolo_msg__cpp
[  7%] [34m[1mGenerating C++ type support dispatch for ROS interfaces[0m
[ 10%] [34m[1mGenerating C++ type support for eProsima Fast-RTPS[0m
[ 15%] [34m[1mGenerating C++ introspection for ROS interfaces[0m
[ 15%] [32mBuilding C object CMakeFiles/yolo_msg__rosidl_generator_c.dir/rosidl_generator_c/yolo_msg/msg/detail/inference_result__functions.c.o[0m
[ 17%] [32mBuilding C object CMakeFiles/yolo_msg__rosidl_generator_c.dir/rosidl_generator_c/yolo_msg/msg/detail/yolov8_inference__functions.c.o[0m
[ 17%] Built target ament_cmake_python_build_yolo_msg_egg
[ 20%] [32m[1mLinking C shared library libyolo_msg__rosidl_generator_c.so[0m
[ 20%] Built target yolo_msg__rosidl_generator_c
[ 23%] [34m[1mGenerating C type support for eProsima Fast-RTPS[0m
[ 25%] [34m[1mGenerating C introspection for ROS interfaces[0m
[ 28%] [34m[1mGenerating C type support dispatch for ROS interfaces[0m
[ 30%] [32mBuilding CXX object CMakeFiles/yolo_msg__rosidl_typesupport_cpp.dir/rosidl_typesupport_cpp/yolo_msg/msg/inference_result__type_support.cpp.o[0m
[ 33%] [32mBuilding CXX object CMakeFiles/yolo_msg__rosidl_typesupport_cpp.dir/rosidl_typesupport_cpp/yolo_msg/msg/yolov8_inference__type_support.cpp.o[0m
[ 35%] [32mBuilding CXX object CMakeFiles/yolo_msg__rosidl_typesupport_fastrtps_cpp.dir/rosidl_typesupport_fastrtps_cpp/yolo_msg/msg/detail/dds_fastrtps/inference_result__type_support.cpp.o[0m
[ 38%] [32mBuilding CXX object CMakeFiles/yolo_msg__rosidl_typesupport_fastrtps_cpp.dir/rosidl_typesupport_fastrtps_cpp/yolo_msg/msg/detail/dds_fastrtps/yolov8_inference__type_support.cpp.o[0m
[ 41%] [32mBuilding CXX object CMakeFiles/yolo_msg__rosidl_typesupport_introspection_cpp.dir/rosidl_typesupport_introspection_cpp/yolo_msg/msg/detail/yolov8_inference__type_support.cpp.o[0m
[ 43%] [32mBuilding CXX object CMakeFiles/yolo_msg__rosidl_typesupport_introspection_cpp.dir/rosidl_typesupport_introspection_cpp/yolo_msg/msg/detail/inference_result__type_support.cpp.o[0m
[ 46%] [32mBuilding C object CMakeFiles/yolo_msg__rosidl_typesupport_introspection_c.dir/rosidl_typesupport_introspection_c/yolo_msg/msg/detail/yolov8_inference__type_support.c.o[0m
[ 48%] [32mBuilding C object CMakeFiles/yolo_msg__rosidl_typesupport_introspection_c.dir/rosidl_typesupport_introspection_c/yolo_msg/msg/detail/inference_result__type_support.c.o[0m
[ 51%] [32m[1mLinking C shared library libyolo_msg__rosidl_typesupport_introspection_c.so[0m
[ 56%] [32mBuilding CXX object CMakeFiles/yolo_msg__rosidl_typesupport_fastrtps_c.dir/rosidl_typesupport_fastrtps_c/yolo_msg/msg/detail/yolov8_inference__type_support_c.cpp.o[0m
[ 56%] [32mBuilding CXX object CMakeFiles/yolo_msg__rosidl_typesupport_fastrtps_c.dir/rosidl_typesupport_fastrtps_c/yolo_msg/msg/detail/inference_result__type_support_c.cpp.o[0m
[ 58%] [32mBuilding CXX object CMakeFiles/yolo_msg__rosidl_typesupport_c.dir/rosidl_typesupport_c/yolo_msg/msg/inference_result__type_support.cpp.o[0m
[ 58%] Built target yolo_msg__rosidl_typesupport_introspection_c
[ 61%] [32mBuilding CXX object CMakeFiles/yolo_msg__rosidl_typesupport_c.dir/rosidl_typesupport_c/yolo_msg/msg/yolov8_inference__type_support.cpp.o[0m
[ 64%] [32m[1mLinking CXX shared library libyolo_msg__rosidl_typesupport_c.so[0m
[ 66%] [32m[1mLinking CXX shared library libyolo_msg__rosidl_typesupport_cpp.so[0m
[ 66%] Built target yolo_msg__rosidl_typesupport_c
[ 66%] Built target yolo_msg__rosidl_typesupport_cpp
[ 69%] [32m[1mLinking CXX shared library libyolo_msg__rosidl_typesupport_fastrtps_cpp.so[0m
[ 71%] [32m[1mLinking CXX shared library libyolo_msg__rosidl_typesupport_introspection_cpp.so[0m
[ 71%] Built target yolo_msg__rosidl_typesupport_fastrtps_cpp
[ 71%] Built target yolo_msg__rosidl_typesupport_introspection_cpp
[ 74%] [32m[1mLinking CXX shared library libyolo_msg__rosidl_typesupport_fastrtps_c.so[0m
[ 74%] Built target yolo_msg__rosidl_typesupport_fastrtps_c
[ 74%] Built target yolo_msg
[ 76%] [34m[1mGenerating Python code for ROS interfaces[0m
[ 76%] Built target yolo_msg__py
[ 79%] [32mBuilding C object CMakeFiles/yolo_msg__rosidl_generator_py.dir/rosidl_generator_py/yolo_msg/msg/_inference_result_s.c.o[0m
[ 82%] [32mBuilding C object CMakeFiles/yolo_msg__rosidl_generator_py.dir/rosidl_generator_py/yolo_msg/msg/_yolov8_inference_s.c.o[0m
[ 84%] [32m[1mLinking C shared library rosidl_generator_py/yolo_msg/libyolo_msg__rosidl_generator_py.so[0m
[ 84%] Built target yolo_msg__rosidl_generator_py
[ 89%] [32mBuilding C object CMakeFiles/yolo_msg__rosidl_typesupport_fastrtps_c__pyext.dir/rosidl_generator_py/yolo_msg/_yolo_msg_s.ep.rosidl_typesupport_fastrtps_c.c.o[0m
[ 89%] [32mBuilding C object CMakeFiles/yolo_msg__rosidl_typesupport_introspection_c__pyext.dir/rosidl_generator_py/yolo_msg/_yolo_msg_s.ep.rosidl_typesupport_introspection_c.c.o[0m
[ 92%] [32mBuilding C object CMakeFiles/yolo_msg__rosidl_typesupport_c__pyext.dir/rosidl_generator_py/yolo_msg/_yolo_msg_s.ep.rosidl_typesupport_c.c.o[0m
[100%] [32m[1mLinking C shared library rosidl_generator_py/yolo_msg/yolo_msg_s__rosidl_typesupport_introspection_c.cpython-310-x86_64-linux-gnu.so[0m
[100%] [32m[1mLinking C shared library rosidl_generator_py/yolo_msg/yolo_msg_s__rosidl_typesupport_fastrtps_c.cpython-310-x86_64-linux-gnu.so[0m
[100%] [32m[1mLinking C shared library rosidl_generator_py/yolo_msg/yolo_msg_s__rosidl_typesupport_c.cpython-310-x86_64-linux-gnu.so[0m
[100%] Built target yolo_msg__rosidl_typesupport_c__pyext
[100%] Built target yolo_msg__rosidl_typesupport_introspection_c__pyext
[100%] Built target yolo_msg__rosidl_typesupport_fastrtps_c__pyext
-- Install configuration: ""
-- Installing: /home/robertog/ros2_ws/install/yolo_msg/share/ament_index/resource_index/rosidl_interfaces/yolo_msg
-- Installing: /home/robertog/ros2_ws/install/yolo_msg/include/yolo_msg/yolo_msg
-- Installing: /home/robertog/ros2_ws/install/yolo_msg/include/yolo_msg/yolo_msg/msg
-- Installing: /home/robertog/ros2_ws/install/yolo_msg/include/yolo_msg/yolo_msg/msg/detail
-- Installing: /home/robertog/ros2_ws/install/yolo_msg/include/yolo_msg/yolo_msg/msg/detail/yolov8_inference__type_support.h
-- Installing: /home/robertog/ros2_ws/install/yolo_msg/include/yolo_msg/yolo_msg/msg/detail/inference_result__type_support.h
-- Installing: /home/robertog/ros2_ws/install/yolo_msg/include/yolo_msg/yolo_msg/msg/detail/inference_result__functions.c
-- Installing: /home/robertog/ros2_ws/install/yolo_msg/include/yolo_msg/yolo_msg/msg/detail/yolov8_inference__functions.c
-- Installing: /home/robertog/ros2_ws/install/yolo_msg/include/yolo_msg/yolo_msg/msg/detail/inference_result__struct.h
-- Installing: /home/robertog/ros2_ws/install/yolo_msg/include/yolo_msg/yolo_msg/msg/detail/inference_result__functions.h
-- Installing: /home/robertog/ros2_ws/install/yolo_msg/include/yolo_msg/yolo_msg/msg/detail/yolov8_inference__functions.h
-- Installing: /home/robertog/ros2_ws/install/yolo_msg/include/yolo_msg/yolo_msg/msg/detail/yolov8_inference__struct.h
-- Installing: /home/robertog/ros2_ws/install/yolo_msg/include/yolo_msg/yolo_msg/msg/yolov8_inference.h
-- Installing: /home/robertog/ros2_ws/install/yolo_msg/include/yolo_msg/yolo_msg/msg/rosidl_generator_c__visibility_control.h
-- Installing: /home/robertog/ros2_ws/install/yolo_msg/include/yolo_msg/yolo_msg/msg/inference_result.h
-- Installing: /home/robertog/ros2_ws/install/yolo_msg/share/yolo_msg/environment/library_path.sh
-- Installing: /home/robertog/ros2_ws/install/yolo_msg/share/yolo_msg/environment/library_path.dsv
-- Installing: /home/robertog/ros2_ws/install/yolo_msg/lib/libyolo_msg__rosidl_generator_c.so
-- Set runtime path of "/home/robertog/ros2_ws/install/yolo_msg/lib/libyolo_msg__rosidl_generator_c.so" to ""
-- Up-to-date: /home/robertog/ros2_ws/install/yolo_msg/include/yolo_msg/yolo_msg
-- Up-to-date: /home/robertog/ros2_ws/install/yolo_msg/include/yolo_msg/yolo_msg/msg
-- Up-to-date: /home/robertog/ros2_ws/install/yolo_msg/include/yolo_msg/yolo_msg/msg/detail
-- Installing: /home/robertog/ros2_ws/install/yolo_msg/include/yolo_msg/yolo_msg/msg/detail/yolov8_inference__rosidl_typesupport_fastrtps_c.h
-- Installing: /home/robertog/ros2_ws/install/yolo_msg/include/yolo_msg/yolo_msg/msg/detail/inference_result__rosidl_typesupport_fastrtps_c.h
-- Installing: /home/robertog/ros2_ws/install/yolo_msg/include/yolo_msg/yolo_msg/msg/rosidl_typesupport_fastrtps_c__visibility_control.h
-- Installing: /home/robertog/ros2_ws/install/yolo_msg/lib/libyolo_msg__rosidl_typesupport_fastrtps_c.so
-- Set runtime path of "/home/robertog/ros2_ws/install/yolo_msg/lib/libyolo_msg__rosidl_typesupport_fastrtps_c.so" to ""
-- Up-to-date: /home/robertog/ros2_ws/install/yolo_msg/include/yolo_msg/yolo_msg
-- Up-to-date: /home/robertog/ros2_ws/install/yolo_msg/include/yolo_msg/yolo_msg/msg
-- Up-to-date: /home/robertog/ros2_ws/install/yolo_msg/include/yolo_msg/yolo_msg/msg/detail
-- Installing: /home/robertog/ros2_ws/install/yolo_msg/include/yolo_msg/yolo_msg/msg/detail/inference_result__builder.hpp
-- Installing: /home/robertog/ros2_ws/install/yolo_msg/include/yolo_msg/yolo_msg/msg/detail/inference_result__struct.hpp
-- Installing: /home/robertog/ros2_ws/install/yolo_msg/include/yolo_msg/yolo_msg/msg/detail/yolov8_inference__builder.hpp
-- Installing: /home/robertog/ros2_ws/install/yolo_msg/include/yolo_msg/yolo_msg/msg/detail/inference_result__traits.hpp
-- Installing: /home/robertog/ros2_ws/install/yolo_msg/include/yolo_msg/yolo_msg/msg/detail/yolov8_inference__traits.hpp
-- Installing: /home/robertog/ros2_ws/install/yolo_msg/include/yolo_msg/yolo_msg/msg/detail/yolov8_inference__struct.hpp
-- Installing: /home/robertog/ros2_ws/install/yolo_msg/include/yolo_msg/yolo_msg/msg/yolov8_inference.hpp
-- Installing: /home/robertog/ros2_ws/install/yolo_msg/include/yolo_msg/yolo_msg/msg/inference_result.hpp
-- Up-to-date: /home/robertog/ros2_ws/install/yolo_msg/include/yolo_msg/yolo_msg
-- Up-to-date: /home/robertog/ros2_ws/install/yolo_msg/include/yolo_msg/yolo_msg/msg
-- Up-to-date: /home/robertog/ros2_ws/install/yolo_msg/include/yolo_msg/yolo_msg/msg/detail
-- Installing: /home/robertog/ros2_ws/install/yolo_msg/include/yolo_msg/yolo_msg/msg/detail/dds_fastrtps
-- Installing: /home/robertog/ros2_ws/install/yolo_msg/include/yolo_msg/yolo_msg/msg/detail/inference_result__rosidl_typesupport_fastrtps_cpp.hpp
-- Installing: /home/robertog/ros2_ws/install/yolo_msg/include/yolo_msg/yolo_msg/msg/detail/yolov8_inference__rosidl_typesupport_fastrtps_cpp.hpp
-- Installing: /home/robertog/ros2_ws/install/yolo_msg/include/yolo_msg/yolo_msg/msg/rosidl_typesupport_fastrtps_cpp__visibility_control.h
-- Installing: /home/robertog/ros2_ws/install/yolo_msg/lib/libyolo_msg__rosidl_typesupport_fastrtps_cpp.so
-- Set runtime path of "/home/robertog/ros2_ws/install/yolo_msg/lib/libyolo_msg__rosidl_typesupport_fastrtps_cpp.so" to ""
-- Up-to-date: /home/robertog/ros2_ws/install/yolo_msg/include/yolo_msg/yolo_msg
-- Up-to-date: /home/robertog/ros2_ws/install/yolo_msg/include/yolo_msg/yolo_msg/msg
-- Up-to-date: /home/robertog/ros2_ws/install/yolo_msg/include/yolo_msg/yolo_msg/msg/detail
-- Installing: /home/robertog/ros2_ws/install/yolo_msg/include/yolo_msg/yolo_msg/msg/detail/yolov8_inference__rosidl_typesupport_introspection_c.h
-- Installing: /home/robertog/ros2_ws/install/yolo_msg/include/yolo_msg/yolo_msg/msg/detail/inference_result__rosidl_typesupport_introspection_c.h
-- Installing: /home/robertog/ros2_ws/install/yolo_msg/include/yolo_msg/yolo_msg/msg/detail/yolov8_inference__type_support.c
-- Installing: /home/robertog/ros2_ws/install/yolo_msg/include/yolo_msg/yolo_msg/msg/detail/inference_result__type_support.c
-- Installing: /home/robertog/ros2_ws/install/yolo_msg/include/yolo_msg/yolo_msg/msg/rosidl_typesupport_introspection_c__visibility_control.h
-- Installing: /home/robertog/ros2_ws/install/yolo_msg/lib/libyolo_msg__rosidl_typesupport_introspection_c.so
-- Set runtime path of "/home/robertog/ros2_ws/install/yolo_msg/lib/libyolo_msg__rosidl_typesupport_introspection_c.so" to ""
-- Installing: /home/robertog/ros2_ws/install/yolo_msg/lib/libyolo_msg__rosidl_typesupport_c.so
-- Set runtime path of "/home/robertog/ros2_ws/install/yolo_msg/lib/libyolo_msg__rosidl_typesupport_c.so" to ""
-- Up-to-date: /home/robertog/ros2_ws/install/yolo_msg/include/yolo_msg/yolo_msg
-- Up-to-date: /home/robertog/ros2_ws/install/yolo_msg/include/yolo_msg/yolo_msg/msg
-- Up-to-date: /home/robertog/ros2_ws/install/yolo_msg/include/yolo_msg/yolo_msg/msg/detail
-- Installing: /home/robertog/ros2_ws/install/yolo_msg/include/yolo_msg/yolo_msg/msg/detail/inference_result__type_support.cpp
-- Installing: /home/robertog/ros2_ws/install/yolo_msg/include/yolo_msg/yolo_msg/msg/detail/yolov8_inference__rosidl_typesupport_introspection_cpp.hpp
-- Installing: /home/robertog/ros2_ws/install/yolo_msg/include/yolo_msg/yolo_msg/msg/detail/inference_result__rosidl_typesupport_introspection_cpp.hpp
-- Installing: /home/robertog/ros2_ws/install/yolo_msg/include/yolo_msg/yolo_msg/msg/detail/yolov8_inference__type_support.cpp
-- Installing: /home/robertog/ros2_ws/install/yolo_msg/lib/libyolo_msg__rosidl_typesupport_introspection_cpp.so
-- Set runtime path of "/home/robertog/ros2_ws/install/yolo_msg/lib/libyolo_msg__rosidl_typesupport_introspection_cpp.so" to ""
-- Installing: /home/robertog/ros2_ws/install/yolo_msg/lib/libyolo_msg__rosidl_typesupport_cpp.so
-- Set runtime path of "/home/robertog/ros2_ws/install/yolo_msg/lib/libyolo_msg__rosidl_typesupport_cpp.so" to ""
-- Installing: /home/robertog/ros2_ws/install/yolo_msg/share/yolo_msg/environment/pythonpath.sh
-- Installing: /home/robertog/ros2_ws/install/yolo_msg/share/yolo_msg/environment/pythonpath.dsv
-- Installing: /home/robertog/ros2_ws/install/yolo_msg/local/lib/python3.10/dist-packages/yolo_msg-0.0.0-py3.10.egg-info
-- Installing: /home/robertog/ros2_ws/install/yolo_msg/local/lib/python3.10/dist-packages/yolo_msg-0.0.0-py3.10.egg-info/top_level.txt
-- Installing: /home/robertog/ros2_ws/install/yolo_msg/local/lib/python3.10/dist-packages/yolo_msg-0.0.0-py3.10.egg-info/dependency_links.txt
-- Installing: /home/robertog/ros2_ws/install/yolo_msg/local/lib/python3.10/dist-packages/yolo_msg-0.0.0-py3.10.egg-info/PKG-INFO
-- Installing: /home/robertog/ros2_ws/install/yolo_msg/local/lib/python3.10/dist-packages/yolo_msg-0.0.0-py3.10.egg-info/SOURCES.txt
-- Installing: /home/robertog/ros2_ws/install/yolo_msg/local/lib/python3.10/dist-packages/yolo_msg
-- Installing: /home/robertog/ros2_ws/install/yolo_msg/local/lib/python3.10/dist-packages/yolo_msg/__init__.py
-- Installing: /home/robertog/ros2_ws/install/yolo_msg/local/lib/python3.10/dist-packages/yolo_msg/yolo_msg_s__rosidl_typesupport_c.cpython-310-x86_64-linux-gnu.so
-- Installing: /home/robertog/ros2_ws/install/yolo_msg/local/lib/python3.10/dist-packages/yolo_msg/yolo_msg_s__rosidl_typesupport_introspection_c.cpython-310-x86_64-linux-gnu.so
-- Installing: /home/robertog/ros2_ws/install/yolo_msg/local/lib/python3.10/dist-packages/yolo_msg/_yolo_msg_s.ep.rosidl_typesupport_c.c
-- Installing: /home/robertog/ros2_ws/install/yolo_msg/local/lib/python3.10/dist-packages/yolo_msg/yolo_msg_s__rosidl_typesupport_fastrtps_c.cpython-310-x86_64-linux-gnu.so
-- Installing: /home/robertog/ros2_ws/install/yolo_msg/local/lib/python3.10/dist-packages/yolo_msg/_yolo_msg_s.ep.rosidl_typesupport_fastrtps_c.c
-- Installing: /home/robertog/ros2_ws/install/yolo_msg/local/lib/python3.10/dist-packages/yolo_msg/_yolo_msg_s.ep.rosidl_typesupport_introspection_c.c
-- Installing: /home/robertog/ros2_ws/install/yolo_msg/local/lib/python3.10/dist-packages/yolo_msg/msg
-- Installing: /home/robertog/ros2_ws/install/yolo_msg/local/lib/python3.10/dist-packages/yolo_msg/msg/__init__.py
-- Installing: /home/robertog/ros2_ws/install/yolo_msg/local/lib/python3.10/dist-packages/yolo_msg/msg/_yolov8_inference_s.c
-- Installing: /home/robertog/ros2_ws/install/yolo_msg/local/lib/python3.10/dist-packages/yolo_msg/msg/_inference_result_s.c
-- Installing: /home/robertog/ros2_ws/install/yolo_msg/local/lib/python3.10/dist-packages/yolo_msg/msg/_inference_result.py
-- Installing: /home/robertog/ros2_ws/install/yolo_msg/local/lib/python3.10/dist-packages/yolo_msg/msg/_yolov8_inference.py
-- Installing: /home/robertog/ros2_ws/install/yolo_msg/local/lib/python3.10/dist-packages/yolo_msg/libyolo_msg__rosidl_generator_py.so
Listing '/home/robertog/ros2_ws/install/yolo_msg/local/lib/python3.10/dist-packages/yolo_msg'...
Compiling '/home/robertog/ros2_ws/install/yolo_msg/local/lib/python3.10/dist-packages/yolo_msg/__init__.py'...
Listing '/home/robertog/ros2_ws/install/yolo_msg/local/lib/python3.10/dist-packages/yolo_msg/msg'...
Compiling '/home/robertog/ros2_ws/install/yolo_msg/local/lib/python3.10/dist-packages/yolo_msg/msg/__init__.py'...
Compiling '/home/robertog/ros2_ws/install/yolo_msg/local/lib/python3.10/dist-packages/yolo_msg/msg/_inference_result.py'...
Compiling '/home/robertog/ros2_ws/install/yolo_msg/local/lib/python3.10/dist-packages/yolo_msg/msg/_yolov8_inference.py'...
-- Installing: /home/robertog/ros2_ws/install/yolo_msg/local/lib/python3.10/dist-packages/yolo_msg/yolo_msg_s__rosidl_typesupport_fastrtps_c.cpython-310-x86_64-linux-gnu.so
-- Set runtime path of "/home/robertog/ros2_ws/install/yolo_msg/local/lib/python3.10/dist-packages/yolo_msg/yolo_msg_s__rosidl_typesupport_fastrtps_c.cpython-310-x86_64-linux-gnu.so" to ""
-- Installing: /home/robertog/ros2_ws/install/yolo_msg/local/lib/python3.10/dist-packages/yolo_msg/yolo_msg_s__rosidl_typesupport_introspection_c.cpython-310-x86_64-linux-gnu.so
-- Set runtime path of "/home/robertog/ros2_ws/install/yolo_msg/local/lib/python3.10/dist-packages/yolo_msg/yolo_msg_s__rosidl_typesupport_introspection_c.cpython-310-x86_64-linux-gnu.so" to ""
-- Installing: /home/robertog/ros2_ws/install/yolo_msg/local/lib/python3.10/dist-packages/yolo_msg/yolo_msg_s__rosidl_typesupport_c.cpython-310-x86_64-linux-gnu.so
-- Set runtime path of "/home/robertog/ros2_ws/install/yolo_msg/local/lib/python3.10/dist-packages/yolo_msg/yolo_msg_s__rosidl_typesupport_c.cpython-310-x86_64-linux-gnu.so" to ""
-- Installing: /home/robertog/ros2_ws/install/yolo_msg/lib/libyolo_msg__rosidl_generator_py.so
-- Set runtime path of "/home/robertog/ros2_ws/install/yolo_msg/lib/libyolo_msg__rosidl_generator_py.so" to ""
-- Installing: /home/robertog/ros2_ws/install/yolo_msg/share/yolo_msg/msg/InferenceResult.idl
-- Installing: /home/robertog/ros2_ws/install/yolo_msg/share/yolo_msg/msg/Yolov8Inference.idl
-- Installing: /home/robertog/ros2_ws/install/yolo_msg/share/yolo_msg/msg/InferenceResult.msg
-- Installing: /home/robertog/ros2_ws/install/yolo_msg/share/yolo_msg/msg/Yolov8Inference.msg
-- Installing: /home/robertog/ros2_ws/install/yolo_msg/share/ament_index/resource_index/package_run_dependencies/yolo_msg
-- Installing: /home/robertog/ros2_ws/install/yolo_msg/share/ament_index/resource_index/parent_prefix_path/yolo_msg
-- Installing: /home/robertog/ros2_ws/install/yolo_msg/share/yolo_msg/environment/ament_prefix_path.sh
-- Installing: /home/robertog/ros2_ws/install/yolo_msg/share/yolo_msg/environment/ament_prefix_path.dsv
-- Installing: /home/robertog/ros2_ws/install/yolo_msg/share/yolo_msg/environment/path.sh
-- Installing: /home/robertog/ros2_ws/install/yolo_msg/share/yolo_msg/environment/path.dsv
-- Installing: /home/robertog/ros2_ws/install/yolo_msg/share/yolo_msg/local_setup.bash
-- Installing: /home/robertog/ros2_ws/install/yolo_msg/share/yolo_msg/local_setup.sh
-- Installing: /home/robertog/ros2_ws/install/yolo_msg/share/yolo_msg/local_setup.zsh
-- Installing: /home/robertog/ros2_ws/install/yolo_msg/share/yolo_msg/local_setup.dsv
-- Installing: /home/robertog/ros2_ws/install/yolo_msg/share/yolo_msg/package.dsv
-- Installing: /home/robertog/ros2_ws/install/yolo_msg/share/ament_index/resource_index/packages/yolo_msg
-- Installing: /home/robertog/ros2_ws/install/yolo_msg/share/yolo_msg/cmake/export_yolo_msg__rosidl_generator_cExport.cmake
-- Installing: /home/robertog/ros2_ws/install/yolo_msg/share/yolo_msg/cmake/export_yolo_msg__rosidl_generator_cExport-noconfig.cmake
-- Installing: /home/robertog/ros2_ws/install/yolo_msg/share/yolo_msg/cmake/export_yolo_msg__rosidl_typesupport_fastrtps_cExport.cmake
-- Installing: /home/robertog/ros2_ws/install/yolo_msg/share/yolo_msg/cmake/export_yolo_msg__rosidl_typesupport_fastrtps_cExport-noconfig.cmake
-- Installing: /home/robertog/ros2_ws/install/yolo_msg/share/yolo_msg/cmake/export_yolo_msg__rosidl_generator_cppExport.cmake
-- Installing: /home/robertog/ros2_ws/install/yolo_msg/share/yolo_msg/cmake/export_yolo_msg__rosidl_typesupport_fastrtps_cppExport.cmake
-- Installing: /home/robertog/ros2_ws/install/yolo_msg/share/yolo_msg/cmake/export_yolo_msg__rosidl_typesupport_fastrtps_cppExport-noconfig.cmake
-- Installing: /home/robertog/ros2_ws/install/yolo_msg/share/yolo_msg/cmake/yolo_msg__rosidl_typesupport_introspection_cExport.cmake
-- Installing: /home/robertog/ros2_ws/install/yolo_msg/share/yolo_msg/cmake/yolo_msg__rosidl_typesupport_introspection_cExport-noconfig.cmake
-- Installing: /home/robertog/ros2_ws/install/yolo_msg/share/yolo_msg/cmake/yolo_msg__rosidl_typesupport_cExport.cmake
-- Installing: /home/robertog/ros2_ws/install/yolo_msg/share/yolo_msg/cmake/yolo_msg__rosidl_typesupport_cExport-noconfig.cmake
-- Installing: /home/robertog/ros2_ws/install/yolo_msg/share/yolo_msg/cmake/yolo_msg__rosidl_typesupport_introspection_cppExport.cmake
-- Installing: /home/robertog/ros2_ws/install/yolo_msg/share/yolo_msg/cmake/yolo_msg__rosidl_typesupport_introspection_cppExport-noconfig.cmake
-- Installing: /home/robertog/ros2_ws/install/yolo_msg/share/yolo_msg/cmake/yolo_msg__rosidl_typesupport_cppExport.cmake
-- Installing: /home/robertog/ros2_ws/install/yolo_msg/share/yolo_msg/cmake/yolo_msg__rosidl_typesupport_cppExport-noconfig.cmake
-- Installing: /home/robertog/ros2_ws/install/yolo_msg/share/yolo_msg/cmake/export_yolo_msg__rosidl_generator_pyExport.cmake
-- Installing: /home/robertog/ros2_ws/install/yolo_msg/share/yolo_msg/cmake/export_yolo_msg__rosidl_generator_pyExport-noconfig.cmake
-- Installing: /home/robertog/ros2_ws/install/yolo_msg/share/yolo_msg/cmake/rosidl_cmake-extras.cmake
-- Installing: /home/robertog/ros2_ws/install/yolo_msg/share/yolo_msg/cmake/ament_cmake_export_dependencies-extras.cmake
-- Installing: /home/robertog/ros2_ws/install/yolo_msg/share/yolo_msg/cmake/ament_cmake_export_include_directories-extras.cmake
-- Installing: /home/robertog/ros2_ws/install/yolo_msg/share/yolo_msg/cmake/ament_cmake_export_libraries-extras.cmake
-- Installing: /home/robertog/ros2_ws/install/yolo_msg/share/yolo_msg/cmake/ament_cmake_export_targets-extras.cmake
-- Installing: /home/robertog/ros2_ws/install/yolo_msg/share/yolo_msg/cmake/rosidl_cmake_export_typesupport_targets-extras.cmake
-- Installing: /home/robertog/ros2_ws/install/yolo_msg/share/yolo_msg/cmake/rosidl_cmake_export_typesupport_libraries-extras.cmake
-- Installing: /home/robertog/ros2_ws/install/yolo_msg/share/yolo_msg/cmake/yolo_msgConfig.cmake
-- Installing: /home/robertog/ros2_ws/install/yolo_msg/share/yolo_msg/cmake/yolo_msgConfig-version.cmake
-- Installing: /home/robertog/ros2_ws/install/yolo_msg/share/yolo_msg/package.xml
