[0.777s] Invoking command in '/home/robertog/ros2_ws/src/dataset': PYTHONPATH=/home/robertog/ros2_ws/build/dataset/prefix_override:/home/robertog/ros2_ws/install/dataset/lib/python3.10/site-packages:${PYTHONPATH} /usr/bin/python3 -W ignore:setup.py install is deprecated setup.py egg_info --egg-base ../../build/dataset build --build-base /home/robertog/ros2_ws/build/dataset/build install --record /home/robertog/ros2_ws/build/dataset/install.log --single-version-externally-managed install_data
[1.091s] running egg_info
[1.091s] writing ../../build/dataset/dataset.egg-info/PKG-INFO
[1.092s] writing dependency_links to ../../build/dataset/dataset.egg-info/dependency_links.txt
[1.092s] writing entry points to ../../build/dataset/dataset.egg-info/entry_points.txt
[1.092s] writing requirements to ../../build/dataset/dataset.egg-info/requires.txt
[1.092s] writing top-level names to ../../build/dataset/dataset.egg-info/top_level.txt
[1.094s] reading manifest file '../../build/dataset/dataset.egg-info/SOURCES.txt'
[1.095s] writing manifest file '../../build/dataset/dataset.egg-info/SOURCES.txt'
[1.095s] running build
[1.095s] running build_py
[1.095s] copying dataset/save_images.py -> /home/robertog/ros2_ws/build/dataset/build/lib/dataset
[1.096s] running install
[1.096s] running install_lib
[1.097s] copying /home/robertog/ros2_ws/build/dataset/build/lib/dataset/save_images.py -> /home/robertog/ros2_ws/install/dataset/lib/python3.10/site-packages/dataset
[1.098s] byte-compiling /home/robertog/ros2_ws/install/dataset/lib/python3.10/site-packages/dataset/save_images.py to save_images.cpython-310.pyc
[1.098s] running install_data
[1.099s] running install_egg_info
[1.100s] removing '/home/robertog/ros2_ws/install/dataset/lib/python3.10/site-packages/dataset-0.0.0-py3.10.egg-info' (and everything under it)
[1.101s] Copying ../../build/dataset/dataset.egg-info to /home/robertog/ros2_ws/install/dataset/lib/python3.10/site-packages/dataset-0.0.0-py3.10.egg-info
[1.102s] running install_scripts
[1.126s] Installing save_images script to /home/robertog/ros2_ws/install/dataset/lib/dataset
[1.126s] writing list of installed files to '/home/robertog/ros2_ws/build/dataset/install.log'
[1.157s] Invoked command in '/home/robertog/ros2_ws/src/dataset' returned '0': PYTHONPATH=/home/robertog/ros2_ws/build/dataset/prefix_override:/home/robertog/ros2_ws/install/dataset/lib/python3.10/site-packages:${PYTHONPATH} /usr/bin/python3 -W ignore:setup.py install is deprecated setup.py egg_info --egg-base ../../build/dataset build --build-base /home/robertog/ros2_ws/build/dataset/build install --record /home/robertog/ros2_ws/build/dataset/install.log --single-version-externally-managed install_data
