[1.557s] Invoking command in '/home/robertog/ros2_ws/src/yolov8_ros2': PYTHONPATH=/home/robertog/ros2_ws/build/yolov8_ros2/prefix_override:/home/robertog/ros2_ws/install/yolov8_ros2/lib/python3.10/site-packages:${PYTHONPATH} /usr/bin/python3 -W ignore:setup.py install is deprecated setup.py egg_info --egg-base ../../build/yolov8_ros2 build --build-base /home/robertog/ros2_ws/build/yolov8_ros2/build install --record /home/robertog/ros2_ws/build/yolov8_ros2/install.log --single-version-externally-managed install_data
[1.620s] running egg_info
[1.620s] writing ../../build/yolov8_ros2/yolov8_ros2.egg-info/PKG-INFO
[1.620s] writing dependency_links to ../../build/yolov8_ros2/yolov8_ros2.egg-info/dependency_links.txt
[1.620s] writing entry points to ../../build/yolov8_ros2/yolov8_ros2.egg-info/entry_points.txt
[1.620s] writing requirements to ../../build/yolov8_ros2/yolov8_ros2.egg-info/requires.txt
[1.620s] writing top-level names to ../../build/yolov8_ros2/yolov8_ros2.egg-info/top_level.txt
[1.620s] reading manifest file '../../build/yolov8_ros2/yolov8_ros2.egg-info/SOURCES.txt'
[1.620s] adding license file 'LICENSE'
[1.620s] writing manifest file '../../build/yolov8_ros2/yolov8_ros2.egg-info/SOURCES.txt'
[1.620s] running build
[1.620s] running install
[1.620s] running install_data
[1.620s] running install_egg_info
[1.621s] removing '/home/robertog/ros2_ws/install/yolov8_ros2/lib/python3.10/site-packages/yolov8_ros2-0.0.0-py3.10.egg-info' (and everything under it)
[1.621s] Copying ../../build/yolov8_ros2/yolov8_ros2.egg-info to /home/robertog/ros2_ws/install/yolov8_ros2/lib/python3.10/site-packages/yolov8_ros2-0.0.0-py3.10.egg-info
[1.621s] running install_scripts
[1.625s] Installing yolov8_recognition script to /home/robertog/ros2_ws/install/yolov8_ros2/lib/yolov8_ros2
[1.625s] writing list of installed files to '/home/robertog/ros2_ws/build/yolov8_ros2/install.log'
[1.661s] Invoked command in '/home/robertog/ros2_ws/src/yolov8_ros2' returned '0': PYTHONPATH=/home/robertog/ros2_ws/build/yolov8_ros2/prefix_override:/home/robertog/ros2_ws/install/yolov8_ros2/lib/python3.10/site-packages:${PYTHONPATH} /usr/bin/python3 -W ignore:setup.py install is deprecated setup.py egg_info --egg-base ../../build/yolov8_ros2 build --build-base /home/robertog/ros2_ws/build/yolov8_ros2/build install --record /home/robertog/ros2_ws/build/yolov8_ros2/install.log --single-version-externally-managed install_data
