[3.802s] Invoking command in '/home/robertog/ros2_ws/src/gtg_ao': PYTHONPATH=/home/robertog/ros2_ws/build/gtg_ao/prefix_override:/home/robertog/ros2_ws/install/gtg_ao/lib/python3.10/site-packages:${PYTHONPATH} /usr/bin/python3 -W ignore:setup.py install is deprecated setup.py egg_info --egg-base ../../build/gtg_ao build --build-base /home/robertog/ros2_ws/build/gtg_ao/build install --record /home/robertog/ros2_ws/build/gtg_ao/install.log --single-version-externally-managed install_data
[4.329s] running egg_info
[4.330s] writing ../../build/gtg_ao/gtg_ao.egg-info/PKG-INFO
[4.332s] writing dependency_links to ../../build/gtg_ao/gtg_ao.egg-info/dependency_links.txt
[4.333s] writing entry points to ../../build/gtg_ao/gtg_ao.egg-info/entry_points.txt
[4.334s] writing requirements to ../../build/gtg_ao/gtg_ao.egg-info/requires.txt
[4.335s] writing top-level names to ../../build/gtg_ao/gtg_ao.egg-info/top_level.txt
[4.343s] reading manifest file '../../build/gtg_ao/gtg_ao.egg-info/SOURCES.txt'
[4.346s] writing manifest file '../../build/gtg_ao/gtg_ao.egg-info/SOURCES.txt'
[4.346s] running build
[4.347s] running build_py
[4.350s] copying gtg_ao/go_to_goal.py -> /home/robertog/ros2_ws/build/gtg_ao/build/lib/gtg_ao
[4.353s] running install
[4.354s] running install_lib
[4.360s] copying /home/robertog/ros2_ws/build/gtg_ao/build/lib/gtg_ao/go_to_goal.py -> /home/robertog/ros2_ws/install/gtg_ao/lib/python3.10/site-packages/gtg_ao
[4.363s] byte-compiling /home/robertog/ros2_ws/install/gtg_ao/lib/python3.10/site-packages/gtg_ao/go_to_goal.py to go_to_goal.cpython-310.pyc
[4.371s] running install_data
[4.379s] running install_egg_info
[4.382s] removing '/home/robertog/ros2_ws/install/gtg_ao/lib/python3.10/site-packages/gtg_ao-0.0.0-py3.10.egg-info' (and everything under it)
[4.386s] Copying ../../build/gtg_ao/gtg_ao.egg-info to /home/robertog/ros2_ws/install/gtg_ao/lib/python3.10/site-packages/gtg_ao-0.0.0-py3.10.egg-info
[4.388s] running install_scripts
[4.443s] Installing avoid_obstacles script to /home/robertog/ros2_ws/install/gtg_ao/lib/gtg_ao
[4.446s] Installing go_to_goal script to /home/robertog/ros2_ws/install/gtg_ao/lib/gtg_ao
[4.447s] writing list of installed files to '/home/robertog/ros2_ws/build/gtg_ao/install.log'
[4.761s] Invoked command in '/home/robertog/ros2_ws/src/gtg_ao' returned '0': PYTHONPATH=/home/robertog/ros2_ws/build/gtg_ao/prefix_override:/home/robertog/ros2_ws/install/gtg_ao/lib/python3.10/site-packages:${PYTHONPATH} /usr/bin/python3 -W ignore:setup.py install is deprecated setup.py egg_info --egg-base ../../build/gtg_ao build --build-base /home/robertog/ros2_ws/build/gtg_ao/build install --record /home/robertog/ros2_ws/build/gtg_ao/install.log --single-version-externally-managed install_data
