[1.473s] Invoking command in '/home/robertog/ros2_ws/src/minichallenge4': PYTHONPATH=/home/robertog/ros2_ws/build/minichallenge4/prefix_override:/home/robertog/ros2_ws/install/minichallenge4/lib/python3.10/site-packages:${PYTHONPATH} /usr/bin/python3 -W ignore:setup.py install is deprecated setup.py egg_info --egg-base ../../build/minichallenge4 build --build-base /home/robertog/ros2_ws/build/minichallenge4/build install --record /home/robertog/ros2_ws/build/minichallenge4/install.log --single-version-externally-managed install_data
[1.970s] running egg_info
[1.970s] writing ../../build/minichallenge4/minichallenge4.egg-info/PKG-INFO
[1.970s] writing dependency_links to ../../build/minichallenge4/minichallenge4.egg-info/dependency_links.txt
[1.970s] writing entry points to ../../build/minichallenge4/minichallenge4.egg-info/entry_points.txt
[1.970s] writing requirements to ../../build/minichallenge4/minichallenge4.egg-info/requires.txt
[1.970s] writing top-level names to ../../build/minichallenge4/minichallenge4.egg-info/top_level.txt
[1.971s] reading manifest file '../../build/minichallenge4/minichallenge4.egg-info/SOURCES.txt'
[1.971s] adding license file 'LICENSE'
[1.971s] writing manifest file '../../build/minichallenge4/minichallenge4.egg-info/SOURCES.txt'
[1.971s] running build
[1.971s] running build_py
[1.972s] running install
[1.972s] running install_lib
[1.972s] running install_data
[1.972s] running install_egg_info
[1.972s] removing '/home/robertog/ros2_ws/install/minichallenge4/lib/python3.10/site-packages/minichallenge4-0.0.0-py3.10.egg-info' (and everything under it)
[1.972s] Copying ../../build/minichallenge4/minichallenge4.egg-info to /home/robertog/ros2_ws/install/minichallenge4/lib/python3.10/site-packages/minichallenge4-0.0.0-py3.10.egg-info
[1.973s] running install_scripts
[1.973s] Installing traffic_lights script to /home/robertog/ros2_ws/install/minichallenge4/lib/minichallenge4
[1.973s] writing list of installed files to '/home/robertog/ros2_ws/build/minichallenge4/install.log'
[2.001s] Invoked command in '/home/robertog/ros2_ws/src/minichallenge4' returned '0': PYTHONPATH=/home/robertog/ros2_ws/build/minichallenge4/prefix_override:/home/robertog/ros2_ws/install/minichallenge4/lib/python3.10/site-packages:${PYTHONPATH} /usr/bin/python3 -W ignore:setup.py install is deprecated setup.py egg_info --egg-base ../../build/minichallenge4 build --build-base /home/robertog/ros2_ws/build/minichallenge4/build install --record /home/robertog/ros2_ws/build/minichallenge4/install.log --single-version-externally-managed install_data
