[0.123s] DEBUG:colcon:Command line arguments: ['/usr/bin/colcon', 'build']
[0.123s] DEBUG:colcon:Parsed command line arguments: Namespace(log_base=None, log_level=None, verb_name='build', build_base='build', install_base='install', merge_install=False, symlink_install=False, test_result_base=None, continue_on_error=False, executor='parallel', parallel_workers=12, event_handlers=None, ignore_user_meta=False, metas=['./colcon.meta'], base_paths=['.'], packages_ignore=None, packages_ignore_regex=None, paths=None, packages_up_to=None, packages_up_to_regex=None, packages_above=None, packages_above_and_dependencies=None, packages_above_depth=None, packages_select_by_dep=None, packages_skip_by_dep=None, packages_skip_up_to=None, packages_select_build_failed=False, packages_skip_build_finished=False, packages_select_test_failures=False, packages_skip_test_passed=False, packages_select=None, packages_skip=None, packages_select_regex=None, packages_skip_regex=None, packages_start=None, packages_end=None, allow_overriding=[], cmake_args=None, cmake_target=None, cmake_target_skip_unavailable=False, cmake_clean_cache=False, cmake_clean_first=False, cmake_force_configure=False, ament_cmake_args=None, catkin_cmake_args=None, catkin_skip_building_tests=False, mixin_files=None, mixin=None, verb_parser=<colcon_mixin.mixin.mixin_argument.MixinArgumentDecorator object at 0x78c4af12a290>, verb_extension=<colcon_core.verb.build.BuildVerb object at 0x78c4af29fbe0>, main=<bound method BuildVerb.main of <colcon_core.verb.build.BuildVerb object at 0x78c4af29fbe0>>, mixin_verb=('build',))
[0.292s] Level 1:colcon.colcon_core.package_discovery:discover_packages(colcon_meta) check parameters
[0.292s] Level 1:colcon.colcon_core.package_discovery:discover_packages(recursive) check parameters
[0.292s] Level 1:colcon.colcon_core.package_discovery:discover_packages(ignore) check parameters
[0.292s] Level 1:colcon.colcon_core.package_discovery:discover_packages(path) check parameters
[0.292s] Level 1:colcon.colcon_core.package_discovery:discover_packages(colcon_meta) discover
[0.292s] Level 1:colcon.colcon_core.package_discovery:discover_packages(recursive) discover
[0.293s] INFO:colcon.colcon_core.package_discovery:Crawling recursively for packages in '/home/robertog/ros2_ws'
[0.293s] Level 1:colcon.colcon_core.package_identification:_identify(.) by extensions ['ignore', 'ignore_ament_install']
[0.293s] Level 1:colcon.colcon_core.package_identification:_identify(.) by extension 'ignore'
[0.293s] Level 1:colcon.colcon_core.package_identification:_identify(.) by extension 'ignore_ament_install'
[0.293s] Level 1:colcon.colcon_core.package_identification:_identify(.) by extensions ['colcon_pkg']
[0.293s] Level 1:colcon.colcon_core.package_identification:_identify(.) by extension 'colcon_pkg'
[0.293s] Level 1:colcon.colcon_core.package_identification:_identify(.) by extensions ['colcon_meta']
[0.293s] Level 1:colcon.colcon_core.package_identification:_identify(.) by extension 'colcon_meta'
[0.293s] Level 1:colcon.colcon_core.package_identification:_identify(.) by extensions ['ros']
[0.293s] Level 1:colcon.colcon_core.package_identification:_identify(.) by extension 'ros'
[0.304s] Level 1:colcon.colcon_core.package_identification:_identify(.) by extensions ['cmake', 'python']
[0.304s] Level 1:colcon.colcon_core.package_identification:_identify(.) by extension 'cmake'
[0.304s] Level 1:colcon.colcon_core.package_identification:_identify(.) by extension 'python'
[0.304s] Level 1:colcon.colcon_core.package_identification:_identify(.) by extensions ['python_setup_py']
[0.304s] Level 1:colcon.colcon_core.package_identification:_identify(.) by extension 'python_setup_py'
[0.304s] Level 1:colcon.colcon_core.package_identification:_identify(build) by extensions ['ignore', 'ignore_ament_install']
[0.304s] Level 1:colcon.colcon_core.package_identification:_identify(build) by extension 'ignore'
[0.304s] Level 1:colcon.colcon_core.package_identification:_identify(build) ignored
[0.304s] Level 1:colcon.colcon_core.package_identification:_identify(install) by extensions ['ignore', 'ignore_ament_install']
[0.304s] Level 1:colcon.colcon_core.package_identification:_identify(install) by extension 'ignore'
[0.305s] Level 1:colcon.colcon_core.package_identification:_identify(install) ignored
[0.305s] Level 1:colcon.colcon_core.package_identification:_identify(log) by extensions ['ignore', 'ignore_ament_install']
[0.305s] Level 1:colcon.colcon_core.package_identification:_identify(log) by extension 'ignore'
[0.305s] Level 1:colcon.colcon_core.package_identification:_identify(log) ignored
[0.305s] Level 1:colcon.colcon_core.package_identification:_identify(src) by extensions ['ignore', 'ignore_ament_install']
[0.305s] Level 1:colcon.colcon_core.package_identification:_identify(src) by extension 'ignore'
[0.305s] Level 1:colcon.colcon_core.package_identification:_identify(src) by extension 'ignore_ament_install'
[0.305s] Level 1:colcon.colcon_core.package_identification:_identify(src) by extensions ['colcon_pkg']
[0.305s] Level 1:colcon.colcon_core.package_identification:_identify(src) by extension 'colcon_pkg'
[0.305s] Level 1:colcon.colcon_core.package_identification:_identify(src) by extensions ['colcon_meta']
[0.305s] Level 1:colcon.colcon_core.package_identification:_identify(src) by extension 'colcon_meta'
[0.305s] Level 1:colcon.colcon_core.package_identification:_identify(src) by extensions ['ros']
[0.305s] Level 1:colcon.colcon_core.package_identification:_identify(src) by extension 'ros'
[0.305s] Level 1:colcon.colcon_core.package_identification:_identify(src) by extensions ['cmake', 'python']
[0.305s] Level 1:colcon.colcon_core.package_identification:_identify(src) by extension 'cmake'
[0.305s] Level 1:colcon.colcon_core.package_identification:_identify(src) by extension 'python'
[0.305s] Level 1:colcon.colcon_core.package_identification:_identify(src) by extensions ['python_setup_py']
[0.305s] Level 1:colcon.colcon_core.package_identification:_identify(src) by extension 'python_setup_py'
[0.305s] Level 1:colcon.colcon_core.package_identification:_identify(src/minichallenge3) by extensions ['ignore', 'ignore_ament_install']
[0.306s] Level 1:colcon.colcon_core.package_identification:_identify(src/minichallenge3) by extension 'ignore'
[0.306s] Level 1:colcon.colcon_core.package_identification:_identify(src/minichallenge3) by extension 'ignore_ament_install'
[0.306s] Level 1:colcon.colcon_core.package_identification:_identify(src/minichallenge3) by extensions ['colcon_pkg']
[0.306s] Level 1:colcon.colcon_core.package_identification:_identify(src/minichallenge3) by extension 'colcon_pkg'
[0.306s] Level 1:colcon.colcon_core.package_identification:_identify(src/minichallenge3) by extensions ['colcon_meta']
[0.306s] Level 1:colcon.colcon_core.package_identification:_identify(src/minichallenge3) by extension 'colcon_meta'
[0.306s] Level 1:colcon.colcon_core.package_identification:_identify(src/minichallenge3) by extensions ['ros']
[0.306s] Level 1:colcon.colcon_core.package_identification:_identify(src/minichallenge3) by extension 'ros'
[0.308s] DEBUG:colcon.colcon_core.package_identification:Package 'src/minichallenge3' with type 'ros.ament_python' and name 'minichallenge3'
[0.309s] Level 1:colcon.colcon_core.package_identification:_identify(src/minichallenge4) by extensions ['ignore', 'ignore_ament_install']
[0.309s] Level 1:colcon.colcon_core.package_identification:_identify(src/minichallenge4) by extension 'ignore'
[0.309s] Level 1:colcon.colcon_core.package_identification:_identify(src/minichallenge4) by extension 'ignore_ament_install'
[0.309s] Level 1:colcon.colcon_core.package_identification:_identify(src/minichallenge4) by extensions ['colcon_pkg']
[0.309s] Level 1:colcon.colcon_core.package_identification:_identify(src/minichallenge4) by extension 'colcon_pkg'
[0.309s] Level 1:colcon.colcon_core.package_identification:_identify(src/minichallenge4) by extensions ['colcon_meta']
[0.309s] Level 1:colcon.colcon_core.package_identification:_identify(src/minichallenge4) by extension 'colcon_meta'
[0.309s] Level 1:colcon.colcon_core.package_identification:_identify(src/minichallenge4) by extensions ['ros']
[0.309s] Level 1:colcon.colcon_core.package_identification:_identify(src/minichallenge4) by extension 'ros'
[0.310s] DEBUG:colcon.colcon_core.package_identification:Package 'src/minichallenge4' with type 'ros.ament_python' and name 'minichallenge4'
[0.310s] Level 1:colcon.colcon_core.package_identification:_identify(src/mobile_robotics) by extensions ['ignore', 'ignore_ament_install']
[0.310s] Level 1:colcon.colcon_core.package_identification:_identify(src/mobile_robotics) by extension 'ignore'
[0.310s] Level 1:colcon.colcon_core.package_identification:_identify(src/mobile_robotics) by extension 'ignore_ament_install'
[0.310s] Level 1:colcon.colcon_core.package_identification:_identify(src/mobile_robotics) by extensions ['colcon_pkg']
[0.310s] Level 1:colcon.colcon_core.package_identification:_identify(src/mobile_robotics) by extension 'colcon_pkg'
[0.310s] Level 1:colcon.colcon_core.package_identification:_identify(src/mobile_robotics) by extensions ['colcon_meta']
[0.310s] Level 1:colcon.colcon_core.package_identification:_identify(src/mobile_robotics) by extension 'colcon_meta'
[0.311s] Level 1:colcon.colcon_core.package_identification:_identify(src/mobile_robotics) by extensions ['ros']
[0.311s] Level 1:colcon.colcon_core.package_identification:_identify(src/mobile_robotics) by extension 'ros'
[0.311s] DEBUG:colcon.colcon_core.package_identification:Package 'src/mobile_robotics' with type 'ros.ament_python' and name 'mobile_robotics'
[0.311s] Level 1:colcon.colcon_core.package_identification:_identify(src/open_cv_example) by extensions ['ignore', 'ignore_ament_install']
[0.311s] Level 1:colcon.colcon_core.package_identification:_identify(src/open_cv_example) by extension 'ignore'
[0.311s] Level 1:colcon.colcon_core.package_identification:_identify(src/open_cv_example) by extension 'ignore_ament_install'
[0.311s] Level 1:colcon.colcon_core.package_identification:_identify(src/open_cv_example) by extensions ['colcon_pkg']
[0.311s] Level 1:colcon.colcon_core.package_identification:_identify(src/open_cv_example) by extension 'colcon_pkg'
[0.311s] Level 1:colcon.colcon_core.package_identification:_identify(src/open_cv_example) by extensions ['colcon_meta']
[0.311s] Level 1:colcon.colcon_core.package_identification:_identify(src/open_cv_example) by extension 'colcon_meta'
[0.311s] Level 1:colcon.colcon_core.package_identification:_identify(src/open_cv_example) by extensions ['ros']
[0.312s] Level 1:colcon.colcon_core.package_identification:_identify(src/open_cv_example) by extension 'ros'
[0.312s] DEBUG:colcon.colcon_core.package_identification:Package 'src/open_cv_example' with type 'ros.ament_python' and name 'open_cv_example'
[0.312s] Level 1:colcon.colcon_core.package_identification:_identify(src/two_wheeled_robot) by extensions ['ignore', 'ignore_ament_install']
[0.313s] Level 1:colcon.colcon_core.package_identification:_identify(src/two_wheeled_robot) by extension 'ignore'
[0.313s] Level 1:colcon.colcon_core.package_identification:_identify(src/two_wheeled_robot) by extension 'ignore_ament_install'
[0.313s] Level 1:colcon.colcon_core.package_identification:_identify(src/two_wheeled_robot) by extensions ['colcon_pkg']
[0.313s] Level 1:colcon.colcon_core.package_identification:_identify(src/two_wheeled_robot) by extension 'colcon_pkg'
[0.313s] Level 1:colcon.colcon_core.package_identification:_identify(src/two_wheeled_robot) by extensions ['colcon_meta']
[0.313s] Level 1:colcon.colcon_core.package_identification:_identify(src/two_wheeled_robot) by extension 'colcon_meta'
[0.313s] Level 1:colcon.colcon_core.package_identification:_identify(src/two_wheeled_robot) by extensions ['ros']
[0.313s] Level 1:colcon.colcon_core.package_identification:_identify(src/two_wheeled_robot) by extension 'ros'
[0.314s] DEBUG:colcon.colcon_core.package_identification:Package 'src/two_wheeled_robot' with type 'ros.ament_cmake' and name 'two_wheeled_robot'
[0.314s] Level 1:colcon.colcon_core.package_discovery:discover_packages(recursive) using defaults
[0.314s] Level 1:colcon.colcon_core.package_discovery:discover_packages(ignore) discover
[0.314s] Level 1:colcon.colcon_core.package_discovery:discover_packages(ignore) using defaults
[0.314s] Level 1:colcon.colcon_core.package_discovery:discover_packages(path) discover
[0.314s] Level 1:colcon.colcon_core.package_discovery:discover_packages(path) using defaults
[0.350s] Level 1:colcon.colcon_core.package_discovery:discover_packages(prefix_path) check parameters
[0.350s] Level 1:colcon.colcon_core.package_discovery:discover_packages(prefix_path) discover
[0.352s] DEBUG:colcon.colcon_installed_package_information.package_discovery:Found 5 installed packages in /home/robertog/ros2_ws/install
[0.354s] DEBUG:colcon.colcon_installed_package_information.package_discovery:Found 337 installed packages in /opt/ros/humble
[0.355s] Level 1:colcon.colcon_core.package_discovery:discover_packages(prefix_path) using defaults
[0.397s] Level 5:colcon.colcon_core.verb:set package 'minichallenge3' build argument 'cmake_args' from command line to 'None'
[0.397s] Level 5:colcon.colcon_core.verb:set package 'minichallenge3' build argument 'cmake_target' from command line to 'None'
[0.397s] Level 5:colcon.colcon_core.verb:set package 'minichallenge3' build argument 'cmake_target_skip_unavailable' from command line to 'False'
[0.397s] Level 5:colcon.colcon_core.verb:set package 'minichallenge3' build argument 'cmake_clean_cache' from command line to 'False'
[0.397s] Level 5:colcon.colcon_core.verb:set package 'minichallenge3' build argument 'cmake_clean_first' from command line to 'False'
[0.397s] Level 5:colcon.colcon_core.verb:set package 'minichallenge3' build argument 'cmake_force_configure' from command line to 'False'
[0.397s] Level 5:colcon.colcon_core.verb:set package 'minichallenge3' build argument 'ament_cmake_args' from command line to 'None'
[0.397s] Level 5:colcon.colcon_core.verb:set package 'minichallenge3' build argument 'catkin_cmake_args' from command line to 'None'
[0.397s] Level 5:colcon.colcon_core.verb:set package 'minichallenge3' build argument 'catkin_skip_building_tests' from command line to 'False'
[0.397s] DEBUG:colcon.colcon_core.verb:Building package 'minichallenge3' with the following arguments: {'ament_cmake_args': None, 'build_base': '/home/robertog/ros2_ws/build/minichallenge3', 'catkin_cmake_args': None, 'catkin_skip_building_tests': False, 'cmake_args': None, 'cmake_clean_cache': False, 'cmake_clean_first': False, 'cmake_force_configure': False, 'cmake_target': None, 'cmake_target_skip_unavailable': False, 'install_base': '/home/robertog/ros2_ws/install/minichallenge3', 'merge_install': False, 'path': '/home/robertog/ros2_ws/src/minichallenge3', 'symlink_install': False, 'test_result_base': None}
[0.397s] Level 5:colcon.colcon_core.verb:set package 'minichallenge4' build argument 'cmake_args' from command line to 'None'
[0.397s] Level 5:colcon.colcon_core.verb:set package 'minichallenge4' build argument 'cmake_target' from command line to 'None'
[0.397s] Level 5:colcon.colcon_core.verb:set package 'minichallenge4' build argument 'cmake_target_skip_unavailable' from command line to 'False'
[0.397s] Level 5:colcon.colcon_core.verb:set package 'minichallenge4' build argument 'cmake_clean_cache' from command line to 'False'
[0.398s] Level 5:colcon.colcon_core.verb:set package 'minichallenge4' build argument 'cmake_clean_first' from command line to 'False'
[0.398s] Level 5:colcon.colcon_core.verb:set package 'minichallenge4' build argument 'cmake_force_configure' from command line to 'False'
[0.398s] Level 5:colcon.colcon_core.verb:set package 'minichallenge4' build argument 'ament_cmake_args' from command line to 'None'
[0.398s] Level 5:colcon.colcon_core.verb:set package 'minichallenge4' build argument 'catkin_cmake_args' from command line to 'None'
[0.398s] Level 5:colcon.colcon_core.verb:set package 'minichallenge4' build argument 'catkin_skip_building_tests' from command line to 'False'
[0.398s] DEBUG:colcon.colcon_core.verb:Building package 'minichallenge4' with the following arguments: {'ament_cmake_args': None, 'build_base': '/home/robertog/ros2_ws/build/minichallenge4', 'catkin_cmake_args': None, 'catkin_skip_building_tests': False, 'cmake_args': None, 'cmake_clean_cache': False, 'cmake_clean_first': False, 'cmake_force_configure': False, 'cmake_target': None, 'cmake_target_skip_unavailable': False, 'install_base': '/home/robertog/ros2_ws/install/minichallenge4', 'merge_install': False, 'path': '/home/robertog/ros2_ws/src/minichallenge4', 'symlink_install': False, 'test_result_base': None}
[0.398s] Level 5:colcon.colcon_core.verb:set package 'mobile_robotics' build argument 'cmake_args' from command line to 'None'
[0.398s] Level 5:colcon.colcon_core.verb:set package 'mobile_robotics' build argument 'cmake_target' from command line to 'None'
[0.398s] Level 5:colcon.colcon_core.verb:set package 'mobile_robotics' build argument 'cmake_target_skip_unavailable' from command line to 'False'
[0.398s] Level 5:colcon.colcon_core.verb:set package 'mobile_robotics' build argument 'cmake_clean_cache' from command line to 'False'
[0.398s] Level 5:colcon.colcon_core.verb:set package 'mobile_robotics' build argument 'cmake_clean_first' from command line to 'False'
[0.398s] Level 5:colcon.colcon_core.verb:set package 'mobile_robotics' build argument 'cmake_force_configure' from command line to 'False'
[0.398s] Level 5:colcon.colcon_core.verb:set package 'mobile_robotics' build argument 'ament_cmake_args' from command line to 'None'
[0.398s] Level 5:colcon.colcon_core.verb:set package 'mobile_robotics' build argument 'catkin_cmake_args' from command line to 'None'
[0.398s] Level 5:colcon.colcon_core.verb:set package 'mobile_robotics' build argument 'catkin_skip_building_tests' from command line to 'False'
[0.398s] DEBUG:colcon.colcon_core.verb:Building package 'mobile_robotics' with the following arguments: {'ament_cmake_args': None, 'build_base': '/home/robertog/ros2_ws/build/mobile_robotics', 'catkin_cmake_args': None, 'catkin_skip_building_tests': False, 'cmake_args': None, 'cmake_clean_cache': False, 'cmake_clean_first': False, 'cmake_force_configure': False, 'cmake_target': None, 'cmake_target_skip_unavailable': False, 'install_base': '/home/robertog/ros2_ws/install/mobile_robotics', 'merge_install': False, 'path': '/home/robertog/ros2_ws/src/mobile_robotics', 'symlink_install': False, 'test_result_base': None}
[0.398s] Level 5:colcon.colcon_core.verb:set package 'open_cv_example' build argument 'cmake_args' from command line to 'None'
[0.398s] Level 5:colcon.colcon_core.verb:set package 'open_cv_example' build argument 'cmake_target' from command line to 'None'
[0.398s] Level 5:colcon.colcon_core.verb:set package 'open_cv_example' build argument 'cmake_target_skip_unavailable' from command line to 'False'
[0.398s] Level 5:colcon.colcon_core.verb:set package 'open_cv_example' build argument 'cmake_clean_cache' from command line to 'False'
[0.398s] Level 5:colcon.colcon_core.verb:set package 'open_cv_example' build argument 'cmake_clean_first' from command line to 'False'
[0.398s] Level 5:colcon.colcon_core.verb:set package 'open_cv_example' build argument 'cmake_force_configure' from command line to 'False'
[0.399s] Level 5:colcon.colcon_core.verb:set package 'open_cv_example' build argument 'ament_cmake_args' from command line to 'None'
[0.399s] Level 5:colcon.colcon_core.verb:set package 'open_cv_example' build argument 'catkin_cmake_args' from command line to 'None'
[0.399s] Level 5:colcon.colcon_core.verb:set package 'open_cv_example' build argument 'catkin_skip_building_tests' from command line to 'False'
[0.399s] DEBUG:colcon.colcon_core.verb:Building package 'open_cv_example' with the following arguments: {'ament_cmake_args': None, 'build_base': '/home/robertog/ros2_ws/build/open_cv_example', 'catkin_cmake_args': None, 'catkin_skip_building_tests': False, 'cmake_args': None, 'cmake_clean_cache': False, 'cmake_clean_first': False, 'cmake_force_configure': False, 'cmake_target': None, 'cmake_target_skip_unavailable': False, 'install_base': '/home/robertog/ros2_ws/install/open_cv_example', 'merge_install': False, 'path': '/home/robertog/ros2_ws/src/open_cv_example', 'symlink_install': False, 'test_result_base': None}
[0.399s] Level 5:colcon.colcon_core.verb:set package 'two_wheeled_robot' build argument 'cmake_args' from command line to 'None'
[0.399s] Level 5:colcon.colcon_core.verb:set package 'two_wheeled_robot' build argument 'cmake_target' from command line to 'None'
[0.399s] Level 5:colcon.colcon_core.verb:set package 'two_wheeled_robot' build argument 'cmake_target_skip_unavailable' from command line to 'False'
[0.399s] Level 5:colcon.colcon_core.verb:set package 'two_wheeled_robot' build argument 'cmake_clean_cache' from command line to 'False'
[0.399s] Level 5:colcon.colcon_core.verb:set package 'two_wheeled_robot' build argument 'cmake_clean_first' from command line to 'False'
[0.399s] Level 5:colcon.colcon_core.verb:set package 'two_wheeled_robot' build argument 'cmake_force_configure' from command line to 'False'
[0.399s] Level 5:colcon.colcon_core.verb:set package 'two_wheeled_robot' build argument 'ament_cmake_args' from command line to 'None'
[0.399s] Level 5:colcon.colcon_core.verb:set package 'two_wheeled_robot' build argument 'catkin_cmake_args' from command line to 'None'
[0.399s] Level 5:colcon.colcon_core.verb:set package 'two_wheeled_robot' build argument 'catkin_skip_building_tests' from command line to 'False'
[0.399s] DEBUG:colcon.colcon_core.verb:Building package 'two_wheeled_robot' with the following arguments: {'ament_cmake_args': None, 'build_base': '/home/robertog/ros2_ws/build/two_wheeled_robot', 'catkin_cmake_args': None, 'catkin_skip_building_tests': False, 'cmake_args': None, 'cmake_clean_cache': False, 'cmake_clean_first': False, 'cmake_force_configure': False, 'cmake_target': None, 'cmake_target_skip_unavailable': False, 'install_base': '/home/robertog/ros2_ws/install/two_wheeled_robot', 'merge_install': False, 'path': '/home/robertog/ros2_ws/src/two_wheeled_robot', 'symlink_install': False, 'test_result_base': None}
[0.399s] INFO:colcon.colcon_core.executor:Executing jobs using 'parallel' executor
[0.400s] DEBUG:colcon.colcon_parallel_executor.executor.parallel:run_until_complete
[0.400s] INFO:colcon.colcon_ros.task.ament_python.build:Building ROS package in '/home/robertog/ros2_ws/src/minichallenge3' with build type 'ament_python'
[0.401s] Level 1:colcon.colcon_core.shell:create_environment_hook('minichallenge3', 'ament_prefix_path')
[0.403s] INFO:colcon.colcon_core.plugin_system:Skipping extension 'colcon_core.shell.bat': Not used on non-Windows systems
[0.403s] INFO:colcon.colcon_core.shell:Creating environment hook '/home/robertog/ros2_ws/install/minichallenge3/share/minichallenge3/hook/ament_prefix_path.ps1'
[0.404s] INFO:colcon.colcon_core.shell:Creating environment descriptor '/home/robertog/ros2_ws/install/minichallenge3/share/minichallenge3/hook/ament_prefix_path.dsv'
[0.404s] INFO:colcon.colcon_core.shell:Creating environment hook '/home/robertog/ros2_ws/install/minichallenge3/share/minichallenge3/hook/ament_prefix_path.sh'
[0.405s] INFO:colcon.colcon_core.shell:Skip shell extension 'powershell' for command environment: Not usable outside of PowerShell
[0.405s] DEBUG:colcon.colcon_core.shell:Skip shell extension 'dsv' for command environment
[0.408s] INFO:colcon.colcon_ros.task.ament_python.build:Building ROS package in '/home/robertog/ros2_ws/src/minichallenge4' with build type 'ament_python'
[0.409s] Level 1:colcon.colcon_core.shell:create_environment_hook('minichallenge4', 'ament_prefix_path')
[0.409s] INFO:colcon.colcon_core.shell:Creating environment hook '/home/robertog/ros2_ws/install/minichallenge4/share/minichallenge4/hook/ament_prefix_path.ps1'
[0.409s] INFO:colcon.colcon_core.shell:Creating environment descriptor '/home/robertog/ros2_ws/install/minichallenge4/share/minichallenge4/hook/ament_prefix_path.dsv'
[0.410s] INFO:colcon.colcon_core.shell:Creating environment hook '/home/robertog/ros2_ws/install/minichallenge4/share/minichallenge4/hook/ament_prefix_path.sh'
[0.410s] INFO:colcon.colcon_core.shell:Skip shell extension 'powershell' for command environment: Not usable outside of PowerShell
[0.410s] DEBUG:colcon.colcon_core.shell:Skip shell extension 'dsv' for command environment
[0.413s] INFO:colcon.colcon_ros.task.ament_python.build:Building ROS package in '/home/robertog/ros2_ws/src/mobile_robotics' with build type 'ament_python'
[0.414s] Level 1:colcon.colcon_core.shell:create_environment_hook('mobile_robotics', 'ament_prefix_path')
[0.414s] INFO:colcon.colcon_core.shell:Creating environment hook '/home/robertog/ros2_ws/install/mobile_robotics/share/mobile_robotics/hook/ament_prefix_path.ps1'
[0.414s] INFO:colcon.colcon_core.shell:Creating environment descriptor '/home/robertog/ros2_ws/install/mobile_robotics/share/mobile_robotics/hook/ament_prefix_path.dsv'
[0.414s] INFO:colcon.colcon_core.shell:Creating environment hook '/home/robertog/ros2_ws/install/mobile_robotics/share/mobile_robotics/hook/ament_prefix_path.sh'
[0.415s] INFO:colcon.colcon_core.shell:Skip shell extension 'powershell' for command environment: Not usable outside of PowerShell
[0.415s] DEBUG:colcon.colcon_core.shell:Skip shell extension 'dsv' for command environment
[0.418s] INFO:colcon.colcon_ros.task.ament_python.build:Building ROS package in '/home/robertog/ros2_ws/src/open_cv_example' with build type 'ament_python'
[0.418s] Level 1:colcon.colcon_core.shell:create_environment_hook('open_cv_example', 'ament_prefix_path')
[0.418s] INFO:colcon.colcon_core.shell:Creating environment hook '/home/robertog/ros2_ws/install/open_cv_example/share/open_cv_example/hook/ament_prefix_path.ps1'
[0.419s] INFO:colcon.colcon_core.shell:Creating environment descriptor '/home/robertog/ros2_ws/install/open_cv_example/share/open_cv_example/hook/ament_prefix_path.dsv'
[0.419s] INFO:colcon.colcon_core.shell:Creating environment hook '/home/robertog/ros2_ws/install/open_cv_example/share/open_cv_example/hook/ament_prefix_path.sh'
[0.419s] INFO:colcon.colcon_core.shell:Skip shell extension 'powershell' for command environment: Not usable outside of PowerShell
[0.419s] DEBUG:colcon.colcon_core.shell:Skip shell extension 'dsv' for command environment
[0.422s] INFO:colcon.colcon_ros.task.ament_cmake.build:Building ROS package in '/home/robertog/ros2_ws/src/two_wheeled_robot' with build type 'ament_cmake'
[0.423s] INFO:colcon.colcon_cmake.task.cmake.build:Building CMake package in '/home/robertog/ros2_ws/src/two_wheeled_robot'
[0.423s] INFO:colcon.colcon_core.shell:Skip shell extension 'powershell' for command environment: Not usable outside of PowerShell
[0.423s] DEBUG:colcon.colcon_core.shell:Skip shell extension 'dsv' for command environment
[0.675s] INFO:colcon.colcon_core.task.python.build:Building Python package in '/home/robertog/ros2_ws/src/minichallenge3'
[0.676s] INFO:colcon.colcon_core.shell:Skip shell extension 'powershell' for command environment: Not usable outside of PowerShell
[0.676s] DEBUG:colcon.colcon_core.shell:Skip shell extension 'dsv' for command environment
[0.931s] INFO:colcon.colcon_core.task.python.build:Building Python package in '/home/robertog/ros2_ws/src/minichallenge4'
[0.932s] INFO:colcon.colcon_core.shell:Skip shell extension 'powershell' for command environment: Not usable outside of PowerShell
[0.932s] DEBUG:colcon.colcon_core.shell:Skip shell extension 'dsv' for command environment
[1.170s] INFO:colcon.colcon_core.task.python.build:Building Python package in '/home/robertog/ros2_ws/src/mobile_robotics'
[1.171s] INFO:colcon.colcon_core.shell:Skip shell extension 'powershell' for command environment: Not usable outside of PowerShell
[1.171s] DEBUG:colcon.colcon_core.shell:Skip shell extension 'dsv' for command environment
[1.406s] INFO:colcon.colcon_core.task.python.build:Building Python package in '/home/robertog/ros2_ws/src/open_cv_example'
[1.406s] INFO:colcon.colcon_core.shell:Skip shell extension 'powershell' for command environment: Not usable outside of PowerShell
[1.406s] DEBUG:colcon.colcon_core.shell:Skip shell extension 'dsv' for command environment
[1.417s] DEBUG:colcon.colcon_core.event_handler.log_command:Invoking command in '/home/robertog/ros2_ws/build/two_wheeled_robot': CMAKE_PREFIX_PATH=${CMAKE_PREFIX_PATH}:/home/robertog/ros2_ws/install/open_cv_example:/home/robertog/ros2_ws/install/mobile_robotics:/home/robertog/ros2_ws/install/minichallenge4:/home/robertog/ros2_ws/install/minichallenge3:/opt/ros/humble /usr/bin/cmake --build /home/robertog/ros2_ws/build/two_wheeled_robot -- -j12 -l12
[1.789s] DEBUG:colcon.colcon_core.event_handler.log_command:Invoking command in '/home/robertog/ros2_ws/src/open_cv_example': PYTHONPATH=/home/robertog/ros2_ws/build/open_cv_example/prefix_override:/home/robertog/ros2_ws/install/open_cv_example/lib/python3.10/site-packages:${PYTHONPATH} /usr/bin/python3 -W ignore:setup.py install is deprecated setup.py egg_info --egg-base ../../build/open_cv_example build --build-base /home/robertog/ros2_ws/build/open_cv_example/build install --record /home/robertog/ros2_ws/build/open_cv_example/install.log --single-version-externally-managed install_data
[1.878s] DEBUG:colcon.colcon_core.event_handler.log_command:Invoking command in '/home/robertog/ros2_ws/src/minichallenge3': PYTHONPATH=/home/robertog/ros2_ws/build/minichallenge3/prefix_override:/home/robertog/ros2_ws/install/minichallenge3/lib/python3.10/site-packages:${PYTHONPATH} /usr/bin/python3 -W ignore:setup.py install is deprecated setup.py egg_info --egg-base ../../build/minichallenge3 build --build-base /home/robertog/ros2_ws/build/minichallenge3/build install --record /home/robertog/ros2_ws/build/minichallenge3/install.log --single-version-externally-managed install_data
[1.896s] DEBUG:colcon.colcon_core.event_handler.log_command:Invoked command in '/home/robertog/ros2_ws/build/two_wheeled_robot' returned '0': CMAKE_PREFIX_PATH=${CMAKE_PREFIX_PATH}:/home/robertog/ros2_ws/install/open_cv_example:/home/robertog/ros2_ws/install/mobile_robotics:/home/robertog/ros2_ws/install/minichallenge4:/home/robertog/ros2_ws/install/minichallenge3:/opt/ros/humble /usr/bin/cmake --build /home/robertog/ros2_ws/build/two_wheeled_robot -- -j12 -l12
[1.950s] DEBUG:colcon.colcon_core.event_handler.log_command:Invoking command in '/home/robertog/ros2_ws/build/two_wheeled_robot': CMAKE_PREFIX_PATH=${CMAKE_PREFIX_PATH}:/home/robertog/ros2_ws/install/open_cv_example:/home/robertog/ros2_ws/install/mobile_robotics:/home/robertog/ros2_ws/install/minichallenge4:/home/robertog/ros2_ws/install/minichallenge3:/opt/ros/humble /usr/bin/cmake --install /home/robertog/ros2_ws/build/two_wheeled_robot
[2.054s] DEBUG:colcon.colcon_core.event_handler.log_command:Invoking command in '/home/robertog/ros2_ws/src/mobile_robotics': PYTHONPATH=/home/robertog/ros2_ws/build/mobile_robotics/prefix_override:/home/robertog/ros2_ws/install/mobile_robotics/lib/python3.10/site-packages:${PYTHONPATH} /usr/bin/python3 -W ignore:setup.py install is deprecated setup.py egg_info --egg-base ../../build/mobile_robotics build --build-base /home/robertog/ros2_ws/build/mobile_robotics/build install --record /home/robertog/ros2_ws/build/mobile_robotics/install.log --single-version-externally-managed install_data
[2.064s] DEBUG:colcon.colcon_core.event_handler.log_command:Invoking command in '/home/robertog/ros2_ws/src/minichallenge4': PYTHONPATH=/home/robertog/ros2_ws/build/minichallenge4/prefix_override:/home/robertog/ros2_ws/install/minichallenge4/lib/python3.10/site-packages:${PYTHONPATH} /usr/bin/python3 -W ignore:setup.py install is deprecated setup.py egg_info --egg-base ../../build/minichallenge4 build --build-base /home/robertog/ros2_ws/build/minichallenge4/build install --record /home/robertog/ros2_ws/build/minichallenge4/install.log --single-version-externally-managed install_data
[2.198s] Level 1:colcon.colcon_core.environment:checking '/home/robertog/ros2_ws/install/open_cv_example' for CMake module files
[2.200s] Level 1:colcon.colcon_core.environment:checking '/home/robertog/ros2_ws/install/open_cv_example' for CMake config files
[2.203s] Level 1:colcon.colcon_core.environment:checking '/home/robertog/ros2_ws/install/open_cv_example/lib'
[2.204s] Level 1:colcon.colcon_core.environment:checking '/home/robertog/ros2_ws/install/open_cv_example/bin'
[2.204s] Level 1:colcon.colcon_core.environment:checking '/home/robertog/ros2_ws/install/open_cv_example/lib/pkgconfig/open_cv_example.pc'
[2.204s] Level 1:colcon.colcon_core.environment:checking '/home/robertog/ros2_ws/install/open_cv_example/lib/python3.10/site-packages'
[2.204s] Level 1:colcon.colcon_core.shell:create_environment_hook('open_cv_example', 'pythonpath')
[2.205s] INFO:colcon.colcon_core.shell:Creating environment hook '/home/robertog/ros2_ws/install/open_cv_example/share/open_cv_example/hook/pythonpath.ps1'
[2.205s] INFO:colcon.colcon_core.shell:Creating environment descriptor '/home/robertog/ros2_ws/install/open_cv_example/share/open_cv_example/hook/pythonpath.dsv'
[2.206s] INFO:colcon.colcon_core.shell:Creating environment hook '/home/robertog/ros2_ws/install/open_cv_example/share/open_cv_example/hook/pythonpath.sh'
[2.207s] Level 1:colcon.colcon_core.environment:checking '/home/robertog/ros2_ws/install/open_cv_example/bin'
[2.207s] Level 1:colcon.colcon_core.environment:create_environment_scripts_only(open_cv_example)
[2.207s] INFO:colcon.colcon_core.shell:Creating package script '/home/robertog/ros2_ws/install/open_cv_example/share/open_cv_example/package.ps1'
[2.208s] INFO:colcon.colcon_core.shell:Creating package descriptor '/home/robertog/ros2_ws/install/open_cv_example/share/open_cv_example/package.dsv'
[2.209s] INFO:colcon.colcon_core.shell:Creating package script '/home/robertog/ros2_ws/install/open_cv_example/share/open_cv_example/package.sh'
[2.210s] INFO:colcon.colcon_core.shell:Creating package script '/home/robertog/ros2_ws/install/open_cv_example/share/open_cv_example/package.bash'
[2.210s] INFO:colcon.colcon_core.shell:Creating package script '/home/robertog/ros2_ws/install/open_cv_example/share/open_cv_example/package.zsh'
[2.211s] Level 1:colcon.colcon_core.environment:create_file_with_runtime_dependencies(/home/robertog/ros2_ws/install/open_cv_example/share/colcon-core/packages/open_cv_example)
[2.213s] Level 1:colcon.colcon_core.environment:create_environment_scripts_only(two_wheeled_robot)
[2.213s] Level 1:colcon.colcon_core.environment:checking '/home/robertog/ros2_ws/install/two_wheeled_robot' for CMake module files
[2.215s] Level 1:colcon.colcon_core.environment:checking '/home/robertog/ros2_ws/install/two_wheeled_robot' for CMake config files
[2.359s] Level 1:colcon.colcon_core.shell:create_environment_hook('two_wheeled_robot', 'cmake_prefix_path')
[2.360s] INFO:colcon.colcon_core.shell:Creating environment hook '/home/robertog/ros2_ws/install/two_wheeled_robot/share/two_wheeled_robot/hook/cmake_prefix_path.ps1'
[2.361s] INFO:colcon.colcon_core.shell:Creating environment descriptor '/home/robertog/ros2_ws/install/two_wheeled_robot/share/two_wheeled_robot/hook/cmake_prefix_path.dsv'
[2.361s] INFO:colcon.colcon_core.shell:Creating environment hook '/home/robertog/ros2_ws/install/two_wheeled_robot/share/two_wheeled_robot/hook/cmake_prefix_path.sh'
[2.362s] Level 1:colcon.colcon_core.environment:checking '/home/robertog/ros2_ws/install/two_wheeled_robot/lib'
[2.363s] Level 1:colcon.colcon_core.environment:checking '/home/robertog/ros2_ws/install/two_wheeled_robot/bin'
[2.363s] Level 1:colcon.colcon_core.environment:checking '/home/robertog/ros2_ws/install/two_wheeled_robot/lib/pkgconfig/two_wheeled_robot.pc'
[2.363s] Level 1:colcon.colcon_core.environment:checking '/home/robertog/ros2_ws/install/two_wheeled_robot/lib/python3.10/site-packages'
[2.363s] Level 1:colcon.colcon_core.environment:checking '/home/robertog/ros2_ws/install/two_wheeled_robot/bin'
[2.363s] INFO:colcon.colcon_core.shell:Creating package script '/home/robertog/ros2_ws/install/two_wheeled_robot/share/two_wheeled_robot/package.ps1'
[2.364s] INFO:colcon.colcon_core.shell:Creating package descriptor '/home/robertog/ros2_ws/install/two_wheeled_robot/share/two_wheeled_robot/package.dsv'
[2.365s] INFO:colcon.colcon_core.shell:Creating package script '/home/robertog/ros2_ws/install/two_wheeled_robot/share/two_wheeled_robot/package.sh'
[2.365s] INFO:colcon.colcon_core.shell:Creating package script '/home/robertog/ros2_ws/install/two_wheeled_robot/share/two_wheeled_robot/package.bash'
[2.366s] INFO:colcon.colcon_core.shell:Creating package script '/home/robertog/ros2_ws/install/two_wheeled_robot/share/two_wheeled_robot/package.zsh'
[2.366s] Level 1:colcon.colcon_core.environment:create_file_with_runtime_dependencies(/home/robertog/ros2_ws/install/two_wheeled_robot/share/colcon-core/packages/two_wheeled_robot)
[2.369s] Level 1:colcon.colcon_core.environment:checking '/home/robertog/ros2_ws/install/minichallenge3' for CMake module files
[2.370s] Level 1:colcon.colcon_core.environment:checking '/home/robertog/ros2_ws/install/minichallenge3' for CMake config files
[2.373s] Level 1:colcon.colcon_core.environment:checking '/home/robertog/ros2_ws/install/minichallenge3/lib'
[2.374s] Level 1:colcon.colcon_core.environment:checking '/home/robertog/ros2_ws/install/minichallenge3/bin'
[2.374s] Level 1:colcon.colcon_core.environment:checking '/home/robertog/ros2_ws/install/minichallenge3/lib/pkgconfig/minichallenge3.pc'
[2.374s] Level 1:colcon.colcon_core.environment:checking '/home/robertog/ros2_ws/install/minichallenge3/lib/python3.10/site-packages'
[2.374s] Level 1:colcon.colcon_core.shell:create_environment_hook('minichallenge3', 'pythonpath')
[2.375s] INFO:colcon.colcon_core.shell:Creating environment hook '/home/robertog/ros2_ws/install/minichallenge3/share/minichallenge3/hook/pythonpath.ps1'
[2.376s] INFO:colcon.colcon_core.shell:Creating environment descriptor '/home/robertog/ros2_ws/install/minichallenge3/share/minichallenge3/hook/pythonpath.dsv'
[2.376s] INFO:colcon.colcon_core.shell:Creating environment hook '/home/robertog/ros2_ws/install/minichallenge3/share/minichallenge3/hook/pythonpath.sh'
[2.377s] Level 1:colcon.colcon_core.environment:checking '/home/robertog/ros2_ws/install/minichallenge3/bin'
[2.377s] Level 1:colcon.colcon_core.environment:create_environment_scripts_only(minichallenge3)
[2.378s] INFO:colcon.colcon_core.shell:Creating package script '/home/robertog/ros2_ws/install/minichallenge3/share/minichallenge3/package.ps1'
[2.378s] INFO:colcon.colcon_core.shell:Creating package descriptor '/home/robertog/ros2_ws/install/minichallenge3/share/minichallenge3/package.dsv'
[2.379s] INFO:colcon.colcon_core.shell:Creating package script '/home/robertog/ros2_ws/install/minichallenge3/share/minichallenge3/package.sh'
[2.381s] INFO:colcon.colcon_core.shell:Creating package script '/home/robertog/ros2_ws/install/minichallenge3/share/minichallenge3/package.bash'
[2.381s] INFO:colcon.colcon_core.shell:Creating package script '/home/robertog/ros2_ws/install/minichallenge3/share/minichallenge3/package.zsh'
[2.382s] Level 1:colcon.colcon_core.environment:create_file_with_runtime_dependencies(/home/robertog/ros2_ws/install/minichallenge3/share/colcon-core/packages/minichallenge3)
[2.383s] Level 1:colcon.colcon_core.environment:checking '/home/robertog/ros2_ws/install/mobile_robotics' for CMake module files
[2.384s] Level 1:colcon.colcon_core.environment:checking '/home/robertog/ros2_ws/install/mobile_robotics' for CMake config files
[2.386s] Level 1:colcon.colcon_core.environment:checking '/home/robertog/ros2_ws/install/mobile_robotics/lib'
[2.387s] Level 1:colcon.colcon_core.environment:checking '/home/robertog/ros2_ws/install/mobile_robotics/bin'
[2.387s] Level 1:colcon.colcon_core.environment:checking '/home/robertog/ros2_ws/install/mobile_robotics/lib/pkgconfig/mobile_robotics.pc'
[2.387s] Level 1:colcon.colcon_core.environment:checking '/home/robertog/ros2_ws/install/mobile_robotics/lib/python3.10/site-packages'
[2.387s] Level 1:colcon.colcon_core.shell:create_environment_hook('mobile_robotics', 'pythonpath')
[2.387s] INFO:colcon.colcon_core.shell:Creating environment hook '/home/robertog/ros2_ws/install/mobile_robotics/share/mobile_robotics/hook/pythonpath.ps1'
[2.388s] INFO:colcon.colcon_core.shell:Creating environment descriptor '/home/robertog/ros2_ws/install/mobile_robotics/share/mobile_robotics/hook/pythonpath.dsv'
[2.389s] INFO:colcon.colcon_core.shell:Creating environment hook '/home/robertog/ros2_ws/install/mobile_robotics/share/mobile_robotics/hook/pythonpath.sh'
[2.390s] Level 1:colcon.colcon_core.environment:checking '/home/robertog/ros2_ws/install/mobile_robotics/bin'
[2.390s] Level 1:colcon.colcon_core.environment:create_environment_scripts_only(mobile_robotics)
[2.390s] INFO:colcon.colcon_core.shell:Creating package script '/home/robertog/ros2_ws/install/mobile_robotics/share/mobile_robotics/package.ps1'
[2.391s] INFO:colcon.colcon_core.shell:Creating package descriptor '/home/robertog/ros2_ws/install/mobile_robotics/share/mobile_robotics/package.dsv'
[2.392s] INFO:colcon.colcon_core.shell:Creating package script '/home/robertog/ros2_ws/install/mobile_robotics/share/mobile_robotics/package.sh'
[2.393s] INFO:colcon.colcon_core.shell:Creating package script '/home/robertog/ros2_ws/install/mobile_robotics/share/mobile_robotics/package.bash'
[2.393s] INFO:colcon.colcon_core.shell:Creating package script '/home/robertog/ros2_ws/install/mobile_robotics/share/mobile_robotics/package.zsh'
[2.394s] Level 1:colcon.colcon_core.environment:create_file_with_runtime_dependencies(/home/robertog/ros2_ws/install/mobile_robotics/share/colcon-core/packages/mobile_robotics)
[2.397s] Level 1:colcon.colcon_core.environment:create_environment_scripts_only(two_wheeled_robot)
[2.398s] Level 1:colcon.colcon_core.environment:checking '/home/robertog/ros2_ws/install/two_wheeled_robot' for CMake module files
[2.399s] Level 1:colcon.colcon_core.environment:checking '/home/robertog/ros2_ws/install/two_wheeled_robot' for CMake config files
[2.412s] DEBUG:colcon.colcon_core.event_handler.log_command:Invoked command in '/home/robertog/ros2_ws/src/open_cv_example' returned '0': PYTHONPATH=/home/robertog/ros2_ws/build/open_cv_example/prefix_override:/home/robertog/ros2_ws/install/open_cv_example/lib/python3.10/site-packages:${PYTHONPATH} /usr/bin/python3 -W ignore:setup.py install is deprecated setup.py egg_info --egg-base ../../build/open_cv_example build --build-base /home/robertog/ros2_ws/build/open_cv_example/build install --record /home/robertog/ros2_ws/build/open_cv_example/install.log --single-version-externally-managed install_data
[2.415s] DEBUG:colcon.colcon_core.event_handler.log_command:Invoked command in '/home/robertog/ros2_ws/build/two_wheeled_robot' returned '0': CMAKE_PREFIX_PATH=${CMAKE_PREFIX_PATH}:/home/robertog/ros2_ws/install/open_cv_example:/home/robertog/ros2_ws/install/mobile_robotics:/home/robertog/ros2_ws/install/minichallenge4:/home/robertog/ros2_ws/install/minichallenge3:/opt/ros/humble /usr/bin/cmake --install /home/robertog/ros2_ws/build/two_wheeled_robot
[2.419s] DEBUG:colcon.colcon_core.event_handler.log_command:Invoked command in '/home/robertog/ros2_ws/src/minichallenge3' returned '0': PYTHONPATH=/home/robertog/ros2_ws/build/minichallenge3/prefix_override:/home/robertog/ros2_ws/install/minichallenge3/lib/python3.10/site-packages:${PYTHONPATH} /usr/bin/python3 -W ignore:setup.py install is deprecated setup.py egg_info --egg-base ../../build/minichallenge3 build --build-base /home/robertog/ros2_ws/build/minichallenge3/build install --record /home/robertog/ros2_ws/build/minichallenge3/install.log --single-version-externally-managed install_data
[2.420s] DEBUG:colcon.colcon_core.event_handler.log_command:Invoked command in '/home/robertog/ros2_ws/src/mobile_robotics' returned '0': PYTHONPATH=/home/robertog/ros2_ws/build/mobile_robotics/prefix_override:/home/robertog/ros2_ws/install/mobile_robotics/lib/python3.10/site-packages:${PYTHONPATH} /usr/bin/python3 -W ignore:setup.py install is deprecated setup.py egg_info --egg-base ../../build/mobile_robotics build --build-base /home/robertog/ros2_ws/build/mobile_robotics/build install --record /home/robertog/ros2_ws/build/mobile_robotics/install.log --single-version-externally-managed install_data
[2.438s] Level 1:colcon.colcon_core.shell:create_environment_hook('two_wheeled_robot', 'cmake_prefix_path')
[2.439s] INFO:colcon.colcon_core.shell:Creating environment hook '/home/robertog/ros2_ws/install/two_wheeled_robot/share/two_wheeled_robot/hook/cmake_prefix_path.ps1'
[2.440s] INFO:colcon.colcon_core.shell:Creating environment descriptor '/home/robertog/ros2_ws/install/two_wheeled_robot/share/two_wheeled_robot/hook/cmake_prefix_path.dsv'
[2.440s] INFO:colcon.colcon_core.shell:Creating environment hook '/home/robertog/ros2_ws/install/two_wheeled_robot/share/two_wheeled_robot/hook/cmake_prefix_path.sh'
[2.441s] Level 1:colcon.colcon_core.environment:checking '/home/robertog/ros2_ws/install/two_wheeled_robot/lib'
[2.441s] Level 1:colcon.colcon_core.environment:checking '/home/robertog/ros2_ws/install/two_wheeled_robot/bin'
[2.441s] Level 1:colcon.colcon_core.environment:checking '/home/robertog/ros2_ws/install/two_wheeled_robot/lib/pkgconfig/two_wheeled_robot.pc'
[2.441s] Level 1:colcon.colcon_core.environment:checking '/home/robertog/ros2_ws/install/two_wheeled_robot/lib/python3.10/site-packages'
[2.441s] Level 1:colcon.colcon_core.environment:checking '/home/robertog/ros2_ws/install/two_wheeled_robot/bin'
[2.441s] INFO:colcon.colcon_core.shell:Creating package script '/home/robertog/ros2_ws/install/two_wheeled_robot/share/two_wheeled_robot/package.ps1'
[2.442s] INFO:colcon.colcon_core.shell:Creating package descriptor '/home/robertog/ros2_ws/install/two_wheeled_robot/share/two_wheeled_robot/package.dsv'
[2.442s] INFO:colcon.colcon_core.shell:Creating package script '/home/robertog/ros2_ws/install/two_wheeled_robot/share/two_wheeled_robot/package.sh'
[2.442s] INFO:colcon.colcon_core.shell:Creating package script '/home/robertog/ros2_ws/install/two_wheeled_robot/share/two_wheeled_robot/package.bash'
[2.443s] INFO:colcon.colcon_core.shell:Creating package script '/home/robertog/ros2_ws/install/two_wheeled_robot/share/two_wheeled_robot/package.zsh'
[2.443s] Level 1:colcon.colcon_core.environment:create_file_with_runtime_dependencies(/home/robertog/ros2_ws/install/two_wheeled_robot/share/colcon-core/packages/two_wheeled_robot)
[2.444s] Level 1:colcon.colcon_core.environment:checking '/home/robertog/ros2_ws/install/minichallenge4' for CMake module files
[2.445s] DEBUG:colcon.colcon_core.event_handler.log_command:Invoked command in '/home/robertog/ros2_ws/src/minichallenge4' returned '0': PYTHONPATH=/home/robertog/ros2_ws/build/minichallenge4/prefix_override:/home/robertog/ros2_ws/install/minichallenge4/lib/python3.10/site-packages:${PYTHONPATH} /usr/bin/python3 -W ignore:setup.py install is deprecated setup.py egg_info --egg-base ../../build/minichallenge4 build --build-base /home/robertog/ros2_ws/build/minichallenge4/build install --record /home/robertog/ros2_ws/build/minichallenge4/install.log --single-version-externally-managed install_data
[2.445s] Level 1:colcon.colcon_core.environment:checking '/home/robertog/ros2_ws/install/minichallenge4' for CMake config files
[2.446s] Level 1:colcon.colcon_core.environment:checking '/home/robertog/ros2_ws/install/minichallenge4/lib'
[2.446s] Level 1:colcon.colcon_core.environment:checking '/home/robertog/ros2_ws/install/minichallenge4/bin'
[2.446s] Level 1:colcon.colcon_core.environment:checking '/home/robertog/ros2_ws/install/minichallenge4/lib/pkgconfig/minichallenge4.pc'
[2.446s] Level 1:colcon.colcon_core.environment:checking '/home/robertog/ros2_ws/install/minichallenge4/lib/python3.10/site-packages'
[2.446s] Level 1:colcon.colcon_core.shell:create_environment_hook('minichallenge4', 'pythonpath')
[2.446s] INFO:colcon.colcon_core.shell:Creating environment hook '/home/robertog/ros2_ws/install/minichallenge4/share/minichallenge4/hook/pythonpath.ps1'
[2.446s] INFO:colcon.colcon_core.shell:Creating environment descriptor '/home/robertog/ros2_ws/install/minichallenge4/share/minichallenge4/hook/pythonpath.dsv'
[2.447s] INFO:colcon.colcon_core.shell:Creating environment hook '/home/robertog/ros2_ws/install/minichallenge4/share/minichallenge4/hook/pythonpath.sh'
[2.447s] Level 1:colcon.colcon_core.environment:checking '/home/robertog/ros2_ws/install/minichallenge4/bin'
[2.447s] Level 1:colcon.colcon_core.environment:create_environment_scripts_only(minichallenge4)
[2.447s] INFO:colcon.colcon_core.shell:Creating package script '/home/robertog/ros2_ws/install/minichallenge4/share/minichallenge4/package.ps1'
[2.448s] INFO:colcon.colcon_core.shell:Creating package descriptor '/home/robertog/ros2_ws/install/minichallenge4/share/minichallenge4/package.dsv'
[2.448s] INFO:colcon.colcon_core.shell:Creating package script '/home/robertog/ros2_ws/install/minichallenge4/share/minichallenge4/package.sh'
[2.448s] INFO:colcon.colcon_core.shell:Creating package script '/home/robertog/ros2_ws/install/minichallenge4/share/minichallenge4/package.bash'
[2.448s] INFO:colcon.colcon_core.shell:Creating package script '/home/robertog/ros2_ws/install/minichallenge4/share/minichallenge4/package.zsh'
[2.449s] Level 1:colcon.colcon_core.environment:create_file_with_runtime_dependencies(/home/robertog/ros2_ws/install/minichallenge4/share/colcon-core/packages/minichallenge4)
[2.449s] DEBUG:colcon.colcon_parallel_executor.executor.parallel:closing loop
[2.449s] DEBUG:colcon.colcon_parallel_executor.executor.parallel:loop closed
[2.449s] DEBUG:colcon.colcon_parallel_executor.executor.parallel:run_until_complete finished with '0'
[2.449s] DEBUG:colcon.colcon_core.event_reactor:joining thread
[2.458s] INFO:colcon.colcon_core.plugin_system:Skipping extension 'colcon_notification.desktop_notification.terminal_notifier': Not used on non-Darwin systems
[2.458s] INFO:colcon.colcon_core.plugin_system:Skipping extension 'colcon_notification.desktop_notification.win32': Not used on non-Windows systems
[2.458s] INFO:colcon.colcon_notification.desktop_notification:Sending desktop notification using 'notify2'
[2.471s] DEBUG:colcon.colcon_core.event_reactor:joined thread
[2.472s] INFO:colcon.colcon_core.shell:Creating prefix script '/home/robertog/ros2_ws/install/local_setup.ps1'
[2.473s] INFO:colcon.colcon_core.shell:Creating prefix util module '/home/robertog/ros2_ws/install/_local_setup_util_ps1.py'
[2.475s] INFO:colcon.colcon_core.shell:Creating prefix chain script '/home/robertog/ros2_ws/install/setup.ps1'
[2.476s] INFO:colcon.colcon_core.shell:Creating prefix script '/home/robertog/ros2_ws/install/local_setup.sh'
[2.476s] INFO:colcon.colcon_core.shell:Creating prefix util module '/home/robertog/ros2_ws/install/_local_setup_util_sh.py'
[2.477s] INFO:colcon.colcon_core.shell:Creating prefix chain script '/home/robertog/ros2_ws/install/setup.sh'
[2.478s] INFO:colcon.colcon_core.shell:Creating prefix script '/home/robertog/ros2_ws/install/local_setup.bash'
[2.478s] INFO:colcon.colcon_core.shell:Creating prefix chain script '/home/robertog/ros2_ws/install/setup.bash'
[2.479s] INFO:colcon.colcon_core.shell:Creating prefix script '/home/robertog/ros2_ws/install/local_setup.zsh'
[2.480s] INFO:colcon.colcon_core.shell:Creating prefix chain script '/home/robertog/ros2_ws/install/setup.zsh'
