[0.498s] Invoking command in '/home/robertog/ros2_ws/src/yolov8_ros2': AMENT_PREFIX_PATH=/home/robertog/ros2_ws/install/yolo_msg:${AMENT_PREFIX_PATH} CMAKE_PREFIX_PATH=/home/robertog/ros2_ws/install/yolo_msg LD_LIBRARY_PATH=/home/robertog/ros2_ws/install/yolo_msg/lib:${LD_LIBRARY_PATH} PYTHONPATH=/home/robertog/ros2_ws/build/yolov8_ros2/prefix_override:/home/robertog/ros2_ws/install/yolov8_ros2/lib/python3.10/site-packages:/home/robertog/ros2_ws/install/yolo_msg/local/lib/python3.10/dist-packages:${PYTHONPATH} /usr/bin/python3 -W ignore:setup.py install is deprecated setup.py egg_info --egg-base ../../build/yolov8_ros2 build --build-base /home/robertog/ros2_ws/build/yolov8_ros2/build install --record /home/robertog/ros2_ws/build/yolov8_ros2/install.log --single-version-externally-managed install_data
[0.692s] running egg_info
[0.692s] writing ../../build/yolov8_ros2/yolov8_ros2.egg-info/PKG-INFO
[0.693s] writing dependency_links to ../../build/yolov8_ros2/yolov8_ros2.egg-info/dependency_links.txt
[0.693s] writing entry points to ../../build/yolov8_ros2/yolov8_ros2.egg-info/entry_points.txt
[0.693s] writing requirements to ../../build/yolov8_ros2/yolov8_ros2.egg-info/requires.txt
[0.693s] writing top-level names to ../../build/yolov8_ros2/yolov8_ros2.egg-info/top_level.txt
[0.694s] reading manifest file '../../build/yolov8_ros2/yolov8_ros2.egg-info/SOURCES.txt'
[0.694s] adding license file 'LICENSE'
[0.695s] writing manifest file '../../build/yolov8_ros2/yolov8_ros2.egg-info/SOURCES.txt'
[0.695s] running build
[0.695s] running install
[0.695s] running install_data
[0.695s] running install_egg_info
[0.697s] removing '/home/robertog/ros2_ws/install/yolov8_ros2/lib/python3.10/site-packages/yolov8_ros2-0.0.0-py3.10.egg-info' (and everything under it)
[0.697s] Copying ../../build/yolov8_ros2/yolov8_ros2.egg-info to /home/robertog/ros2_ws/install/yolov8_ros2/lib/python3.10/site-packages/yolov8_ros2-0.0.0-py3.10.egg-info
[0.698s] running install_scripts
[0.713s] Installing yolov8_recognition script to /home/robertog/ros2_ws/install/yolov8_ros2/lib/yolov8_ros2
[0.714s] writing list of installed files to '/home/robertog/ros2_ws/build/yolov8_ros2/install.log'
[0.731s] Invoked command in '/home/robertog/ros2_ws/src/yolov8_ros2' returned '0': AMENT_PREFIX_PATH=/home/robertog/ros2_ws/install/yolo_msg:${AMENT_PREFIX_PATH} CMAKE_PREFIX_PATH=/home/robertog/ros2_ws/install/yolo_msg LD_LIBRARY_PATH=/home/robertog/ros2_ws/install/yolo_msg/lib:${LD_LIBRARY_PATH} PYTHONPATH=/home/robertog/ros2_ws/build/yolov8_ros2/prefix_override:/home/robertog/ros2_ws/install/yolov8_ros2/lib/python3.10/site-packages:/home/robertog/ros2_ws/install/yolo_msg/local/lib/python3.10/dist-packages:${PYTHONPATH} /usr/bin/python3 -W ignore:setup.py install is deprecated setup.py egg_info --egg-base ../../build/yolov8_ros2 build --build-base /home/robertog/ros2_ws/build/yolov8_ros2/build install --record /home/robertog/ros2_ws/build/yolov8_ros2/install.log --single-version-externally-managed install_data
