[1.369s] Invoking command in '/home/robertog/ros2_ws/src/open_cv_example': PYTHONPATH=/home/robertog/ros2_ws/build/open_cv_example/prefix_override:/home/robertog/ros2_ws/install/open_cv_example/lib/python3.10/site-packages:${PYTHONPATH} /usr/bin/python3 -W ignore:setup.py install is deprecated setup.py egg_info --egg-base ../../build/open_cv_example build --build-base /home/robertog/ros2_ws/build/open_cv_example/build install --record /home/robertog/ros2_ws/build/open_cv_example/install.log --single-version-externally-managed install_data
[1.655s] running egg_info
[1.656s] writing ../../build/open_cv_example/open_cv_example.egg-info/PKG-INFO
[1.656s] writing dependency_links to ../../build/open_cv_example/open_cv_example.egg-info/dependency_links.txt
[1.657s] writing entry points to ../../build/open_cv_example/open_cv_example.egg-info/entry_points.txt
[1.657s] writing requirements to ../../build/open_cv_example/open_cv_example.egg-info/requires.txt
[1.657s] writing top-level names to ../../build/open_cv_example/open_cv_example.egg-info/top_level.txt
[1.659s] reading manifest file '../../build/open_cv_example/open_cv_example.egg-info/SOURCES.txt'
[1.660s] adding license file 'LICENSE'
[1.661s] writing manifest file '../../build/open_cv_example/open_cv_example.egg-info/SOURCES.txt'
[1.661s] running build
[1.661s] running build_py
[1.662s] running install
[1.662s] running install_lib
[1.666s] running install_data
[1.667s] running install_egg_info
[1.670s] removing '/home/robertog/ros2_ws/install/open_cv_example/lib/python3.10/site-packages/open_cv_example-0.0.0-py3.10.egg-info' (and everything under it)
[1.671s] Copying ../../build/open_cv_example/open_cv_example.egg-info to /home/robertog/ros2_ws/install/open_cv_example/lib/python3.10/site-packages/open_cv_example-0.0.0-py3.10.egg-info
[1.674s] running install_scripts
[1.734s] Installing circle_id script to /home/robertog/ros2_ws/install/open_cv_example/lib/open_cv_example
[1.735s] writing list of installed files to '/home/robertog/ros2_ws/build/open_cv_example/install.log'
[1.784s] Invoked command in '/home/robertog/ros2_ws/src/open_cv_example' returned '0': PYTHONPATH=/home/robertog/ros2_ws/build/open_cv_example/prefix_override:/home/robertog/ros2_ws/install/open_cv_example/lib/python3.10/site-packages:${PYTHONPATH} /usr/bin/python3 -W ignore:setup.py install is deprecated setup.py egg_info --egg-base ../../build/open_cv_example build --build-base /home/robertog/ros2_ws/build/open_cv_example/build install --record /home/robertog/ros2_ws/build/open_cv_example/install.log --single-version-externally-managed install_data
