running egg_info
writing ../../build/gtg_behavior/gtg_behavior.egg-info/PKG-INFO
writing dependency_links to ../../build/gtg_behavior/gtg_behavior.egg-info/dependency_links.txt
writing entry points to ../../build/gtg_behavior/gtg_behavior.egg-info/entry_points.txt
writing requirements to ../../build/gtg_behavior/gtg_behavior.egg-info/requires.txt
writing top-level names to ../../build/gtg_behavior/gtg_behavior.egg-info/top_level.txt
reading manifest file '../../build/gtg_behavior/gtg_behavior.egg-info/SOURCES.txt'
writing manifest file '../../build/gtg_behavior/gtg_behavior.egg-info/SOURCES.txt'
running build
running build_py
copying gtg_behavior/go_to_goal.py -> /home/robertog/ros2_ws/build/gtg_behavior/build/lib/gtg_behavior
running install
running install_lib
copying /home/robertog/ros2_ws/build/gtg_behavior/build/lib/gtg_behavior/go_to_goal.py -> /home/robertog/ros2_ws/install/gtg_behavior/lib/python3.10/site-packages/gtg_behavior
byte-compiling /home/robertog/ros2_ws/install/gtg_behavior/lib/python3.10/site-packages/gtg_behavior/go_to_goal.py to go_to_goal.cpython-310.pyc
running install_data
copying config/params.yaml -> /home/robertog/ros2_ws/install/gtg_behavior/share/gtg_behavior/config
running install_egg_info
removing '/home/robertog/ros2_ws/install/gtg_behavior/lib/python3.10/site-packages/gtg_behavior-0.0.0-py3.10.egg-info' (and everything under it)
Copying ../../build/gtg_behavior/gtg_behavior.egg-info to /home/robertog/ros2_ws/install/gtg_behavior/lib/python3.10/site-packages/gtg_behavior-0.0.0-py3.10.egg-info
running install_scripts
Installing go_to_goal script to /home/robertog/ros2_ws/install/gtg_behavior/lib/gtg_behavior
writing list of installed files to '/home/robertog/ros2_ws/build/gtg_behavior/install.log'
