[3.818s] Invoking command in '/home/robertog/ros2_ws/src/minichallenge3': PYTHONPATH=/home/robertog/ros2_ws/build/minichallenge3/prefix_override:/home/robertog/ros2_ws/install/minichallenge3/lib/python3.10/site-packages:${PYTHONPATH} /usr/bin/python3 -W ignore:setup.py install is deprecated setup.py egg_info --egg-base ../../build/minichallenge3 build --build-base /home/robertog/ros2_ws/build/minichallenge3/build install --record /home/robertog/ros2_ws/build/minichallenge3/install.log --single-version-externally-managed install_data
[4.238s] running egg_info
[4.238s] writing ../../build/minichallenge3/minichallenge3.egg-info/PKG-INFO
[4.239s] writing dependency_links to ../../build/minichallenge3/minichallenge3.egg-info/dependency_links.txt
[4.239s] writing entry points to ../../build/minichallenge3/minichallenge3.egg-info/entry_points.txt
[4.240s] writing requirements to ../../build/minichallenge3/minichallenge3.egg-info/requires.txt
[4.240s] writing top-level names to ../../build/minichallenge3/minichallenge3.egg-info/top_level.txt
[4.242s] reading manifest file '../../build/minichallenge3/minichallenge3.egg-info/SOURCES.txt'
[4.242s] adding license file 'LICENSE'
[4.243s] writing manifest file '../../build/minichallenge3/minichallenge3.egg-info/SOURCES.txt'
[4.244s] running build
[4.244s] running build_py
[4.244s] running install
[4.244s] running install_lib
[4.246s] running install_data
[4.246s] running install_egg_info
[4.248s] removing '/home/robertog/ros2_ws/install/minichallenge3/lib/python3.10/site-packages/minichallenge3-0.0.0-py3.10.egg-info' (and everything under it)
[4.249s] Copying ../../build/minichallenge3/minichallenge3.egg-info to /home/robertog/ros2_ws/install/minichallenge3/lib/python3.10/site-packages/minichallenge3-0.0.0-py3.10.egg-info
[4.251s] running install_scripts
[4.284s] Installing controller script to /home/robertog/ros2_ws/install/minichallenge3/lib/minichallenge3
[4.284s] writing list of installed files to '/home/robertog/ros2_ws/build/minichallenge3/install.log'
[4.397s] Invoked command in '/home/robertog/ros2_ws/src/minichallenge3' returned '0': PYTHONPATH=/home/robertog/ros2_ws/build/minichallenge3/prefix_override:/home/robertog/ros2_ws/install/minichallenge3/lib/python3.10/site-packages:${PYTHONPATH} /usr/bin/python3 -W ignore:setup.py install is deprecated setup.py egg_info --egg-base ../../build/minichallenge3 build --build-base /home/robertog/ros2_ws/build/minichallenge3/build install --record /home/robertog/ros2_ws/build/minichallenge3/install.log --single-version-externally-managed install_data
