[0.489s] Invoking command in '/home/robertog/ros2_ws/src/dataset': PYTHONPATH=/home/robertog/ros2_ws/build/dataset/prefix_override:/home/robertog/ros2_ws/install/dataset/lib/python3.10/site-packages:${PYTHONPATH} /usr/bin/python3 -W ignore:setup.py install is deprecated setup.py egg_info --egg-base ../../build/dataset build --build-base /home/robertog/ros2_ws/build/dataset/build install --record /home/robertog/ros2_ws/build/dataset/install.log --single-version-externally-managed install_data
[0.679s] running egg_info
[0.680s] creating ../../build/dataset/dataset.egg-info
[0.680s] writing ../../build/dataset/dataset.egg-info/PKG-INFO
[0.680s] writing dependency_links to ../../build/dataset/dataset.egg-info/dependency_links.txt
[0.680s] writing entry points to ../../build/dataset/dataset.egg-info/entry_points.txt
[0.680s] writing requirements to ../../build/dataset/dataset.egg-info/requires.txt
[0.680s] writing top-level names to ../../build/dataset/dataset.egg-info/top_level.txt
[0.680s] writing manifest file '../../build/dataset/dataset.egg-info/SOURCES.txt'
[0.681s] reading manifest file '../../build/dataset/dataset.egg-info/SOURCES.txt'
[0.682s] writing manifest file '../../build/dataset/dataset.egg-info/SOURCES.txt'
[0.682s] running build
[0.682s] running build_py
[0.682s] creating /home/robertog/ros2_ws/build/dataset/build
[0.682s] creating /home/robertog/ros2_ws/build/dataset/build/lib
[0.682s] creating /home/robertog/ros2_ws/build/dataset/build/lib/dataset
[0.682s] copying dataset/__init__.py -> /home/robertog/ros2_ws/build/dataset/build/lib/dataset
[0.683s] copying dataset/save_images.py -> /home/robertog/ros2_ws/build/dataset/build/lib/dataset
[0.683s] running install
[0.683s] running install_lib
[0.683s] creating /home/robertog/ros2_ws/install/dataset/lib/python3.10/site-packages/dataset
[0.684s] copying /home/robertog/ros2_ws/build/dataset/build/lib/dataset/__init__.py -> /home/robertog/ros2_ws/install/dataset/lib/python3.10/site-packages/dataset
[0.684s] copying /home/robertog/ros2_ws/build/dataset/build/lib/dataset/save_images.py -> /home/robertog/ros2_ws/install/dataset/lib/python3.10/site-packages/dataset
[0.684s] byte-compiling /home/robertog/ros2_ws/install/dataset/lib/python3.10/site-packages/dataset/__init__.py to __init__.cpython-310.pyc
[0.684s] byte-compiling /home/robertog/ros2_ws/install/dataset/lib/python3.10/site-packages/dataset/save_images.py to save_images.cpython-310.pyc
[0.684s] running install_data
[0.685s] creating /home/robertog/ros2_ws/install/dataset/share/ament_index
[0.685s] creating /home/robertog/ros2_ws/install/dataset/share/ament_index/resource_index
[0.685s] creating /home/robertog/ros2_ws/install/dataset/share/ament_index/resource_index/packages
[0.685s] copying resource/dataset -> /home/robertog/ros2_ws/install/dataset/share/ament_index/resource_index/packages
[0.685s] copying package.xml -> /home/robertog/ros2_ws/install/dataset/share/dataset
[0.685s] running install_egg_info
[0.686s] Copying ../../build/dataset/dataset.egg-info to /home/robertog/ros2_ws/install/dataset/lib/python3.10/site-packages/dataset-0.0.0-py3.10.egg-info
[0.687s] running install_scripts
[0.701s] Installing save_images script to /home/robertog/ros2_ws/install/dataset/lib/dataset
[0.702s] writing list of installed files to '/home/robertog/ros2_ws/build/dataset/install.log'
[0.720s] Invoked command in '/home/robertog/ros2_ws/src/dataset' returned '0': PYTHONPATH=/home/robertog/ros2_ws/build/dataset/prefix_override:/home/robertog/ros2_ws/install/dataset/lib/python3.10/site-packages:${PYTHONPATH} /usr/bin/python3 -W ignore:setup.py install is deprecated setup.py egg_info --egg-base ../../build/dataset build --build-base /home/robertog/ros2_ws/build/dataset/build install --record /home/robertog/ros2_ws/build/dataset/install.log --single-version-externally-managed install_data
