[3.371s] Invoking command in '/home/robertog/ros2_ws/src/minichallenge4': PYTHONPATH=/home/robertog/ros2_ws/build/minichallenge4/prefix_override:/home/robertog/ros2_ws/install/minichallenge4/lib/python3.10/site-packages:${PYTHONPATH} /usr/bin/python3 -W ignore:setup.py install is deprecated setup.py egg_info --egg-base ../../build/minichallenge4 build --build-base /home/robertog/ros2_ws/build/minichallenge4/build install --record /home/robertog/ros2_ws/build/minichallenge4/install.log --single-version-externally-managed install_data
[3.843s] running egg_info
[3.844s] writing ../../build/minichallenge4/minichallenge4.egg-info/PKG-INFO
[3.844s] writing dependency_links to ../../build/minichallenge4/minichallenge4.egg-info/dependency_links.txt
[3.845s] writing entry points to ../../build/minichallenge4/minichallenge4.egg-info/entry_points.txt
[3.845s] writing requirements to ../../build/minichallenge4/minichallenge4.egg-info/requires.txt
[3.845s] writing top-level names to ../../build/minichallenge4/minichallenge4.egg-info/top_level.txt
[3.849s] reading manifest file '../../build/minichallenge4/minichallenge4.egg-info/SOURCES.txt'
[3.849s] adding license file 'LICENSE'
[3.850s] writing manifest file '../../build/minichallenge4/minichallenge4.egg-info/SOURCES.txt'
[3.851s] running build
[3.851s] running build_py
[3.851s] running install
[3.852s] running install_lib
[3.855s] running install_data
[3.855s] running install_egg_info
[3.858s] removing '/home/robertog/ros2_ws/install/minichallenge4/lib/python3.10/site-packages/minichallenge4-0.0.0-py3.10.egg-info' (and everything under it)
[3.863s] Copying ../../build/minichallenge4/minichallenge4.egg-info to /home/robertog/ros2_ws/install/minichallenge4/lib/python3.10/site-packages/minichallenge4-0.0.0-py3.10.egg-info
[3.877s] running install_scripts
[3.944s] Installing controller script to /home/robertog/ros2_ws/install/minichallenge4/lib/minichallenge4
[3.944s] Installing traffic_lights script to /home/robertog/ros2_ws/install/minichallenge4/lib/minichallenge4
[3.947s] writing list of installed files to '/home/robertog/ros2_ws/build/minichallenge4/install.log'
[4.149s] Invoked command in '/home/robertog/ros2_ws/src/minichallenge4' returned '0': PYTHONPATH=/home/robertog/ros2_ws/build/minichallenge4/prefix_override:/home/robertog/ros2_ws/install/minichallenge4/lib/python3.10/site-packages:${PYTHONPATH} /usr/bin/python3 -W ignore:setup.py install is deprecated setup.py egg_info --egg-base ../../build/minichallenge4 build --build-base /home/robertog/ros2_ws/build/minichallenge4/build install --record /home/robertog/ros2_ws/build/minichallenge4/install.log --single-version-externally-managed install_data
