running egg_info
writing ../../build/open_cv_example/open_cv_example.egg-info/PKG-INFO
writing dependency_links to ../../build/open_cv_example/open_cv_example.egg-info/dependency_links.txt
writing entry points to ../../build/open_cv_example/open_cv_example.egg-info/entry_points.txt
writing requirements to ../../build/open_cv_example/open_cv_example.egg-info/requires.txt
writing top-level names to ../../build/open_cv_example/open_cv_example.egg-info/top_level.txt
reading manifest file '../../build/open_cv_example/open_cv_example.egg-info/SOURCES.txt'
adding license file 'LICENSE'
writing manifest file '../../build/open_cv_example/open_cv_example.egg-info/SOURCES.txt'
running build
running build_py
copying open_cv_example/circles.py -> /home/robertog/ros2_ws/build/open_cv_example/build/lib/open_cv_example
running install
running install_lib
copying /home/robertog/ros2_ws/build/open_cv_example/build/lib/open_cv_example/circles.py -> /home/robertog/ros2_ws/install/open_cv_example/lib/python3.10/site-packages/open_cv_example
byte-compiling /home/robertog/ros2_ws/install/open_cv_example/lib/python3.10/site-packages/open_cv_example/circles.py to circles.cpython-310.pyc
running install_data
running install_egg_info
removing '/home/robertog/ros2_ws/install/open_cv_example/lib/python3.10/site-packages/open_cv_example-0.0.0-py3.10.egg-info' (and everything under it)
Copying ../../build/open_cv_example/open_cv_example.egg-info to /home/robertog/ros2_ws/install/open_cv_example/lib/python3.10/site-packages/open_cv_example-0.0.0-py3.10.egg-info
running install_scripts
Installing circle_id script to /home/robertog/ros2_ws/install/open_cv_example/lib/open_cv_example
writing list of installed files to '/home/robertog/ros2_ws/build/open_cv_example/install.log'
