[4.442s] Invoking command in '/home/robertog/ros2_ws/src/mini1_checo': PYTHONPATH=/home/robertog/ros2_ws/build/mini1_checo/prefix_override:/home/robertog/ros2_ws/install/mini1_checo/lib/python3.10/site-packages:${PYTHONPATH} /usr/bin/python3 -W ignore:setup.py install is deprecated setup.py egg_info --egg-base ../../build/mini1_checo build --build-base /home/robertog/ros2_ws/build/mini1_checo/build install --record /home/robertog/ros2_ws/build/mini1_checo/install.log --single-version-externally-managed install_data
[4.973s] running egg_info
[4.975s] writing ../../build/mini1_checo/mini1_checo.egg-info/PKG-INFO
[4.976s] writing dependency_links to ../../build/mini1_checo/mini1_checo.egg-info/dependency_links.txt
[4.976s] writing entry points to ../../build/mini1_checo/mini1_checo.egg-info/entry_points.txt
[4.976s] writing requirements to ../../build/mini1_checo/mini1_checo.egg-info/requires.txt
[4.977s] writing top-level names to ../../build/mini1_checo/mini1_checo.egg-info/top_level.txt
[4.981s] reading manifest file '../../build/mini1_checo/mini1_checo.egg-info/SOURCES.txt'
[4.983s] writing manifest file '../../build/mini1_checo/mini1_checo.egg-info/SOURCES.txt'
[4.983s] running build
[4.984s] running build_py
[4.984s] running install
[4.985s] running install_lib
[4.991s] running install_data
[4.992s] running install_egg_info
[4.996s] removing '/home/robertog/ros2_ws/install/mini1_checo/lib/python3.10/site-packages/mini1_checo-0.0.0-py3.10.egg-info' (and everything under it)
[4.997s] Copying ../../build/mini1_checo/mini1_checo.egg-info to /home/robertog/ros2_ws/install/mini1_checo/lib/python3.10/site-packages/mini1_checo-0.0.0-py3.10.egg-info
[4.999s] running install_scripts
[5.043s] Installing signal_generator script to /home/robertog/ros2_ws/install/mini1_checo/lib/mini1_checo
[5.044s] writing list of installed files to '/home/robertog/ros2_ws/build/mini1_checo/install.log'
[5.203s] Invoked command in '/home/robertog/ros2_ws/src/mini1_checo' returned '0': PYTHONPATH=/home/robertog/ros2_ws/build/mini1_checo/prefix_override:/home/robertog/ros2_ws/install/mini1_checo/lib/python3.10/site-packages:${PYTHONPATH} /usr/bin/python3 -W ignore:setup.py install is deprecated setup.py egg_info --egg-base ../../build/mini1_checo build --build-base /home/robertog/ros2_ws/build/mini1_checo/build install --record /home/robertog/ros2_ws/build/mini1_checo/install.log --single-version-externally-managed install_data
