[0.106s] DEBUG:colcon:Command line arguments: ['/usr/bin/colcon', 'build']
[0.106s] DEBUG:colcon:Parsed command line arguments: Namespace(log_base=None, log_level=None, verb_name='build', build_base='build', install_base='install', merge_install=False, symlink_install=False, test_result_base=None, continue_on_error=False, executor='parallel', parallel_workers=12, event_handlers=None, ignore_user_meta=False, metas=['./colcon.meta'], base_paths=['.'], packages_ignore=None, packages_ignore_regex=None, paths=None, packages_up_to=None, packages_up_to_regex=None, packages_above=None, packages_above_and_dependencies=None, packages_above_depth=None, packages_select_by_dep=None, packages_skip_by_dep=None, packages_skip_up_to=None, packages_select_build_failed=False, packages_skip_build_finished=False, packages_select_test_failures=False, packages_skip_test_passed=False, packages_select=None, packages_skip=None, packages_select_regex=None, packages_skip_regex=None, packages_start=None, packages_end=None, allow_overriding=[], cmake_args=None, cmake_target=None, cmake_target_skip_unavailable=False, cmake_clean_cache=False, cmake_clean_first=False, cmake_force_configure=False, ament_cmake_args=None, catkin_cmake_args=None, catkin_skip_building_tests=False, mixin_files=None, mixin=None, verb_parser=<colcon_mixin.mixin.mixin_argument.MixinArgumentDecorator object at 0x70e6e6ea25f0>, verb_extension=<colcon_core.verb.build.BuildVerb object at 0x70e6e70a7f40>, main=<bound method BuildVerb.main of <colcon_core.verb.build.BuildVerb object at 0x70e6e70a7f40>>, mixin_verb=('build',))
[0.271s] Level 1:colcon.colcon_core.package_discovery:discover_packages(colcon_meta) check parameters
[0.271s] Level 1:colcon.colcon_core.package_discovery:discover_packages(recursive) check parameters
[0.271s] Level 1:colcon.colcon_core.package_discovery:discover_packages(ignore) check parameters
[0.271s] Level 1:colcon.colcon_core.package_discovery:discover_packages(path) check parameters
[0.271s] Level 1:colcon.colcon_core.package_discovery:discover_packages(colcon_meta) discover
[0.271s] Level 1:colcon.colcon_core.package_discovery:discover_packages(recursive) discover
[0.271s] INFO:colcon.colcon_core.package_discovery:Crawling recursively for packages in '/home/robertog/ros2_ws'
[0.271s] Level 1:colcon.colcon_core.package_identification:_identify(.) by extensions ['ignore', 'ignore_ament_install']
[0.271s] Level 1:colcon.colcon_core.package_identification:_identify(.) by extension 'ignore'
[0.271s] Level 1:colcon.colcon_core.package_identification:_identify(.) by extension 'ignore_ament_install'
[0.271s] Level 1:colcon.colcon_core.package_identification:_identify(.) by extensions ['colcon_pkg']
[0.271s] Level 1:colcon.colcon_core.package_identification:_identify(.) by extension 'colcon_pkg'
[0.271s] Level 1:colcon.colcon_core.package_identification:_identify(.) by extensions ['colcon_meta']
[0.271s] Level 1:colcon.colcon_core.package_identification:_identify(.) by extension 'colcon_meta'
[0.271s] Level 1:colcon.colcon_core.package_identification:_identify(.) by extensions ['ros']
[0.271s] Level 1:colcon.colcon_core.package_identification:_identify(.) by extension 'ros'
[0.281s] Level 1:colcon.colcon_core.package_identification:_identify(.) by extensions ['cmake', 'python']
[0.281s] Level 1:colcon.colcon_core.package_identification:_identify(.) by extension 'cmake'
[0.281s] Level 1:colcon.colcon_core.package_identification:_identify(.) by extension 'python'
[0.281s] Level 1:colcon.colcon_core.package_identification:_identify(.) by extensions ['python_setup_py']
[0.281s] Level 1:colcon.colcon_core.package_identification:_identify(.) by extension 'python_setup_py'
[0.281s] Level 1:colcon.colcon_core.package_identification:_identify(build) by extensions ['ignore', 'ignore_ament_install']
[0.281s] Level 1:colcon.colcon_core.package_identification:_identify(build) by extension 'ignore'
[0.281s] Level 1:colcon.colcon_core.package_identification:_identify(build) ignored
[0.282s] Level 1:colcon.colcon_core.package_identification:_identify(install) by extensions ['ignore', 'ignore_ament_install']
[0.282s] Level 1:colcon.colcon_core.package_identification:_identify(install) by extension 'ignore'
[0.282s] Level 1:colcon.colcon_core.package_identification:_identify(install) ignored
[0.282s] Level 1:colcon.colcon_core.package_identification:_identify(log) by extensions ['ignore', 'ignore_ament_install']
[0.282s] Level 1:colcon.colcon_core.package_identification:_identify(log) by extension 'ignore'
[0.282s] Level 1:colcon.colcon_core.package_identification:_identify(log) ignored
[0.282s] Level 1:colcon.colcon_core.package_identification:_identify(src) by extensions ['ignore', 'ignore_ament_install']
[0.282s] Level 1:colcon.colcon_core.package_identification:_identify(src) by extension 'ignore'
[0.282s] Level 1:colcon.colcon_core.package_identification:_identify(src) by extension 'ignore_ament_install'
[0.282s] Level 1:colcon.colcon_core.package_identification:_identify(src) by extensions ['colcon_pkg']
[0.282s] Level 1:colcon.colcon_core.package_identification:_identify(src) by extension 'colcon_pkg'
[0.282s] Level 1:colcon.colcon_core.package_identification:_identify(src) by extensions ['colcon_meta']
[0.282s] Level 1:colcon.colcon_core.package_identification:_identify(src) by extension 'colcon_meta'
[0.282s] Level 1:colcon.colcon_core.package_identification:_identify(src) by extensions ['ros']
[0.282s] Level 1:colcon.colcon_core.package_identification:_identify(src) by extension 'ros'
[0.282s] Level 1:colcon.colcon_core.package_identification:_identify(src) by extensions ['cmake', 'python']
[0.282s] Level 1:colcon.colcon_core.package_identification:_identify(src) by extension 'cmake'
[0.282s] Level 1:colcon.colcon_core.package_identification:_identify(src) by extension 'python'
[0.282s] Level 1:colcon.colcon_core.package_identification:_identify(src) by extensions ['python_setup_py']
[0.282s] Level 1:colcon.colcon_core.package_identification:_identify(src) by extension 'python_setup_py'
[0.283s] Level 1:colcon.colcon_core.package_identification:_identify(src/minichallenge3) by extensions ['ignore', 'ignore_ament_install']
[0.283s] Level 1:colcon.colcon_core.package_identification:_identify(src/minichallenge3) by extension 'ignore'
[0.283s] Level 1:colcon.colcon_core.package_identification:_identify(src/minichallenge3) by extension 'ignore_ament_install'
[0.283s] Level 1:colcon.colcon_core.package_identification:_identify(src/minichallenge3) by extensions ['colcon_pkg']
[0.283s] Level 1:colcon.colcon_core.package_identification:_identify(src/minichallenge3) by extension 'colcon_pkg'
[0.283s] Level 1:colcon.colcon_core.package_identification:_identify(src/minichallenge3) by extensions ['colcon_meta']
[0.283s] Level 1:colcon.colcon_core.package_identification:_identify(src/minichallenge3) by extension 'colcon_meta'
[0.283s] Level 1:colcon.colcon_core.package_identification:_identify(src/minichallenge3) by extensions ['ros']
[0.283s] Level 1:colcon.colcon_core.package_identification:_identify(src/minichallenge3) by extension 'ros'
[0.285s] DEBUG:colcon.colcon_core.package_identification:Package 'src/minichallenge3' with type 'ros.ament_python' and name 'minichallenge3'
[0.285s] Level 1:colcon.colcon_core.package_identification:_identify(src/minichallenge4) by extensions ['ignore', 'ignore_ament_install']
[0.285s] Level 1:colcon.colcon_core.package_identification:_identify(src/minichallenge4) by extension 'ignore'
[0.285s] Level 1:colcon.colcon_core.package_identification:_identify(src/minichallenge4) by extension 'ignore_ament_install'
[0.285s] Level 1:colcon.colcon_core.package_identification:_identify(src/minichallenge4) by extensions ['colcon_pkg']
[0.285s] Level 1:colcon.colcon_core.package_identification:_identify(src/minichallenge4) by extension 'colcon_pkg'
[0.285s] Level 1:colcon.colcon_core.package_identification:_identify(src/minichallenge4) by extensions ['colcon_meta']
[0.285s] Level 1:colcon.colcon_core.package_identification:_identify(src/minichallenge4) by extension 'colcon_meta'
[0.285s] Level 1:colcon.colcon_core.package_identification:_identify(src/minichallenge4) by extensions ['ros']
[0.285s] Level 1:colcon.colcon_core.package_identification:_identify(src/minichallenge4) by extension 'ros'
[0.286s] DEBUG:colcon.colcon_core.package_identification:Package 'src/minichallenge4' with type 'ros.ament_python' and name 'minichallenge4'
[0.286s] Level 1:colcon.colcon_core.package_identification:_identify(src/minichallenge4_bueno) by extensions ['ignore', 'ignore_ament_install']
[0.286s] Level 1:colcon.colcon_core.package_identification:_identify(src/minichallenge4_bueno) by extension 'ignore'
[0.286s] Level 1:colcon.colcon_core.package_identification:_identify(src/minichallenge4_bueno) by extension 'ignore_ament_install'
[0.286s] Level 1:colcon.colcon_core.package_identification:_identify(src/minichallenge4_bueno) by extensions ['colcon_pkg']
[0.286s] Level 1:colcon.colcon_core.package_identification:_identify(src/minichallenge4_bueno) by extension 'colcon_pkg'
[0.286s] Level 1:colcon.colcon_core.package_identification:_identify(src/minichallenge4_bueno) by extensions ['colcon_meta']
[0.286s] Level 1:colcon.colcon_core.package_identification:_identify(src/minichallenge4_bueno) by extension 'colcon_meta'
[0.286s] Level 1:colcon.colcon_core.package_identification:_identify(src/minichallenge4_bueno) by extensions ['ros']
[0.286s] Level 1:colcon.colcon_core.package_identification:_identify(src/minichallenge4_bueno) by extension 'ros'
[0.287s] DEBUG:colcon.colcon_core.package_identification:Package 'src/minichallenge4_bueno' with type 'ros.ament_python' and name 'minichallenge4_bueno'
[0.287s] Level 1:colcon.colcon_core.package_identification:_identify(src/mobile_robotics) by extensions ['ignore', 'ignore_ament_install']
[0.287s] Level 1:colcon.colcon_core.package_identification:_identify(src/mobile_robotics) by extension 'ignore'
[0.287s] Level 1:colcon.colcon_core.package_identification:_identify(src/mobile_robotics) by extension 'ignore_ament_install'
[0.287s] Level 1:colcon.colcon_core.package_identification:_identify(src/mobile_robotics) by extensions ['colcon_pkg']
[0.287s] Level 1:colcon.colcon_core.package_identification:_identify(src/mobile_robotics) by extension 'colcon_pkg'
[0.287s] Level 1:colcon.colcon_core.package_identification:_identify(src/mobile_robotics) by extensions ['colcon_meta']
[0.287s] Level 1:colcon.colcon_core.package_identification:_identify(src/mobile_robotics) by extension 'colcon_meta'
[0.287s] Level 1:colcon.colcon_core.package_identification:_identify(src/mobile_robotics) by extensions ['ros']
[0.287s] Level 1:colcon.colcon_core.package_identification:_identify(src/mobile_robotics) by extension 'ros'
[0.287s] DEBUG:colcon.colcon_core.package_identification:Package 'src/mobile_robotics' with type 'ros.ament_python' and name 'mobile_robotics'
[0.288s] Level 1:colcon.colcon_core.package_identification:_identify(src/open_cv_example) by extensions ['ignore', 'ignore_ament_install']
[0.288s] Level 1:colcon.colcon_core.package_identification:_identify(src/open_cv_example) by extension 'ignore'
[0.288s] Level 1:colcon.colcon_core.package_identification:_identify(src/open_cv_example) by extension 'ignore_ament_install'
[0.288s] Level 1:colcon.colcon_core.package_identification:_identify(src/open_cv_example) by extensions ['colcon_pkg']
[0.288s] Level 1:colcon.colcon_core.package_identification:_identify(src/open_cv_example) by extension 'colcon_pkg'
[0.288s] Level 1:colcon.colcon_core.package_identification:_identify(src/open_cv_example) by extensions ['colcon_meta']
[0.288s] Level 1:colcon.colcon_core.package_identification:_identify(src/open_cv_example) by extension 'colcon_meta'
[0.288s] Level 1:colcon.colcon_core.package_identification:_identify(src/open_cv_example) by extensions ['ros']
[0.288s] Level 1:colcon.colcon_core.package_identification:_identify(src/open_cv_example) by extension 'ros'
[0.288s] DEBUG:colcon.colcon_core.package_identification:Package 'src/open_cv_example' with type 'ros.ament_python' and name 'open_cv_example'
[0.289s] Level 1:colcon.colcon_core.package_identification:_identify(src/two_wheeled_robot) by extensions ['ignore', 'ignore_ament_install']
[0.289s] Level 1:colcon.colcon_core.package_identification:_identify(src/two_wheeled_robot) by extension 'ignore'
[0.289s] Level 1:colcon.colcon_core.package_identification:_identify(src/two_wheeled_robot) by extension 'ignore_ament_install'
[0.289s] Level 1:colcon.colcon_core.package_identification:_identify(src/two_wheeled_robot) by extensions ['colcon_pkg']
[0.289s] Level 1:colcon.colcon_core.package_identification:_identify(src/two_wheeled_robot) by extension 'colcon_pkg'
[0.289s] Level 1:colcon.colcon_core.package_identification:_identify(src/two_wheeled_robot) by extensions ['colcon_meta']
[0.289s] Level 1:colcon.colcon_core.package_identification:_identify(src/two_wheeled_robot) by extension 'colcon_meta'
[0.289s] Level 1:colcon.colcon_core.package_identification:_identify(src/two_wheeled_robot) by extensions ['ros']
[0.289s] Level 1:colcon.colcon_core.package_identification:_identify(src/two_wheeled_robot) by extension 'ros'
[0.289s] DEBUG:colcon.colcon_core.package_identification:Package 'src/two_wheeled_robot' with type 'ros.ament_cmake' and name 'two_wheeled_robot'
[0.289s] Level 1:colcon.colcon_core.package_discovery:discover_packages(recursive) using defaults
[0.289s] Level 1:colcon.colcon_core.package_discovery:discover_packages(ignore) discover
[0.289s] Level 1:colcon.colcon_core.package_discovery:discover_packages(ignore) using defaults
[0.289s] Level 1:colcon.colcon_core.package_discovery:discover_packages(path) discover
[0.289s] Level 1:colcon.colcon_core.package_discovery:discover_packages(path) using defaults
[0.331s] Level 1:colcon.colcon_core.package_discovery:discover_packages(prefix_path) check parameters
[0.331s] Level 1:colcon.colcon_core.package_discovery:discover_packages(prefix_path) discover
[0.333s] DEBUG:colcon.colcon_installed_package_information.package_discovery:Found 6 installed packages in /home/robertog/ros2_ws/install
[0.334s] DEBUG:colcon.colcon_installed_package_information.package_discovery:Found 337 installed packages in /opt/ros/humble
[0.336s] Level 1:colcon.colcon_core.package_discovery:discover_packages(prefix_path) using defaults
[0.374s] Level 5:colcon.colcon_core.verb:set package 'minichallenge3' build argument 'cmake_args' from command line to 'None'
[0.374s] Level 5:colcon.colcon_core.verb:set package 'minichallenge3' build argument 'cmake_target' from command line to 'None'
[0.374s] Level 5:colcon.colcon_core.verb:set package 'minichallenge3' build argument 'cmake_target_skip_unavailable' from command line to 'False'
[0.374s] Level 5:colcon.colcon_core.verb:set package 'minichallenge3' build argument 'cmake_clean_cache' from command line to 'False'
[0.374s] Level 5:colcon.colcon_core.verb:set package 'minichallenge3' build argument 'cmake_clean_first' from command line to 'False'
[0.374s] Level 5:colcon.colcon_core.verb:set package 'minichallenge3' build argument 'cmake_force_configure' from command line to 'False'
[0.374s] Level 5:colcon.colcon_core.verb:set package 'minichallenge3' build argument 'ament_cmake_args' from command line to 'None'
[0.374s] Level 5:colcon.colcon_core.verb:set package 'minichallenge3' build argument 'catkin_cmake_args' from command line to 'None'
[0.374s] Level 5:colcon.colcon_core.verb:set package 'minichallenge3' build argument 'catkin_skip_building_tests' from command line to 'False'
[0.374s] DEBUG:colcon.colcon_core.verb:Building package 'minichallenge3' with the following arguments: {'ament_cmake_args': None, 'build_base': '/home/robertog/ros2_ws/build/minichallenge3', 'catkin_cmake_args': None, 'catkin_skip_building_tests': False, 'cmake_args': None, 'cmake_clean_cache': False, 'cmake_clean_first': False, 'cmake_force_configure': False, 'cmake_target': None, 'cmake_target_skip_unavailable': False, 'install_base': '/home/robertog/ros2_ws/install/minichallenge3', 'merge_install': False, 'path': '/home/robertog/ros2_ws/src/minichallenge3', 'symlink_install': False, 'test_result_base': None}
[0.374s] Level 5:colcon.colcon_core.verb:set package 'minichallenge4' build argument 'cmake_args' from command line to 'None'
[0.374s] Level 5:colcon.colcon_core.verb:set package 'minichallenge4' build argument 'cmake_target' from command line to 'None'
[0.374s] Level 5:colcon.colcon_core.verb:set package 'minichallenge4' build argument 'cmake_target_skip_unavailable' from command line to 'False'
[0.374s] Level 5:colcon.colcon_core.verb:set package 'minichallenge4' build argument 'cmake_clean_cache' from command line to 'False'
[0.374s] Level 5:colcon.colcon_core.verb:set package 'minichallenge4' build argument 'cmake_clean_first' from command line to 'False'
[0.374s] Level 5:colcon.colcon_core.verb:set package 'minichallenge4' build argument 'cmake_force_configure' from command line to 'False'
[0.374s] Level 5:colcon.colcon_core.verb:set package 'minichallenge4' build argument 'ament_cmake_args' from command line to 'None'
[0.374s] Level 5:colcon.colcon_core.verb:set package 'minichallenge4' build argument 'catkin_cmake_args' from command line to 'None'
[0.374s] Level 5:colcon.colcon_core.verb:set package 'minichallenge4' build argument 'catkin_skip_building_tests' from command line to 'False'
[0.374s] DEBUG:colcon.colcon_core.verb:Building package 'minichallenge4' with the following arguments: {'ament_cmake_args': None, 'build_base': '/home/robertog/ros2_ws/build/minichallenge4', 'catkin_cmake_args': None, 'catkin_skip_building_tests': False, 'cmake_args': None, 'cmake_clean_cache': False, 'cmake_clean_first': False, 'cmake_force_configure': False, 'cmake_target': None, 'cmake_target_skip_unavailable': False, 'install_base': '/home/robertog/ros2_ws/install/minichallenge4', 'merge_install': False, 'path': '/home/robertog/ros2_ws/src/minichallenge4', 'symlink_install': False, 'test_result_base': None}
[0.375s] Level 5:colcon.colcon_core.verb:set package 'minichallenge4_bueno' build argument 'cmake_args' from command line to 'None'
[0.375s] Level 5:colcon.colcon_core.verb:set package 'minichallenge4_bueno' build argument 'cmake_target' from command line to 'None'
[0.375s] Level 5:colcon.colcon_core.verb:set package 'minichallenge4_bueno' build argument 'cmake_target_skip_unavailable' from command line to 'False'
[0.375s] Level 5:colcon.colcon_core.verb:set package 'minichallenge4_bueno' build argument 'cmake_clean_cache' from command line to 'False'
[0.375s] Level 5:colcon.colcon_core.verb:set package 'minichallenge4_bueno' build argument 'cmake_clean_first' from command line to 'False'
[0.375s] Level 5:colcon.colcon_core.verb:set package 'minichallenge4_bueno' build argument 'cmake_force_configure' from command line to 'False'
[0.375s] Level 5:colcon.colcon_core.verb:set package 'minichallenge4_bueno' build argument 'ament_cmake_args' from command line to 'None'
[0.375s] Level 5:colcon.colcon_core.verb:set package 'minichallenge4_bueno' build argument 'catkin_cmake_args' from command line to 'None'
[0.375s] Level 5:colcon.colcon_core.verb:set package 'minichallenge4_bueno' build argument 'catkin_skip_building_tests' from command line to 'False'
[0.375s] DEBUG:colcon.colcon_core.verb:Building package 'minichallenge4_bueno' with the following arguments: {'ament_cmake_args': None, 'build_base': '/home/robertog/ros2_ws/build/minichallenge4_bueno', 'catkin_cmake_args': None, 'catkin_skip_building_tests': False, 'cmake_args': None, 'cmake_clean_cache': False, 'cmake_clean_first': False, 'cmake_force_configure': False, 'cmake_target': None, 'cmake_target_skip_unavailable': False, 'install_base': '/home/robertog/ros2_ws/install/minichallenge4_bueno', 'merge_install': False, 'path': '/home/robertog/ros2_ws/src/minichallenge4_bueno', 'symlink_install': False, 'test_result_base': None}
[0.375s] Level 5:colcon.colcon_core.verb:set package 'mobile_robotics' build argument 'cmake_args' from command line to 'None'
[0.375s] Level 5:colcon.colcon_core.verb:set package 'mobile_robotics' build argument 'cmake_target' from command line to 'None'
[0.375s] Level 5:colcon.colcon_core.verb:set package 'mobile_robotics' build argument 'cmake_target_skip_unavailable' from command line to 'False'
[0.375s] Level 5:colcon.colcon_core.verb:set package 'mobile_robotics' build argument 'cmake_clean_cache' from command line to 'False'
[0.375s] Level 5:colcon.colcon_core.verb:set package 'mobile_robotics' build argument 'cmake_clean_first' from command line to 'False'
[0.375s] Level 5:colcon.colcon_core.verb:set package 'mobile_robotics' build argument 'cmake_force_configure' from command line to 'False'
[0.375s] Level 5:colcon.colcon_core.verb:set package 'mobile_robotics' build argument 'ament_cmake_args' from command line to 'None'
[0.375s] Level 5:colcon.colcon_core.verb:set package 'mobile_robotics' build argument 'catkin_cmake_args' from command line to 'None'
[0.375s] Level 5:colcon.colcon_core.verb:set package 'mobile_robotics' build argument 'catkin_skip_building_tests' from command line to 'False'
[0.376s] DEBUG:colcon.colcon_core.verb:Building package 'mobile_robotics' with the following arguments: {'ament_cmake_args': None, 'build_base': '/home/robertog/ros2_ws/build/mobile_robotics', 'catkin_cmake_args': None, 'catkin_skip_building_tests': False, 'cmake_args': None, 'cmake_clean_cache': False, 'cmake_clean_first': False, 'cmake_force_configure': False, 'cmake_target': None, 'cmake_target_skip_unavailable': False, 'install_base': '/home/robertog/ros2_ws/install/mobile_robotics', 'merge_install': False, 'path': '/home/robertog/ros2_ws/src/mobile_robotics', 'symlink_install': False, 'test_result_base': None}
[0.376s] Level 5:colcon.colcon_core.verb:set package 'open_cv_example' build argument 'cmake_args' from command line to 'None'
[0.376s] Level 5:colcon.colcon_core.verb:set package 'open_cv_example' build argument 'cmake_target' from command line to 'None'
[0.376s] Level 5:colcon.colcon_core.verb:set package 'open_cv_example' build argument 'cmake_target_skip_unavailable' from command line to 'False'
[0.376s] Level 5:colcon.colcon_core.verb:set package 'open_cv_example' build argument 'cmake_clean_cache' from command line to 'False'
[0.376s] Level 5:colcon.colcon_core.verb:set package 'open_cv_example' build argument 'cmake_clean_first' from command line to 'False'
[0.376s] Level 5:colcon.colcon_core.verb:set package 'open_cv_example' build argument 'cmake_force_configure' from command line to 'False'
[0.376s] Level 5:colcon.colcon_core.verb:set package 'open_cv_example' build argument 'ament_cmake_args' from command line to 'None'
[0.376s] Level 5:colcon.colcon_core.verb:set package 'open_cv_example' build argument 'catkin_cmake_args' from command line to 'None'
[0.376s] Level 5:colcon.colcon_core.verb:set package 'open_cv_example' build argument 'catkin_skip_building_tests' from command line to 'False'
[0.376s] DEBUG:colcon.colcon_core.verb:Building package 'open_cv_example' with the following arguments: {'ament_cmake_args': None, 'build_base': '/home/robertog/ros2_ws/build/open_cv_example', 'catkin_cmake_args': None, 'catkin_skip_building_tests': False, 'cmake_args': None, 'cmake_clean_cache': False, 'cmake_clean_first': False, 'cmake_force_configure': False, 'cmake_target': None, 'cmake_target_skip_unavailable': False, 'install_base': '/home/robertog/ros2_ws/install/open_cv_example', 'merge_install': False, 'path': '/home/robertog/ros2_ws/src/open_cv_example', 'symlink_install': False, 'test_result_base': None}
[0.376s] Level 5:colcon.colcon_core.verb:set package 'two_wheeled_robot' build argument 'cmake_args' from command line to 'None'
[0.376s] Level 5:colcon.colcon_core.verb:set package 'two_wheeled_robot' build argument 'cmake_target' from command line to 'None'
[0.376s] Level 5:colcon.colcon_core.verb:set package 'two_wheeled_robot' build argument 'cmake_target_skip_unavailable' from command line to 'False'
[0.376s] Level 5:colcon.colcon_core.verb:set package 'two_wheeled_robot' build argument 'cmake_clean_cache' from command line to 'False'
[0.376s] Level 5:colcon.colcon_core.verb:set package 'two_wheeled_robot' build argument 'cmake_clean_first' from command line to 'False'
[0.376s] Level 5:colcon.colcon_core.verb:set package 'two_wheeled_robot' build argument 'cmake_force_configure' from command line to 'False'
[0.376s] Level 5:colcon.colcon_core.verb:set package 'two_wheeled_robot' build argument 'ament_cmake_args' from command line to 'None'
[0.376s] Level 5:colcon.colcon_core.verb:set package 'two_wheeled_robot' build argument 'catkin_cmake_args' from command line to 'None'
[0.376s] Level 5:colcon.colcon_core.verb:set package 'two_wheeled_robot' build argument 'catkin_skip_building_tests' from command line to 'False'
[0.376s] DEBUG:colcon.colcon_core.verb:Building package 'two_wheeled_robot' with the following arguments: {'ament_cmake_args': None, 'build_base': '/home/robertog/ros2_ws/build/two_wheeled_robot', 'catkin_cmake_args': None, 'catkin_skip_building_tests': False, 'cmake_args': None, 'cmake_clean_cache': False, 'cmake_clean_first': False, 'cmake_force_configure': False, 'cmake_target': None, 'cmake_target_skip_unavailable': False, 'install_base': '/home/robertog/ros2_ws/install/two_wheeled_robot', 'merge_install': False, 'path': '/home/robertog/ros2_ws/src/two_wheeled_robot', 'symlink_install': False, 'test_result_base': None}
[0.377s] INFO:colcon.colcon_core.executor:Executing jobs using 'parallel' executor
[0.378s] DEBUG:colcon.colcon_parallel_executor.executor.parallel:run_until_complete
[0.378s] INFO:colcon.colcon_ros.task.ament_python.build:Building ROS package in '/home/robertog/ros2_ws/src/minichallenge3' with build type 'ament_python'
[0.378s] Level 1:colcon.colcon_core.shell:create_environment_hook('minichallenge3', 'ament_prefix_path')
[0.380s] INFO:colcon.colcon_core.plugin_system:Skipping extension 'colcon_core.shell.bat': Not used on non-Windows systems
[0.380s] INFO:colcon.colcon_core.shell:Creating environment hook '/home/robertog/ros2_ws/install/minichallenge3/share/minichallenge3/hook/ament_prefix_path.ps1'
[0.381s] INFO:colcon.colcon_core.shell:Creating environment descriptor '/home/robertog/ros2_ws/install/minichallenge3/share/minichallenge3/hook/ament_prefix_path.dsv'
[0.381s] INFO:colcon.colcon_core.shell:Creating environment hook '/home/robertog/ros2_ws/install/minichallenge3/share/minichallenge3/hook/ament_prefix_path.sh'
[0.381s] INFO:colcon.colcon_core.shell:Skip shell extension 'powershell' for command environment: Not usable outside of PowerShell
[0.381s] DEBUG:colcon.colcon_core.shell:Skip shell extension 'dsv' for command environment
[0.385s] INFO:colcon.colcon_ros.task.ament_python.build:Building ROS package in '/home/robertog/ros2_ws/src/minichallenge4' with build type 'ament_python'
[0.385s] Level 1:colcon.colcon_core.shell:create_environment_hook('minichallenge4', 'ament_prefix_path')
[0.385s] INFO:colcon.colcon_core.shell:Creating environment hook '/home/robertog/ros2_ws/install/minichallenge4/share/minichallenge4/hook/ament_prefix_path.ps1'
[0.385s] INFO:colcon.colcon_core.shell:Creating environment descriptor '/home/robertog/ros2_ws/install/minichallenge4/share/minichallenge4/hook/ament_prefix_path.dsv'
[0.386s] INFO:colcon.colcon_core.shell:Creating environment hook '/home/robertog/ros2_ws/install/minichallenge4/share/minichallenge4/hook/ament_prefix_path.sh'
[0.386s] INFO:colcon.colcon_core.shell:Skip shell extension 'powershell' for command environment: Not usable outside of PowerShell
[0.386s] DEBUG:colcon.colcon_core.shell:Skip shell extension 'dsv' for command environment
[0.390s] INFO:colcon.colcon_ros.task.ament_python.build:Building ROS package in '/home/robertog/ros2_ws/src/minichallenge4_bueno' with build type 'ament_python'
[0.390s] Level 1:colcon.colcon_core.shell:create_environment_hook('minichallenge4_bueno', 'ament_prefix_path')
[0.390s] INFO:colcon.colcon_core.shell:Creating environment hook '/home/robertog/ros2_ws/install/minichallenge4_bueno/share/minichallenge4_bueno/hook/ament_prefix_path.ps1'
[0.391s] INFO:colcon.colcon_core.shell:Creating environment descriptor '/home/robertog/ros2_ws/install/minichallenge4_bueno/share/minichallenge4_bueno/hook/ament_prefix_path.dsv'
[0.391s] INFO:colcon.colcon_core.shell:Creating environment hook '/home/robertog/ros2_ws/install/minichallenge4_bueno/share/minichallenge4_bueno/hook/ament_prefix_path.sh'
[0.392s] INFO:colcon.colcon_core.shell:Skip shell extension 'powershell' for command environment: Not usable outside of PowerShell
[0.392s] DEBUG:colcon.colcon_core.shell:Skip shell extension 'dsv' for command environment
[0.395s] INFO:colcon.colcon_ros.task.ament_python.build:Building ROS package in '/home/robertog/ros2_ws/src/mobile_robotics' with build type 'ament_python'
[0.395s] Level 1:colcon.colcon_core.shell:create_environment_hook('mobile_robotics', 'ament_prefix_path')
[0.396s] INFO:colcon.colcon_core.shell:Creating environment hook '/home/robertog/ros2_ws/install/mobile_robotics/share/mobile_robotics/hook/ament_prefix_path.ps1'
[0.396s] INFO:colcon.colcon_core.shell:Creating environment descriptor '/home/robertog/ros2_ws/install/mobile_robotics/share/mobile_robotics/hook/ament_prefix_path.dsv'
[0.396s] INFO:colcon.colcon_core.shell:Creating environment hook '/home/robertog/ros2_ws/install/mobile_robotics/share/mobile_robotics/hook/ament_prefix_path.sh'
[0.397s] INFO:colcon.colcon_core.shell:Skip shell extension 'powershell' for command environment: Not usable outside of PowerShell
[0.397s] DEBUG:colcon.colcon_core.shell:Skip shell extension 'dsv' for command environment
[0.400s] INFO:colcon.colcon_ros.task.ament_python.build:Building ROS package in '/home/robertog/ros2_ws/src/open_cv_example' with build type 'ament_python'
[0.400s] Level 1:colcon.colcon_core.shell:create_environment_hook('open_cv_example', 'ament_prefix_path')
[0.400s] INFO:colcon.colcon_core.shell:Creating environment hook '/home/robertog/ros2_ws/install/open_cv_example/share/open_cv_example/hook/ament_prefix_path.ps1'
[0.400s] INFO:colcon.colcon_core.shell:Creating environment descriptor '/home/robertog/ros2_ws/install/open_cv_example/share/open_cv_example/hook/ament_prefix_path.dsv'
[0.400s] INFO:colcon.colcon_core.shell:Creating environment hook '/home/robertog/ros2_ws/install/open_cv_example/share/open_cv_example/hook/ament_prefix_path.sh'
[0.401s] INFO:colcon.colcon_core.shell:Skip shell extension 'powershell' for command environment: Not usable outside of PowerShell
[0.401s] DEBUG:colcon.colcon_core.shell:Skip shell extension 'dsv' for command environment
[0.404s] INFO:colcon.colcon_ros.task.ament_cmake.build:Building ROS package in '/home/robertog/ros2_ws/src/two_wheeled_robot' with build type 'ament_cmake'
[0.404s] INFO:colcon.colcon_cmake.task.cmake.build:Building CMake package in '/home/robertog/ros2_ws/src/two_wheeled_robot'
[0.404s] INFO:colcon.colcon_core.shell:Skip shell extension 'powershell' for command environment: Not usable outside of PowerShell
[0.404s] DEBUG:colcon.colcon_core.shell:Skip shell extension 'dsv' for command environment
[0.672s] INFO:colcon.colcon_core.task.python.build:Building Python package in '/home/robertog/ros2_ws/src/minichallenge3'
[0.672s] INFO:colcon.colcon_core.shell:Skip shell extension 'powershell' for command environment: Not usable outside of PowerShell
[0.672s] DEBUG:colcon.colcon_core.shell:Skip shell extension 'dsv' for command environment
[0.929s] INFO:colcon.colcon_core.task.python.build:Building Python package in '/home/robertog/ros2_ws/src/minichallenge4'
[0.929s] INFO:colcon.colcon_core.shell:Skip shell extension 'powershell' for command environment: Not usable outside of PowerShell
[0.929s] DEBUG:colcon.colcon_core.shell:Skip shell extension 'dsv' for command environment
[1.185s] INFO:colcon.colcon_core.task.python.build:Building Python package in '/home/robertog/ros2_ws/src/minichallenge4_bueno'
[1.186s] INFO:colcon.colcon_core.shell:Skip shell extension 'powershell' for command environment: Not usable outside of PowerShell
[1.186s] DEBUG:colcon.colcon_core.shell:Skip shell extension 'dsv' for command environment
[1.438s] INFO:colcon.colcon_core.task.python.build:Building Python package in '/home/robertog/ros2_ws/src/mobile_robotics'
[1.438s] INFO:colcon.colcon_core.shell:Skip shell extension 'powershell' for command environment: Not usable outside of PowerShell
[1.438s] DEBUG:colcon.colcon_core.shell:Skip shell extension 'dsv' for command environment
[1.694s] INFO:colcon.colcon_core.task.python.build:Building Python package in '/home/robertog/ros2_ws/src/open_cv_example'
[1.695s] INFO:colcon.colcon_core.shell:Skip shell extension 'powershell' for command environment: Not usable outside of PowerShell
[1.695s] DEBUG:colcon.colcon_core.shell:Skip shell extension 'dsv' for command environment
[1.703s] DEBUG:colcon.colcon_core.event_handler.log_command:Invoking command in '/home/robertog/ros2_ws/build/two_wheeled_robot': CMAKE_PREFIX_PATH=${CMAKE_PREFIX_PATH}:/home/robertog/ros2_ws/install/open_cv_example:/home/robertog/ros2_ws/install/mobile_robotics:/home/robertog/ros2_ws/install/minichallenge4_bueno:/home/robertog/ros2_ws/install/minichallenge4:/home/robertog/ros2_ws/install/minichallenge3:/opt/ros/humble /usr/bin/cmake --build /home/robertog/ros2_ws/build/two_wheeled_robot -- -j12 -l12
[2.254s] DEBUG:colcon.colcon_core.event_handler.log_command:Invoking command in '/home/robertog/ros2_ws/src/open_cv_example': PYTHONPATH=/home/robertog/ros2_ws/build/open_cv_example/prefix_override:/home/robertog/ros2_ws/install/open_cv_example/lib/python3.10/site-packages:${PYTHONPATH} /usr/bin/python3 -W ignore:setup.py install is deprecated setup.py egg_info --egg-base ../../build/open_cv_example build --build-base /home/robertog/ros2_ws/build/open_cv_example/build install --record /home/robertog/ros2_ws/build/open_cv_example/install.log --single-version-externally-managed install_data
[2.258s] DEBUG:colcon.colcon_core.event_handler.log_command:Invoking command in '/home/robertog/ros2_ws/src/minichallenge4': PYTHONPATH=/home/robertog/ros2_ws/build/minichallenge4/prefix_override:/home/robertog/ros2_ws/install/minichallenge4/lib/python3.10/site-packages:${PYTHONPATH} /usr/bin/python3 -W ignore:setup.py install is deprecated setup.py egg_info --egg-base ../../build/minichallenge4 build --build-base /home/robertog/ros2_ws/build/minichallenge4/build install --record /home/robertog/ros2_ws/build/minichallenge4/install.log --single-version-externally-managed install_data
[2.261s] DEBUG:colcon.colcon_core.event_handler.log_command:Invoking command in '/home/robertog/ros2_ws/src/minichallenge4_bueno': PYTHONPATH=/home/robertog/ros2_ws/build/minichallenge4_bueno/prefix_override:/home/robertog/ros2_ws/install/minichallenge4_bueno/lib/python3.10/site-packages:${PYTHONPATH} /usr/bin/python3 -W ignore:setup.py install is deprecated setup.py egg_info --egg-base ../../build/minichallenge4_bueno build --build-base /home/robertog/ros2_ws/build/minichallenge4_bueno/build install --record /home/robertog/ros2_ws/build/minichallenge4_bueno/install.log --single-version-externally-managed install_data
[2.263s] DEBUG:colcon.colcon_core.event_handler.log_command:Invoking command in '/home/robertog/ros2_ws/src/minichallenge3': PYTHONPATH=/home/robertog/ros2_ws/build/minichallenge3/prefix_override:/home/robertog/ros2_ws/install/minichallenge3/lib/python3.10/site-packages:${PYTHONPATH} /usr/bin/python3 -W ignore:setup.py install is deprecated setup.py egg_info --egg-base ../../build/minichallenge3 build --build-base /home/robertog/ros2_ws/build/minichallenge3/build install --record /home/robertog/ros2_ws/build/minichallenge3/install.log --single-version-externally-managed install_data
[2.342s] DEBUG:colcon.colcon_core.event_handler.log_command:Invoking command in '/home/robertog/ros2_ws/src/mobile_robotics': PYTHONPATH=/home/robertog/ros2_ws/build/mobile_robotics/prefix_override:/home/robertog/ros2_ws/install/mobile_robotics/lib/python3.10/site-packages:${PYTHONPATH} /usr/bin/python3 -W ignore:setup.py install is deprecated setup.py egg_info --egg-base ../../build/mobile_robotics build --build-base /home/robertog/ros2_ws/build/mobile_robotics/build install --record /home/robertog/ros2_ws/build/mobile_robotics/install.log --single-version-externally-managed install_data
[2.404s] DEBUG:colcon.colcon_core.event_handler.log_command:Invoked command in '/home/robertog/ros2_ws/build/two_wheeled_robot' returned '0': CMAKE_PREFIX_PATH=${CMAKE_PREFIX_PATH}:/home/robertog/ros2_ws/install/open_cv_example:/home/robertog/ros2_ws/install/mobile_robotics:/home/robertog/ros2_ws/install/minichallenge4_bueno:/home/robertog/ros2_ws/install/minichallenge4:/home/robertog/ros2_ws/install/minichallenge3:/opt/ros/humble /usr/bin/cmake --build /home/robertog/ros2_ws/build/two_wheeled_robot -- -j12 -l12
[2.453s] DEBUG:colcon.colcon_core.event_handler.log_command:Invoking command in '/home/robertog/ros2_ws/build/two_wheeled_robot': CMAKE_PREFIX_PATH=${CMAKE_PREFIX_PATH}:/home/robertog/ros2_ws/install/open_cv_example:/home/robertog/ros2_ws/install/mobile_robotics:/home/robertog/ros2_ws/install/minichallenge4_bueno:/home/robertog/ros2_ws/install/minichallenge4:/home/robertog/ros2_ws/install/minichallenge3:/opt/ros/humble /usr/bin/cmake --install /home/robertog/ros2_ws/build/two_wheeled_robot
[2.698s] Level 1:colcon.colcon_core.environment:create_environment_scripts_only(two_wheeled_robot)
[2.707s] Level 1:colcon.colcon_core.environment:checking '/home/robertog/ros2_ws/install/two_wheeled_robot' for CMake module files
[2.709s] Level 1:colcon.colcon_core.environment:checking '/home/robertog/ros2_ws/install/two_wheeled_robot' for CMake config files
[2.876s] DEBUG:colcon.colcon_core.event_handler.log_command:Invoked command in '/home/robertog/ros2_ws/build/two_wheeled_robot' returned '0': CMAKE_PREFIX_PATH=${CMAKE_PREFIX_PATH}:/home/robertog/ros2_ws/install/open_cv_example:/home/robertog/ros2_ws/install/mobile_robotics:/home/robertog/ros2_ws/install/minichallenge4_bueno:/home/robertog/ros2_ws/install/minichallenge4:/home/robertog/ros2_ws/install/minichallenge3:/opt/ros/humble /usr/bin/cmake --install /home/robertog/ros2_ws/build/two_wheeled_robot
[2.880s] Level 1:colcon.colcon_core.shell:create_environment_hook('two_wheeled_robot', 'cmake_prefix_path')
[2.880s] INFO:colcon.colcon_core.shell:Creating environment hook '/home/robertog/ros2_ws/install/two_wheeled_robot/share/two_wheeled_robot/hook/cmake_prefix_path.ps1'
[2.881s] INFO:colcon.colcon_core.shell:Creating environment descriptor '/home/robertog/ros2_ws/install/two_wheeled_robot/share/two_wheeled_robot/hook/cmake_prefix_path.dsv'
[2.881s] INFO:colcon.colcon_core.shell:Creating environment hook '/home/robertog/ros2_ws/install/two_wheeled_robot/share/two_wheeled_robot/hook/cmake_prefix_path.sh'
[2.882s] Level 1:colcon.colcon_core.environment:checking '/home/robertog/ros2_ws/install/two_wheeled_robot/lib'
[2.882s] Level 1:colcon.colcon_core.environment:checking '/home/robertog/ros2_ws/install/two_wheeled_robot/bin'
[2.882s] Level 1:colcon.colcon_core.environment:checking '/home/robertog/ros2_ws/install/two_wheeled_robot/lib/pkgconfig/two_wheeled_robot.pc'
[2.883s] Level 1:colcon.colcon_core.environment:checking '/home/robertog/ros2_ws/install/two_wheeled_robot/lib/python3.10/site-packages'
[2.883s] Level 1:colcon.colcon_core.environment:checking '/home/robertog/ros2_ws/install/two_wheeled_robot/bin'
[2.883s] INFO:colcon.colcon_core.shell:Creating package script '/home/robertog/ros2_ws/install/two_wheeled_robot/share/two_wheeled_robot/package.ps1'
[2.884s] INFO:colcon.colcon_core.shell:Creating package descriptor '/home/robertog/ros2_ws/install/two_wheeled_robot/share/two_wheeled_robot/package.dsv'
[2.884s] INFO:colcon.colcon_core.shell:Creating package script '/home/robertog/ros2_ws/install/two_wheeled_robot/share/two_wheeled_robot/package.sh'
[2.885s] INFO:colcon.colcon_core.shell:Creating package script '/home/robertog/ros2_ws/install/two_wheeled_robot/share/two_wheeled_robot/package.bash'
[2.885s] INFO:colcon.colcon_core.shell:Creating package script '/home/robertog/ros2_ws/install/two_wheeled_robot/share/two_wheeled_robot/package.zsh'
[2.886s] Level 1:colcon.colcon_core.environment:create_file_with_runtime_dependencies(/home/robertog/ros2_ws/install/two_wheeled_robot/share/colcon-core/packages/two_wheeled_robot)
[2.889s] Level 1:colcon.colcon_core.environment:checking '/home/robertog/ros2_ws/install/open_cv_example' for CMake module files
[2.890s] DEBUG:colcon.colcon_core.event_handler.log_command:Invoked command in '/home/robertog/ros2_ws/src/open_cv_example' returned '0': PYTHONPATH=/home/robertog/ros2_ws/build/open_cv_example/prefix_override:/home/robertog/ros2_ws/install/open_cv_example/lib/python3.10/site-packages:${PYTHONPATH} /usr/bin/python3 -W ignore:setup.py install is deprecated setup.py egg_info --egg-base ../../build/open_cv_example build --build-base /home/robertog/ros2_ws/build/open_cv_example/build install --record /home/robertog/ros2_ws/build/open_cv_example/install.log --single-version-externally-managed install_data
[2.890s] Level 1:colcon.colcon_core.environment:checking '/home/robertog/ros2_ws/install/open_cv_example' for CMake config files
[2.890s] Level 1:colcon.colcon_core.environment:checking '/home/robertog/ros2_ws/install/open_cv_example/lib'
[2.890s] Level 1:colcon.colcon_core.environment:checking '/home/robertog/ros2_ws/install/open_cv_example/bin'
[2.891s] Level 1:colcon.colcon_core.environment:checking '/home/robertog/ros2_ws/install/open_cv_example/lib/pkgconfig/open_cv_example.pc'
[2.891s] Level 1:colcon.colcon_core.environment:checking '/home/robertog/ros2_ws/install/open_cv_example/lib/python3.10/site-packages'
[2.891s] Level 1:colcon.colcon_core.shell:create_environment_hook('open_cv_example', 'pythonpath')
[2.891s] INFO:colcon.colcon_core.shell:Creating environment hook '/home/robertog/ros2_ws/install/open_cv_example/share/open_cv_example/hook/pythonpath.ps1'
[2.892s] INFO:colcon.colcon_core.shell:Creating environment descriptor '/home/robertog/ros2_ws/install/open_cv_example/share/open_cv_example/hook/pythonpath.dsv'
[2.892s] INFO:colcon.colcon_core.shell:Creating environment hook '/home/robertog/ros2_ws/install/open_cv_example/share/open_cv_example/hook/pythonpath.sh'
[2.892s] Level 1:colcon.colcon_core.environment:checking '/home/robertog/ros2_ws/install/open_cv_example/bin'
[2.892s] Level 1:colcon.colcon_core.environment:create_environment_scripts_only(open_cv_example)
[2.893s] INFO:colcon.colcon_core.shell:Creating package script '/home/robertog/ros2_ws/install/open_cv_example/share/open_cv_example/package.ps1'
[2.893s] INFO:colcon.colcon_core.shell:Creating package descriptor '/home/robertog/ros2_ws/install/open_cv_example/share/open_cv_example/package.dsv'
[2.893s] INFO:colcon.colcon_core.shell:Creating package script '/home/robertog/ros2_ws/install/open_cv_example/share/open_cv_example/package.sh'
[2.894s] INFO:colcon.colcon_core.shell:Creating package script '/home/robertog/ros2_ws/install/open_cv_example/share/open_cv_example/package.bash'
[2.894s] INFO:colcon.colcon_core.shell:Creating package script '/home/robertog/ros2_ws/install/open_cv_example/share/open_cv_example/package.zsh'
[2.894s] Level 1:colcon.colcon_core.environment:create_file_with_runtime_dependencies(/home/robertog/ros2_ws/install/open_cv_example/share/colcon-core/packages/open_cv_example)
[2.895s] Level 1:colcon.colcon_core.environment:checking '/home/robertog/ros2_ws/install/minichallenge4_bueno' for CMake module files
[2.896s] Level 1:colcon.colcon_core.environment:checking '/home/robertog/ros2_ws/install/minichallenge4_bueno' for CMake config files
[2.896s] DEBUG:colcon.colcon_core.event_handler.log_command:Invoked command in '/home/robertog/ros2_ws/src/minichallenge4_bueno' returned '0': PYTHONPATH=/home/robertog/ros2_ws/build/minichallenge4_bueno/prefix_override:/home/robertog/ros2_ws/install/minichallenge4_bueno/lib/python3.10/site-packages:${PYTHONPATH} /usr/bin/python3 -W ignore:setup.py install is deprecated setup.py egg_info --egg-base ../../build/minichallenge4_bueno build --build-base /home/robertog/ros2_ws/build/minichallenge4_bueno/build install --record /home/robertog/ros2_ws/build/minichallenge4_bueno/install.log --single-version-externally-managed install_data
[2.897s] Level 1:colcon.colcon_core.environment:checking '/home/robertog/ros2_ws/install/minichallenge4_bueno/lib'
[2.897s] Level 1:colcon.colcon_core.environment:checking '/home/robertog/ros2_ws/install/minichallenge4_bueno/bin'
[2.897s] Level 1:colcon.colcon_core.environment:checking '/home/robertog/ros2_ws/install/minichallenge4_bueno/lib/pkgconfig/minichallenge4_bueno.pc'
[2.897s] Level 1:colcon.colcon_core.environment:checking '/home/robertog/ros2_ws/install/minichallenge4_bueno/lib/python3.10/site-packages'
[2.897s] Level 1:colcon.colcon_core.shell:create_environment_hook('minichallenge4_bueno', 'pythonpath')
[2.897s] INFO:colcon.colcon_core.shell:Creating environment hook '/home/robertog/ros2_ws/install/minichallenge4_bueno/share/minichallenge4_bueno/hook/pythonpath.ps1'
[2.898s] INFO:colcon.colcon_core.shell:Creating environment descriptor '/home/robertog/ros2_ws/install/minichallenge4_bueno/share/minichallenge4_bueno/hook/pythonpath.dsv'
[2.898s] INFO:colcon.colcon_core.shell:Creating environment hook '/home/robertog/ros2_ws/install/minichallenge4_bueno/share/minichallenge4_bueno/hook/pythonpath.sh'
[2.898s] Level 1:colcon.colcon_core.environment:checking '/home/robertog/ros2_ws/install/minichallenge4_bueno/bin'
[2.898s] Level 1:colcon.colcon_core.environment:create_environment_scripts_only(minichallenge4_bueno)
[2.899s] INFO:colcon.colcon_core.shell:Creating package script '/home/robertog/ros2_ws/install/minichallenge4_bueno/share/minichallenge4_bueno/package.ps1'
[2.899s] INFO:colcon.colcon_core.shell:Creating package descriptor '/home/robertog/ros2_ws/install/minichallenge4_bueno/share/minichallenge4_bueno/package.dsv'
[2.899s] INFO:colcon.colcon_core.shell:Creating package script '/home/robertog/ros2_ws/install/minichallenge4_bueno/share/minichallenge4_bueno/package.sh'
[2.900s] INFO:colcon.colcon_core.shell:Creating package script '/home/robertog/ros2_ws/install/minichallenge4_bueno/share/minichallenge4_bueno/package.bash'
[2.900s] INFO:colcon.colcon_core.shell:Creating package script '/home/robertog/ros2_ws/install/minichallenge4_bueno/share/minichallenge4_bueno/package.zsh'
[2.900s] Level 1:colcon.colcon_core.environment:create_file_with_runtime_dependencies(/home/robertog/ros2_ws/install/minichallenge4_bueno/share/colcon-core/packages/minichallenge4_bueno)
[2.900s] Level 1:colcon.colcon_core.environment:checking '/home/robertog/ros2_ws/install/minichallenge4' for CMake module files
[2.901s] DEBUG:colcon.colcon_core.event_handler.log_command:Invoked command in '/home/robertog/ros2_ws/src/minichallenge4' returned '0': PYTHONPATH=/home/robertog/ros2_ws/build/minichallenge4/prefix_override:/home/robertog/ros2_ws/install/minichallenge4/lib/python3.10/site-packages:${PYTHONPATH} /usr/bin/python3 -W ignore:setup.py install is deprecated setup.py egg_info --egg-base ../../build/minichallenge4 build --build-base /home/robertog/ros2_ws/build/minichallenge4/build install --record /home/robertog/ros2_ws/build/minichallenge4/install.log --single-version-externally-managed install_data
[2.901s] Level 1:colcon.colcon_core.environment:checking '/home/robertog/ros2_ws/install/minichallenge4' for CMake config files
[2.902s] Level 1:colcon.colcon_core.environment:checking '/home/robertog/ros2_ws/install/minichallenge4/lib'
[2.902s] Level 1:colcon.colcon_core.environment:checking '/home/robertog/ros2_ws/install/minichallenge4/bin'
[2.902s] Level 1:colcon.colcon_core.environment:checking '/home/robertog/ros2_ws/install/minichallenge4/lib/pkgconfig/minichallenge4.pc'
[2.902s] Level 1:colcon.colcon_core.environment:checking '/home/robertog/ros2_ws/install/minichallenge4/lib/python3.10/site-packages'
[2.902s] Level 1:colcon.colcon_core.shell:create_environment_hook('minichallenge4', 'pythonpath')
[2.902s] INFO:colcon.colcon_core.shell:Creating environment hook '/home/robertog/ros2_ws/install/minichallenge4/share/minichallenge4/hook/pythonpath.ps1'
[2.903s] INFO:colcon.colcon_core.shell:Creating environment descriptor '/home/robertog/ros2_ws/install/minichallenge4/share/minichallenge4/hook/pythonpath.dsv'
[2.903s] INFO:colcon.colcon_core.shell:Creating environment hook '/home/robertog/ros2_ws/install/minichallenge4/share/minichallenge4/hook/pythonpath.sh'
[2.903s] Level 1:colcon.colcon_core.environment:checking '/home/robertog/ros2_ws/install/minichallenge4/bin'
[2.903s] Level 1:colcon.colcon_core.environment:create_environment_scripts_only(minichallenge4)
[2.903s] INFO:colcon.colcon_core.shell:Creating package script '/home/robertog/ros2_ws/install/minichallenge4/share/minichallenge4/package.ps1'
[2.904s] INFO:colcon.colcon_core.shell:Creating package descriptor '/home/robertog/ros2_ws/install/minichallenge4/share/minichallenge4/package.dsv'
[2.904s] INFO:colcon.colcon_core.shell:Creating package script '/home/robertog/ros2_ws/install/minichallenge4/share/minichallenge4/package.sh'
[2.904s] INFO:colcon.colcon_core.shell:Creating package script '/home/robertog/ros2_ws/install/minichallenge4/share/minichallenge4/package.bash'
[2.905s] INFO:colcon.colcon_core.shell:Creating package script '/home/robertog/ros2_ws/install/minichallenge4/share/minichallenge4/package.zsh'
[2.905s] Level 1:colcon.colcon_core.environment:create_file_with_runtime_dependencies(/home/robertog/ros2_ws/install/minichallenge4/share/colcon-core/packages/minichallenge4)
[2.905s] Level 1:colcon.colcon_core.environment:checking '/home/robertog/ros2_ws/install/minichallenge3' for CMake module files
[2.906s] Level 1:colcon.colcon_core.environment:checking '/home/robertog/ros2_ws/install/minichallenge3' for CMake config files
[2.906s] DEBUG:colcon.colcon_core.event_handler.log_command:Invoked command in '/home/robertog/ros2_ws/src/minichallenge3' returned '0': PYTHONPATH=/home/robertog/ros2_ws/build/minichallenge3/prefix_override:/home/robertog/ros2_ws/install/minichallenge3/lib/python3.10/site-packages:${PYTHONPATH} /usr/bin/python3 -W ignore:setup.py install is deprecated setup.py egg_info --egg-base ../../build/minichallenge3 build --build-base /home/robertog/ros2_ws/build/minichallenge3/build install --record /home/robertog/ros2_ws/build/minichallenge3/install.log --single-version-externally-managed install_data
[2.907s] Level 1:colcon.colcon_core.environment:checking '/home/robertog/ros2_ws/install/minichallenge3/lib'
[2.907s] Level 1:colcon.colcon_core.environment:checking '/home/robertog/ros2_ws/install/minichallenge3/bin'
[2.907s] Level 1:colcon.colcon_core.environment:checking '/home/robertog/ros2_ws/install/minichallenge3/lib/pkgconfig/minichallenge3.pc'
[2.907s] Level 1:colcon.colcon_core.environment:checking '/home/robertog/ros2_ws/install/minichallenge3/lib/python3.10/site-packages'
[2.907s] Level 1:colcon.colcon_core.shell:create_environment_hook('minichallenge3', 'pythonpath')
[2.907s] INFO:colcon.colcon_core.shell:Creating environment hook '/home/robertog/ros2_ws/install/minichallenge3/share/minichallenge3/hook/pythonpath.ps1'
[2.907s] INFO:colcon.colcon_core.shell:Creating environment descriptor '/home/robertog/ros2_ws/install/minichallenge3/share/minichallenge3/hook/pythonpath.dsv'
[2.908s] INFO:colcon.colcon_core.shell:Creating environment hook '/home/robertog/ros2_ws/install/minichallenge3/share/minichallenge3/hook/pythonpath.sh'
[2.908s] Level 1:colcon.colcon_core.environment:checking '/home/robertog/ros2_ws/install/minichallenge3/bin'
[2.908s] Level 1:colcon.colcon_core.environment:create_environment_scripts_only(minichallenge3)
[2.908s] INFO:colcon.colcon_core.shell:Creating package script '/home/robertog/ros2_ws/install/minichallenge3/share/minichallenge3/package.ps1'
[2.909s] INFO:colcon.colcon_core.shell:Creating package descriptor '/home/robertog/ros2_ws/install/minichallenge3/share/minichallenge3/package.dsv'
[2.909s] INFO:colcon.colcon_core.shell:Creating package script '/home/robertog/ros2_ws/install/minichallenge3/share/minichallenge3/package.sh'
[2.909s] INFO:colcon.colcon_core.shell:Creating package script '/home/robertog/ros2_ws/install/minichallenge3/share/minichallenge3/package.bash'
[2.910s] INFO:colcon.colcon_core.shell:Creating package script '/home/robertog/ros2_ws/install/minichallenge3/share/minichallenge3/package.zsh'
[2.910s] Level 1:colcon.colcon_core.environment:create_file_with_runtime_dependencies(/home/robertog/ros2_ws/install/minichallenge3/share/colcon-core/packages/minichallenge3)
[2.911s] Level 1:colcon.colcon_core.environment:checking '/home/robertog/ros2_ws/install/mobile_robotics' for CMake module files
[2.912s] Level 1:colcon.colcon_core.environment:checking '/home/robertog/ros2_ws/install/mobile_robotics' for CMake config files
[2.912s] DEBUG:colcon.colcon_core.event_handler.log_command:Invoked command in '/home/robertog/ros2_ws/src/mobile_robotics' returned '0': PYTHONPATH=/home/robertog/ros2_ws/build/mobile_robotics/prefix_override:/home/robertog/ros2_ws/install/mobile_robotics/lib/python3.10/site-packages:${PYTHONPATH} /usr/bin/python3 -W ignore:setup.py install is deprecated setup.py egg_info --egg-base ../../build/mobile_robotics build --build-base /home/robertog/ros2_ws/build/mobile_robotics/build install --record /home/robertog/ros2_ws/build/mobile_robotics/install.log --single-version-externally-managed install_data
[2.912s] Level 1:colcon.colcon_core.environment:checking '/home/robertog/ros2_ws/install/mobile_robotics/lib'
[2.912s] Level 1:colcon.colcon_core.environment:checking '/home/robertog/ros2_ws/install/mobile_robotics/bin'
[2.912s] Level 1:colcon.colcon_core.environment:checking '/home/robertog/ros2_ws/install/mobile_robotics/lib/pkgconfig/mobile_robotics.pc'
[2.913s] Level 1:colcon.colcon_core.environment:checking '/home/robertog/ros2_ws/install/mobile_robotics/lib/python3.10/site-packages'
[2.913s] Level 1:colcon.colcon_core.shell:create_environment_hook('mobile_robotics', 'pythonpath')
[2.913s] INFO:colcon.colcon_core.shell:Creating environment hook '/home/robertog/ros2_ws/install/mobile_robotics/share/mobile_robotics/hook/pythonpath.ps1'
[2.913s] INFO:colcon.colcon_core.shell:Creating environment descriptor '/home/robertog/ros2_ws/install/mobile_robotics/share/mobile_robotics/hook/pythonpath.dsv'
[2.913s] INFO:colcon.colcon_core.shell:Creating environment hook '/home/robertog/ros2_ws/install/mobile_robotics/share/mobile_robotics/hook/pythonpath.sh'
[2.914s] Level 1:colcon.colcon_core.environment:checking '/home/robertog/ros2_ws/install/mobile_robotics/bin'
[2.914s] Level 1:colcon.colcon_core.environment:create_environment_scripts_only(mobile_robotics)
[2.914s] INFO:colcon.colcon_core.shell:Creating package script '/home/robertog/ros2_ws/install/mobile_robotics/share/mobile_robotics/package.ps1'
[2.915s] INFO:colcon.colcon_core.shell:Creating package descriptor '/home/robertog/ros2_ws/install/mobile_robotics/share/mobile_robotics/package.dsv'
[2.915s] INFO:colcon.colcon_core.shell:Creating package script '/home/robertog/ros2_ws/install/mobile_robotics/share/mobile_robotics/package.sh'
[2.916s] INFO:colcon.colcon_core.shell:Creating package script '/home/robertog/ros2_ws/install/mobile_robotics/share/mobile_robotics/package.bash'
[2.916s] INFO:colcon.colcon_core.shell:Creating package script '/home/robertog/ros2_ws/install/mobile_robotics/share/mobile_robotics/package.zsh'
[2.916s] Level 1:colcon.colcon_core.environment:create_file_with_runtime_dependencies(/home/robertog/ros2_ws/install/mobile_robotics/share/colcon-core/packages/mobile_robotics)
[2.917s] Level 1:colcon.colcon_core.environment:create_environment_scripts_only(two_wheeled_robot)
[2.917s] Level 1:colcon.colcon_core.environment:checking '/home/robertog/ros2_ws/install/two_wheeled_robot' for CMake module files
[2.918s] Level 1:colcon.colcon_core.environment:checking '/home/robertog/ros2_ws/install/two_wheeled_robot' for CMake config files
[2.938s] Level 1:colcon.colcon_core.shell:create_environment_hook('two_wheeled_robot', 'cmake_prefix_path')
[2.939s] INFO:colcon.colcon_core.shell:Creating environment hook '/home/robertog/ros2_ws/install/two_wheeled_robot/share/two_wheeled_robot/hook/cmake_prefix_path.ps1'
[2.940s] INFO:colcon.colcon_core.shell:Creating environment descriptor '/home/robertog/ros2_ws/install/two_wheeled_robot/share/two_wheeled_robot/hook/cmake_prefix_path.dsv'
[2.940s] INFO:colcon.colcon_core.shell:Creating environment hook '/home/robertog/ros2_ws/install/two_wheeled_robot/share/two_wheeled_robot/hook/cmake_prefix_path.sh'
[2.940s] Level 1:colcon.colcon_core.environment:checking '/home/robertog/ros2_ws/install/two_wheeled_robot/lib'
[2.941s] Level 1:colcon.colcon_core.environment:checking '/home/robertog/ros2_ws/install/two_wheeled_robot/bin'
[2.941s] Level 1:colcon.colcon_core.environment:checking '/home/robertog/ros2_ws/install/two_wheeled_robot/lib/pkgconfig/two_wheeled_robot.pc'
[2.941s] Level 1:colcon.colcon_core.environment:checking '/home/robertog/ros2_ws/install/two_wheeled_robot/lib/python3.10/site-packages'
[2.941s] Level 1:colcon.colcon_core.environment:checking '/home/robertog/ros2_ws/install/two_wheeled_robot/bin'
[2.941s] INFO:colcon.colcon_core.shell:Creating package script '/home/robertog/ros2_ws/install/two_wheeled_robot/share/two_wheeled_robot/package.ps1'
[2.942s] INFO:colcon.colcon_core.shell:Creating package descriptor '/home/robertog/ros2_ws/install/two_wheeled_robot/share/two_wheeled_robot/package.dsv'
[2.942s] INFO:colcon.colcon_core.shell:Creating package script '/home/robertog/ros2_ws/install/two_wheeled_robot/share/two_wheeled_robot/package.sh'
[2.942s] INFO:colcon.colcon_core.shell:Creating package script '/home/robertog/ros2_ws/install/two_wheeled_robot/share/two_wheeled_robot/package.bash'
[2.943s] INFO:colcon.colcon_core.shell:Creating package script '/home/robertog/ros2_ws/install/two_wheeled_robot/share/two_wheeled_robot/package.zsh'
[2.943s] Level 1:colcon.colcon_core.environment:create_file_with_runtime_dependencies(/home/robertog/ros2_ws/install/two_wheeled_robot/share/colcon-core/packages/two_wheeled_robot)
[2.943s] DEBUG:colcon.colcon_parallel_executor.executor.parallel:closing loop
[2.944s] DEBUG:colcon.colcon_parallel_executor.executor.parallel:loop closed
[2.944s] DEBUG:colcon.colcon_parallel_executor.executor.parallel:run_until_complete finished with '0'
[2.944s] DEBUG:colcon.colcon_core.event_reactor:joining thread
[2.951s] INFO:colcon.colcon_core.plugin_system:Skipping extension 'colcon_notification.desktop_notification.terminal_notifier': Not used on non-Darwin systems
[2.951s] INFO:colcon.colcon_core.plugin_system:Skipping extension 'colcon_notification.desktop_notification.win32': Not used on non-Windows systems
[2.951s] INFO:colcon.colcon_notification.desktop_notification:Sending desktop notification using 'notify2'
[2.960s] DEBUG:colcon.colcon_core.event_reactor:joined thread
[2.961s] INFO:colcon.colcon_core.shell:Creating prefix script '/home/robertog/ros2_ws/install/local_setup.ps1'
[2.962s] INFO:colcon.colcon_core.shell:Creating prefix util module '/home/robertog/ros2_ws/install/_local_setup_util_ps1.py'
[2.963s] INFO:colcon.colcon_core.shell:Creating prefix chain script '/home/robertog/ros2_ws/install/setup.ps1'
[2.964s] INFO:colcon.colcon_core.shell:Creating prefix script '/home/robertog/ros2_ws/install/local_setup.sh'
[2.964s] INFO:colcon.colcon_core.shell:Creating prefix util module '/home/robertog/ros2_ws/install/_local_setup_util_sh.py'
[2.964s] INFO:colcon.colcon_core.shell:Creating prefix chain script '/home/robertog/ros2_ws/install/setup.sh'
[2.965s] INFO:colcon.colcon_core.shell:Creating prefix script '/home/robertog/ros2_ws/install/local_setup.bash'
[2.966s] INFO:colcon.colcon_core.shell:Creating prefix chain script '/home/robertog/ros2_ws/install/setup.bash'
[2.967s] INFO:colcon.colcon_core.shell:Creating prefix script '/home/robertog/ros2_ws/install/local_setup.zsh'
[2.967s] INFO:colcon.colcon_core.shell:Creating prefix chain script '/home/robertog/ros2_ws/install/setup.zsh'
