[4.640s] Invoking command in '/home/robertog/ros2_ws/src/minichallenge3': PYTHONPATH=/home/robertog/ros2_ws/build/minichallenge3/prefix_override:/home/robertog/ros2_ws/install/minichallenge3/lib/python3.10/site-packages:${PYTHONPATH} /usr/bin/python3 -W ignore:setup.py install is deprecated setup.py egg_info --egg-base ../../build/minichallenge3 build --build-base /home/robertog/ros2_ws/build/minichallenge3/build install --record /home/robertog/ros2_ws/build/minichallenge3/install.log --single-version-externally-managed install_data
[5.159s] running egg_info
[5.160s] writing ../../build/minichallenge3/minichallenge3.egg-info/PKG-INFO
[5.161s] writing dependency_links to ../../build/minichallenge3/minichallenge3.egg-info/dependency_links.txt
[5.161s] writing entry points to ../../build/minichallenge3/minichallenge3.egg-info/entry_points.txt
[5.161s] writing requirements to ../../build/minichallenge3/minichallenge3.egg-info/requires.txt
[5.162s] writing top-level names to ../../build/minichallenge3/minichallenge3.egg-info/top_level.txt
[5.166s] reading manifest file '../../build/minichallenge3/minichallenge3.egg-info/SOURCES.txt'
[5.167s] adding license file 'LICENSE'
[5.169s] writing manifest file '../../build/minichallenge3/minichallenge3.egg-info/SOURCES.txt'
[5.170s] running build
[5.170s] running build_py
[5.174s] running install
[5.177s] running install_lib
[5.183s] running install_data
[5.194s] running install_egg_info
[5.197s] removing '/home/robertog/ros2_ws/install/minichallenge3/lib/python3.10/site-packages/minichallenge3-0.0.0-py3.10.egg-info' (and everything under it)
[5.199s] Copying ../../build/minichallenge3/minichallenge3.egg-info to /home/robertog/ros2_ws/install/minichallenge3/lib/python3.10/site-packages/minichallenge3-0.0.0-py3.10.egg-info
[5.204s] running install_scripts
[5.246s] Installing controller script to /home/robertog/ros2_ws/install/minichallenge3/lib/minichallenge3
[5.249s] writing list of installed files to '/home/robertog/ros2_ws/build/minichallenge3/install.log'
[5.432s] Invoked command in '/home/robertog/ros2_ws/src/minichallenge3' returned '0': PYTHONPATH=/home/robertog/ros2_ws/build/minichallenge3/prefix_override:/home/robertog/ros2_ws/install/minichallenge3/lib/python3.10/site-packages:${PYTHONPATH} /usr/bin/python3 -W ignore:setup.py install is deprecated setup.py egg_info --egg-base ../../build/minichallenge3 build --build-base /home/robertog/ros2_ws/build/minichallenge3/build install --record /home/robertog/ros2_ws/build/minichallenge3/install.log --single-version-externally-managed install_data
