[3.864s] Invoking command in '/home/robertog/ros2_ws/src/open_cv_example': PYTHONPATH=/home/robertog/ros2_ws/build/open_cv_example/prefix_override:/home/robertog/ros2_ws/install/open_cv_example/lib/python3.10/site-packages:${PYTHONPATH} /usr/bin/python3 -W ignore:setup.py install is deprecated setup.py egg_info --egg-base ../../build/open_cv_example build --build-base /home/robertog/ros2_ws/build/open_cv_example/build install --record /home/robertog/ros2_ws/build/open_cv_example/install.log --single-version-externally-managed install_data
[4.648s] running egg_info
[4.651s] writing ../../build/open_cv_example/open_cv_example.egg-info/PKG-INFO
[4.653s] writing dependency_links to ../../build/open_cv_example/open_cv_example.egg-info/dependency_links.txt
[4.653s] writing entry points to ../../build/open_cv_example/open_cv_example.egg-info/entry_points.txt
[4.654s] writing requirements to ../../build/open_cv_example/open_cv_example.egg-info/requires.txt
[4.655s] writing top-level names to ../../build/open_cv_example/open_cv_example.egg-info/top_level.txt
[4.663s] reading manifest file '../../build/open_cv_example/open_cv_example.egg-info/SOURCES.txt'
[4.665s] adding license file 'LICENSE'
[4.666s] writing manifest file '../../build/open_cv_example/open_cv_example.egg-info/SOURCES.txt'
[4.667s] running build
[4.667s] running build_py
[4.669s] running install
[4.672s] running install_lib
[4.682s] running install_data
[4.682s] running install_egg_info
[4.694s] removing '/home/robertog/ros2_ws/install/open_cv_example/lib/python3.10/site-packages/open_cv_example-0.0.0-py3.10.egg-info' (and everything under it)
[4.695s] Copying ../../build/open_cv_example/open_cv_example.egg-info to /home/robertog/ros2_ws/install/open_cv_example/lib/python3.10/site-packages/open_cv_example-0.0.0-py3.10.egg-info
[4.700s] running install_scripts
[4.810s] Installing circle_id script to /home/robertog/ros2_ws/install/open_cv_example/lib/open_cv_example
[4.812s] writing list of installed files to '/home/robertog/ros2_ws/build/open_cv_example/install.log'
[4.899s] Invoked command in '/home/robertog/ros2_ws/src/open_cv_example' returned '0': PYTHONPATH=/home/robertog/ros2_ws/build/open_cv_example/prefix_override:/home/robertog/ros2_ws/install/open_cv_example/lib/python3.10/site-packages:${PYTHONPATH} /usr/bin/python3 -W ignore:setup.py install is deprecated setup.py egg_info --egg-base ../../build/open_cv_example build --build-base /home/robertog/ros2_ws/build/open_cv_example/build install --record /home/robertog/ros2_ws/build/open_cv_example/install.log --single-version-externally-managed install_data
