running egg_info
creating ../../build/open_cv_example/open_cv_example.egg-info
writing ../../build/open_cv_example/open_cv_example.egg-info/PKG-INFO
writing dependency_links to ../../build/open_cv_example/open_cv_example.egg-info/dependency_links.txt
writing entry points to ../../build/open_cv_example/open_cv_example.egg-info/entry_points.txt
writing requirements to ../../build/open_cv_example/open_cv_example.egg-info/requires.txt
writing top-level names to ../../build/open_cv_example/open_cv_example.egg-info/top_level.txt
writing manifest file '../../build/open_cv_example/open_cv_example.egg-info/SOURCES.txt'
reading manifest file '../../build/open_cv_example/open_cv_example.egg-info/SOURCES.txt'
adding license file 'LICENSE'
writing manifest file '../../build/open_cv_example/open_cv_example.egg-info/SOURCES.txt'
running build
running build_py
creating /home/robertog/ros2_ws/build/open_cv_example/build
creating /home/robertog/ros2_ws/build/open_cv_example/build/lib
creating /home/robertog/ros2_ws/build/open_cv_example/build/lib/open_cv_example
copying open_cv_example/__init__.py -> /home/robertog/ros2_ws/build/open_cv_example/build/lib/open_cv_example
copying open_cv_example/circle_id.py -> /home/robertog/ros2_ws/build/open_cv_example/build/lib/open_cv_example
running install
running install_lib
creating /home/robertog/ros2_ws/install/open_cv_example/lib/python3.10/site-packages/open_cv_example
copying /home/robertog/ros2_ws/build/open_cv_example/build/lib/open_cv_example/__init__.py -> /home/robertog/ros2_ws/install/open_cv_example/lib/python3.10/site-packages/open_cv_example
copying /home/robertog/ros2_ws/build/open_cv_example/build/lib/open_cv_example/circle_id.py -> /home/robertog/ros2_ws/install/open_cv_example/lib/python3.10/site-packages/open_cv_example
byte-compiling /home/robertog/ros2_ws/install/open_cv_example/lib/python3.10/site-packages/open_cv_example/__init__.py to __init__.cpython-310.pyc
byte-compiling /home/robertog/ros2_ws/install/open_cv_example/lib/python3.10/site-packages/open_cv_example/circle_id.py to circle_id.cpython-310.pyc
running install_data
creating /home/robertog/ros2_ws/install/open_cv_example/share/ament_index
creating /home/robertog/ros2_ws/install/open_cv_example/share/ament_index/resource_index
creating /home/robertog/ros2_ws/install/open_cv_example/share/ament_index/resource_index/packages
copying resource/open_cv_example -> /home/robertog/ros2_ws/install/open_cv_example/share/ament_index/resource_index/packages
copying package.xml -> /home/robertog/ros2_ws/install/open_cv_example/share/open_cv_example
running install_egg_info
Copying ../../build/open_cv_example/open_cv_example.egg-info to /home/robertog/ros2_ws/install/open_cv_example/lib/python3.10/site-packages/open_cv_example-0.0.0-py3.10.egg-info
running install_scripts
Installing circle_id script to /home/robertog/ros2_ws/install/open_cv_example/lib/open_cv_example
writing list of installed files to '/home/robertog/ros2_ws/build/open_cv_example/install.log'
