[4.431s] Invoking command in '/home/robertog/ros2_ws/src/mobile_robotics': PYTHONPATH=/home/robertog/ros2_ws/build/mobile_robotics/prefix_override:/home/robertog/ros2_ws/install/mobile_robotics/lib/python3.10/site-packages:${PYTHONPATH} /usr/bin/python3 -W ignore:setup.py install is deprecated setup.py egg_info --egg-base ../../build/mobile_robotics build --build-base /home/robertog/ros2_ws/build/mobile_robotics/build install --record /home/robertog/ros2_ws/build/mobile_robotics/install.log --single-version-externally-managed install_data
[4.966s] running egg_info
[4.968s] writing ../../build/mobile_robotics/mobile_robotics.egg-info/PKG-INFO
[4.969s] writing dependency_links to ../../build/mobile_robotics/mobile_robotics.egg-info/dependency_links.txt
[4.969s] writing entry points to ../../build/mobile_robotics/mobile_robotics.egg-info/entry_points.txt
[4.970s] writing requirements to ../../build/mobile_robotics/mobile_robotics.egg-info/requires.txt
[4.970s] writing top-level names to ../../build/mobile_robotics/mobile_robotics.egg-info/top_level.txt
[4.975s] reading manifest file '../../build/mobile_robotics/mobile_robotics.egg-info/SOURCES.txt'
[4.979s] writing manifest file '../../build/mobile_robotics/mobile_robotics.egg-info/SOURCES.txt'
[4.979s] running build
[4.980s] running build_py
[4.983s] copying mobile_robotics/following_walls.py -> /home/robertog/ros2_ws/build/mobile_robotics/build/lib/mobile_robotics
[4.985s] running install
[4.992s] running install_lib
[4.996s] copying /home/robertog/ros2_ws/build/mobile_robotics/build/lib/mobile_robotics/following_walls.py -> /home/robertog/ros2_ws/install/mobile_robotics/lib/python3.10/site-packages/mobile_robotics
[4.998s] byte-compiling /home/robertog/ros2_ws/install/mobile_robotics/lib/python3.10/site-packages/mobile_robotics/following_walls.py to following_walls.cpython-310.pyc
[5.001s] running install_data
[5.001s] running install_egg_info
[5.006s] removing '/home/robertog/ros2_ws/install/mobile_robotics/lib/python3.10/site-packages/mobile_robotics-0.0.0-py3.10.egg-info' (and everything under it)
[5.006s] Copying ../../build/mobile_robotics/mobile_robotics.egg-info to /home/robertog/ros2_ws/install/mobile_robotics/lib/python3.10/site-packages/mobile_robotics-0.0.0-py3.10.egg-info
[5.010s] running install_scripts
[5.054s] Installing follower script to /home/robertog/ros2_ws/install/mobile_robotics/lib/mobile_robotics
[5.055s] Installing ros_color_tracker script to /home/robertog/ros2_ws/install/mobile_robotics/lib/mobile_robotics
[5.055s] Installing test_node script to /home/robertog/ros2_ws/install/mobile_robotics/lib/mobile_robotics
[5.056s] writing list of installed files to '/home/robertog/ros2_ws/build/mobile_robotics/install.log'
[5.443s] Invoked command in '/home/robertog/ros2_ws/src/mobile_robotics' returned '0': PYTHONPATH=/home/robertog/ros2_ws/build/mobile_robotics/prefix_override:/home/robertog/ros2_ws/install/mobile_robotics/lib/python3.10/site-packages:${PYTHONPATH} /usr/bin/python3 -W ignore:setup.py install is deprecated setup.py egg_info --egg-base ../../build/mobile_robotics build --build-base /home/robertog/ros2_ws/build/mobile_robotics/build install --record /home/robertog/ros2_ws/build/mobile_robotics/install.log --single-version-externally-managed install_data
