[3.848s] Invoking command in '/home/robertog/ros2_ws/src/programming_assignment': PYTHONPATH=/home/robertog/ros2_ws/build/programming_assignment/prefix_override:/home/robertog/ros2_ws/install/programming_assignment/lib/python3.10/site-packages:${PYTHONPATH} /usr/bin/python3 -W ignore:setup.py install is deprecated setup.py egg_info --egg-base ../../build/programming_assignment build --build-base /home/robertog/ros2_ws/build/programming_assignment/build install --record /home/robertog/ros2_ws/build/programming_assignment/install.log --single-version-externally-managed install_data
[4.579s] running egg_info
[4.587s] writing ../../build/programming_assignment/programming_assignment.egg-info/PKG-INFO
[4.588s] writing dependency_links to ../../build/programming_assignment/programming_assignment.egg-info/dependency_links.txt
[4.589s] writing entry points to ../../build/programming_assignment/programming_assignment.egg-info/entry_points.txt
[4.589s] writing requirements to ../../build/programming_assignment/programming_assignment.egg-info/requires.txt
[4.589s] writing top-level names to ../../build/programming_assignment/programming_assignment.egg-info/top_level.txt
[4.596s] reading manifest file '../../build/programming_assignment/programming_assignment.egg-info/SOURCES.txt'
[4.597s] writing manifest file '../../build/programming_assignment/programming_assignment.egg-info/SOURCES.txt'
[4.598s] running build
[4.598s] running build_py
[4.600s] running install
[4.601s] running install_lib
[4.603s] running install_data
[4.603s] running install_egg_info
[4.613s] removing '/home/robertog/ros2_ws/install/programming_assignment/lib/python3.10/site-packages/programming_assignment-0.0.0-py3.10.egg-info' (and everything under it)
[4.613s] Copying ../../build/programming_assignment/programming_assignment.egg-info to /home/robertog/ros2_ws/install/programming_assignment/lib/python3.10/site-packages/programming_assignment-0.0.0-py3.10.egg-info
[4.618s] running install_scripts
[4.762s] Installing forward_kinematics script to /home/robertog/ros2_ws/install/programming_assignment/lib/programming_assignment
[4.762s] writing list of installed files to '/home/robertog/ros2_ws/build/programming_assignment/install.log'
[5.023s] Invoked command in '/home/robertog/ros2_ws/src/programming_assignment' returned '0': PYTHONPATH=/home/robertog/ros2_ws/build/programming_assignment/prefix_override:/home/robertog/ros2_ws/install/programming_assignment/lib/python3.10/site-packages:${PYTHONPATH} /usr/bin/python3 -W ignore:setup.py install is deprecated setup.py egg_info --egg-base ../../build/programming_assignment build --build-base /home/robertog/ros2_ws/build/programming_assignment/build install --record /home/robertog/ros2_ws/build/programming_assignment/install.log --single-version-externally-managed install_data
