[2.024s] Invoking command in '/home/robertog/ros2_ws/src/open_cv_example': PYTHONPATH=/home/robertog/ros2_ws/build/open_cv_example/prefix_override:/home/robertog/ros2_ws/install/open_cv_example/lib/python3.10/site-packages:${PYTHONPATH} /usr/bin/python3 -W ignore:setup.py install is deprecated setup.py egg_info --egg-base ../../build/open_cv_example build --build-base /home/robertog/ros2_ws/build/open_cv_example/build install --record /home/robertog/ros2_ws/build/open_cv_example/install.log --single-version-externally-managed install_data
[2.318s] running egg_info
[2.318s] writing ../../build/open_cv_example/open_cv_example.egg-info/PKG-INFO
[2.319s] writing dependency_links to ../../build/open_cv_example/open_cv_example.egg-info/dependency_links.txt
[2.319s] writing entry points to ../../build/open_cv_example/open_cv_example.egg-info/entry_points.txt
[2.319s] writing requirements to ../../build/open_cv_example/open_cv_example.egg-info/requires.txt
[2.319s] writing top-level names to ../../build/open_cv_example/open_cv_example.egg-info/top_level.txt
[2.321s] reading manifest file '../../build/open_cv_example/open_cv_example.egg-info/SOURCES.txt'
[2.321s] adding license file 'LICENSE'
[2.322s] writing manifest file '../../build/open_cv_example/open_cv_example.egg-info/SOURCES.txt'
[2.322s] running build
[2.322s] running build_py
[2.323s] running install
[2.323s] running install_lib
[2.324s] running install_data
[2.325s] running install_egg_info
[2.327s] removing '/home/robertog/ros2_ws/install/open_cv_example/lib/python3.10/site-packages/open_cv_example-0.0.0-py3.10.egg-info' (and everything under it)
[2.327s] Copying ../../build/open_cv_example/open_cv_example.egg-info to /home/robertog/ros2_ws/install/open_cv_example/lib/python3.10/site-packages/open_cv_example-0.0.0-py3.10.egg-info
[2.328s] running install_scripts
[2.360s] Installing circle_id script to /home/robertog/ros2_ws/install/open_cv_example/lib/open_cv_example
[2.360s] writing list of installed files to '/home/robertog/ros2_ws/build/open_cv_example/install.log'
[2.418s] Invoked command in '/home/robertog/ros2_ws/src/open_cv_example' returned '0': PYTHONPATH=/home/robertog/ros2_ws/build/open_cv_example/prefix_override:/home/robertog/ros2_ws/install/open_cv_example/lib/python3.10/site-packages:${PYTHONPATH} /usr/bin/python3 -W ignore:setup.py install is deprecated setup.py egg_info --egg-base ../../build/open_cv_example build --build-base /home/robertog/ros2_ws/build/open_cv_example/build install --record /home/robertog/ros2_ws/build/open_cv_example/install.log --single-version-externally-managed install_data
