[3.803s] Invoking command in '/home/robertog/ros2_ws/src/open_cv_example': PYTHONPATH=/home/robertog/ros2_ws/build/open_cv_example/prefix_override:/home/robertog/ros2_ws/install/open_cv_example/lib/python3.10/site-packages:${PYTHONPATH} /usr/bin/python3 -W ignore:setup.py install is deprecated setup.py egg_info --egg-base ../../build/open_cv_example build --build-base /home/robertog/ros2_ws/build/open_cv_example/build install --record /home/robertog/ros2_ws/build/open_cv_example/install.log --single-version-externally-managed install_data
[4.444s] running egg_info
[4.444s] writing ../../build/open_cv_example/open_cv_example.egg-info/PKG-INFO
[4.445s] writing dependency_links to ../../build/open_cv_example/open_cv_example.egg-info/dependency_links.txt
[4.445s] writing entry points to ../../build/open_cv_example/open_cv_example.egg-info/entry_points.txt
[4.445s] writing requirements to ../../build/open_cv_example/open_cv_example.egg-info/requires.txt
[4.445s] writing top-level names to ../../build/open_cv_example/open_cv_example.egg-info/top_level.txt
[4.445s] reading manifest file '../../build/open_cv_example/open_cv_example.egg-info/SOURCES.txt'
[4.445s] adding license file 'LICENSE'
[4.509s] writing manifest file '../../build/open_cv_example/open_cv_example.egg-info/SOURCES.txt'
[4.510s] running build
[4.510s] running build_py
[4.510s] running install
[4.522s] running install_lib
[4.523s] running install_data
[4.523s] running install_egg_info
[4.541s] removing '/home/robertog/ros2_ws/install/open_cv_example/lib/python3.10/site-packages/open_cv_example-0.0.0-py3.10.egg-info' (and everything under it)
[4.566s] Copying ../../build/open_cv_example/open_cv_example.egg-info to /home/robertog/ros2_ws/install/open_cv_example/lib/python3.10/site-packages/open_cv_example-0.0.0-py3.10.egg-info
[4.579s] running install_scripts
[4.725s] Installing circle_id script to /home/robertog/ros2_ws/install/open_cv_example/lib/open_cv_example
[4.731s] writing list of installed files to '/home/robertog/ros2_ws/build/open_cv_example/install.log'
[5.020s] Invoked command in '/home/robertog/ros2_ws/src/open_cv_example' returned '0': PYTHONPATH=/home/robertog/ros2_ws/build/open_cv_example/prefix_override:/home/robertog/ros2_ws/install/open_cv_example/lib/python3.10/site-packages:${PYTHONPATH} /usr/bin/python3 -W ignore:setup.py install is deprecated setup.py egg_info --egg-base ../../build/open_cv_example build --build-base /home/robertog/ros2_ws/build/open_cv_example/build install --record /home/robertog/ros2_ws/build/open_cv_example/install.log --single-version-externally-managed install_data
