running egg_info
creating ../../build/minichallenge4_bueno/minichallenge4_bueno.egg-info
writing ../../build/minichallenge4_bueno/minichallenge4_bueno.egg-info/PKG-INFO
writing dependency_links to ../../build/minichallenge4_bueno/minichallenge4_bueno.egg-info/dependency_links.txt
writing entry points to ../../build/minichallenge4_bueno/minichallenge4_bueno.egg-info/entry_points.txt
writing requirements to ../../build/minichallenge4_bueno/minichallenge4_bueno.egg-info/requires.txt
writing top-level names to ../../build/minichallenge4_bueno/minichallenge4_bueno.egg-info/top_level.txt
writing manifest file '../../build/minichallenge4_bueno/minichallenge4_bueno.egg-info/SOURCES.txt'
reading manifest file '../../build/minichallenge4_bueno/minichallenge4_bueno.egg-info/SOURCES.txt'
writing manifest file '../../build/minichallenge4_bueno/minichallenge4_bueno.egg-info/SOURCES.txt'
running build
running build_py
creating /home/robertog/ros2_ws/build/minichallenge4_bueno/build
creating /home/robertog/ros2_ws/build/minichallenge4_bueno/build/lib
creating /home/robertog/ros2_ws/build/minichallenge4_bueno/build/lib/minichallenge4_bueno
copying minichallenge4_bueno/__init__.py -> /home/robertog/ros2_ws/build/minichallenge4_bueno/build/lib/minichallenge4_bueno
copying minichallenge4_bueno/controller.py -> /home/robertog/ros2_ws/build/minichallenge4_bueno/build/lib/minichallenge4_bueno
running install
running install_lib
creating /home/robertog/ros2_ws/install/minichallenge4_bueno/lib/python3.10/site-packages/minichallenge4_bueno
copying /home/robertog/ros2_ws/build/minichallenge4_bueno/build/lib/minichallenge4_bueno/__init__.py -> /home/robertog/ros2_ws/install/minichallenge4_bueno/lib/python3.10/site-packages/minichallenge4_bueno
copying /home/robertog/ros2_ws/build/minichallenge4_bueno/build/lib/minichallenge4_bueno/controller.py -> /home/robertog/ros2_ws/install/minichallenge4_bueno/lib/python3.10/site-packages/minichallenge4_bueno
byte-compiling /home/robertog/ros2_ws/install/minichallenge4_bueno/lib/python3.10/site-packages/minichallenge4_bueno/__init__.py to __init__.cpython-310.pyc
byte-compiling /home/robertog/ros2_ws/install/minichallenge4_bueno/lib/python3.10/site-packages/minichallenge4_bueno/controller.py to controller.cpython-310.pyc
running install_data
creating /home/robertog/ros2_ws/install/minichallenge4_bueno/share/ament_index
creating /home/robertog/ros2_ws/install/minichallenge4_bueno/share/ament_index/resource_index
creating /home/robertog/ros2_ws/install/minichallenge4_bueno/share/ament_index/resource_index/packages
copying resource/minichallenge4_bueno -> /home/robertog/ros2_ws/install/minichallenge4_bueno/share/ament_index/resource_index/packages
copying package.xml -> /home/robertog/ros2_ws/install/minichallenge4_bueno/share/minichallenge4_bueno
creating /home/robertog/ros2_ws/install/minichallenge4_bueno/share/minichallenge4_bueno/launch
copying launch/mini4_launch.py -> /home/robertog/ros2_ws/install/minichallenge4_bueno/share/minichallenge4_bueno/launch
creating /home/robertog/ros2_ws/install/minichallenge4_bueno/share/minichallenge4_bueno/config
copying config/params.yaml -> /home/robertog/ros2_ws/install/minichallenge4_bueno/share/minichallenge4_bueno/config
running install_egg_info
Copying ../../build/minichallenge4_bueno/minichallenge4_bueno.egg-info to /home/robertog/ros2_ws/install/minichallenge4_bueno/lib/python3.10/site-packages/minichallenge4_bueno-0.0.0-py3.10.egg-info
running install_scripts
Installing controller script to /home/robertog/ros2_ws/install/minichallenge4_bueno/lib/minichallenge4_bueno
writing list of installed files to '/home/robertog/ros2_ws/build/minichallenge4_bueno/install.log'
