[2.043s] Invoking command in '/home/robertog/ros2_ws/src/minichallenge4_bueno': PYTHONPATH=/home/robertog/ros2_ws/build/minichallenge4_bueno/prefix_override:/home/robertog/ros2_ws/install/minichallenge4_bueno/lib/python3.10/site-packages:${PYTHONPATH} /usr/bin/python3 -W ignore:setup.py install is deprecated setup.py egg_info --egg-base ../../build/minichallenge4_bueno build --build-base /home/robertog/ros2_ws/build/minichallenge4_bueno/build install --record /home/robertog/ros2_ws/build/minichallenge4_bueno/install.log --single-version-externally-managed install_data
[2.683s] running egg_info
[2.683s] creating ../../build/minichallenge4_bueno/minichallenge4_bueno.egg-info
[2.683s] writing ../../build/minichallenge4_bueno/minichallenge4_bueno.egg-info/PKG-INFO
[2.683s] writing dependency_links to ../../build/minichallenge4_bueno/minichallenge4_bueno.egg-info/dependency_links.txt
[2.683s] writing entry points to ../../build/minichallenge4_bueno/minichallenge4_bueno.egg-info/entry_points.txt
[2.683s] writing requirements to ../../build/minichallenge4_bueno/minichallenge4_bueno.egg-info/requires.txt
[2.683s] writing top-level names to ../../build/minichallenge4_bueno/minichallenge4_bueno.egg-info/top_level.txt
[2.683s] writing manifest file '../../build/minichallenge4_bueno/minichallenge4_bueno.egg-info/SOURCES.txt'
[2.683s] reading manifest file '../../build/minichallenge4_bueno/minichallenge4_bueno.egg-info/SOURCES.txt'
[2.684s] writing manifest file '../../build/minichallenge4_bueno/minichallenge4_bueno.egg-info/SOURCES.txt'
[2.684s] running build
[2.684s] running build_py
[2.684s] creating /home/robertog/ros2_ws/build/minichallenge4_bueno/build
[2.684s] creating /home/robertog/ros2_ws/build/minichallenge4_bueno/build/lib
[2.684s] creating /home/robertog/ros2_ws/build/minichallenge4_bueno/build/lib/minichallenge4_bueno
[2.684s] copying minichallenge4_bueno/__init__.py -> /home/robertog/ros2_ws/build/minichallenge4_bueno/build/lib/minichallenge4_bueno
[2.684s] copying minichallenge4_bueno/controller.py -> /home/robertog/ros2_ws/build/minichallenge4_bueno/build/lib/minichallenge4_bueno
[2.684s] running install
[2.685s] running install_lib
[2.685s] creating /home/robertog/ros2_ws/install/minichallenge4_bueno/lib/python3.10/site-packages/minichallenge4_bueno
[2.685s] copying /home/robertog/ros2_ws/build/minichallenge4_bueno/build/lib/minichallenge4_bueno/__init__.py -> /home/robertog/ros2_ws/install/minichallenge4_bueno/lib/python3.10/site-packages/minichallenge4_bueno
[2.685s] copying /home/robertog/ros2_ws/build/minichallenge4_bueno/build/lib/minichallenge4_bueno/controller.py -> /home/robertog/ros2_ws/install/minichallenge4_bueno/lib/python3.10/site-packages/minichallenge4_bueno
[2.685s] byte-compiling /home/robertog/ros2_ws/install/minichallenge4_bueno/lib/python3.10/site-packages/minichallenge4_bueno/__init__.py to __init__.cpython-310.pyc
[2.685s] byte-compiling /home/robertog/ros2_ws/install/minichallenge4_bueno/lib/python3.10/site-packages/minichallenge4_bueno/controller.py to controller.cpython-310.pyc
[2.685s] running install_data
[2.686s] creating /home/robertog/ros2_ws/install/minichallenge4_bueno/share/ament_index
[2.686s] creating /home/robertog/ros2_ws/install/minichallenge4_bueno/share/ament_index/resource_index
[2.686s] creating /home/robertog/ros2_ws/install/minichallenge4_bueno/share/ament_index/resource_index/packages
[2.686s] copying resource/minichallenge4_bueno -> /home/robertog/ros2_ws/install/minichallenge4_bueno/share/ament_index/resource_index/packages
[2.686s] copying package.xml -> /home/robertog/ros2_ws/install/minichallenge4_bueno/share/minichallenge4_bueno
[2.686s] creating /home/robertog/ros2_ws/install/minichallenge4_bueno/share/minichallenge4_bueno/launch
[2.686s] copying launch/mini4_launch.py -> /home/robertog/ros2_ws/install/minichallenge4_bueno/share/minichallenge4_bueno/launch
[2.686s] creating /home/robertog/ros2_ws/install/minichallenge4_bueno/share/minichallenge4_bueno/config
[2.686s] copying config/params.yaml -> /home/robertog/ros2_ws/install/minichallenge4_bueno/share/minichallenge4_bueno/config
[2.687s] running install_egg_info
[2.687s] Copying ../../build/minichallenge4_bueno/minichallenge4_bueno.egg-info to /home/robertog/ros2_ws/install/minichallenge4_bueno/lib/python3.10/site-packages/minichallenge4_bueno-0.0.0-py3.10.egg-info
[2.687s] running install_scripts
[2.689s] Installing controller script to /home/robertog/ros2_ws/install/minichallenge4_bueno/lib/minichallenge4_bueno
[2.689s] writing list of installed files to '/home/robertog/ros2_ws/build/minichallenge4_bueno/install.log'
[2.694s] Invoked command in '/home/robertog/ros2_ws/src/minichallenge4_bueno' returned '0': PYTHONPATH=/home/robertog/ros2_ws/build/minichallenge4_bueno/prefix_override:/home/robertog/ros2_ws/install/minichallenge4_bueno/lib/python3.10/site-packages:${PYTHONPATH} /usr/bin/python3 -W ignore:setup.py install is deprecated setup.py egg_info --egg-base ../../build/minichallenge4_bueno build --build-base /home/robertog/ros2_ws/build/minichallenge4_bueno/build install --record /home/robertog/ros2_ws/build/minichallenge4_bueno/install.log --single-version-externally-managed install_data
