[4.463s] Invoking command in '/home/robertog/ros2_ws/src/programming_assignment': PYTHONPATH=/home/robertog/ros2_ws/build/programming_assignment/prefix_override:/home/robertog/ros2_ws/install/programming_assignment/lib/python3.10/site-packages:${PYTHONPATH} /usr/bin/python3 -W ignore:setup.py install is deprecated setup.py egg_info --egg-base ../../build/programming_assignment build --build-base /home/robertog/ros2_ws/build/programming_assignment/build install --record /home/robertog/ros2_ws/build/programming_assignment/install.log --single-version-externally-managed install_data
[5.196s] running egg_info
[5.196s] writing ../../build/programming_assignment/programming_assignment.egg-info/PKG-INFO
[5.196s] writing dependency_links to ../../build/programming_assignment/programming_assignment.egg-info/dependency_links.txt
[5.197s] writing entry points to ../../build/programming_assignment/programming_assignment.egg-info/entry_points.txt
[5.197s] writing requirements to ../../build/programming_assignment/programming_assignment.egg-info/requires.txt
[5.197s] writing top-level names to ../../build/programming_assignment/programming_assignment.egg-info/top_level.txt
[5.197s] reading manifest file '../../build/programming_assignment/programming_assignment.egg-info/SOURCES.txt'
[5.197s] writing manifest file '../../build/programming_assignment/programming_assignment.egg-info/SOURCES.txt'
[5.197s] running build
[5.197s] running build_py
[5.197s] running install
[5.197s] running install_lib
[5.197s] running install_data
[5.197s] running install_egg_info
[5.198s] removing '/home/robertog/ros2_ws/install/programming_assignment/lib/python3.10/site-packages/programming_assignment-0.0.0-py3.10.egg-info' (and everything under it)
[5.198s] Copying ../../build/programming_assignment/programming_assignment.egg-info to /home/robertog/ros2_ws/install/programming_assignment/lib/python3.10/site-packages/programming_assignment-0.0.0-py3.10.egg-info
[5.198s] running install_scripts
[5.198s] Installing forward_kinematics script to /home/robertog/ros2_ws/install/programming_assignment/lib/programming_assignment
[5.198s] writing list of installed files to '/home/robertog/ros2_ws/build/programming_assignment/install.log'
[5.652s] Invoked command in '/home/robertog/ros2_ws/src/programming_assignment' returned '0': PYTHONPATH=/home/robertog/ros2_ws/build/programming_assignment/prefix_override:/home/robertog/ros2_ws/install/programming_assignment/lib/python3.10/site-packages:${PYTHONPATH} /usr/bin/python3 -W ignore:setup.py install is deprecated setup.py egg_info --egg-base ../../build/programming_assignment build --build-base /home/robertog/ros2_ws/build/programming_assignment/build install --record /home/robertog/ros2_ws/build/programming_assignment/install.log --single-version-externally-managed install_data
