[0.980s] Invoking command in '/home/robertog/ros2_ws/src/open_cv_example': PYTHONPATH=/home/robertog/ros2_ws/build/open_cv_example/prefix_override:/home/robertog/ros2_ws/install/open_cv_example/lib/python3.10/site-packages:${PYTHONPATH} /usr/bin/python3 -W ignore:setup.py install is deprecated setup.py egg_info --egg-base ../../build/open_cv_example build --build-base /home/robertog/ros2_ws/build/open_cv_example/build install --record /home/robertog/ros2_ws/build/open_cv_example/install.log --single-version-externally-managed install_data
[1.324s] running egg_info
[1.324s] writing ../../build/open_cv_example/open_cv_example.egg-info/PKG-INFO
[1.324s] writing dependency_links to ../../build/open_cv_example/open_cv_example.egg-info/dependency_links.txt
[1.324s] writing entry points to ../../build/open_cv_example/open_cv_example.egg-info/entry_points.txt
[1.325s] writing requirements to ../../build/open_cv_example/open_cv_example.egg-info/requires.txt
[1.325s] writing top-level names to ../../build/open_cv_example/open_cv_example.egg-info/top_level.txt
[1.325s] reading manifest file '../../build/open_cv_example/open_cv_example.egg-info/SOURCES.txt'
[1.325s] adding license file 'LICENSE'
[1.325s] writing manifest file '../../build/open_cv_example/open_cv_example.egg-info/SOURCES.txt'
[1.325s] running build
[1.325s] running build_py
[1.325s] running install
[1.325s] running install_lib
[1.325s] running install_data
[1.325s] running install_egg_info
[1.325s] removing '/home/robertog/ros2_ws/install/open_cv_example/lib/python3.10/site-packages/open_cv_example-0.0.0-py3.10.egg-info' (and everything under it)
[1.326s] Copying ../../build/open_cv_example/open_cv_example.egg-info to /home/robertog/ros2_ws/install/open_cv_example/lib/python3.10/site-packages/open_cv_example-0.0.0-py3.10.egg-info
[1.326s] running install_scripts
[1.326s] Installing circle_id script to /home/robertog/ros2_ws/install/open_cv_example/lib/open_cv_example
[1.326s] writing list of installed files to '/home/robertog/ros2_ws/build/open_cv_example/install.log'
[1.367s] Invoked command in '/home/robertog/ros2_ws/src/open_cv_example' returned '0': PYTHONPATH=/home/robertog/ros2_ws/build/open_cv_example/prefix_override:/home/robertog/ros2_ws/install/open_cv_example/lib/python3.10/site-packages:${PYTHONPATH} /usr/bin/python3 -W ignore:setup.py install is deprecated setup.py egg_info --egg-base ../../build/open_cv_example build --build-base /home/robertog/ros2_ws/build/open_cv_example/build install --record /home/robertog/ros2_ws/build/open_cv_example/install.log --single-version-externally-managed install_data
