[2.443s] Invoking command in '/home/robertog/ros2_ws/src/minichallenge4': PYTHONPATH=/home/robertog/ros2_ws/build/minichallenge4/prefix_override:/home/robertog/ros2_ws/install/minichallenge4/lib/python3.10/site-packages:${PYTHONPATH} /usr/bin/python3 -W ignore:setup.py install is deprecated setup.py egg_info --egg-base ../../build/minichallenge4 build --build-base /home/robertog/ros2_ws/build/minichallenge4/build install --record /home/robertog/ros2_ws/build/minichallenge4/install.log --single-version-externally-managed install_data
[3.200s] running egg_info
[3.200s] writing ../../build/minichallenge4/minichallenge4.egg-info/PKG-INFO
[3.201s] writing dependency_links to ../../build/minichallenge4/minichallenge4.egg-info/dependency_links.txt
[3.201s] writing entry points to ../../build/minichallenge4/minichallenge4.egg-info/entry_points.txt
[3.201s] writing requirements to ../../build/minichallenge4/minichallenge4.egg-info/requires.txt
[3.201s] writing top-level names to ../../build/minichallenge4/minichallenge4.egg-info/top_level.txt
[3.202s] reading manifest file '../../build/minichallenge4/minichallenge4.egg-info/SOURCES.txt'
[3.202s] adding license file 'LICENSE'
[3.203s] writing manifest file '../../build/minichallenge4/minichallenge4.egg-info/SOURCES.txt'
[3.203s] running build
[3.203s] running build_py
[3.203s] running install
[3.203s] running install_lib
[3.205s] running install_data
[3.205s] running install_egg_info
[3.206s] removing '/home/robertog/ros2_ws/install/minichallenge4/lib/python3.10/site-packages/minichallenge4-0.0.0-py3.10.egg-info' (and everything under it)
[3.206s] Copying ../../build/minichallenge4/minichallenge4.egg-info to /home/robertog/ros2_ws/install/minichallenge4/lib/python3.10/site-packages/minichallenge4-0.0.0-py3.10.egg-info
[3.206s] running install_scripts
[3.208s] Installing controller script to /home/robertog/ros2_ws/install/minichallenge4/lib/minichallenge4
[3.208s] Installing traffic_lights script to /home/robertog/ros2_ws/install/minichallenge4/lib/minichallenge4
[3.209s] writing list of installed files to '/home/robertog/ros2_ws/build/minichallenge4/install.log'
[3.214s] Invoked command in '/home/robertog/ros2_ws/src/minichallenge4' returned '0': PYTHONPATH=/home/robertog/ros2_ws/build/minichallenge4/prefix_override:/home/robertog/ros2_ws/install/minichallenge4/lib/python3.10/site-packages:${PYTHONPATH} /usr/bin/python3 -W ignore:setup.py install is deprecated setup.py egg_info --egg-base ../../build/minichallenge4 build --build-base /home/robertog/ros2_ws/build/minichallenge4/build install --record /home/robertog/ros2_ws/build/minichallenge4/install.log --single-version-externally-managed install_data
