[1.396s] Invoking command in '/home/robertog/ros2_ws/src/minichallenge4': PYTHONPATH=/home/robertog/ros2_ws/build/minichallenge4/prefix_override:/home/robertog/ros2_ws/install/minichallenge4/lib/python3.10/site-packages:${PYTHONPATH} /usr/bin/python3 -W ignore:setup.py install is deprecated setup.py egg_info --egg-base ../../build/minichallenge4 build --build-base /home/robertog/ros2_ws/build/minichallenge4/build install --record /home/robertog/ros2_ws/build/minichallenge4/install.log --single-version-externally-managed install_data
[1.776s] running egg_info
[1.777s] writing ../../build/minichallenge4/minichallenge4.egg-info/PKG-INFO
[1.777s] writing dependency_links to ../../build/minichallenge4/minichallenge4.egg-info/dependency_links.txt
[1.777s] writing entry points to ../../build/minichallenge4/minichallenge4.egg-info/entry_points.txt
[1.777s] writing requirements to ../../build/minichallenge4/minichallenge4.egg-info/requires.txt
[1.778s] writing top-level names to ../../build/minichallenge4/minichallenge4.egg-info/top_level.txt
[1.779s] reading manifest file '../../build/minichallenge4/minichallenge4.egg-info/SOURCES.txt'
[1.780s] adding license file 'LICENSE'
[1.780s] writing manifest file '../../build/minichallenge4/minichallenge4.egg-info/SOURCES.txt'
[1.780s] running build
[1.780s] running build_py
[1.781s] running install
[1.781s] running install_lib
[1.782s] running install_data
[1.782s] running install_egg_info
[1.783s] removing '/home/robertog/ros2_ws/install/minichallenge4/lib/python3.10/site-packages/minichallenge4-0.0.0-py3.10.egg-info' (and everything under it)
[1.783s] Copying ../../build/minichallenge4/minichallenge4.egg-info to /home/robertog/ros2_ws/install/minichallenge4/lib/python3.10/site-packages/minichallenge4-0.0.0-py3.10.egg-info
[1.784s] running install_scripts
[1.796s] Installing controller script to /home/robertog/ros2_ws/install/minichallenge4/lib/minichallenge4
[1.796s] Installing traffic_lights script to /home/robertog/ros2_ws/install/minichallenge4/lib/minichallenge4
[1.797s] writing list of installed files to '/home/robertog/ros2_ws/build/minichallenge4/install.log'
[1.817s] Invoked command in '/home/robertog/ros2_ws/src/minichallenge4' returned '0': PYTHONPATH=/home/robertog/ros2_ws/build/minichallenge4/prefix_override:/home/robertog/ros2_ws/install/minichallenge4/lib/python3.10/site-packages:${PYTHONPATH} /usr/bin/python3 -W ignore:setup.py install is deprecated setup.py egg_info --egg-base ../../build/minichallenge4 build --build-base /home/robertog/ros2_ws/build/minichallenge4/build install --record /home/robertog/ros2_ws/build/minichallenge4/install.log --single-version-externally-managed install_data
