[0.723s] Invoking command in '/home/robertog/ros2_ws/src/minichallenge5': PYTHONPATH=/home/robertog/ros2_ws/build/minichallenge5/prefix_override:/home/robertog/ros2_ws/install/minichallenge5/lib/python3.10/site-packages:${PYTHONPATH} /usr/bin/python3 -W ignore:setup.py install is deprecated setup.py egg_info --egg-base ../../build/minichallenge5 build --build-base /home/robertog/ros2_ws/build/minichallenge5/build install --record /home/robertog/ros2_ws/build/minichallenge5/install.log --single-version-externally-managed install_data
[1.006s] running egg_info
[1.006s] writing ../../build/minichallenge5/minichallenge5.egg-info/PKG-INFO
[1.007s] writing dependency_links to ../../build/minichallenge5/minichallenge5.egg-info/dependency_links.txt
[1.007s] writing entry points to ../../build/minichallenge5/minichallenge5.egg-info/entry_points.txt
[1.007s] writing requirements to ../../build/minichallenge5/minichallenge5.egg-info/requires.txt
[1.007s] writing top-level names to ../../build/minichallenge5/minichallenge5.egg-info/top_level.txt
[1.009s] reading manifest file '../../build/minichallenge5/minichallenge5.egg-info/SOURCES.txt'
[1.010s] writing manifest file '../../build/minichallenge5/minichallenge5.egg-info/SOURCES.txt'
[1.010s] running build
[1.010s] running build_py
[1.010s] copying minichallenge5/line_follower.py -> /home/robertog/ros2_ws/build/minichallenge5/build/lib/minichallenge5
[1.011s] running install
[1.011s] running install_lib
[1.012s] copying /home/robertog/ros2_ws/build/minichallenge5/build/lib/minichallenge5/line_follower.py -> /home/robertog/ros2_ws/install/minichallenge5/lib/python3.10/site-packages/minichallenge5
[1.013s] byte-compiling /home/robertog/ros2_ws/install/minichallenge5/lib/python3.10/site-packages/minichallenge5/line_follower.py to line_follower.cpython-310.pyc
[1.014s] running install_data
[1.014s] running install_egg_info
[1.016s] removing '/home/robertog/ros2_ws/install/minichallenge5/lib/python3.10/site-packages/minichallenge5-0.0.0-py3.10.egg-info' (and everything under it)
[1.016s] Copying ../../build/minichallenge5/minichallenge5.egg-info to /home/robertog/ros2_ws/install/minichallenge5/lib/python3.10/site-packages/minichallenge5-0.0.0-py3.10.egg-info
[1.017s] running install_scripts
[1.041s] Installing line_follower script to /home/robertog/ros2_ws/install/minichallenge5/lib/minichallenge5
[1.041s] Installing traffic_lights script to /home/robertog/ros2_ws/install/minichallenge5/lib/minichallenge5
[1.042s] writing list of installed files to '/home/robertog/ros2_ws/build/minichallenge5/install.log'
[1.079s] Invoked command in '/home/robertog/ros2_ws/src/minichallenge5' returned '0': PYTHONPATH=/home/robertog/ros2_ws/build/minichallenge5/prefix_override:/home/robertog/ros2_ws/install/minichallenge5/lib/python3.10/site-packages:${PYTHONPATH} /usr/bin/python3 -W ignore:setup.py install is deprecated setup.py egg_info --egg-base ../../build/minichallenge5 build --build-base /home/robertog/ros2_ws/build/minichallenge5/build install --record /home/robertog/ros2_ws/build/minichallenge5/install.log --single-version-externally-managed install_data
