[4.469s] Invoking command in '/home/robertog/ros2_ws/src/learning_tf2': PYTHONPATH=/home/robertog/ros2_ws/build/learning_tf2/prefix_override:/home/robertog/ros2_ws/install/learning_tf2/lib/python3.10/site-packages:${PYTHONPATH} /usr/bin/python3 -W ignore:setup.py install is deprecated setup.py egg_info --egg-base ../../build/learning_tf2 build --build-base /home/robertog/ros2_ws/build/learning_tf2/build install --record /home/robertog/ros2_ws/build/learning_tf2/install.log --single-version-externally-managed install_data
[5.001s] running egg_info
[5.002s] writing ../../build/learning_tf2/learning_tf2.egg-info/PKG-INFO
[5.004s] writing dependency_links to ../../build/learning_tf2/learning_tf2.egg-info/dependency_links.txt
[5.005s] writing entry points to ../../build/learning_tf2/learning_tf2.egg-info/entry_points.txt
[5.005s] writing requirements to ../../build/learning_tf2/learning_tf2.egg-info/requires.txt
[5.006s] writing top-level names to ../../build/learning_tf2/learning_tf2.egg-info/top_level.txt
[5.011s] reading manifest file '../../build/learning_tf2/learning_tf2.egg-info/SOURCES.txt'
[5.013s] writing manifest file '../../build/learning_tf2/learning_tf2.egg-info/SOURCES.txt'
[5.014s] running build
[5.014s] running build_py
[5.014s] running install
[5.015s] running install_lib
[5.021s] running install_data
[5.022s] running install_egg_info
[5.026s] removing '/home/robertog/ros2_ws/install/learning_tf2/lib/python3.10/site-packages/learning_tf2-0.0.0-py3.10.egg-info' (and everything under it)
[5.026s] Copying ../../build/learning_tf2/learning_tf2.egg-info to /home/robertog/ros2_ws/install/learning_tf2/lib/python3.10/site-packages/learning_tf2-0.0.0-py3.10.egg-info
[5.029s] running install_scripts
[5.072s] Installing test_node script to /home/robertog/ros2_ws/install/learning_tf2/lib/learning_tf2
[5.073s] writing list of installed files to '/home/robertog/ros2_ws/build/learning_tf2/install.log'
[5.414s] Invoked command in '/home/robertog/ros2_ws/src/learning_tf2' returned '0': PYTHONPATH=/home/robertog/ros2_ws/build/learning_tf2/prefix_override:/home/robertog/ros2_ws/install/learning_tf2/lib/python3.10/site-packages:${PYTHONPATH} /usr/bin/python3 -W ignore:setup.py install is deprecated setup.py egg_info --egg-base ../../build/learning_tf2 build --build-base /home/robertog/ros2_ws/build/learning_tf2/build install --record /home/robertog/ros2_ws/build/learning_tf2/install.log --single-version-externally-managed install_data
