[0.196s] DEBUG:colcon:Command line arguments: ['/usr/bin/colcon', 'list', '-p', '--base-paths', '/home/robertog/ros2_ws']
[0.196s] DEBUG:colcon:Parsed command line arguments: Namespace(log_base=None, log_level=None, verb_name='list', build_base='build', ignore_user_meta=False, metas=['./colcon.meta'], base_paths=['/home/robertog/ros2_ws'], packages_ignore=None, packages_ignore_regex=None, paths=None, packages_up_to=None, packages_up_to_regex=None, packages_above=None, packages_above_and_dependencies=None, packages_above_depth=None, packages_select_by_dep=None, packages_skip_by_dep=None, packages_skip_up_to=None, packages_select_build_failed=False, packages_skip_build_finished=False, packages_select_test_failures=False, packages_skip_test_passed=False, packages_select=None, packages_skip=None, packages_select_regex=None, packages_skip_regex=None, packages_start=None, packages_end=None, allow_overriding=[], topological_order=False, names_only=False, paths_only=True, topological_graph=False, topological_graph_dot=False, topological_graph_density=False, topological_graph_legend=False, topological_graph_dot_cluster=False, topological_graph_dot_include_skipped=False, mixin_files=None, mixin=None, verb_parser=<colcon_mixin.mixin.mixin_argument.MixinArgumentDecorator object at 0x7323faa2b280>, verb_extension=<colcon_package_information.verb.list.ListVerb object at 0x7323fabab160>, main=<bound method ListVerb.main of <colcon_package_information.verb.list.ListVerb object at 0x7323fabab160>>, mixin_verb=('list',))
[0.551s] Level 1:colcon.colcon_core.package_discovery:discover_packages(colcon_meta) check parameters
[0.552s] Level 1:colcon.colcon_core.package_discovery:discover_packages(recursive) check parameters
[0.552s] Level 1:colcon.colcon_core.package_discovery:discover_packages(ignore) check parameters
[0.552s] Level 1:colcon.colcon_core.package_discovery:discover_packages(path) check parameters
[0.552s] Level 1:colcon.colcon_core.package_discovery:discover_packages(recursive) discover
[0.552s] INFO:colcon.colcon_core.package_discovery:Crawling recursively for packages in '/home/robertog/ros2_ws'
[0.552s] Level 1:colcon.colcon_core.package_identification:_identify(/home/robertog/ros2_ws) by extensions ['ignore', 'ignore_ament_install']
[0.552s] Level 1:colcon.colcon_core.package_identification:_identify(/home/robertog/ros2_ws) by extension 'ignore'
[0.552s] Level 1:colcon.colcon_core.package_identification:_identify(/home/robertog/ros2_ws) by extension 'ignore_ament_install'
[0.553s] Level 1:colcon.colcon_core.package_identification:_identify(/home/robertog/ros2_ws) by extensions ['colcon_pkg']
[0.553s] Level 1:colcon.colcon_core.package_identification:_identify(/home/robertog/ros2_ws) by extension 'colcon_pkg'
[0.553s] Level 1:colcon.colcon_core.package_identification:_identify(/home/robertog/ros2_ws) by extensions ['colcon_meta']
[0.553s] Level 1:colcon.colcon_core.package_identification:_identify(/home/robertog/ros2_ws) by extension 'colcon_meta'
[0.553s] Level 1:colcon.colcon_core.package_identification:_identify(/home/robertog/ros2_ws) by extensions ['ros']
[0.553s] Level 1:colcon.colcon_core.package_identification:_identify(/home/robertog/ros2_ws) by extension 'ros'
[0.574s] Level 1:colcon.colcon_core.package_identification:_identify(/home/robertog/ros2_ws) by extensions ['cmake', 'python']
[0.574s] Level 1:colcon.colcon_core.package_identification:_identify(/home/robertog/ros2_ws) by extension 'cmake'
[0.574s] Level 1:colcon.colcon_core.package_identification:_identify(/home/robertog/ros2_ws) by extension 'python'
[0.574s] Level 1:colcon.colcon_core.package_identification:_identify(/home/robertog/ros2_ws) by extensions ['python_setup_py']
[0.574s] Level 1:colcon.colcon_core.package_identification:_identify(/home/robertog/ros2_ws) by extension 'python_setup_py'
[0.574s] Level 1:colcon.colcon_core.package_identification:_identify(/home/robertog/ros2_ws/build) by extensions ['ignore', 'ignore_ament_install']
[0.575s] Level 1:colcon.colcon_core.package_identification:_identify(/home/robertog/ros2_ws/build) by extension 'ignore'
[0.575s] Level 1:colcon.colcon_core.package_identification:_identify(/home/robertog/ros2_ws/build) ignored
[0.575s] Level 1:colcon.colcon_core.package_identification:_identify(/home/robertog/ros2_ws/install) by extensions ['ignore', 'ignore_ament_install']
[0.575s] Level 1:colcon.colcon_core.package_identification:_identify(/home/robertog/ros2_ws/install) by extension 'ignore'
[0.575s] Level 1:colcon.colcon_core.package_identification:_identify(/home/robertog/ros2_ws/install) ignored
[0.576s] Level 1:colcon.colcon_core.package_identification:_identify(/home/robertog/ros2_ws/log) by extensions ['ignore', 'ignore_ament_install']
[0.576s] Level 1:colcon.colcon_core.package_identification:_identify(/home/robertog/ros2_ws/log) by extension 'ignore'
[0.576s] Level 1:colcon.colcon_core.package_identification:_identify(/home/robertog/ros2_ws/log) ignored
[0.576s] Level 1:colcon.colcon_core.package_identification:_identify(/home/robertog/ros2_ws/src) by extensions ['ignore', 'ignore_ament_install']
[0.576s] Level 1:colcon.colcon_core.package_identification:_identify(/home/robertog/ros2_ws/src) by extension 'ignore'
[0.576s] Level 1:colcon.colcon_core.package_identification:_identify(/home/robertog/ros2_ws/src) by extension 'ignore_ament_install'
[0.576s] Level 1:colcon.colcon_core.package_identification:_identify(/home/robertog/ros2_ws/src) by extensions ['colcon_pkg']
[0.577s] Level 1:colcon.colcon_core.package_identification:_identify(/home/robertog/ros2_ws/src) by extension 'colcon_pkg'
[0.577s] Level 1:colcon.colcon_core.package_identification:_identify(/home/robertog/ros2_ws/src) by extensions ['colcon_meta']
[0.577s] Level 1:colcon.colcon_core.package_identification:_identify(/home/robertog/ros2_ws/src) by extension 'colcon_meta'
[0.577s] Level 1:colcon.colcon_core.package_identification:_identify(/home/robertog/ros2_ws/src) by extensions ['ros']
[0.577s] Level 1:colcon.colcon_core.package_identification:_identify(/home/robertog/ros2_ws/src) by extension 'ros'
[0.577s] Level 1:colcon.colcon_core.package_identification:_identify(/home/robertog/ros2_ws/src) by extensions ['cmake', 'python']
[0.577s] Level 1:colcon.colcon_core.package_identification:_identify(/home/robertog/ros2_ws/src) by extension 'cmake'
[0.577s] Level 1:colcon.colcon_core.package_identification:_identify(/home/robertog/ros2_ws/src) by extension 'python'
[0.577s] Level 1:colcon.colcon_core.package_identification:_identify(/home/robertog/ros2_ws/src) by extensions ['python_setup_py']
[0.577s] Level 1:colcon.colcon_core.package_identification:_identify(/home/robertog/ros2_ws/src) by extension 'python_setup_py'
[0.578s] Level 1:colcon.colcon_core.package_identification:_identify(/home/robertog/ros2_ws/src/minichallenge3) by extensions ['ignore', 'ignore_ament_install']
[0.578s] Level 1:colcon.colcon_core.package_identification:_identify(/home/robertog/ros2_ws/src/minichallenge3) by extension 'ignore'
[0.578s] Level 1:colcon.colcon_core.package_identification:_identify(/home/robertog/ros2_ws/src/minichallenge3) by extension 'ignore_ament_install'
[0.578s] Level 1:colcon.colcon_core.package_identification:_identify(/home/robertog/ros2_ws/src/minichallenge3) by extensions ['colcon_pkg']
[0.578s] Level 1:colcon.colcon_core.package_identification:_identify(/home/robertog/ros2_ws/src/minichallenge3) by extension 'colcon_pkg'
[0.578s] Level 1:colcon.colcon_core.package_identification:_identify(/home/robertog/ros2_ws/src/minichallenge3) by extensions ['colcon_meta']
[0.578s] Level 1:colcon.colcon_core.package_identification:_identify(/home/robertog/ros2_ws/src/minichallenge3) by extension 'colcon_meta'
[0.578s] Level 1:colcon.colcon_core.package_identification:_identify(/home/robertog/ros2_ws/src/minichallenge3) by extensions ['ros']
[0.578s] Level 1:colcon.colcon_core.package_identification:_identify(/home/robertog/ros2_ws/src/minichallenge3) by extension 'ros'
[0.583s] DEBUG:colcon.colcon_core.package_identification:Package '/home/robertog/ros2_ws/src/minichallenge3' with type 'ros.ament_python' and name 'minichallenge3'
[0.583s] Level 1:colcon.colcon_core.package_identification:_identify(/home/robertog/ros2_ws/src/minichallenge4) by extensions ['ignore', 'ignore_ament_install']
[0.583s] Level 1:colcon.colcon_core.package_identification:_identify(/home/robertog/ros2_ws/src/minichallenge4) by extension 'ignore'
[0.584s] Level 1:colcon.colcon_core.package_identification:_identify(/home/robertog/ros2_ws/src/minichallenge4) by extension 'ignore_ament_install'
[0.584s] Level 1:colcon.colcon_core.package_identification:_identify(/home/robertog/ros2_ws/src/minichallenge4) by extensions ['colcon_pkg']
[0.584s] Level 1:colcon.colcon_core.package_identification:_identify(/home/robertog/ros2_ws/src/minichallenge4) by extension 'colcon_pkg'
[0.584s] Level 1:colcon.colcon_core.package_identification:_identify(/home/robertog/ros2_ws/src/minichallenge4) by extensions ['colcon_meta']
[0.584s] Level 1:colcon.colcon_core.package_identification:_identify(/home/robertog/ros2_ws/src/minichallenge4) by extension 'colcon_meta'
[0.584s] Level 1:colcon.colcon_core.package_identification:_identify(/home/robertog/ros2_ws/src/minichallenge4) by extensions ['ros']
[0.584s] Level 1:colcon.colcon_core.package_identification:_identify(/home/robertog/ros2_ws/src/minichallenge4) by extension 'ros'
[0.585s] DEBUG:colcon.colcon_core.package_identification:Package '/home/robertog/ros2_ws/src/minichallenge4' with type 'ros.ament_python' and name 'minichallenge4'
[0.586s] Level 1:colcon.colcon_core.package_identification:_identify(/home/robertog/ros2_ws/src/minichallenge4_bueno) by extensions ['ignore', 'ignore_ament_install']
[0.586s] Level 1:colcon.colcon_core.package_identification:_identify(/home/robertog/ros2_ws/src/minichallenge4_bueno) by extension 'ignore'
[0.586s] Level 1:colcon.colcon_core.package_identification:_identify(/home/robertog/ros2_ws/src/minichallenge4_bueno) by extension 'ignore_ament_install'
[0.586s] Level 1:colcon.colcon_core.package_identification:_identify(/home/robertog/ros2_ws/src/minichallenge4_bueno) by extensions ['colcon_pkg']
[0.586s] Level 1:colcon.colcon_core.package_identification:_identify(/home/robertog/ros2_ws/src/minichallenge4_bueno) by extension 'colcon_pkg'
[0.586s] Level 1:colcon.colcon_core.package_identification:_identify(/home/robertog/ros2_ws/src/minichallenge4_bueno) by extensions ['colcon_meta']
[0.586s] Level 1:colcon.colcon_core.package_identification:_identify(/home/robertog/ros2_ws/src/minichallenge4_bueno) by extension 'colcon_meta'
[0.586s] Level 1:colcon.colcon_core.package_identification:_identify(/home/robertog/ros2_ws/src/minichallenge4_bueno) by extensions ['ros']
[0.586s] Level 1:colcon.colcon_core.package_identification:_identify(/home/robertog/ros2_ws/src/minichallenge4_bueno) by extension 'ros'
[0.588s] DEBUG:colcon.colcon_core.package_identification:Package '/home/robertog/ros2_ws/src/minichallenge4_bueno' with type 'ros.ament_python' and name 'minichallenge4_bueno'
[0.588s] Level 1:colcon.colcon_core.package_identification:_identify(/home/robertog/ros2_ws/src/mobile_robotics) by extensions ['ignore', 'ignore_ament_install']
[0.588s] Level 1:colcon.colcon_core.package_identification:_identify(/home/robertog/ros2_ws/src/mobile_robotics) by extension 'ignore'
[0.588s] Level 1:colcon.colcon_core.package_identification:_identify(/home/robertog/ros2_ws/src/mobile_robotics) by extension 'ignore_ament_install'
[0.588s] Level 1:colcon.colcon_core.package_identification:_identify(/home/robertog/ros2_ws/src/mobile_robotics) by extensions ['colcon_pkg']
[0.588s] Level 1:colcon.colcon_core.package_identification:_identify(/home/robertog/ros2_ws/src/mobile_robotics) by extension 'colcon_pkg'
[0.589s] Level 1:colcon.colcon_core.package_identification:_identify(/home/robertog/ros2_ws/src/mobile_robotics) by extensions ['colcon_meta']
[0.589s] Level 1:colcon.colcon_core.package_identification:_identify(/home/robertog/ros2_ws/src/mobile_robotics) by extension 'colcon_meta'
[0.589s] Level 1:colcon.colcon_core.package_identification:_identify(/home/robertog/ros2_ws/src/mobile_robotics) by extensions ['ros']
[0.589s] Level 1:colcon.colcon_core.package_identification:_identify(/home/robertog/ros2_ws/src/mobile_robotics) by extension 'ros'
[0.590s] DEBUG:colcon.colcon_core.package_identification:Package '/home/robertog/ros2_ws/src/mobile_robotics' with type 'ros.ament_python' and name 'mobile_robotics'
[0.590s] Level 1:colcon.colcon_core.package_identification:_identify(/home/robertog/ros2_ws/src/open_cv_example) by extensions ['ignore', 'ignore_ament_install']
[0.590s] Level 1:colcon.colcon_core.package_identification:_identify(/home/robertog/ros2_ws/src/open_cv_example) by extension 'ignore'
[0.590s] Level 1:colcon.colcon_core.package_identification:_identify(/home/robertog/ros2_ws/src/open_cv_example) by extension 'ignore_ament_install'
[0.590s] Level 1:colcon.colcon_core.package_identification:_identify(/home/robertog/ros2_ws/src/open_cv_example) by extensions ['colcon_pkg']
[0.590s] Level 1:colcon.colcon_core.package_identification:_identify(/home/robertog/ros2_ws/src/open_cv_example) by extension 'colcon_pkg'
[0.591s] Level 1:colcon.colcon_core.package_identification:_identify(/home/robertog/ros2_ws/src/open_cv_example) by extensions ['colcon_meta']
[0.591s] Level 1:colcon.colcon_core.package_identification:_identify(/home/robertog/ros2_ws/src/open_cv_example) by extension 'colcon_meta'
[0.591s] Level 1:colcon.colcon_core.package_identification:_identify(/home/robertog/ros2_ws/src/open_cv_example) by extensions ['ros']
[0.591s] Level 1:colcon.colcon_core.package_identification:_identify(/home/robertog/ros2_ws/src/open_cv_example) by extension 'ros'
[0.592s] DEBUG:colcon.colcon_core.package_identification:Package '/home/robertog/ros2_ws/src/open_cv_example' with type 'ros.ament_python' and name 'open_cv_example'
[0.592s] Level 1:colcon.colcon_core.package_identification:_identify(/home/robertog/ros2_ws/src/two_wheeled_robot) by extensions ['ignore', 'ignore_ament_install']
[0.592s] Level 1:colcon.colcon_core.package_identification:_identify(/home/robertog/ros2_ws/src/two_wheeled_robot) by extension 'ignore'
[0.592s] Level 1:colcon.colcon_core.package_identification:_identify(/home/robertog/ros2_ws/src/two_wheeled_robot) by extension 'ignore_ament_install'
[0.593s] Level 1:colcon.colcon_core.package_identification:_identify(/home/robertog/ros2_ws/src/two_wheeled_robot) by extensions ['colcon_pkg']
[0.593s] Level 1:colcon.colcon_core.package_identification:_identify(/home/robertog/ros2_ws/src/two_wheeled_robot) by extension 'colcon_pkg'
[0.593s] Level 1:colcon.colcon_core.package_identification:_identify(/home/robertog/ros2_ws/src/two_wheeled_robot) by extensions ['colcon_meta']
[0.593s] Level 1:colcon.colcon_core.package_identification:_identify(/home/robertog/ros2_ws/src/two_wheeled_robot) by extension 'colcon_meta'
[0.593s] Level 1:colcon.colcon_core.package_identification:_identify(/home/robertog/ros2_ws/src/two_wheeled_robot) by extensions ['ros']
[0.593s] Level 1:colcon.colcon_core.package_identification:_identify(/home/robertog/ros2_ws/src/two_wheeled_robot) by extension 'ros'
[0.594s] DEBUG:colcon.colcon_core.package_identification:Package '/home/robertog/ros2_ws/src/two_wheeled_robot' with type 'ros.ament_cmake' and name 'two_wheeled_robot'
[0.594s] Level 1:colcon.colcon_core.package_discovery:discover_packages(recursive) using defaults
