[1.478s] Invoking command in '/home/robertog/ros2_ws/src/minichallenge3': PYTHONPATH=/home/robertog/ros2_ws/build/minichallenge3/prefix_override:/home/robertog/ros2_ws/install/minichallenge3/lib/python3.10/site-packages:${PYTHONPATH} /usr/bin/python3 -W ignore:setup.py install is deprecated setup.py egg_info --egg-base ../../build/minichallenge3 build --build-base /home/robertog/ros2_ws/build/minichallenge3/build install --record /home/robertog/ros2_ws/build/minichallenge3/install.log --single-version-externally-managed install_data
[2.011s] running egg_info
[2.011s] writing ../../build/minichallenge3/minichallenge3.egg-info/PKG-INFO
[2.011s] writing dependency_links to ../../build/minichallenge3/minichallenge3.egg-info/dependency_links.txt
[2.011s] writing entry points to ../../build/minichallenge3/minichallenge3.egg-info/entry_points.txt
[2.011s] writing requirements to ../../build/minichallenge3/minichallenge3.egg-info/requires.txt
[2.011s] writing top-level names to ../../build/minichallenge3/minichallenge3.egg-info/top_level.txt
[2.012s] reading manifest file '../../build/minichallenge3/minichallenge3.egg-info/SOURCES.txt'
[2.013s] adding license file 'LICENSE'
[2.013s] writing manifest file '../../build/minichallenge3/minichallenge3.egg-info/SOURCES.txt'
[2.013s] running build
[2.013s] running build_py
[2.013s] copying minichallenge3/controller.py -> /home/robertog/ros2_ws/build/minichallenge3/build/lib/minichallenge3
[2.013s] running install
[2.013s] running install_lib
[2.013s] copying /home/robertog/ros2_ws/build/minichallenge3/build/lib/minichallenge3/controller.py -> /home/robertog/ros2_ws/install/minichallenge3/lib/python3.10/site-packages/minichallenge3
[2.013s] byte-compiling /home/robertog/ros2_ws/install/minichallenge3/lib/python3.10/site-packages/minichallenge3/controller.py to controller.cpython-310.pyc
[2.013s] running install_data
[2.014s] running install_egg_info
[2.014s] removing '/home/robertog/ros2_ws/install/minichallenge3/lib/python3.10/site-packages/minichallenge3-0.0.0-py3.10.egg-info' (and everything under it)
[2.014s] Copying ../../build/minichallenge3/minichallenge3.egg-info to /home/robertog/ros2_ws/install/minichallenge3/lib/python3.10/site-packages/minichallenge3-0.0.0-py3.10.egg-info
[2.014s] running install_scripts
[2.015s] Installing controller script to /home/robertog/ros2_ws/install/minichallenge3/lib/minichallenge3
[2.015s] writing list of installed files to '/home/robertog/ros2_ws/build/minichallenge3/install.log'
[2.019s] Invoked command in '/home/robertog/ros2_ws/src/minichallenge3' returned '0': PYTHONPATH=/home/robertog/ros2_ws/build/minichallenge3/prefix_override:/home/robertog/ros2_ws/install/minichallenge3/lib/python3.10/site-packages:${PYTHONPATH} /usr/bin/python3 -W ignore:setup.py install is deprecated setup.py egg_info --egg-base ../../build/minichallenge3 build --build-base /home/robertog/ros2_ws/build/minichallenge3/build install --record /home/robertog/ros2_ws/build/minichallenge3/install.log --single-version-externally-managed install_data
