[0.534s] Invoking command in '/home/robertog/ros2_ws/src/dataset': PYTHONPATH=/home/robertog/ros2_ws/build/dataset/prefix_override:/home/robertog/ros2_ws/install/dataset/lib/python3.10/site-packages:${PYTHONPATH} /usr/bin/python3 -W ignore:setup.py install is deprecated setup.py egg_info --egg-base ../../build/dataset build --build-base /home/robertog/ros2_ws/build/dataset/build install --record /home/robertog/ros2_ws/build/dataset/install.log --single-version-externally-managed install_data
[0.753s] running egg_info
[0.753s] writing ../../build/dataset/dataset.egg-info/PKG-INFO
[0.753s] writing dependency_links to ../../build/dataset/dataset.egg-info/dependency_links.txt
[0.754s] writing entry points to ../../build/dataset/dataset.egg-info/entry_points.txt
[0.754s] writing requirements to ../../build/dataset/dataset.egg-info/requires.txt
[0.754s] writing top-level names to ../../build/dataset/dataset.egg-info/top_level.txt
[0.755s] reading manifest file '../../build/dataset/dataset.egg-info/SOURCES.txt'
[0.756s] writing manifest file '../../build/dataset/dataset.egg-info/SOURCES.txt'
[0.756s] running build
[0.756s] running build_py
[0.756s] copying dataset/save_images.py -> /home/robertog/ros2_ws/build/dataset/build/lib/dataset
[0.756s] running install
[0.757s] running install_lib
[0.757s] copying /home/robertog/ros2_ws/build/dataset/build/lib/dataset/save_images.py -> /home/robertog/ros2_ws/install/dataset/lib/python3.10/site-packages/dataset
[0.758s] byte-compiling /home/robertog/ros2_ws/install/dataset/lib/python3.10/site-packages/dataset/save_images.py to save_images.cpython-310.pyc
[0.758s] running install_data
[0.758s] running install_egg_info
[0.760s] removing '/home/robertog/ros2_ws/install/dataset/lib/python3.10/site-packages/dataset-0.0.0-py3.10.egg-info' (and everything under it)
[0.760s] Copying ../../build/dataset/dataset.egg-info to /home/robertog/ros2_ws/install/dataset/lib/python3.10/site-packages/dataset-0.0.0-py3.10.egg-info
[0.761s] running install_scripts
[0.778s] Installing save_images script to /home/robertog/ros2_ws/install/dataset/lib/dataset
[0.778s] writing list of installed files to '/home/robertog/ros2_ws/build/dataset/install.log'
[0.798s] Invoked command in '/home/robertog/ros2_ws/src/dataset' returned '0': PYTHONPATH=/home/robertog/ros2_ws/build/dataset/prefix_override:/home/robertog/ros2_ws/install/dataset/lib/python3.10/site-packages:${PYTHONPATH} /usr/bin/python3 -W ignore:setup.py install is deprecated setup.py egg_info --egg-base ../../build/dataset build --build-base /home/robertog/ros2_ws/build/dataset/build install --record /home/robertog/ros2_ws/build/dataset/install.log --single-version-externally-managed install_data
