[3.348s] Invoking command in '/home/robertog/ros2_ws/src/open_cv_example': PYTHONPATH=/home/robertog/ros2_ws/build/open_cv_example/prefix_override:/home/robertog/ros2_ws/install/open_cv_example/lib/python3.10/site-packages:${PYTHONPATH} /usr/bin/python3 -W ignore:setup.py install is deprecated setup.py egg_info --egg-base ../../build/open_cv_example build --build-base /home/robertog/ros2_ws/build/open_cv_example/build install --record /home/robertog/ros2_ws/build/open_cv_example/install.log --single-version-externally-managed install_data
[3.889s] running egg_info
[3.890s] writing ../../build/open_cv_example/open_cv_example.egg-info/PKG-INFO
[3.890s] writing dependency_links to ../../build/open_cv_example/open_cv_example.egg-info/dependency_links.txt
[3.890s] writing entry points to ../../build/open_cv_example/open_cv_example.egg-info/entry_points.txt
[3.890s] writing requirements to ../../build/open_cv_example/open_cv_example.egg-info/requires.txt
[3.891s] writing top-level names to ../../build/open_cv_example/open_cv_example.egg-info/top_level.txt
[3.894s] reading manifest file '../../build/open_cv_example/open_cv_example.egg-info/SOURCES.txt'
[3.894s] adding license file 'LICENSE'
[3.895s] writing manifest file '../../build/open_cv_example/open_cv_example.egg-info/SOURCES.txt'
[3.895s] running build
[3.895s] running build_py
[3.896s] running install
[3.896s] running install_lib
[3.899s] running install_data
[3.899s] running install_egg_info
[3.919s] removing '/home/robertog/ros2_ws/install/open_cv_example/lib/python3.10/site-packages/open_cv_example-0.0.0-py3.10.egg-info' (and everything under it)
[3.919s] Copying ../../build/open_cv_example/open_cv_example.egg-info to /home/robertog/ros2_ws/install/open_cv_example/lib/python3.10/site-packages/open_cv_example-0.0.0-py3.10.egg-info
[3.923s] running install_scripts
[3.951s] Installing circle_id script to /home/robertog/ros2_ws/install/open_cv_example/lib/open_cv_example
[3.951s] writing list of installed files to '/home/robertog/ros2_ws/build/open_cv_example/install.log'
[4.241s] Invoked command in '/home/robertog/ros2_ws/src/open_cv_example' returned '0': PYTHONPATH=/home/robertog/ros2_ws/build/open_cv_example/prefix_override:/home/robertog/ros2_ws/install/open_cv_example/lib/python3.10/site-packages:${PYTHONPATH} /usr/bin/python3 -W ignore:setup.py install is deprecated setup.py egg_info --egg-base ../../build/open_cv_example build --build-base /home/robertog/ros2_ws/build/open_cv_example/build install --record /home/robertog/ros2_ws/build/open_cv_example/install.log --single-version-externally-managed install_data
