[3.646s] Invoking command in '/home/robertog/ros2_ws/src/programming_assignment': PYTHONPATH=/home/robertog/ros2_ws/build/programming_assignment/prefix_override:/home/robertog/ros2_ws/install/programming_assignment/lib/python3.10/site-packages:${PYTHONPATH} /usr/bin/python3 -W ignore:setup.py install is deprecated setup.py egg_info --egg-base ../../build/programming_assignment build --build-base /home/robertog/ros2_ws/build/programming_assignment/build install --record /home/robertog/ros2_ws/build/programming_assignment/install.log --single-version-externally-managed install_data
[4.124s] running egg_info
[4.125s] writing ../../build/programming_assignment/programming_assignment.egg-info/PKG-INFO
[4.125s] writing dependency_links to ../../build/programming_assignment/programming_assignment.egg-info/dependency_links.txt
[4.126s] writing entry points to ../../build/programming_assignment/programming_assignment.egg-info/entry_points.txt
[4.126s] writing requirements to ../../build/programming_assignment/programming_assignment.egg-info/requires.txt
[4.126s] writing top-level names to ../../build/programming_assignment/programming_assignment.egg-info/top_level.txt
[4.129s] reading manifest file '../../build/programming_assignment/programming_assignment.egg-info/SOURCES.txt'
[4.130s] writing manifest file '../../build/programming_assignment/programming_assignment.egg-info/SOURCES.txt'
[4.130s] running build
[4.130s] running build_py
[4.130s] running install
[4.131s] running install_lib
[4.133s] running install_data
[4.133s] running install_egg_info
[4.135s] removing '/home/robertog/ros2_ws/install/programming_assignment/lib/python3.10/site-packages/programming_assignment-0.0.0-py3.10.egg-info' (and everything under it)
[4.138s] Copying ../../build/programming_assignment/programming_assignment.egg-info to /home/robertog/ros2_ws/install/programming_assignment/lib/python3.10/site-packages/programming_assignment-0.0.0-py3.10.egg-info
[4.140s] running install_scripts
[4.174s] Installing forward_kinematics script to /home/robertog/ros2_ws/install/programming_assignment/lib/programming_assignment
[4.175s] writing list of installed files to '/home/robertog/ros2_ws/build/programming_assignment/install.log'
[4.259s] Invoked command in '/home/robertog/ros2_ws/src/programming_assignment' returned '0': PYTHONPATH=/home/robertog/ros2_ws/build/programming_assignment/prefix_override:/home/robertog/ros2_ws/install/programming_assignment/lib/python3.10/site-packages:${PYTHONPATH} /usr/bin/python3 -W ignore:setup.py install is deprecated setup.py egg_info --egg-base ../../build/programming_assignment build --build-base /home/robertog/ros2_ws/build/programming_assignment/build install --record /home/robertog/ros2_ws/build/programming_assignment/install.log --single-version-externally-managed install_data
