[0.064s] Invoking command in '/home/robertog/ros2_ws/build/yolo_msg': CMAKE_PREFIX_PATH=${CMAKE_PREFIX_PATH}:/home/robertog/ros2_ws/install/yolov8_ros2:/home/robertog/ros2_ws/install/programming_assignment:/home/robertog/ros2_ws/install/open_cv_example:/home/robertog/ros2_ws/install/mobile_robotics:/home/robertog/ros2_ws/install/minichallenge5:/home/robertog/ros2_ws/install/minichallenge4_bueno:/home/robertog/ros2_ws/install/minichallenge4:/home/robertog/ros2_ws/install/minichallenge3:/home/robertog/ros2_ws/install/mini1_checo:/home/robertog/ros2_ws/install/gtg_ao:/home/robertog/ros2_ws/install/GTG_AO:/opt/ros/humble /usr/bin/cmake --build /home/robertog/ros2_ws/build/yolo_msg -- -j12 -l12
[2.559s] [  2%] Built target yolo_msg__cpp
[2.559s] [ 12%] Built target yolo_msg__rosidl_generator_c
[2.560s] [ 12%] Built target ament_cmake_python_copy_yolo_msg
[2.560s] [ 23%] Built target yolo_msg__rosidl_typesupport_c
[2.560s] [ 33%] Built target yolo_msg__rosidl_typesupport_introspection_cpp
[2.560s] [ 53%] Built target yolo_msg__rosidl_typesupport_introspection_c
[2.561s] [ 53%] Built target yolo_msg__rosidl_typesupport_fastrtps_cpp
[2.561s] [ 64%] Built target yolo_msg__rosidl_typesupport_cpp
[2.561s] [ 74%] Built target yolo_msg__rosidl_typesupport_fastrtps_c
[2.561s] [ 74%] Built target yolo_msg
[2.562s] [ 76%] Built target yolo_msg__py
[2.562s] [ 84%] Built target yolo_msg__rosidl_generator_py
[2.562s] [100%] Built target yolo_msg__rosidl_typesupport_fastrtps_c__pyext
[2.562s] [100%] Built target yolo_msg__rosidl_typesupport_c__pyext
[2.562s] [100%] Built target yolo_msg__rosidl_typesupport_introspection_c__pyext
[2.562s] running egg_info
[2.562s] writing yolo_msg.egg-info/PKG-INFO
[2.563s] writing dependency_links to yolo_msg.egg-info/dependency_links.txt
[2.563s] writing top-level names to yolo_msg.egg-info/top_level.txt
[2.563s] reading manifest file 'yolo_msg.egg-info/SOURCES.txt'
[2.563s] writing manifest file 'yolo_msg.egg-info/SOURCES.txt'
[2.563s] [100%] Built target ament_cmake_python_build_yolo_msg_egg
[2.564s] Invoked command in '/home/robertog/ros2_ws/build/yolo_msg' returned '0': CMAKE_PREFIX_PATH=${CMAKE_PREFIX_PATH}:/home/robertog/ros2_ws/install/yolov8_ros2:/home/robertog/ros2_ws/install/programming_assignment:/home/robertog/ros2_ws/install/open_cv_example:/home/robertog/ros2_ws/install/mobile_robotics:/home/robertog/ros2_ws/install/minichallenge5:/home/robertog/ros2_ws/install/minichallenge4_bueno:/home/robertog/ros2_ws/install/minichallenge4:/home/robertog/ros2_ws/install/minichallenge3:/home/robertog/ros2_ws/install/mini1_checo:/home/robertog/ros2_ws/install/gtg_ao:/home/robertog/ros2_ws/install/GTG_AO:/opt/ros/humble /usr/bin/cmake --build /home/robertog/ros2_ws/build/yolo_msg -- -j12 -l12
[2.797s] Invoking command in '/home/robertog/ros2_ws/build/yolo_msg': CMAKE_PREFIX_PATH=${CMAKE_PREFIX_PATH}:/home/robertog/ros2_ws/install/yolov8_ros2:/home/robertog/ros2_ws/install/programming_assignment:/home/robertog/ros2_ws/install/open_cv_example:/home/robertog/ros2_ws/install/mobile_robotics:/home/robertog/ros2_ws/install/minichallenge5:/home/robertog/ros2_ws/install/minichallenge4_bueno:/home/robertog/ros2_ws/install/minichallenge4:/home/robertog/ros2_ws/install/minichallenge3:/home/robertog/ros2_ws/install/mini1_checo:/home/robertog/ros2_ws/install/gtg_ao:/home/robertog/ros2_ws/install/GTG_AO:/opt/ros/humble /usr/bin/cmake --install /home/robertog/ros2_ws/build/yolo_msg
[2.817s] -- Install configuration: ""
[2.817s] -- Up-to-date: /home/robertog/ros2_ws/install/yolo_msg/share/ament_index/resource_index/rosidl_interfaces/yolo_msg
[2.830s] -- Up-to-date: /home/robertog/ros2_ws/install/yolo_msg/include/yolo_msg/yolo_msg
[2.830s] -- Up-to-date: /home/robertog/ros2_ws/install/yolo_msg/include/yolo_msg/yolo_msg/msg
[2.830s] -- Up-to-date: /home/robertog/ros2_ws/install/yolo_msg/include/yolo_msg/yolo_msg/msg/detail
[2.830s] -- Up-to-date: /home/robertog/ros2_ws/install/yolo_msg/include/yolo_msg/yolo_msg/msg/detail/yolov8_inference__type_support.h
[2.831s] -- Up-to-date: /home/robertog/ros2_ws/install/yolo_msg/include/yolo_msg/yolo_msg/msg/detail/inference_result__type_support.h
[2.831s] -- Up-to-date: /home/robertog/ros2_ws/install/yolo_msg/include/yolo_msg/yolo_msg/msg/detail/inference_result__functions.c
[2.831s] -- Up-to-date: /home/robertog/ros2_ws/install/yolo_msg/include/yolo_msg/yolo_msg/msg/detail/yolov8_inference__functions.c
[2.831s] -- Up-to-date: /home/robertog/ros2_ws/install/yolo_msg/include/yolo_msg/yolo_msg/msg/detail/inference_result__struct.h
[2.831s] -- Up-to-date: /home/robertog/ros2_ws/install/yolo_msg/include/yolo_msg/yolo_msg/msg/detail/inference_result__functions.h
[2.831s] -- Up-to-date: /home/robertog/ros2_ws/install/yolo_msg/include/yolo_msg/yolo_msg/msg/detail/yolov8_inference__functions.h
[2.831s] -- Up-to-date: /home/robertog/ros2_ws/install/yolo_msg/include/yolo_msg/yolo_msg/msg/detail/yolov8_inference__struct.h
[2.832s] -- Up-to-date: /home/robertog/ros2_ws/install/yolo_msg/include/yolo_msg/yolo_msg/msg/yolov8_inference.h
[2.832s] -- Up-to-date: /home/robertog/ros2_ws/install/yolo_msg/include/yolo_msg/yolo_msg/msg/rosidl_generator_c__visibility_control.h
[2.832s] -- Up-to-date: /home/robertog/ros2_ws/install/yolo_msg/include/yolo_msg/yolo_msg/msg/inference_result.h
[2.832s] -- Up-to-date: /home/robertog/ros2_ws/install/yolo_msg/share/yolo_msg/environment/library_path.sh
[2.832s] -- Up-to-date: /home/robertog/ros2_ws/install/yolo_msg/share/yolo_msg/environment/library_path.dsv
[2.832s] -- Up-to-date: /home/robertog/ros2_ws/install/yolo_msg/lib/libyolo_msg__rosidl_generator_c.so
[2.832s] -- Up-to-date: /home/robertog/ros2_ws/install/yolo_msg/include/yolo_msg/yolo_msg
[2.833s] -- Up-to-date: /home/robertog/ros2_ws/install/yolo_msg/include/yolo_msg/yolo_msg/msg
[2.833s] -- Up-to-date: /home/robertog/ros2_ws/install/yolo_msg/include/yolo_msg/yolo_msg/msg/detail
[2.833s] -- Up-to-date: /home/robertog/ros2_ws/install/yolo_msg/include/yolo_msg/yolo_msg/msg/detail/yolov8_inference__rosidl_typesupport_fastrtps_c.h
[2.833s] -- Up-to-date: /home/robertog/ros2_ws/install/yolo_msg/include/yolo_msg/yolo_msg/msg/detail/inference_result__rosidl_typesupport_fastrtps_c.h
[2.833s] -- Up-to-date: /home/robertog/ros2_ws/install/yolo_msg/include/yolo_msg/yolo_msg/msg/rosidl_typesupport_fastrtps_c__visibility_control.h
[2.833s] -- Up-to-date: /home/robertog/ros2_ws/install/yolo_msg/lib/libyolo_msg__rosidl_typesupport_fastrtps_c.so
[2.833s] -- Up-to-date: /home/robertog/ros2_ws/install/yolo_msg/include/yolo_msg/yolo_msg
[2.834s] -- Up-to-date: /home/robertog/ros2_ws/install/yolo_msg/include/yolo_msg/yolo_msg/msg
[2.834s] -- Up-to-date: /home/robertog/ros2_ws/install/yolo_msg/include/yolo_msg/yolo_msg/msg/detail
[2.834s] -- Up-to-date: /home/robertog/ros2_ws/install/yolo_msg/include/yolo_msg/yolo_msg/msg/detail/inference_result__builder.hpp
[2.834s] -- Up-to-date: /home/robertog/ros2_ws/install/yolo_msg/include/yolo_msg/yolo_msg/msg/detail/inference_result__struct.hpp
[2.834s] -- Up-to-date: /home/robertog/ros2_ws/install/yolo_msg/include/yolo_msg/yolo_msg/msg/detail/yolov8_inference__builder.hpp
[2.834s] -- Up-to-date: /home/robertog/ros2_ws/install/yolo_msg/include/yolo_msg/yolo_msg/msg/detail/inference_result__traits.hpp
[2.834s] -- Up-to-date: /home/robertog/ros2_ws/install/yolo_msg/include/yolo_msg/yolo_msg/msg/detail/yolov8_inference__traits.hpp
[2.835s] -- Up-to-date: /home/robertog/ros2_ws/install/yolo_msg/include/yolo_msg/yolo_msg/msg/detail/yolov8_inference__struct.hpp
[2.835s] -- Up-to-date: /home/robertog/ros2_ws/install/yolo_msg/include/yolo_msg/yolo_msg/msg/yolov8_inference.hpp
[2.835s] -- Up-to-date: /home/robertog/ros2_ws/install/yolo_msg/include/yolo_msg/yolo_msg/msg/inference_result.hpp
[2.835s] -- Up-to-date: /home/robertog/ros2_ws/install/yolo_msg/include/yolo_msg/yolo_msg
[2.835s] -- Up-to-date: /home/robertog/ros2_ws/install/yolo_msg/include/yolo_msg/yolo_msg/msg
[2.835s] -- Up-to-date: /home/robertog/ros2_ws/install/yolo_msg/include/yolo_msg/yolo_msg/msg/detail
[2.835s] -- Up-to-date: /home/robertog/ros2_ws/install/yolo_msg/include/yolo_msg/yolo_msg/msg/detail/dds_fastrtps
[2.836s] -- Up-to-date: /home/robertog/ros2_ws/install/yolo_msg/include/yolo_msg/yolo_msg/msg/detail/inference_result__rosidl_typesupport_fastrtps_cpp.hpp
[2.836s] -- Up-to-date: /home/robertog/ros2_ws/install/yolo_msg/include/yolo_msg/yolo_msg/msg/detail/yolov8_inference__rosidl_typesupport_fastrtps_cpp.hpp
[2.836s] -- Up-to-date: /home/robertog/ros2_ws/install/yolo_msg/include/yolo_msg/yolo_msg/msg/rosidl_typesupport_fastrtps_cpp__visibility_control.h
[2.836s] -- Up-to-date: /home/robertog/ros2_ws/install/yolo_msg/lib/libyolo_msg__rosidl_typesupport_fastrtps_cpp.so
[2.836s] -- Up-to-date: /home/robertog/ros2_ws/install/yolo_msg/include/yolo_msg/yolo_msg
[2.836s] -- Up-to-date: /home/robertog/ros2_ws/install/yolo_msg/include/yolo_msg/yolo_msg/msg
[2.837s] -- Up-to-date: /home/robertog/ros2_ws/install/yolo_msg/include/yolo_msg/yolo_msg/msg/detail
[2.837s] -- Up-to-date: /home/robertog/ros2_ws/install/yolo_msg/include/yolo_msg/yolo_msg/msg/detail/yolov8_inference__rosidl_typesupport_introspection_c.h
[2.837s] -- Up-to-date: /home/robertog/ros2_ws/install/yolo_msg/include/yolo_msg/yolo_msg/msg/detail/inference_result__rosidl_typesupport_introspection_c.h
[2.837s] -- Up-to-date: /home/robertog/ros2_ws/install/yolo_msg/include/yolo_msg/yolo_msg/msg/detail/yolov8_inference__type_support.c
[2.837s] -- Up-to-date: /home/robertog/ros2_ws/install/yolo_msg/include/yolo_msg/yolo_msg/msg/detail/inference_result__type_support.c
[2.837s] -- Up-to-date: /home/robertog/ros2_ws/install/yolo_msg/include/yolo_msg/yolo_msg/msg/rosidl_typesupport_introspection_c__visibility_control.h
[2.837s] -- Up-to-date: /home/robertog/ros2_ws/install/yolo_msg/lib/libyolo_msg__rosidl_typesupport_introspection_c.so
[2.838s] -- Up-to-date: /home/robertog/ros2_ws/install/yolo_msg/lib/libyolo_msg__rosidl_typesupport_c.so
[2.838s] -- Up-to-date: /home/robertog/ros2_ws/install/yolo_msg/include/yolo_msg/yolo_msg
[2.838s] -- Up-to-date: /home/robertog/ros2_ws/install/yolo_msg/include/yolo_msg/yolo_msg/msg
[2.838s] -- Up-to-date: /home/robertog/ros2_ws/install/yolo_msg/include/yolo_msg/yolo_msg/msg/detail
[2.838s] -- Up-to-date: /home/robertog/ros2_ws/install/yolo_msg/include/yolo_msg/yolo_msg/msg/detail/inference_result__type_support.cpp
[2.838s] -- Up-to-date: /home/robertog/ros2_ws/install/yolo_msg/include/yolo_msg/yolo_msg/msg/detail/yolov8_inference__rosidl_typesupport_introspection_cpp.hpp
[2.838s] -- Up-to-date: /home/robertog/ros2_ws/install/yolo_msg/include/yolo_msg/yolo_msg/msg/detail/inference_result__rosidl_typesupport_introspection_cpp.hpp
[2.839s] -- Up-to-date: /home/robertog/ros2_ws/install/yolo_msg/include/yolo_msg/yolo_msg/msg/detail/yolov8_inference__type_support.cpp
[2.839s] -- Up-to-date: /home/robertog/ros2_ws/install/yolo_msg/lib/libyolo_msg__rosidl_typesupport_introspection_cpp.so
[2.839s] -- Up-to-date: /home/robertog/ros2_ws/install/yolo_msg/lib/libyolo_msg__rosidl_typesupport_cpp.so
[2.839s] -- Up-to-date: /home/robertog/ros2_ws/install/yolo_msg/share/yolo_msg/environment/pythonpath.sh
[2.839s] -- Up-to-date: /home/robertog/ros2_ws/install/yolo_msg/share/yolo_msg/environment/pythonpath.dsv
[2.839s] -- Up-to-date: /home/robertog/ros2_ws/install/yolo_msg/local/lib/python3.10/dist-packages/yolo_msg-0.0.0-py3.10.egg-info
[2.839s] -- Installing: /home/robertog/ros2_ws/install/yolo_msg/local/lib/python3.10/dist-packages/yolo_msg-0.0.0-py3.10.egg-info/top_level.txt
[2.839s] -- Installing: /home/robertog/ros2_ws/install/yolo_msg/local/lib/python3.10/dist-packages/yolo_msg-0.0.0-py3.10.egg-info/dependency_links.txt
[2.840s] -- Installing: /home/robertog/ros2_ws/install/yolo_msg/local/lib/python3.10/dist-packages/yolo_msg-0.0.0-py3.10.egg-info/PKG-INFO
[2.840s] -- Installing: /home/robertog/ros2_ws/install/yolo_msg/local/lib/python3.10/dist-packages/yolo_msg-0.0.0-py3.10.egg-info/SOURCES.txt
[2.840s] -- Up-to-date: /home/robertog/ros2_ws/install/yolo_msg/local/lib/python3.10/dist-packages/yolo_msg
[2.841s] -- Up-to-date: /home/robertog/ros2_ws/install/yolo_msg/local/lib/python3.10/dist-packages/yolo_msg/__init__.py
[2.841s] -- Up-to-date: /home/robertog/ros2_ws/install/yolo_msg/local/lib/python3.10/dist-packages/yolo_msg/yolo_msg_s__rosidl_typesupport_c.cpython-310-x86_64-linux-gnu.so
[2.853s] -- Up-to-date: /home/robertog/ros2_ws/install/yolo_msg/local/lib/python3.10/dist-packages/yolo_msg/yolo_msg_s__rosidl_typesupport_introspection_c.cpython-310-x86_64-linux-gnu.so
[2.853s] -- Up-to-date: /home/robertog/ros2_ws/install/yolo_msg/local/lib/python3.10/dist-packages/yolo_msg/_yolo_msg_s.ep.rosidl_typesupport_c.c
[2.853s] -- Up-to-date: /home/robertog/ros2_ws/install/yolo_msg/local/lib/python3.10/dist-packages/yolo_msg/yolo_msg_s__rosidl_typesupport_fastrtps_c.cpython-310-x86_64-linux-gnu.so
[2.854s] -- Up-to-date: /home/robertog/ros2_ws/install/yolo_msg/local/lib/python3.10/dist-packages/yolo_msg/_yolo_msg_s.ep.rosidl_typesupport_fastrtps_c.c
[2.854s] -- Up-to-date: /home/robertog/ros2_ws/install/yolo_msg/local/lib/python3.10/dist-packages/yolo_msg/_yolo_msg_s.ep.rosidl_typesupport_introspection_c.c
[2.854s] -- Up-to-date: /home/robertog/ros2_ws/install/yolo_msg/local/lib/python3.10/dist-packages/yolo_msg/msg
[2.854s] -- Up-to-date: /home/robertog/ros2_ws/install/yolo_msg/local/lib/python3.10/dist-packages/yolo_msg/msg/__init__.py
[2.854s] -- Up-to-date: /home/robertog/ros2_ws/install/yolo_msg/local/lib/python3.10/dist-packages/yolo_msg/msg/_yolov8_inference_s.c
[2.854s] -- Up-to-date: /home/robertog/ros2_ws/install/yolo_msg/local/lib/python3.10/dist-packages/yolo_msg/msg/_inference_result_s.c
[2.854s] -- Up-to-date: /home/robertog/ros2_ws/install/yolo_msg/local/lib/python3.10/dist-packages/yolo_msg/msg/_inference_result.py
[2.854s] -- Up-to-date: /home/robertog/ros2_ws/install/yolo_msg/local/lib/python3.10/dist-packages/yolo_msg/msg/_yolov8_inference.py
[2.855s] -- Up-to-date: /home/robertog/ros2_ws/install/yolo_msg/local/lib/python3.10/dist-packages/yolo_msg/libyolo_msg__rosidl_generator_py.so
[2.920s] Listing '/home/robertog/ros2_ws/install/yolo_msg/local/lib/python3.10/dist-packages/yolo_msg'...
[2.920s] Listing '/home/robertog/ros2_ws/install/yolo_msg/local/lib/python3.10/dist-packages/yolo_msg/msg'...
[2.928s] -- Up-to-date: /home/robertog/ros2_ws/install/yolo_msg/local/lib/python3.10/dist-packages/yolo_msg/yolo_msg_s__rosidl_typesupport_fastrtps_c.cpython-310-x86_64-linux-gnu.so
[2.930s] -- Up-to-date: /home/robertog/ros2_ws/install/yolo_msg/local/lib/python3.10/dist-packages/yolo_msg/yolo_msg_s__rosidl_typesupport_introspection_c.cpython-310-x86_64-linux-gnu.so
[2.932s] -- Up-to-date: /home/robertog/ros2_ws/install/yolo_msg/local/lib/python3.10/dist-packages/yolo_msg/yolo_msg_s__rosidl_typesupport_c.cpython-310-x86_64-linux-gnu.so
[2.934s] -- Up-to-date: /home/robertog/ros2_ws/install/yolo_msg/lib/libyolo_msg__rosidl_generator_py.so
[2.935s] -- Up-to-date: /home/robertog/ros2_ws/install/yolo_msg/share/yolo_msg/msg/InferenceResult.idl
[2.935s] -- Up-to-date: /home/robertog/ros2_ws/install/yolo_msg/share/yolo_msg/msg/Yolov8Inference.idl
[2.936s] -- Up-to-date: /home/robertog/ros2_ws/install/yolo_msg/share/yolo_msg/msg/InferenceResult.msg
[2.936s] -- Up-to-date: /home/robertog/ros2_ws/install/yolo_msg/share/yolo_msg/msg/Yolov8Inference.msg
[2.936s] -- Up-to-date: /home/robertog/ros2_ws/install/yolo_msg/share/ament_index/resource_index/package_run_dependencies/yolo_msg
[2.937s] -- Up-to-date: /home/robertog/ros2_ws/install/yolo_msg/share/ament_index/resource_index/parent_prefix_path/yolo_msg
[2.937s] -- Up-to-date: /home/robertog/ros2_ws/install/yolo_msg/share/yolo_msg/environment/ament_prefix_path.sh
[2.938s] -- Up-to-date: /home/robertog/ros2_ws/install/yolo_msg/share/yolo_msg/environment/ament_prefix_path.dsv
[2.938s] -- Up-to-date: /home/robertog/ros2_ws/install/yolo_msg/share/yolo_msg/environment/path.sh
[2.938s] -- Up-to-date: /home/robertog/ros2_ws/install/yolo_msg/share/yolo_msg/environment/path.dsv
[2.939s] -- Up-to-date: /home/robertog/ros2_ws/install/yolo_msg/share/yolo_msg/local_setup.bash
[2.939s] -- Up-to-date: /home/robertog/ros2_ws/install/yolo_msg/share/yolo_msg/local_setup.sh
[2.939s] -- Up-to-date: /home/robertog/ros2_ws/install/yolo_msg/share/yolo_msg/local_setup.zsh
[2.940s] -- Up-to-date: /home/robertog/ros2_ws/install/yolo_msg/share/yolo_msg/local_setup.dsv
[2.940s] -- Installing: /home/robertog/ros2_ws/install/yolo_msg/share/yolo_msg/package.dsv
[2.941s] -- Up-to-date: /home/robertog/ros2_ws/install/yolo_msg/share/ament_index/resource_index/packages/yolo_msg
[2.941s] -- Up-to-date: /home/robertog/ros2_ws/install/yolo_msg/share/yolo_msg/cmake/export_yolo_msg__rosidl_generator_cExport.cmake
[2.942s] -- Up-to-date: /home/robertog/ros2_ws/install/yolo_msg/share/yolo_msg/cmake/export_yolo_msg__rosidl_generator_cExport-noconfig.cmake
[2.942s] -- Up-to-date: /home/robertog/ros2_ws/install/yolo_msg/share/yolo_msg/cmake/export_yolo_msg__rosidl_typesupport_fastrtps_cExport.cmake
[2.942s] -- Up-to-date: /home/robertog/ros2_ws/install/yolo_msg/share/yolo_msg/cmake/export_yolo_msg__rosidl_typesupport_fastrtps_cExport-noconfig.cmake
[2.943s] -- Up-to-date: /home/robertog/ros2_ws/install/yolo_msg/share/yolo_msg/cmake/export_yolo_msg__rosidl_generator_cppExport.cmake
[2.944s] -- Up-to-date: /home/robertog/ros2_ws/install/yolo_msg/share/yolo_msg/cmake/export_yolo_msg__rosidl_typesupport_fastrtps_cppExport.cmake
[2.944s] -- Up-to-date: /home/robertog/ros2_ws/install/yolo_msg/share/yolo_msg/cmake/export_yolo_msg__rosidl_typesupport_fastrtps_cppExport-noconfig.cmake
[2.944s] -- Up-to-date: /home/robertog/ros2_ws/install/yolo_msg/share/yolo_msg/cmake/yolo_msg__rosidl_typesupport_introspection_cExport.cmake
[2.945s] -- Up-to-date: /home/robertog/ros2_ws/install/yolo_msg/share/yolo_msg/cmake/yolo_msg__rosidl_typesupport_introspection_cExport-noconfig.cmake
[2.945s] -- Up-to-date: /home/robertog/ros2_ws/install/yolo_msg/share/yolo_msg/cmake/yolo_msg__rosidl_typesupport_cExport.cmake
[2.946s] -- Up-to-date: /home/robertog/ros2_ws/install/yolo_msg/share/yolo_msg/cmake/yolo_msg__rosidl_typesupport_cExport-noconfig.cmake
[2.946s] -- Up-to-date: /home/robertog/ros2_ws/install/yolo_msg/share/yolo_msg/cmake/yolo_msg__rosidl_typesupport_introspection_cppExport.cmake
[2.947s] -- Up-to-date: /home/robertog/ros2_ws/install/yolo_msg/share/yolo_msg/cmake/yolo_msg__rosidl_typesupport_introspection_cppExport-noconfig.cmake
[2.947s] -- Up-to-date: /home/robertog/ros2_ws/install/yolo_msg/share/yolo_msg/cmake/yolo_msg__rosidl_typesupport_cppExport.cmake
[2.948s] -- Up-to-date: /home/robertog/ros2_ws/install/yolo_msg/share/yolo_msg/cmake/yolo_msg__rosidl_typesupport_cppExport-noconfig.cmake
[2.948s] -- Up-to-date: /home/robertog/ros2_ws/install/yolo_msg/share/yolo_msg/cmake/export_yolo_msg__rosidl_generator_pyExport.cmake
[2.948s] -- Up-to-date: /home/robertog/ros2_ws/install/yolo_msg/share/yolo_msg/cmake/export_yolo_msg__rosidl_generator_pyExport-noconfig.cmake
[2.949s] -- Up-to-date: /home/robertog/ros2_ws/install/yolo_msg/share/yolo_msg/cmake/rosidl_cmake-extras.cmake
[2.949s] -- Up-to-date: /home/robertog/ros2_ws/install/yolo_msg/share/yolo_msg/cmake/ament_cmake_export_dependencies-extras.cmake
[2.950s] -- Up-to-date: /home/robertog/ros2_ws/install/yolo_msg/share/yolo_msg/cmake/ament_cmake_export_include_directories-extras.cmake
[2.950s] -- Up-to-date: /home/robertog/ros2_ws/install/yolo_msg/share/yolo_msg/cmake/ament_cmake_export_libraries-extras.cmake
[2.950s] -- Up-to-date: /home/robertog/ros2_ws/install/yolo_msg/share/yolo_msg/cmake/ament_cmake_export_targets-extras.cmake
[2.951s] -- Up-to-date: /home/robertog/ros2_ws/install/yolo_msg/share/yolo_msg/cmake/rosidl_cmake_export_typesupport_targets-extras.cmake
[2.951s] -- Up-to-date: /home/robertog/ros2_ws/install/yolo_msg/share/yolo_msg/cmake/rosidl_cmake_export_typesupport_libraries-extras.cmake
[2.951s] -- Up-to-date: /home/robertog/ros2_ws/install/yolo_msg/share/yolo_msg/cmake/yolo_msgConfig.cmake
[2.952s] -- Up-to-date: /home/robertog/ros2_ws/install/yolo_msg/share/yolo_msg/cmake/yolo_msgConfig-version.cmake
[2.952s] -- Up-to-date: /home/robertog/ros2_ws/install/yolo_msg/share/yolo_msg/package.xml
[2.968s] Invoked command in '/home/robertog/ros2_ws/build/yolo_msg' returned '0': CMAKE_PREFIX_PATH=${CMAKE_PREFIX_PATH}:/home/robertog/ros2_ws/install/yolov8_ros2:/home/robertog/ros2_ws/install/programming_assignment:/home/robertog/ros2_ws/install/open_cv_example:/home/robertog/ros2_ws/install/mobile_robotics:/home/robertog/ros2_ws/install/minichallenge5:/home/robertog/ros2_ws/install/minichallenge4_bueno:/home/robertog/ros2_ws/install/minichallenge4:/home/robertog/ros2_ws/install/minichallenge3:/home/robertog/ros2_ws/install/mini1_checo:/home/robertog/ros2_ws/install/gtg_ao:/home/robertog/ros2_ws/install/GTG_AO:/opt/ros/humble /usr/bin/cmake --install /home/robertog/ros2_ws/build/yolo_msg
