[0.516s] Invoking command in '/home/robertog/ros2_ws/src/learning_tf2': PYTHONPATH=/home/robertog/ros2_ws/build/learning_tf2/prefix_override:/home/robertog/ros2_ws/install/learning_tf2/lib/python3.10/site-packages:${PYTHONPATH} /usr/bin/python3 -W ignore:setup.py install is deprecated setup.py egg_info --egg-base ../../build/learning_tf2 build --build-base /home/robertog/ros2_ws/build/learning_tf2/build install --record /home/robertog/ros2_ws/build/learning_tf2/install.log --single-version-externally-managed install_data
[0.717s] running egg_info
[0.717s] creating ../../build/learning_tf2/learning_tf2.egg-info
[0.718s] writing ../../build/learning_tf2/learning_tf2.egg-info/PKG-INFO
[0.718s] writing dependency_links to ../../build/learning_tf2/learning_tf2.egg-info/dependency_links.txt
[0.718s] writing entry points to ../../build/learning_tf2/learning_tf2.egg-info/entry_points.txt
[0.718s] writing requirements to ../../build/learning_tf2/learning_tf2.egg-info/requires.txt
[0.718s] writing top-level names to ../../build/learning_tf2/learning_tf2.egg-info/top_level.txt
[0.718s] writing manifest file '../../build/learning_tf2/learning_tf2.egg-info/SOURCES.txt'
[0.719s] reading manifest file '../../build/learning_tf2/learning_tf2.egg-info/SOURCES.txt'
[0.720s] writing manifest file '../../build/learning_tf2/learning_tf2.egg-info/SOURCES.txt'
[0.720s] running build
[0.720s] running build_py
[0.720s] creating /home/robertog/ros2_ws/build/learning_tf2/build
[0.720s] creating /home/robertog/ros2_ws/build/learning_tf2/build/lib
[0.720s] creating /home/robertog/ros2_ws/build/learning_tf2/build/lib/learning_tf2
[0.720s] copying learning_tf2/__init__.py -> /home/robertog/ros2_ws/build/learning_tf2/build/lib/learning_tf2
[0.721s] copying learning_tf2/test_node.py -> /home/robertog/ros2_ws/build/learning_tf2/build/lib/learning_tf2
[0.721s] running install
[0.721s] running install_lib
[0.721s] creating /home/robertog/ros2_ws/install/learning_tf2/lib/python3.10/site-packages/learning_tf2
[0.721s] copying /home/robertog/ros2_ws/build/learning_tf2/build/lib/learning_tf2/__init__.py -> /home/robertog/ros2_ws/install/learning_tf2/lib/python3.10/site-packages/learning_tf2
[0.722s] copying /home/robertog/ros2_ws/build/learning_tf2/build/lib/learning_tf2/test_node.py -> /home/robertog/ros2_ws/install/learning_tf2/lib/python3.10/site-packages/learning_tf2
[0.722s] byte-compiling /home/robertog/ros2_ws/install/learning_tf2/lib/python3.10/site-packages/learning_tf2/__init__.py to __init__.cpython-310.pyc
[0.722s] byte-compiling /home/robertog/ros2_ws/install/learning_tf2/lib/python3.10/site-packages/learning_tf2/test_node.py to test_node.cpython-310.pyc
[0.722s] running install_data
[0.722s] creating /home/robertog/ros2_ws/install/learning_tf2/share/ament_index
[0.722s] creating /home/robertog/ros2_ws/install/learning_tf2/share/ament_index/resource_index
[0.722s] creating /home/robertog/ros2_ws/install/learning_tf2/share/ament_index/resource_index/packages
[0.722s] copying resource/learning_tf2 -> /home/robertog/ros2_ws/install/learning_tf2/share/ament_index/resource_index/packages
[0.723s] copying package.xml -> /home/robertog/ros2_ws/install/learning_tf2/share/learning_tf2
[0.723s] creating /home/robertog/ros2_ws/install/learning_tf2/share/learning_tf2/launch
[0.723s] running install_egg_info
[0.724s] Copying ../../build/learning_tf2/learning_tf2.egg-info to /home/robertog/ros2_ws/install/learning_tf2/lib/python3.10/site-packages/learning_tf2-0.0.0-py3.10.egg-info
[0.725s] running install_scripts
[0.741s] Installing test_node script to /home/robertog/ros2_ws/install/learning_tf2/lib/learning_tf2
[0.741s] writing list of installed files to '/home/robertog/ros2_ws/build/learning_tf2/install.log'
[0.761s] Invoked command in '/home/robertog/ros2_ws/src/learning_tf2' returned '0': PYTHONPATH=/home/robertog/ros2_ws/build/learning_tf2/prefix_override:/home/robertog/ros2_ws/install/learning_tf2/lib/python3.10/site-packages:${PYTHONPATH} /usr/bin/python3 -W ignore:setup.py install is deprecated setup.py egg_info --egg-base ../../build/learning_tf2 build --build-base /home/robertog/ros2_ws/build/learning_tf2/build install --record /home/robertog/ros2_ws/build/learning_tf2/install.log --single-version-externally-managed install_data
