[0.594s] Invoking command in '/home/robertog/ros2_ws/src/gtg_ao': PYTHONPATH=/home/robertog/ros2_ws/build/gtg_ao/prefix_override:/home/robertog/ros2_ws/install/gtg_ao/lib/python3.10/site-packages:${PYTHONPATH} /usr/bin/python3 -W ignore:setup.py install is deprecated setup.py egg_info --egg-base ../../build/gtg_ao build --build-base /home/robertog/ros2_ws/build/gtg_ao/build install --record /home/robertog/ros2_ws/build/gtg_ao/install.log --single-version-externally-managed install_data
[0.827s] running egg_info
[0.828s] writing ../../build/gtg_ao/gtg_ao.egg-info/PKG-INFO
[0.828s] writing dependency_links to ../../build/gtg_ao/gtg_ao.egg-info/dependency_links.txt
[0.828s] writing entry points to ../../build/gtg_ao/gtg_ao.egg-info/entry_points.txt
[0.828s] writing requirements to ../../build/gtg_ao/gtg_ao.egg-info/requires.txt
[0.829s] writing top-level names to ../../build/gtg_ao/gtg_ao.egg-info/top_level.txt
[0.830s] reading manifest file '../../build/gtg_ao/gtg_ao.egg-info/SOURCES.txt'
[0.831s] writing manifest file '../../build/gtg_ao/gtg_ao.egg-info/SOURCES.txt'
[0.831s] running build
[0.831s] running build_py
[0.831s] copying gtg_ao/go_to_goal.py -> /home/robertog/ros2_ws/build/gtg_ao/build/lib/gtg_ao
[0.832s] running install
[0.832s] running install_lib
[0.833s] copying /home/robertog/ros2_ws/build/gtg_ao/build/lib/gtg_ao/go_to_goal.py -> /home/robertog/ros2_ws/install/gtg_ao/lib/python3.10/site-packages/gtg_ao
[0.833s] byte-compiling /home/robertog/ros2_ws/install/gtg_ao/lib/python3.10/site-packages/gtg_ao/go_to_goal.py to go_to_goal.cpython-310.pyc
[0.834s] running install_data
[0.834s] copying config/params.yaml -> /home/robertog/ros2_ws/install/gtg_ao/share/gtg_ao/config
[0.835s] running install_egg_info
[0.836s] removing '/home/robertog/ros2_ws/install/gtg_ao/lib/python3.10/site-packages/gtg_ao-0.0.0-py3.10.egg-info' (and everything under it)
[0.836s] Copying ../../build/gtg_ao/gtg_ao.egg-info to /home/robertog/ros2_ws/install/gtg_ao/lib/python3.10/site-packages/gtg_ao-0.0.0-py3.10.egg-info
[0.837s] running install_scripts
[0.857s] Installing avoid_obstacles script to /home/robertog/ros2_ws/install/gtg_ao/lib/gtg_ao
[0.857s] Installing go_to_goal script to /home/robertog/ros2_ws/install/gtg_ao/lib/gtg_ao
[0.858s] writing list of installed files to '/home/robertog/ros2_ws/build/gtg_ao/install.log'
[0.888s] Invoked command in '/home/robertog/ros2_ws/src/gtg_ao' returned '0': PYTHONPATH=/home/robertog/ros2_ws/build/gtg_ao/prefix_override:/home/robertog/ros2_ws/install/gtg_ao/lib/python3.10/site-packages:${PYTHONPATH} /usr/bin/python3 -W ignore:setup.py install is deprecated setup.py egg_info --egg-base ../../build/gtg_ao build --build-base /home/robertog/ros2_ws/build/gtg_ao/build install --record /home/robertog/ros2_ws/build/gtg_ao/install.log --single-version-externally-managed install_data
