running egg_info
creating ../../build/gtg_ao/gtg_ao.egg-info
writing ../../build/gtg_ao/gtg_ao.egg-info/PKG-INFO
writing dependency_links to ../../build/gtg_ao/gtg_ao.egg-info/dependency_links.txt
writing entry points to ../../build/gtg_ao/gtg_ao.egg-info/entry_points.txt
writing requirements to ../../build/gtg_ao/gtg_ao.egg-info/requires.txt
writing top-level names to ../../build/gtg_ao/gtg_ao.egg-info/top_level.txt
writing manifest file '../../build/gtg_ao/gtg_ao.egg-info/SOURCES.txt'
reading manifest file '../../build/gtg_ao/gtg_ao.egg-info/SOURCES.txt'
writing manifest file '../../build/gtg_ao/gtg_ao.egg-info/SOURCES.txt'
running build
running build_py
creating /home/robertog/ros2_ws/build/gtg_ao/build
creating /home/robertog/ros2_ws/build/gtg_ao/build/lib
creating /home/robertog/ros2_ws/build/gtg_ao/build/lib/gtg_ao
copying gtg_ao/__init__.py -> /home/robertog/ros2_ws/build/gtg_ao/build/lib/gtg_ao
copying gtg_ao/avoid_obstacles.py -> /home/robertog/ros2_ws/build/gtg_ao/build/lib/gtg_ao
copying gtg_ao/go_to_goal.py -> /home/robertog/ros2_ws/build/gtg_ao/build/lib/gtg_ao
running install
running install_lib
creating /home/robertog/ros2_ws/install/gtg_ao/lib/python3.10/site-packages/gtg_ao
copying /home/robertog/ros2_ws/build/gtg_ao/build/lib/gtg_ao/__init__.py -> /home/robertog/ros2_ws/install/gtg_ao/lib/python3.10/site-packages/gtg_ao
copying /home/robertog/ros2_ws/build/gtg_ao/build/lib/gtg_ao/avoid_obstacles.py -> /home/robertog/ros2_ws/install/gtg_ao/lib/python3.10/site-packages/gtg_ao
copying /home/robertog/ros2_ws/build/gtg_ao/build/lib/gtg_ao/go_to_goal.py -> /home/robertog/ros2_ws/install/gtg_ao/lib/python3.10/site-packages/gtg_ao
byte-compiling /home/robertog/ros2_ws/install/gtg_ao/lib/python3.10/site-packages/gtg_ao/__init__.py to __init__.cpython-310.pyc
byte-compiling /home/robertog/ros2_ws/install/gtg_ao/lib/python3.10/site-packages/gtg_ao/avoid_obstacles.py to avoid_obstacles.cpython-310.pyc
byte-compiling /home/robertog/ros2_ws/install/gtg_ao/lib/python3.10/site-packages/gtg_ao/go_to_goal.py to go_to_goal.cpython-310.pyc
running install_data
creating /home/robertog/ros2_ws/install/gtg_ao/share/ament_index
creating /home/robertog/ros2_ws/install/gtg_ao/share/ament_index/resource_index
creating /home/robertog/ros2_ws/install/gtg_ao/share/ament_index/resource_index/packages
copying resource/gtg_ao -> /home/robertog/ros2_ws/install/gtg_ao/share/ament_index/resource_index/packages
copying package.xml -> /home/robertog/ros2_ws/install/gtg_ao/share/gtg_ao
creating /home/robertog/ros2_ws/install/gtg_ao/share/gtg_ao/launch
copying launch/gtg_ao_launch.py -> /home/robertog/ros2_ws/install/gtg_ao/share/gtg_ao/launch
creating /home/robertog/ros2_ws/install/gtg_ao/share/gtg_ao/config
copying config/params.yaml -> /home/robertog/ros2_ws/install/gtg_ao/share/gtg_ao/config
running install_egg_info
Copying ../../build/gtg_ao/gtg_ao.egg-info to /home/robertog/ros2_ws/install/gtg_ao/lib/python3.10/site-packages/gtg_ao-0.0.0-py3.10.egg-info
running install_scripts
Installing avoid_obstacles script to /home/robertog/ros2_ws/install/gtg_ao/lib/gtg_ao
writing list of installed files to '/home/robertog/ros2_ws/build/gtg_ao/install.log'
