[2.414s] Invoking command in '/home/robertog/ros2_ws/src/minichallenge4': PYTHONPATH=/home/robertog/ros2_ws/build/minichallenge4/prefix_override:/home/robertog/ros2_ws/install/minichallenge4/lib/python3.10/site-packages:${PYTHONPATH} /usr/bin/python3 -W ignore:setup.py install is deprecated setup.py egg_info --egg-base ../../build/minichallenge4 build --build-base /home/robertog/ros2_ws/build/minichallenge4/build install --record /home/robertog/ros2_ws/build/minichallenge4/install.log --single-version-externally-managed install_data
[2.882s] Traceback (most recent call last):
[2.882s]   File "/home/robertog/ros2_ws/src/minichallenge4/setup.py", line 3, in <module>
[2.882s]     from setuptools import find_packages, setup
[2.882s]   File "/usr/lib/python3/dist-packages/setuptools/__init__.py", line 16, in <module>
[2.883s]     import setuptools.version
[2.883s]   File "/usr/lib/python3/dist-packages/setuptools/version.py", line 1, in <module>
[2.883s]     import pkg_resources
[2.883s]   File "/usr/lib/python3/dist-packages/pkg_resources/__init__.py", line 3267, in <module>
[2.883s]     def _initialize_master_working_set():
[2.883s]   File "/usr/lib/python3/dist-packages/pkg_resources/__init__.py", line 3241, in _call_aside
[2.883s]     f(*args, **kwargs)
[2.883s]   File "/usr/lib/python3/dist-packages/pkg_resources/__init__.py", line 3302, in _initialize_master_working_set
[2.883s]     list(map(working_set.add_entry, sys.path))
[2.883s]   File "/usr/lib/python3/dist-packages/pkg_resources/__init__.py", line 613, in add_entry
[2.883s]     for dist in find_distributions(entry, True):
[2.883s]   File "/usr/lib/python3/dist-packages/pkg_resources/__init__.py", line 2077, in find_on_path
[2.883s]     for dist in factory(fullpath):
[2.883s]   File "/usr/lib/python3/dist-packages/pkg_resources/__init__.py", line 2142, in distributions_from_metadata
[2.883s]     yield Distribution.from_location(
[2.883s]   File "/usr/lib/python3/dist-packages/pkg_resources/__init__.py", line 2606, in from_location
[2.884s]     )._reload_version()
[2.884s]   File "/usr/lib/python3/dist-packages/pkg_resources/__init__.py", line 3004, in _reload_version
[2.884s]     md_version = self._get_version()
[2.884s]   File "/usr/lib/python3/dist-packages/pkg_resources/__init__.py", line 2785, in _get_version
[2.884s]     version = _version_from_file(lines)
[2.884s]   File "/usr/lib/python3/dist-packages/pkg_resources/__init__.py", line 2569, in _version_from_file
[2.884s]     line = next(iter(version_lines), '')
[2.884s]   File "/usr/lib/python3/dist-packages/pkg_resources/__init__.py", line 2780, in _get_metadata
[2.884s]     for line in self.get_metadata_lines(name):
[2.884s]   File "/usr/lib/python3/dist-packages/pkg_resources/__init__.py", line 1422, in get_metadata_lines
[2.884s]     return yield_lines(self.get_metadata(name))
[2.884s]   File "/usr/lib/python3/dist-packages/pkg_resources/__init__.py", line 1412, in get_metadata
[2.884s]     value = self._get(path)
[2.884s]   File "/usr/lib/python3/dist-packages/pkg_resources/__init__.py", line 1616, in _get
[2.884s]     with open(path, 'rb') as stream:
[2.884s] FileNotFoundError: [Errno 2] No such file or directory: '/home/robertog/ros2_ws/install/two_wheeled_robot/local/lib/python3.10/dist-packages/two_wheeled_robot-1.0.0-py3.10.egg-info/PKG-INFO'
[2.885s] Invoked command in '/home/robertog/ros2_ws/src/minichallenge4' returned '1': PYTHONPATH=/home/robertog/ros2_ws/build/minichallenge4/prefix_override:/home/robertog/ros2_ws/install/minichallenge4/lib/python3.10/site-packages:${PYTHONPATH} /usr/bin/python3 -W ignore:setup.py install is deprecated setup.py egg_info --egg-base ../../build/minichallenge4 build --build-base /home/robertog/ros2_ws/build/minichallenge4/build install --record /home/robertog/ros2_ws/build/minichallenge4/install.log --single-version-externally-managed install_data
