running egg_info
creating ../../build/minichallenge3/minichallenge3.egg-info
writing ../../build/minichallenge3/minichallenge3.egg-info/PKG-INFO
writing dependency_links to ../../build/minichallenge3/minichallenge3.egg-info/dependency_links.txt
writing entry points to ../../build/minichallenge3/minichallenge3.egg-info/entry_points.txt
writing requirements to ../../build/minichallenge3/minichallenge3.egg-info/requires.txt
writing top-level names to ../../build/minichallenge3/minichallenge3.egg-info/top_level.txt
writing manifest file '../../build/minichallenge3/minichallenge3.egg-info/SOURCES.txt'
reading manifest file '../../build/minichallenge3/minichallenge3.egg-info/SOURCES.txt'
adding license file 'LICENSE'
writing manifest file '../../build/minichallenge3/minichallenge3.egg-info/SOURCES.txt'
running build
running build_py
creating /home/robertog/ros2_ws/build/minichallenge3/build
creating /home/robertog/ros2_ws/build/minichallenge3/build/lib
creating /home/robertog/ros2_ws/build/minichallenge3/build/lib/minichallenge3
copying minichallenge3/__init__.py -> /home/robertog/ros2_ws/build/minichallenge3/build/lib/minichallenge3
copying minichallenge3/controller.py -> /home/robertog/ros2_ws/build/minichallenge3/build/lib/minichallenge3
running install
running install_lib
creating /home/robertog/ros2_ws/install/minichallenge3/lib/python3.10/site-packages/minichallenge3
copying /home/robertog/ros2_ws/build/minichallenge3/build/lib/minichallenge3/__init__.py -> /home/robertog/ros2_ws/install/minichallenge3/lib/python3.10/site-packages/minichallenge3
copying /home/robertog/ros2_ws/build/minichallenge3/build/lib/minichallenge3/controller.py -> /home/robertog/ros2_ws/install/minichallenge3/lib/python3.10/site-packages/minichallenge3
byte-compiling /home/robertog/ros2_ws/install/minichallenge3/lib/python3.10/site-packages/minichallenge3/__init__.py to __init__.cpython-310.pyc
byte-compiling /home/robertog/ros2_ws/install/minichallenge3/lib/python3.10/site-packages/minichallenge3/controller.py to controller.cpython-310.pyc
running install_data
creating /home/robertog/ros2_ws/install/minichallenge3/share/ament_index
creating /home/robertog/ros2_ws/install/minichallenge3/share/ament_index/resource_index
creating /home/robertog/ros2_ws/install/minichallenge3/share/ament_index/resource_index/packages
copying resource/minichallenge3 -> /home/robertog/ros2_ws/install/minichallenge3/share/ament_index/resource_index/packages
copying package.xml -> /home/robertog/ros2_ws/install/minichallenge3/share/minichallenge3
creating /home/robertog/ros2_ws/install/minichallenge3/share/minichallenge3/launch
copying launch/mini3_launch.py -> /home/robertog/ros2_ws/install/minichallenge3/share/minichallenge3/launch
creating /home/robertog/ros2_ws/install/minichallenge3/share/minichallenge3/config
copying config/params.yaml -> /home/robertog/ros2_ws/install/minichallenge3/share/minichallenge3/config
running install_egg_info
Copying ../../build/minichallenge3/minichallenge3.egg-info to /home/robertog/ros2_ws/install/minichallenge3/lib/python3.10/site-packages/minichallenge3-0.0.0-py3.10.egg-info
running install_scripts
Installing controller script to /home/robertog/ros2_ws/install/minichallenge3/lib/minichallenge3
writing list of installed files to '/home/robertog/ros2_ws/build/minichallenge3/install.log'
