[1.188s] Invoking command in '/home/robertog/ros2_ws/src/minichallenge3': PYTHONPATH=/home/robertog/ros2_ws/build/minichallenge3/prefix_override:/home/robertog/ros2_ws/install/minichallenge3/lib/python3.10/site-packages:${PYTHONPATH} /usr/bin/python3 -W ignore:setup.py install is deprecated setup.py egg_info --egg-base ../../build/minichallenge3 build --build-base /home/robertog/ros2_ws/build/minichallenge3/build install --record /home/robertog/ros2_ws/build/minichallenge3/install.log --single-version-externally-managed install_data
[1.547s] running egg_info
[1.547s] creating ../../build/minichallenge3/minichallenge3.egg-info
[1.547s] writing ../../build/minichallenge3/minichallenge3.egg-info/PKG-INFO
[1.547s] writing dependency_links to ../../build/minichallenge3/minichallenge3.egg-info/dependency_links.txt
[1.547s] writing entry points to ../../build/minichallenge3/minichallenge3.egg-info/entry_points.txt
[1.547s] writing requirements to ../../build/minichallenge3/minichallenge3.egg-info/requires.txt
[1.547s] writing top-level names to ../../build/minichallenge3/minichallenge3.egg-info/top_level.txt
[1.548s] writing manifest file '../../build/minichallenge3/minichallenge3.egg-info/SOURCES.txt'
[1.548s] reading manifest file '../../build/minichallenge3/minichallenge3.egg-info/SOURCES.txt'
[1.548s] adding license file 'LICENSE'
[1.548s] writing manifest file '../../build/minichallenge3/minichallenge3.egg-info/SOURCES.txt'
[1.548s] running build
[1.548s] running build_py
[1.548s] creating /home/robertog/ros2_ws/build/minichallenge3/build
[1.548s] creating /home/robertog/ros2_ws/build/minichallenge3/build/lib
[1.548s] creating /home/robertog/ros2_ws/build/minichallenge3/build/lib/minichallenge3
[1.548s] copying minichallenge3/__init__.py -> /home/robertog/ros2_ws/build/minichallenge3/build/lib/minichallenge3
[1.549s] copying minichallenge3/controller.py -> /home/robertog/ros2_ws/build/minichallenge3/build/lib/minichallenge3
[1.549s] running install
[1.549s] running install_lib
[1.549s] creating /home/robertog/ros2_ws/install/minichallenge3/lib/python3.10/site-packages/minichallenge3
[1.549s] copying /home/robertog/ros2_ws/build/minichallenge3/build/lib/minichallenge3/__init__.py -> /home/robertog/ros2_ws/install/minichallenge3/lib/python3.10/site-packages/minichallenge3
[1.549s] copying /home/robertog/ros2_ws/build/minichallenge3/build/lib/minichallenge3/controller.py -> /home/robertog/ros2_ws/install/minichallenge3/lib/python3.10/site-packages/minichallenge3
[1.549s] byte-compiling /home/robertog/ros2_ws/install/minichallenge3/lib/python3.10/site-packages/minichallenge3/__init__.py to __init__.cpython-310.pyc
[1.549s] byte-compiling /home/robertog/ros2_ws/install/minichallenge3/lib/python3.10/site-packages/minichallenge3/controller.py to controller.cpython-310.pyc
[1.549s] running install_data
[1.549s] creating /home/robertog/ros2_ws/install/minichallenge3/share/ament_index
[1.550s] creating /home/robertog/ros2_ws/install/minichallenge3/share/ament_index/resource_index
[1.550s] creating /home/robertog/ros2_ws/install/minichallenge3/share/ament_index/resource_index/packages
[1.550s] copying resource/minichallenge3 -> /home/robertog/ros2_ws/install/minichallenge3/share/ament_index/resource_index/packages
[1.550s] copying package.xml -> /home/robertog/ros2_ws/install/minichallenge3/share/minichallenge3
[1.550s] creating /home/robertog/ros2_ws/install/minichallenge3/share/minichallenge3/launch
[1.550s] copying launch/mini3_launch.py -> /home/robertog/ros2_ws/install/minichallenge3/share/minichallenge3/launch
[1.550s] creating /home/robertog/ros2_ws/install/minichallenge3/share/minichallenge3/config
[1.550s] copying config/params.yaml -> /home/robertog/ros2_ws/install/minichallenge3/share/minichallenge3/config
[1.550s] running install_egg_info
[1.551s] Copying ../../build/minichallenge3/minichallenge3.egg-info to /home/robertog/ros2_ws/install/minichallenge3/lib/python3.10/site-packages/minichallenge3-0.0.0-py3.10.egg-info
[1.551s] running install_scripts
[1.553s] Installing controller script to /home/robertog/ros2_ws/install/minichallenge3/lib/minichallenge3
[1.553s] writing list of installed files to '/home/robertog/ros2_ws/build/minichallenge3/install.log'
[1.593s] Invoked command in '/home/robertog/ros2_ws/src/minichallenge3' returned '0': PYTHONPATH=/home/robertog/ros2_ws/build/minichallenge3/prefix_override:/home/robertog/ros2_ws/install/minichallenge3/lib/python3.10/site-packages:${PYTHONPATH} /usr/bin/python3 -W ignore:setup.py install is deprecated setup.py egg_info --egg-base ../../build/minichallenge3 build --build-base /home/robertog/ros2_ws/build/minichallenge3/build install --record /home/robertog/ros2_ws/build/minichallenge3/install.log --single-version-externally-managed install_data
