[0.229s] DEBUG:colcon:Command line arguments: ['/usr/bin/colcon', 'list', '-p', '--base-paths', '/home/robertog/ros2_ws']
[0.229s] DEBUG:colcon:Parsed command line arguments: Namespace(log_base=None, log_level=None, verb_name='list', build_base='build', ignore_user_meta=False, metas=['./colcon.meta'], base_paths=['/home/robertog/ros2_ws'], packages_ignore=None, packages_ignore_regex=None, paths=None, packages_up_to=None, packages_up_to_regex=None, packages_above=None, packages_above_and_dependencies=None, packages_above_depth=None, packages_select_by_dep=None, packages_skip_by_dep=None, packages_skip_up_to=None, packages_select_build_failed=False, packages_skip_build_finished=False, packages_select_test_failures=False, packages_skip_test_passed=False, packages_select=None, packages_skip=None, packages_select_regex=None, packages_skip_regex=None, packages_start=None, packages_end=None, allow_overriding=[], topological_order=False, names_only=False, paths_only=True, topological_graph=False, topological_graph_dot=False, topological_graph_density=False, topological_graph_legend=False, topological_graph_dot_cluster=False, topological_graph_dot_include_skipped=False, mixin_files=None, mixin=None, verb_parser=<colcon_mixin.mixin.mixin_argument.MixinArgumentDecorator object at 0x749a227a7a60>, verb_extension=<colcon_package_information.verb.list.ListVerb object at 0x749a229a7ee0>, main=<bound method ListVerb.main of <colcon_package_information.verb.list.ListVerb object at 0x749a229a7ee0>>, mixin_verb=('list',))
[0.579s] Level 1:colcon.colcon_core.package_discovery:discover_packages(colcon_meta) check parameters
[0.580s] Level 1:colcon.colcon_core.package_discovery:discover_packages(recursive) check parameters
[0.580s] Level 1:colcon.colcon_core.package_discovery:discover_packages(ignore) check parameters
[0.580s] Level 1:colcon.colcon_core.package_discovery:discover_packages(path) check parameters
[0.580s] Level 1:colcon.colcon_core.package_discovery:discover_packages(recursive) discover
[0.581s] INFO:colcon.colcon_core.package_discovery:Crawling recursively for packages in '/home/robertog/ros2_ws'
[0.581s] Level 1:colcon.colcon_core.package_identification:_identify(/home/robertog/ros2_ws) by extensions ['ignore', 'ignore_ament_install']
[0.582s] Level 1:colcon.colcon_core.package_identification:_identify(/home/robertog/ros2_ws) by extension 'ignore'
[0.582s] Level 1:colcon.colcon_core.package_identification:_identify(/home/robertog/ros2_ws) by extension 'ignore_ament_install'
[0.582s] Level 1:colcon.colcon_core.package_identification:_identify(/home/robertog/ros2_ws) by extensions ['colcon_pkg']
[0.582s] Level 1:colcon.colcon_core.package_identification:_identify(/home/robertog/ros2_ws) by extension 'colcon_pkg'
[0.582s] Level 1:colcon.colcon_core.package_identification:_identify(/home/robertog/ros2_ws) by extensions ['colcon_meta']
[0.582s] Level 1:colcon.colcon_core.package_identification:_identify(/home/robertog/ros2_ws) by extension 'colcon_meta'
[0.582s] Level 1:colcon.colcon_core.package_identification:_identify(/home/robertog/ros2_ws) by extensions ['ros']
[0.582s] Level 1:colcon.colcon_core.package_identification:_identify(/home/robertog/ros2_ws) by extension 'ros'
[0.604s] Level 1:colcon.colcon_core.package_identification:_identify(/home/robertog/ros2_ws) by extensions ['cmake', 'python']
[0.604s] Level 1:colcon.colcon_core.package_identification:_identify(/home/robertog/ros2_ws) by extension 'cmake'
[0.604s] Level 1:colcon.colcon_core.package_identification:_identify(/home/robertog/ros2_ws) by extension 'python'
[0.604s] Level 1:colcon.colcon_core.package_identification:_identify(/home/robertog/ros2_ws) by extensions ['python_setup_py']
[0.604s] Level 1:colcon.colcon_core.package_identification:_identify(/home/robertog/ros2_ws) by extension 'python_setup_py'
[0.604s] Level 1:colcon.colcon_core.package_identification:_identify(/home/robertog/ros2_ws/build) by extensions ['ignore', 'ignore_ament_install']
[0.605s] Level 1:colcon.colcon_core.package_identification:_identify(/home/robertog/ros2_ws/build) by extension 'ignore'
[0.605s] Level 1:colcon.colcon_core.package_identification:_identify(/home/robertog/ros2_ws/build) ignored
[0.605s] Level 1:colcon.colcon_core.package_identification:_identify(/home/robertog/ros2_ws/gtg_ao) by extensions ['ignore', 'ignore_ament_install']
[0.605s] Level 1:colcon.colcon_core.package_identification:_identify(/home/robertog/ros2_ws/gtg_ao) by extension 'ignore'
[0.605s] Level 1:colcon.colcon_core.package_identification:_identify(/home/robertog/ros2_ws/gtg_ao) by extension 'ignore_ament_install'
[0.606s] Level 1:colcon.colcon_core.package_identification:_identify(/home/robertog/ros2_ws/gtg_ao) by extensions ['colcon_pkg']
[0.606s] Level 1:colcon.colcon_core.package_identification:_identify(/home/robertog/ros2_ws/gtg_ao) by extension 'colcon_pkg'
[0.606s] Level 1:colcon.colcon_core.package_identification:_identify(/home/robertog/ros2_ws/gtg_ao) by extensions ['colcon_meta']
[0.606s] Level 1:colcon.colcon_core.package_identification:_identify(/home/robertog/ros2_ws/gtg_ao) by extension 'colcon_meta'
[0.606s] Level 1:colcon.colcon_core.package_identification:_identify(/home/robertog/ros2_ws/gtg_ao) by extensions ['ros']
[0.606s] Level 1:colcon.colcon_core.package_identification:_identify(/home/robertog/ros2_ws/gtg_ao) by extension 'ros'
[0.610s] DEBUG:colcon.colcon_core.package_identification:Package '/home/robertog/ros2_ws/gtg_ao' with type 'ros.ament_python' and name 'gtg_ao'
[0.611s] Level 1:colcon.colcon_core.package_identification:_identify(/home/robertog/ros2_ws/install) by extensions ['ignore', 'ignore_ament_install']
[0.611s] Level 1:colcon.colcon_core.package_identification:_identify(/home/robertog/ros2_ws/install) by extension 'ignore'
[0.611s] Level 1:colcon.colcon_core.package_identification:_identify(/home/robertog/ros2_ws/install) ignored
[0.611s] Level 1:colcon.colcon_core.package_identification:_identify(/home/robertog/ros2_ws/log) by extensions ['ignore', 'ignore_ament_install']
[0.611s] Level 1:colcon.colcon_core.package_identification:_identify(/home/robertog/ros2_ws/log) by extension 'ignore'
[0.611s] Level 1:colcon.colcon_core.package_identification:_identify(/home/robertog/ros2_ws/log) ignored
[0.612s] Level 1:colcon.colcon_core.package_identification:_identify(/home/robertog/ros2_ws/src) by extensions ['ignore', 'ignore_ament_install']
[0.612s] Level 1:colcon.colcon_core.package_identification:_identify(/home/robertog/ros2_ws/src) by extension 'ignore'
[0.612s] Level 1:colcon.colcon_core.package_identification:_identify(/home/robertog/ros2_ws/src) by extension 'ignore_ament_install'
[0.612s] Level 1:colcon.colcon_core.package_identification:_identify(/home/robertog/ros2_ws/src) by extensions ['colcon_pkg']
[0.612s] Level 1:colcon.colcon_core.package_identification:_identify(/home/robertog/ros2_ws/src) by extension 'colcon_pkg'
[0.613s] Level 1:colcon.colcon_core.package_identification:_identify(/home/robertog/ros2_ws/src) by extensions ['colcon_meta']
[0.613s] Level 1:colcon.colcon_core.package_identification:_identify(/home/robertog/ros2_ws/src) by extension 'colcon_meta'
[0.613s] Level 1:colcon.colcon_core.package_identification:_identify(/home/robertog/ros2_ws/src) by extensions ['ros']
[0.613s] Level 1:colcon.colcon_core.package_identification:_identify(/home/robertog/ros2_ws/src) by extension 'ros'
[0.613s] Level 1:colcon.colcon_core.package_identification:_identify(/home/robertog/ros2_ws/src) by extensions ['cmake', 'python']
[0.613s] Level 1:colcon.colcon_core.package_identification:_identify(/home/robertog/ros2_ws/src) by extension 'cmake'
[0.613s] Level 1:colcon.colcon_core.package_identification:_identify(/home/robertog/ros2_ws/src) by extension 'python'
[0.613s] Level 1:colcon.colcon_core.package_identification:_identify(/home/robertog/ros2_ws/src) by extensions ['python_setup_py']
[0.613s] Level 1:colcon.colcon_core.package_identification:_identify(/home/robertog/ros2_ws/src) by extension 'python_setup_py'
[0.613s] Level 1:colcon.colcon_core.package_identification:_identify(/home/robertog/ros2_ws/src/GTG+AO) by extensions ['ignore', 'ignore_ament_install']
[0.613s] Level 1:colcon.colcon_core.package_identification:_identify(/home/robertog/ros2_ws/src/GTG+AO) by extension 'ignore'
[0.613s] Level 1:colcon.colcon_core.package_identification:_identify(/home/robertog/ros2_ws/src/GTG+AO) by extension 'ignore_ament_install'
[0.614s] Level 1:colcon.colcon_core.package_identification:_identify(/home/robertog/ros2_ws/src/GTG+AO) by extensions ['colcon_pkg']
[0.614s] Level 1:colcon.colcon_core.package_identification:_identify(/home/robertog/ros2_ws/src/GTG+AO) by extension 'colcon_pkg'
[0.614s] Level 1:colcon.colcon_core.package_identification:_identify(/home/robertog/ros2_ws/src/GTG+AO) by extensions ['colcon_meta']
[0.614s] Level 1:colcon.colcon_core.package_identification:_identify(/home/robertog/ros2_ws/src/GTG+AO) by extension 'colcon_meta'
[0.614s] Level 1:colcon.colcon_core.package_identification:_identify(/home/robertog/ros2_ws/src/GTG+AO) by extensions ['ros']
[0.614s] Level 1:colcon.colcon_core.package_identification:_identify(/home/robertog/ros2_ws/src/GTG+AO) by extension 'ros'
[0.615s] DEBUG:colcon.colcon_core.package_identification:Found ROS schema reference in package manifest in '/home/robertog/ros2_ws/src/GTG+AO'
[0.615s] WARNING:colcon.colcon_core.package_identification:Failed to parse ROS package manifest in '/home/robertog/ros2_ws/src/GTG+AO': Error(s) in package '/home/robertog/ros2_ws/src/GTG+AO/package.xml':
Package name "GTG+AO" does not follow naming conventions
[0.615s] Level 1:colcon.colcon_core.package_identification:_identify(/home/robertog/ros2_ws/src/GTG+AO) by extensions ['cmake', 'python']
[0.615s] Level 1:colcon.colcon_core.package_identification:_identify(/home/robertog/ros2_ws/src/GTG+AO) by extension 'cmake'
[0.615s] Level 1:colcon.colcon_core.package_identification:_identify(/home/robertog/ros2_ws/src/GTG+AO) by extension 'python'
[0.616s] DEBUG:colcon.colcon_core.package_identification:Python package in '/home/robertog/ros2_ws/src/GTG+AO' passes arguments to the setup() function which requires a different identification extension than 'python'
[0.616s] Level 1:colcon.colcon_core.package_identification:_identify(/home/robertog/ros2_ws/src/GTG+AO) by extensions ['python_setup_py']
[0.616s] Level 1:colcon.colcon_core.package_identification:_identify(/home/robertog/ros2_ws/src/GTG+AO) by extension 'python_setup_py'
[1.063s] ERROR:colcon.colcon_core.package_identification:Exception in package identification extension 'python_setup_py' in '/home/robertog/ros2_ws/src/GTG+AO': Command '['/usr/bin/python3', '-c', 'import sys;from contextlib import suppress;exec("with suppress(ImportError):    from setuptools.extern.packaging.specifiers    import SpecifierSet");exec("with suppress(ImportError):    from packaging.specifiers import SpecifierSet");from distutils.core import run_setup;dist = run_setup(    \'setup.py\', script_args=(\'--dry-run\',), stop_after=\'config\');skip_keys = (\'cmdclass\', \'distclass\', \'ext_modules\', \'metadata\');data = {    key: value for key, value in dist.__dict__.items()     if (        not key.startswith(\'_\') and         not callable(value) and         key not in skip_keys and         key not in dist.display_option_names    )};data[\'metadata\'] = {    k: v for k, v in dist.metadata.__dict__.items()     if k not in (\'license_files\', \'provides_extras\')};sys.stdout.buffer.write(repr(data).encode(\'utf-8\'))']' returned non-zero exit status 1.
Traceback (most recent call last):
  File "/usr/lib/python3/dist-packages/colcon_core/package_identification/__init__.py", line 142, in _identify
    retval = extension.identify(_reused_descriptor_instance)
  File "/usr/lib/python3/dist-packages/colcon_python_setup_py/package_identification/python_setup_py.py", line 48, in identify
    config = get_setup_information(setup_py)
  File "/usr/lib/python3/dist-packages/colcon_python_setup_py/package_identification/python_setup_py.py", line 241, in get_setup_information
    _setup_information_cache[hashable_env] = _get_setup_information(
  File "/usr/lib/python3/dist-packages/colcon_python_setup_py/package_identification/python_setup_py.py", line 288, in _get_setup_information
    result = subprocess.run(
  File "/usr/lib/python3.10/subprocess.py", line 526, in run
    raise CalledProcessError(retcode, process.args,
subprocess.CalledProcessError: Command '['/usr/bin/python3', '-c', 'import sys;from contextlib import suppress;exec("with suppress(ImportError):    from setuptools.extern.packaging.specifiers    import SpecifierSet");exec("with suppress(ImportError):    from packaging.specifiers import SpecifierSet");from distutils.core import run_setup;dist = run_setup(    \'setup.py\', script_args=(\'--dry-run\',), stop_after=\'config\');skip_keys = (\'cmdclass\', \'distclass\', \'ext_modules\', \'metadata\');data = {    key: value for key, value in dist.__dict__.items()     if (        not key.startswith(\'_\') and         not callable(value) and         key not in skip_keys and         key not in dist.display_option_names    )};data[\'metadata\'] = {    k: v for k, v in dist.metadata.__dict__.items()     if k not in (\'license_files\', \'provides_extras\')};sys.stdout.buffer.write(repr(data).encode(\'utf-8\'))']' returned non-zero exit status 1.

[1.063s] Level 1:colcon.colcon_core.package_identification:_identify(/home/robertog/ros2_ws/src/GTG+AO/GTG_AO) by extensions ['ignore', 'ignore_ament_install']
[1.063s] Level 1:colcon.colcon_core.package_identification:_identify(/home/robertog/ros2_ws/src/GTG+AO/GTG_AO) by extension 'ignore'
[1.064s] Level 1:colcon.colcon_core.package_identification:_identify(/home/robertog/ros2_ws/src/GTG+AO/GTG_AO) by extension 'ignore_ament_install'
[1.064s] Level 1:colcon.colcon_core.package_identification:_identify(/home/robertog/ros2_ws/src/GTG+AO/GTG_AO) by extensions ['colcon_pkg']
[1.064s] Level 1:colcon.colcon_core.package_identification:_identify(/home/robertog/ros2_ws/src/GTG+AO/GTG_AO) by extension 'colcon_pkg'
[1.064s] Level 1:colcon.colcon_core.package_identification:_identify(/home/robertog/ros2_ws/src/GTG+AO/GTG_AO) by extensions ['colcon_meta']
[1.064s] Level 1:colcon.colcon_core.package_identification:_identify(/home/robertog/ros2_ws/src/GTG+AO/GTG_AO) by extension 'colcon_meta'
[1.064s] Level 1:colcon.colcon_core.package_identification:_identify(/home/robertog/ros2_ws/src/GTG+AO/GTG_AO) by extensions ['ros']
[1.064s] Level 1:colcon.colcon_core.package_identification:_identify(/home/robertog/ros2_ws/src/GTG+AO/GTG_AO) by extension 'ros'
[1.064s] Level 1:colcon.colcon_core.package_identification:_identify(/home/robertog/ros2_ws/src/GTG+AO/GTG_AO) by extensions ['cmake', 'python']
[1.064s] Level 1:colcon.colcon_core.package_identification:_identify(/home/robertog/ros2_ws/src/GTG+AO/GTG_AO) by extension 'cmake'
[1.064s] Level 1:colcon.colcon_core.package_identification:_identify(/home/robertog/ros2_ws/src/GTG+AO/GTG_AO) by extension 'python'
[1.064s] Level 1:colcon.colcon_core.package_identification:_identify(/home/robertog/ros2_ws/src/GTG+AO/GTG_AO) by extensions ['python_setup_py']
[1.064s] Level 1:colcon.colcon_core.package_identification:_identify(/home/robertog/ros2_ws/src/GTG+AO/GTG_AO) by extension 'python_setup_py'
[1.064s] Level 1:colcon.colcon_core.package_identification:_identify(/home/robertog/ros2_ws/src/GTG+AO/config) by extensions ['ignore', 'ignore_ament_install']
[1.065s] Level 1:colcon.colcon_core.package_identification:_identify(/home/robertog/ros2_ws/src/GTG+AO/config) by extension 'ignore'
[1.065s] Level 1:colcon.colcon_core.package_identification:_identify(/home/robertog/ros2_ws/src/GTG+AO/config) by extension 'ignore_ament_install'
[1.065s] Level 1:colcon.colcon_core.package_identification:_identify(/home/robertog/ros2_ws/src/GTG+AO/config) by extensions ['colcon_pkg']
[1.065s] Level 1:colcon.colcon_core.package_identification:_identify(/home/robertog/ros2_ws/src/GTG+AO/config) by extension 'colcon_pkg'
[1.065s] Level 1:colcon.colcon_core.package_identification:_identify(/home/robertog/ros2_ws/src/GTG+AO/config) by extensions ['colcon_meta']
[1.065s] Level 1:colcon.colcon_core.package_identification:_identify(/home/robertog/ros2_ws/src/GTG+AO/config) by extension 'colcon_meta'
[1.065s] Level 1:colcon.colcon_core.package_identification:_identify(/home/robertog/ros2_ws/src/GTG+AO/config) by extensions ['ros']
[1.065s] Level 1:colcon.colcon_core.package_identification:_identify(/home/robertog/ros2_ws/src/GTG+AO/config) by extension 'ros'
[1.065s] Level 1:colcon.colcon_core.package_identification:_identify(/home/robertog/ros2_ws/src/GTG+AO/config) by extensions ['cmake', 'python']
[1.065s] Level 1:colcon.colcon_core.package_identification:_identify(/home/robertog/ros2_ws/src/GTG+AO/config) by extension 'cmake'
[1.065s] Level 1:colcon.colcon_core.package_identification:_identify(/home/robertog/ros2_ws/src/GTG+AO/config) by extension 'python'
[1.065s] Level 1:colcon.colcon_core.package_identification:_identify(/home/robertog/ros2_ws/src/GTG+AO/config) by extensions ['python_setup_py']
[1.065s] Level 1:colcon.colcon_core.package_identification:_identify(/home/robertog/ros2_ws/src/GTG+AO/config) by extension 'python_setup_py'
[1.066s] Level 1:colcon.colcon_core.package_identification:_identify(/home/robertog/ros2_ws/src/GTG+AO/launch) by extensions ['ignore', 'ignore_ament_install']
[1.066s] Level 1:colcon.colcon_core.package_identification:_identify(/home/robertog/ros2_ws/src/GTG+AO/launch) by extension 'ignore'
[1.066s] Level 1:colcon.colcon_core.package_identification:_identify(/home/robertog/ros2_ws/src/GTG+AO/launch) by extension 'ignore_ament_install'
[1.066s] Level 1:colcon.colcon_core.package_identification:_identify(/home/robertog/ros2_ws/src/GTG+AO/launch) by extensions ['colcon_pkg']
[1.066s] Level 1:colcon.colcon_core.package_identification:_identify(/home/robertog/ros2_ws/src/GTG+AO/launch) by extension 'colcon_pkg'
[1.066s] Level 1:colcon.colcon_core.package_identification:_identify(/home/robertog/ros2_ws/src/GTG+AO/launch) by extensions ['colcon_meta']
[1.066s] Level 1:colcon.colcon_core.package_identification:_identify(/home/robertog/ros2_ws/src/GTG+AO/launch) by extension 'colcon_meta'
[1.066s] Level 1:colcon.colcon_core.package_identification:_identify(/home/robertog/ros2_ws/src/GTG+AO/launch) by extensions ['ros']
[1.066s] Level 1:colcon.colcon_core.package_identification:_identify(/home/robertog/ros2_ws/src/GTG+AO/launch) by extension 'ros'
[1.066s] Level 1:colcon.colcon_core.package_identification:_identify(/home/robertog/ros2_ws/src/GTG+AO/launch) by extensions ['cmake', 'python']
[1.066s] Level 1:colcon.colcon_core.package_identification:_identify(/home/robertog/ros2_ws/src/GTG+AO/launch) by extension 'cmake'
[1.066s] Level 1:colcon.colcon_core.package_identification:_identify(/home/robertog/ros2_ws/src/GTG+AO/launch) by extension 'python'
[1.066s] Level 1:colcon.colcon_core.package_identification:_identify(/home/robertog/ros2_ws/src/GTG+AO/launch) by extensions ['python_setup_py']
[1.066s] Level 1:colcon.colcon_core.package_identification:_identify(/home/robertog/ros2_ws/src/GTG+AO/launch) by extension 'python_setup_py'
[1.067s] Level 1:colcon.colcon_core.package_identification:_identify(/home/robertog/ros2_ws/src/GTG+AO/resource) by extensions ['ignore', 'ignore_ament_install']
[1.067s] Level 1:colcon.colcon_core.package_identification:_identify(/home/robertog/ros2_ws/src/GTG+AO/resource) by extension 'ignore'
[1.067s] Level 1:colcon.colcon_core.package_identification:_identify(/home/robertog/ros2_ws/src/GTG+AO/resource) by extension 'ignore_ament_install'
[1.067s] Level 1:colcon.colcon_core.package_identification:_identify(/home/robertog/ros2_ws/src/GTG+AO/resource) by extensions ['colcon_pkg']
[1.067s] Level 1:colcon.colcon_core.package_identification:_identify(/home/robertog/ros2_ws/src/GTG+AO/resource) by extension 'colcon_pkg'
[1.067s] Level 1:colcon.colcon_core.package_identification:_identify(/home/robertog/ros2_ws/src/GTG+AO/resource) by extensions ['colcon_meta']
[1.067s] Level 1:colcon.colcon_core.package_identification:_identify(/home/robertog/ros2_ws/src/GTG+AO/resource) by extension 'colcon_meta'
[1.067s] Level 1:colcon.colcon_core.package_identification:_identify(/home/robertog/ros2_ws/src/GTG+AO/resource) by extensions ['ros']
[1.067s] Level 1:colcon.colcon_core.package_identification:_identify(/home/robertog/ros2_ws/src/GTG+AO/resource) by extension 'ros'
[1.067s] Level 1:colcon.colcon_core.package_identification:_identify(/home/robertog/ros2_ws/src/GTG+AO/resource) by extensions ['cmake', 'python']
[1.067s] Level 1:colcon.colcon_core.package_identification:_identify(/home/robertog/ros2_ws/src/GTG+AO/resource) by extension 'cmake'
[1.067s] Level 1:colcon.colcon_core.package_identification:_identify(/home/robertog/ros2_ws/src/GTG+AO/resource) by extension 'python'
[1.067s] Level 1:colcon.colcon_core.package_identification:_identify(/home/robertog/ros2_ws/src/GTG+AO/resource) by extensions ['python_setup_py']
[1.067s] Level 1:colcon.colcon_core.package_identification:_identify(/home/robertog/ros2_ws/src/GTG+AO/resource) by extension 'python_setup_py'
[1.068s] Level 1:colcon.colcon_core.package_identification:_identify(/home/robertog/ros2_ws/src/GTG+AO/test) by extensions ['ignore', 'ignore_ament_install']
[1.068s] Level 1:colcon.colcon_core.package_identification:_identify(/home/robertog/ros2_ws/src/GTG+AO/test) by extension 'ignore'
[1.068s] Level 1:colcon.colcon_core.package_identification:_identify(/home/robertog/ros2_ws/src/GTG+AO/test) by extension 'ignore_ament_install'
[1.068s] Level 1:colcon.colcon_core.package_identification:_identify(/home/robertog/ros2_ws/src/GTG+AO/test) by extensions ['colcon_pkg']
[1.068s] Level 1:colcon.colcon_core.package_identification:_identify(/home/robertog/ros2_ws/src/GTG+AO/test) by extension 'colcon_pkg'
[1.068s] Level 1:colcon.colcon_core.package_identification:_identify(/home/robertog/ros2_ws/src/GTG+AO/test) by extensions ['colcon_meta']
[1.068s] Level 1:colcon.colcon_core.package_identification:_identify(/home/robertog/ros2_ws/src/GTG+AO/test) by extension 'colcon_meta'
[1.068s] Level 1:colcon.colcon_core.package_identification:_identify(/home/robertog/ros2_ws/src/GTG+AO/test) by extensions ['ros']
[1.068s] Level 1:colcon.colcon_core.package_identification:_identify(/home/robertog/ros2_ws/src/GTG+AO/test) by extension 'ros'
[1.068s] Level 1:colcon.colcon_core.package_identification:_identify(/home/robertog/ros2_ws/src/GTG+AO/test) by extensions ['cmake', 'python']
[1.068s] Level 1:colcon.colcon_core.package_identification:_identify(/home/robertog/ros2_ws/src/GTG+AO/test) by extension 'cmake'
[1.068s] Level 1:colcon.colcon_core.package_identification:_identify(/home/robertog/ros2_ws/src/GTG+AO/test) by extension 'python'
[1.068s] Level 1:colcon.colcon_core.package_identification:_identify(/home/robertog/ros2_ws/src/GTG+AO/test) by extensions ['python_setup_py']
[1.068s] Level 1:colcon.colcon_core.package_identification:_identify(/home/robertog/ros2_ws/src/GTG+AO/test) by extension 'python_setup_py'
[1.069s] Level 1:colcon.colcon_core.package_identification:_identify(/home/robertog/ros2_ws/src/GTG_AO) by extensions ['ignore', 'ignore_ament_install']
[1.069s] Level 1:colcon.colcon_core.package_identification:_identify(/home/robertog/ros2_ws/src/GTG_AO) by extension 'ignore'
[1.069s] Level 1:colcon.colcon_core.package_identification:_identify(/home/robertog/ros2_ws/src/GTG_AO) by extension 'ignore_ament_install'
[1.069s] Level 1:colcon.colcon_core.package_identification:_identify(/home/robertog/ros2_ws/src/GTG_AO) by extensions ['colcon_pkg']
[1.069s] Level 1:colcon.colcon_core.package_identification:_identify(/home/robertog/ros2_ws/src/GTG_AO) by extension 'colcon_pkg'
[1.069s] Level 1:colcon.colcon_core.package_identification:_identify(/home/robertog/ros2_ws/src/GTG_AO) by extensions ['colcon_meta']
[1.069s] Level 1:colcon.colcon_core.package_identification:_identify(/home/robertog/ros2_ws/src/GTG_AO) by extension 'colcon_meta'
[1.069s] Level 1:colcon.colcon_core.package_identification:_identify(/home/robertog/ros2_ws/src/GTG_AO) by extensions ['ros']
[1.069s] Level 1:colcon.colcon_core.package_identification:_identify(/home/robertog/ros2_ws/src/GTG_AO) by extension 'ros'
[1.070s] DEBUG:colcon.colcon_core.package_identification:Package '/home/robertog/ros2_ws/src/GTG_AO' with type 'ros.ament_python' and name 'GTG_AO'
[1.071s] Level 1:colcon.colcon_core.package_identification:_identify(/home/robertog/ros2_ws/src/mini1_checo) by extensions ['ignore', 'ignore_ament_install']
[1.071s] Level 1:colcon.colcon_core.package_identification:_identify(/home/robertog/ros2_ws/src/mini1_checo) by extension 'ignore'
[1.071s] Level 1:colcon.colcon_core.package_identification:_identify(/home/robertog/ros2_ws/src/mini1_checo) by extension 'ignore_ament_install'
[1.071s] Level 1:colcon.colcon_core.package_identification:_identify(/home/robertog/ros2_ws/src/mini1_checo) by extensions ['colcon_pkg']
[1.071s] Level 1:colcon.colcon_core.package_identification:_identify(/home/robertog/ros2_ws/src/mini1_checo) by extension 'colcon_pkg'
[1.071s] Level 1:colcon.colcon_core.package_identification:_identify(/home/robertog/ros2_ws/src/mini1_checo) by extensions ['colcon_meta']
[1.071s] Level 1:colcon.colcon_core.package_identification:_identify(/home/robertog/ros2_ws/src/mini1_checo) by extension 'colcon_meta'
[1.071s] Level 1:colcon.colcon_core.package_identification:_identify(/home/robertog/ros2_ws/src/mini1_checo) by extensions ['ros']
[1.071s] Level 1:colcon.colcon_core.package_identification:_identify(/home/robertog/ros2_ws/src/mini1_checo) by extension 'ros'
[1.072s] DEBUG:colcon.colcon_core.package_identification:Package '/home/robertog/ros2_ws/src/mini1_checo' with type 'ros.ament_python' and name 'mini1_checo'
[1.072s] Level 1:colcon.colcon_core.package_identification:_identify(/home/robertog/ros2_ws/src/minichallenge3) by extensions ['ignore', 'ignore_ament_install']
[1.072s] Level 1:colcon.colcon_core.package_identification:_identify(/home/robertog/ros2_ws/src/minichallenge3) by extension 'ignore'
[1.072s] Level 1:colcon.colcon_core.package_identification:_identify(/home/robertog/ros2_ws/src/minichallenge3) by extension 'ignore_ament_install'
[1.072s] Level 1:colcon.colcon_core.package_identification:_identify(/home/robertog/ros2_ws/src/minichallenge3) by extensions ['colcon_pkg']
[1.072s] Level 1:colcon.colcon_core.package_identification:_identify(/home/robertog/ros2_ws/src/minichallenge3) by extension 'colcon_pkg'
[1.072s] Level 1:colcon.colcon_core.package_identification:_identify(/home/robertog/ros2_ws/src/minichallenge3) by extensions ['colcon_meta']
[1.072s] Level 1:colcon.colcon_core.package_identification:_identify(/home/robertog/ros2_ws/src/minichallenge3) by extension 'colcon_meta'
[1.072s] Level 1:colcon.colcon_core.package_identification:_identify(/home/robertog/ros2_ws/src/minichallenge3) by extensions ['ros']
[1.073s] Level 1:colcon.colcon_core.package_identification:_identify(/home/robertog/ros2_ws/src/minichallenge3) by extension 'ros'
[1.073s] DEBUG:colcon.colcon_core.package_identification:Package '/home/robertog/ros2_ws/src/minichallenge3' with type 'ros.ament_python' and name 'minichallenge3'
[1.073s] Level 1:colcon.colcon_core.package_identification:_identify(/home/robertog/ros2_ws/src/minichallenge4) by extensions ['ignore', 'ignore_ament_install']
[1.074s] Level 1:colcon.colcon_core.package_identification:_identify(/home/robertog/ros2_ws/src/minichallenge4) by extension 'ignore'
[1.074s] Level 1:colcon.colcon_core.package_identification:_identify(/home/robertog/ros2_ws/src/minichallenge4) by extension 'ignore_ament_install'
[1.074s] Level 1:colcon.colcon_core.package_identification:_identify(/home/robertog/ros2_ws/src/minichallenge4) by extensions ['colcon_pkg']
[1.074s] Level 1:colcon.colcon_core.package_identification:_identify(/home/robertog/ros2_ws/src/minichallenge4) by extension 'colcon_pkg'
[1.074s] Level 1:colcon.colcon_core.package_identification:_identify(/home/robertog/ros2_ws/src/minichallenge4) by extensions ['colcon_meta']
[1.074s] Level 1:colcon.colcon_core.package_identification:_identify(/home/robertog/ros2_ws/src/minichallenge4) by extension 'colcon_meta'
[1.074s] Level 1:colcon.colcon_core.package_identification:_identify(/home/robertog/ros2_ws/src/minichallenge4) by extensions ['ros']
[1.074s] Level 1:colcon.colcon_core.package_identification:_identify(/home/robertog/ros2_ws/src/minichallenge4) by extension 'ros'
[1.075s] DEBUG:colcon.colcon_core.package_identification:Package '/home/robertog/ros2_ws/src/minichallenge4' with type 'ros.ament_python' and name 'minichallenge4'
[1.075s] Level 1:colcon.colcon_core.package_identification:_identify(/home/robertog/ros2_ws/src/minichallenge4_bueno) by extensions ['ignore', 'ignore_ament_install']
[1.075s] Level 1:colcon.colcon_core.package_identification:_identify(/home/robertog/ros2_ws/src/minichallenge4_bueno) by extension 'ignore'
[1.075s] Level 1:colcon.colcon_core.package_identification:_identify(/home/robertog/ros2_ws/src/minichallenge4_bueno) by extension 'ignore_ament_install'
[1.075s] Level 1:colcon.colcon_core.package_identification:_identify(/home/robertog/ros2_ws/src/minichallenge4_bueno) by extensions ['colcon_pkg']
[1.075s] Level 1:colcon.colcon_core.package_identification:_identify(/home/robertog/ros2_ws/src/minichallenge4_bueno) by extension 'colcon_pkg'
[1.075s] Level 1:colcon.colcon_core.package_identification:_identify(/home/robertog/ros2_ws/src/minichallenge4_bueno) by extensions ['colcon_meta']
[1.075s] Level 1:colcon.colcon_core.package_identification:_identify(/home/robertog/ros2_ws/src/minichallenge4_bueno) by extension 'colcon_meta'
[1.076s] Level 1:colcon.colcon_core.package_identification:_identify(/home/robertog/ros2_ws/src/minichallenge4_bueno) by extensions ['ros']
[1.076s] Level 1:colcon.colcon_core.package_identification:_identify(/home/robertog/ros2_ws/src/minichallenge4_bueno) by extension 'ros'
[1.076s] DEBUG:colcon.colcon_core.package_identification:Package '/home/robertog/ros2_ws/src/minichallenge4_bueno' with type 'ros.ament_python' and name 'minichallenge4_bueno'
[1.076s] Level 1:colcon.colcon_core.package_identification:_identify(/home/robertog/ros2_ws/src/mobile_robotics) by extensions ['ignore', 'ignore_ament_install']
[1.077s] Level 1:colcon.colcon_core.package_identification:_identify(/home/robertog/ros2_ws/src/mobile_robotics) by extension 'ignore'
[1.077s] Level 1:colcon.colcon_core.package_identification:_identify(/home/robertog/ros2_ws/src/mobile_robotics) by extension 'ignore_ament_install'
[1.077s] Level 1:colcon.colcon_core.package_identification:_identify(/home/robertog/ros2_ws/src/mobile_robotics) by extensions ['colcon_pkg']
[1.077s] Level 1:colcon.colcon_core.package_identification:_identify(/home/robertog/ros2_ws/src/mobile_robotics) by extension 'colcon_pkg'
[1.077s] Level 1:colcon.colcon_core.package_identification:_identify(/home/robertog/ros2_ws/src/mobile_robotics) by extensions ['colcon_meta']
[1.077s] Level 1:colcon.colcon_core.package_identification:_identify(/home/robertog/ros2_ws/src/mobile_robotics) by extension 'colcon_meta'
[1.077s] Level 1:colcon.colcon_core.package_identification:_identify(/home/robertog/ros2_ws/src/mobile_robotics) by extensions ['ros']
[1.077s] Level 1:colcon.colcon_core.package_identification:_identify(/home/robertog/ros2_ws/src/mobile_robotics) by extension 'ros'
[1.078s] DEBUG:colcon.colcon_core.package_identification:Package '/home/robertog/ros2_ws/src/mobile_robotics' with type 'ros.ament_python' and name 'mobile_robotics'
[1.078s] Level 1:colcon.colcon_core.package_identification:_identify(/home/robertog/ros2_ws/src/open_cv_example) by extensions ['ignore', 'ignore_ament_install']
[1.078s] Level 1:colcon.colcon_core.package_identification:_identify(/home/robertog/ros2_ws/src/open_cv_example) by extension 'ignore'
[1.078s] Level 1:colcon.colcon_core.package_identification:_identify(/home/robertog/ros2_ws/src/open_cv_example) by extension 'ignore_ament_install'
[1.078s] Level 1:colcon.colcon_core.package_identification:_identify(/home/robertog/ros2_ws/src/open_cv_example) by extensions ['colcon_pkg']
[1.078s] Level 1:colcon.colcon_core.package_identification:_identify(/home/robertog/ros2_ws/src/open_cv_example) by extension 'colcon_pkg'
[1.078s] Level 1:colcon.colcon_core.package_identification:_identify(/home/robertog/ros2_ws/src/open_cv_example) by extensions ['colcon_meta']
[1.078s] Level 1:colcon.colcon_core.package_identification:_identify(/home/robertog/ros2_ws/src/open_cv_example) by extension 'colcon_meta'
[1.078s] Level 1:colcon.colcon_core.package_identification:_identify(/home/robertog/ros2_ws/src/open_cv_example) by extensions ['ros']
[1.078s] Level 1:colcon.colcon_core.package_identification:_identify(/home/robertog/ros2_ws/src/open_cv_example) by extension 'ros'
[1.079s] DEBUG:colcon.colcon_core.package_identification:Package '/home/robertog/ros2_ws/src/open_cv_example' with type 'ros.ament_python' and name 'open_cv_example'
[1.079s] Level 1:colcon.colcon_core.package_identification:_identify(/home/robertog/ros2_ws/src/programming_assignment) by extensions ['ignore', 'ignore_ament_install']
[1.079s] Level 1:colcon.colcon_core.package_identification:_identify(/home/robertog/ros2_ws/src/programming_assignment) by extension 'ignore'
[1.079s] Level 1:colcon.colcon_core.package_identification:_identify(/home/robertog/ros2_ws/src/programming_assignment) by extension 'ignore_ament_install'
[1.079s] Level 1:colcon.colcon_core.package_identification:_identify(/home/robertog/ros2_ws/src/programming_assignment) by extensions ['colcon_pkg']
[1.080s] Level 1:colcon.colcon_core.package_identification:_identify(/home/robertog/ros2_ws/src/programming_assignment) by extension 'colcon_pkg'
[1.080s] Level 1:colcon.colcon_core.package_identification:_identify(/home/robertog/ros2_ws/src/programming_assignment) by extensions ['colcon_meta']
[1.080s] Level 1:colcon.colcon_core.package_identification:_identify(/home/robertog/ros2_ws/src/programming_assignment) by extension 'colcon_meta'
[1.080s] Level 1:colcon.colcon_core.package_identification:_identify(/home/robertog/ros2_ws/src/programming_assignment) by extensions ['ros']
[1.080s] Level 1:colcon.colcon_core.package_identification:_identify(/home/robertog/ros2_ws/src/programming_assignment) by extension 'ros'
[1.080s] DEBUG:colcon.colcon_core.package_identification:Package '/home/robertog/ros2_ws/src/programming_assignment' with type 'ros.ament_python' and name 'programming_assignment'
[1.081s] Level 1:colcon.colcon_core.package_identification:_identify(/home/robertog/ros2_ws/src/two_wheeled_robot) by extensions ['ignore', 'ignore_ament_install']
[1.081s] Level 1:colcon.colcon_core.package_identification:_identify(/home/robertog/ros2_ws/src/two_wheeled_robot) by extension 'ignore'
[1.081s] Level 1:colcon.colcon_core.package_identification:_identify(/home/robertog/ros2_ws/src/two_wheeled_robot) by extension 'ignore_ament_install'
[1.081s] Level 1:colcon.colcon_core.package_identification:_identify(/home/robertog/ros2_ws/src/two_wheeled_robot) by extensions ['colcon_pkg']
[1.081s] Level 1:colcon.colcon_core.package_identification:_identify(/home/robertog/ros2_ws/src/two_wheeled_robot) by extension 'colcon_pkg'
[1.081s] Level 1:colcon.colcon_core.package_identification:_identify(/home/robertog/ros2_ws/src/two_wheeled_robot) by extensions ['colcon_meta']
[1.081s] Level 1:colcon.colcon_core.package_identification:_identify(/home/robertog/ros2_ws/src/two_wheeled_robot) by extension 'colcon_meta'
[1.081s] Level 1:colcon.colcon_core.package_identification:_identify(/home/robertog/ros2_ws/src/two_wheeled_robot) by extensions ['ros']
[1.081s] Level 1:colcon.colcon_core.package_identification:_identify(/home/robertog/ros2_ws/src/two_wheeled_robot) by extension 'ros'
[1.083s] DEBUG:colcon.colcon_core.package_identification:Package '/home/robertog/ros2_ws/src/two_wheeled_robot' with type 'ros.ament_cmake' and name 'two_wheeled_robot'
[1.083s] Level 1:colcon.colcon_core.package_discovery:discover_packages(recursive) using defaults
