[4.076s] Invoking command in '/home/robertog/ros2_ws/src/mobile_robotics': PYTHONPATH=/home/robertog/ros2_ws/build/mobile_robotics/prefix_override:/home/robertog/ros2_ws/install/mobile_robotics/lib/python3.10/site-packages:${PYTHONPATH} /usr/bin/python3 -W ignore:setup.py install is deprecated setup.py egg_info --egg-base ../../build/mobile_robotics build --build-base /home/robertog/ros2_ws/build/mobile_robotics/build install --record /home/robertog/ros2_ws/build/mobile_robotics/install.log --single-version-externally-managed install_data
[4.515s] running egg_info
[4.516s] writing ../../build/mobile_robotics/mobile_robotics.egg-info/PKG-INFO
[4.516s] writing dependency_links to ../../build/mobile_robotics/mobile_robotics.egg-info/dependency_links.txt
[4.517s] writing entry points to ../../build/mobile_robotics/mobile_robotics.egg-info/entry_points.txt
[4.517s] writing requirements to ../../build/mobile_robotics/mobile_robotics.egg-info/requires.txt
[4.517s] writing top-level names to ../../build/mobile_robotics/mobile_robotics.egg-info/top_level.txt
[4.522s] reading manifest file '../../build/mobile_robotics/mobile_robotics.egg-info/SOURCES.txt'
[4.524s] writing manifest file '../../build/mobile_robotics/mobile_robotics.egg-info/SOURCES.txt'
[4.524s] running build
[4.524s] running build_py
[4.525s] running install
[4.526s] running install_lib
[4.531s] running install_data
[4.532s] running install_egg_info
[4.535s] removing '/home/robertog/ros2_ws/install/mobile_robotics/lib/python3.10/site-packages/mobile_robotics-0.0.0-py3.10.egg-info' (and everything under it)
[4.536s] Copying ../../build/mobile_robotics/mobile_robotics.egg-info to /home/robertog/ros2_ws/install/mobile_robotics/lib/python3.10/site-packages/mobile_robotics-0.0.0-py3.10.egg-info
[4.538s] running install_scripts
[4.578s] Installing follower script to /home/robertog/ros2_ws/install/mobile_robotics/lib/mobile_robotics
[4.579s] Installing ros_color_tracker script to /home/robertog/ros2_ws/install/mobile_robotics/lib/mobile_robotics
[4.579s] Installing test_node script to /home/robertog/ros2_ws/install/mobile_robotics/lib/mobile_robotics
[4.580s] writing list of installed files to '/home/robertog/ros2_ws/build/mobile_robotics/install.log'
[4.699s] Invoked command in '/home/robertog/ros2_ws/src/mobile_robotics' returned '0': PYTHONPATH=/home/robertog/ros2_ws/build/mobile_robotics/prefix_override:/home/robertog/ros2_ws/install/mobile_robotics/lib/python3.10/site-packages:${PYTHONPATH} /usr/bin/python3 -W ignore:setup.py install is deprecated setup.py egg_info --egg-base ../../build/mobile_robotics build --build-base /home/robertog/ros2_ws/build/mobile_robotics/build install --record /home/robertog/ros2_ws/build/mobile_robotics/install.log --single-version-externally-managed install_data
