running egg_info
creating ../../build/gtg_behavior/gtg_behavior.egg-info
writing ../../build/gtg_behavior/gtg_behavior.egg-info/PKG-INFO
writing dependency_links to ../../build/gtg_behavior/gtg_behavior.egg-info/dependency_links.txt
writing entry points to ../../build/gtg_behavior/gtg_behavior.egg-info/entry_points.txt
writing requirements to ../../build/gtg_behavior/gtg_behavior.egg-info/requires.txt
writing top-level names to ../../build/gtg_behavior/gtg_behavior.egg-info/top_level.txt
writing manifest file '../../build/gtg_behavior/gtg_behavior.egg-info/SOURCES.txt'
reading manifest file '../../build/gtg_behavior/gtg_behavior.egg-info/SOURCES.txt'
writing manifest file '../../build/gtg_behavior/gtg_behavior.egg-info/SOURCES.txt'
running build
running build_py
creating /home/robertog/ros2_ws/build/gtg_behavior/build
creating /home/robertog/ros2_ws/build/gtg_behavior/build/lib
creating /home/robertog/ros2_ws/build/gtg_behavior/build/lib/gtg_behavior
copying gtg_behavior/__init__.py -> /home/robertog/ros2_ws/build/gtg_behavior/build/lib/gtg_behavior
copying gtg_behavior/go_to_goal.py -> /home/robertog/ros2_ws/build/gtg_behavior/build/lib/gtg_behavior
running install
running install_lib
creating /home/robertog/ros2_ws/install/gtg_behavior/lib/python3.10/site-packages/gtg_behavior
copying /home/robertog/ros2_ws/build/gtg_behavior/build/lib/gtg_behavior/__init__.py -> /home/robertog/ros2_ws/install/gtg_behavior/lib/python3.10/site-packages/gtg_behavior
copying /home/robertog/ros2_ws/build/gtg_behavior/build/lib/gtg_behavior/go_to_goal.py -> /home/robertog/ros2_ws/install/gtg_behavior/lib/python3.10/site-packages/gtg_behavior
byte-compiling /home/robertog/ros2_ws/install/gtg_behavior/lib/python3.10/site-packages/gtg_behavior/__init__.py to __init__.cpython-310.pyc
byte-compiling /home/robertog/ros2_ws/install/gtg_behavior/lib/python3.10/site-packages/gtg_behavior/go_to_goal.py to go_to_goal.cpython-310.pyc
running install_data
creating /home/robertog/ros2_ws/install/gtg_behavior/share/ament_index
creating /home/robertog/ros2_ws/install/gtg_behavior/share/ament_index/resource_index
creating /home/robertog/ros2_ws/install/gtg_behavior/share/ament_index/resource_index/packages
copying resource/gtg_behavior -> /home/robertog/ros2_ws/install/gtg_behavior/share/ament_index/resource_index/packages
copying package.xml -> /home/robertog/ros2_ws/install/gtg_behavior/share/gtg_behavior
creating /home/robertog/ros2_ws/install/gtg_behavior/share/gtg_behavior/launch
copying launch/gtg_launch.py -> /home/robertog/ros2_ws/install/gtg_behavior/share/gtg_behavior/launch
creating /home/robertog/ros2_ws/install/gtg_behavior/share/gtg_behavior/config
copying config/params.yaml -> /home/robertog/ros2_ws/install/gtg_behavior/share/gtg_behavior/config
running install_egg_info
Copying ../../build/gtg_behavior/gtg_behavior.egg-info to /home/robertog/ros2_ws/install/gtg_behavior/lib/python3.10/site-packages/gtg_behavior-0.0.0-py3.10.egg-info
running install_scripts
Installing go_to_goal script to /home/robertog/ros2_ws/install/gtg_behavior/lib/gtg_behavior
writing list of installed files to '/home/robertog/ros2_ws/build/gtg_behavior/install.log'
