[0.573s] Invoking command in '/home/robertog/ros2_ws/src/gtg_behavior': PYTHONPATH=/home/robertog/ros2_ws/build/gtg_behavior/prefix_override:/home/robertog/ros2_ws/install/gtg_behavior/lib/python3.10/site-packages:${PYTHONPATH} /usr/bin/python3 -W ignore:setup.py install is deprecated setup.py egg_info --egg-base ../../build/gtg_behavior build --build-base /home/robertog/ros2_ws/build/gtg_behavior/build install --record /home/robertog/ros2_ws/build/gtg_behavior/install.log --single-version-externally-managed install_data
[0.788s] running egg_info
[0.789s] creating ../../build/gtg_behavior/gtg_behavior.egg-info
[0.789s] writing ../../build/gtg_behavior/gtg_behavior.egg-info/PKG-INFO
[0.789s] writing dependency_links to ../../build/gtg_behavior/gtg_behavior.egg-info/dependency_links.txt
[0.789s] writing entry points to ../../build/gtg_behavior/gtg_behavior.egg-info/entry_points.txt
[0.789s] writing requirements to ../../build/gtg_behavior/gtg_behavior.egg-info/requires.txt
[0.789s] writing top-level names to ../../build/gtg_behavior/gtg_behavior.egg-info/top_level.txt
[0.789s] writing manifest file '../../build/gtg_behavior/gtg_behavior.egg-info/SOURCES.txt'
[0.791s] reading manifest file '../../build/gtg_behavior/gtg_behavior.egg-info/SOURCES.txt'
[0.791s] writing manifest file '../../build/gtg_behavior/gtg_behavior.egg-info/SOURCES.txt'
[0.791s] running build
[0.791s] running build_py
[0.792s] creating /home/robertog/ros2_ws/build/gtg_behavior/build
[0.792s] creating /home/robertog/ros2_ws/build/gtg_behavior/build/lib
[0.792s] creating /home/robertog/ros2_ws/build/gtg_behavior/build/lib/gtg_behavior
[0.792s] copying gtg_behavior/__init__.py -> /home/robertog/ros2_ws/build/gtg_behavior/build/lib/gtg_behavior
[0.792s] copying gtg_behavior/go_to_goal.py -> /home/robertog/ros2_ws/build/gtg_behavior/build/lib/gtg_behavior
[0.792s] running install
[0.792s] running install_lib
[0.793s] creating /home/robertog/ros2_ws/install/gtg_behavior/lib/python3.10/site-packages/gtg_behavior
[0.793s] copying /home/robertog/ros2_ws/build/gtg_behavior/build/lib/gtg_behavior/__init__.py -> /home/robertog/ros2_ws/install/gtg_behavior/lib/python3.10/site-packages/gtg_behavior
[0.793s] copying /home/robertog/ros2_ws/build/gtg_behavior/build/lib/gtg_behavior/go_to_goal.py -> /home/robertog/ros2_ws/install/gtg_behavior/lib/python3.10/site-packages/gtg_behavior
[0.794s] byte-compiling /home/robertog/ros2_ws/install/gtg_behavior/lib/python3.10/site-packages/gtg_behavior/__init__.py to __init__.cpython-310.pyc
[0.794s] byte-compiling /home/robertog/ros2_ws/install/gtg_behavior/lib/python3.10/site-packages/gtg_behavior/go_to_goal.py to go_to_goal.cpython-310.pyc
[0.795s] running install_data
[0.795s] creating /home/robertog/ros2_ws/install/gtg_behavior/share/ament_index
[0.795s] creating /home/robertog/ros2_ws/install/gtg_behavior/share/ament_index/resource_index
[0.795s] creating /home/robertog/ros2_ws/install/gtg_behavior/share/ament_index/resource_index/packages
[0.795s] copying resource/gtg_behavior -> /home/robertog/ros2_ws/install/gtg_behavior/share/ament_index/resource_index/packages
[0.796s] copying package.xml -> /home/robertog/ros2_ws/install/gtg_behavior/share/gtg_behavior
[0.796s] creating /home/robertog/ros2_ws/install/gtg_behavior/share/gtg_behavior/launch
[0.796s] copying launch/gtg_launch.py -> /home/robertog/ros2_ws/install/gtg_behavior/share/gtg_behavior/launch
[0.796s] creating /home/robertog/ros2_ws/install/gtg_behavior/share/gtg_behavior/config
[0.796s] copying config/params.yaml -> /home/robertog/ros2_ws/install/gtg_behavior/share/gtg_behavior/config
[0.796s] running install_egg_info
[0.798s] Copying ../../build/gtg_behavior/gtg_behavior.egg-info to /home/robertog/ros2_ws/install/gtg_behavior/lib/python3.10/site-packages/gtg_behavior-0.0.0-py3.10.egg-info
[0.799s] running install_scripts
[0.815s] Installing go_to_goal script to /home/robertog/ros2_ws/install/gtg_behavior/lib/gtg_behavior
[0.816s] writing list of installed files to '/home/robertog/ros2_ws/build/gtg_behavior/install.log'
[0.847s] Invoked command in '/home/robertog/ros2_ws/src/gtg_behavior' returned '0': PYTHONPATH=/home/robertog/ros2_ws/build/gtg_behavior/prefix_override:/home/robertog/ros2_ws/install/gtg_behavior/lib/python3.10/site-packages:${PYTHONPATH} /usr/bin/python3 -W ignore:setup.py install is deprecated setup.py egg_info --egg-base ../../build/gtg_behavior build --build-base /home/robertog/ros2_ws/build/gtg_behavior/build install --record /home/robertog/ros2_ws/build/gtg_behavior/install.log --single-version-externally-managed install_data
