[0.404s] DEBUG:colcon:Command line arguments: ['/usr/bin/colcon', 'build', '--packages-select', 'gtg_behavior']
[0.405s] DEBUG:colcon:Parsed command line arguments: Namespace(log_base=None, log_level=None, verb_name='build', build_base='build', install_base='install', merge_install=False, symlink_install=False, test_result_base=None, continue_on_error=False, executor='parallel', parallel_workers=12, event_handlers=None, ignore_user_meta=False, metas=['./colcon.meta'], base_paths=['.'], packages_ignore=None, packages_ignore_regex=None, paths=None, packages_up_to=None, packages_up_to_regex=None, packages_above=None, packages_above_and_dependencies=None, packages_above_depth=None, packages_select_by_dep=None, packages_skip_by_dep=None, packages_skip_up_to=None, packages_select_build_failed=False, packages_skip_build_finished=False, packages_select_test_failures=False, packages_skip_test_passed=False, packages_select=['gtg_behavior'], packages_skip=None, packages_select_regex=None, packages_skip_regex=None, packages_start=None, packages_end=None, allow_overriding=[], cmake_args=None, cmake_target=None, cmake_target_skip_unavailable=False, cmake_clean_cache=False, cmake_clean_first=False, cmake_force_configure=False, ament_cmake_args=None, catkin_cmake_args=None, catkin_skip_building_tests=False, mixin_files=None, mixin=None, verb_parser=<colcon_mixin.mixin.mixin_argument.MixinArgumentDecorator object at 0x7ce0e5d0ca00>, verb_extension=<colcon_core.verb.build.BuildVerb object at 0x7ce0e5ece350>, main=<bound method BuildVerb.main of <colcon_core.verb.build.BuildVerb object at 0x7ce0e5ece350>>, mixin_verb=('build',))
[0.997s] Level 1:colcon.colcon_core.package_discovery:discover_packages(colcon_meta) check parameters
[0.998s] Level 1:colcon.colcon_core.package_discovery:discover_packages(recursive) check parameters
[0.998s] Level 1:colcon.colcon_core.package_discovery:discover_packages(ignore) check parameters
[0.998s] Level 1:colcon.colcon_core.package_discovery:discover_packages(path) check parameters
[0.998s] Level 1:colcon.colcon_core.package_discovery:discover_packages(colcon_meta) discover
[0.998s] Level 1:colcon.colcon_core.package_discovery:discover_packages(recursive) discover
[0.998s] INFO:colcon.colcon_core.package_discovery:Crawling recursively for packages in '/home/robertog/ros2_ws'
[0.998s] Level 1:colcon.colcon_core.package_identification:_identify(.) by extensions ['ignore', 'ignore_ament_install']
[0.999s] Level 1:colcon.colcon_core.package_identification:_identify(.) by extension 'ignore'
[0.999s] Level 1:colcon.colcon_core.package_identification:_identify(.) by extension 'ignore_ament_install'
[0.999s] Level 1:colcon.colcon_core.package_identification:_identify(.) by extensions ['colcon_pkg']
[0.999s] Level 1:colcon.colcon_core.package_identification:_identify(.) by extension 'colcon_pkg'
[0.999s] Level 1:colcon.colcon_core.package_identification:_identify(.) by extensions ['colcon_meta']
[0.999s] Level 1:colcon.colcon_core.package_identification:_identify(.) by extension 'colcon_meta'
[0.999s] Level 1:colcon.colcon_core.package_identification:_identify(.) by extensions ['ros']
[0.999s] Level 1:colcon.colcon_core.package_identification:_identify(.) by extension 'ros'
[1.043s] Level 1:colcon.colcon_core.package_identification:_identify(.) by extensions ['cmake', 'python']
[1.044s] Level 1:colcon.colcon_core.package_identification:_identify(.) by extension 'cmake'
[1.044s] Level 1:colcon.colcon_core.package_identification:_identify(.) by extension 'python'
[1.044s] Level 1:colcon.colcon_core.package_identification:_identify(.) by extensions ['python_setup_py']
[1.045s] Level 1:colcon.colcon_core.package_identification:_identify(.) by extension 'python_setup_py'
[1.046s] Level 1:colcon.colcon_core.package_identification:_identify(build) by extensions ['ignore', 'ignore_ament_install']
[1.046s] Level 1:colcon.colcon_core.package_identification:_identify(build) by extension 'ignore'
[1.047s] Level 1:colcon.colcon_core.package_identification:_identify(build) ignored
[1.048s] Level 1:colcon.colcon_core.package_identification:_identify(install) by extensions ['ignore', 'ignore_ament_install']
[1.048s] Level 1:colcon.colcon_core.package_identification:_identify(install) by extension 'ignore'
[1.048s] Level 1:colcon.colcon_core.package_identification:_identify(install) ignored
[1.049s] Level 1:colcon.colcon_core.package_identification:_identify(log) by extensions ['ignore', 'ignore_ament_install']
[1.049s] Level 1:colcon.colcon_core.package_identification:_identify(log) by extension 'ignore'
[1.049s] Level 1:colcon.colcon_core.package_identification:_identify(log) ignored
[1.049s] Level 1:colcon.colcon_core.package_identification:_identify(src) by extensions ['ignore', 'ignore_ament_install']
[1.049s] Level 1:colcon.colcon_core.package_identification:_identify(src) by extension 'ignore'
[1.049s] Level 1:colcon.colcon_core.package_identification:_identify(src) by extension 'ignore_ament_install'
[1.049s] Level 1:colcon.colcon_core.package_identification:_identify(src) by extensions ['colcon_pkg']
[1.049s] Level 1:colcon.colcon_core.package_identification:_identify(src) by extension 'colcon_pkg'
[1.049s] Level 1:colcon.colcon_core.package_identification:_identify(src) by extensions ['colcon_meta']
[1.049s] Level 1:colcon.colcon_core.package_identification:_identify(src) by extension 'colcon_meta'
[1.049s] Level 1:colcon.colcon_core.package_identification:_identify(src) by extensions ['ros']
[1.049s] Level 1:colcon.colcon_core.package_identification:_identify(src) by extension 'ros'
[1.049s] Level 1:colcon.colcon_core.package_identification:_identify(src) by extensions ['cmake', 'python']
[1.049s] Level 1:colcon.colcon_core.package_identification:_identify(src) by extension 'cmake'
[1.049s] Level 1:colcon.colcon_core.package_identification:_identify(src) by extension 'python'
[1.049s] Level 1:colcon.colcon_core.package_identification:_identify(src) by extensions ['python_setup_py']
[1.049s] Level 1:colcon.colcon_core.package_identification:_identify(src) by extension 'python_setup_py'
[1.050s] Level 1:colcon.colcon_core.package_identification:_identify(src/gtg_ao) by extensions ['ignore', 'ignore_ament_install']
[1.050s] Level 1:colcon.colcon_core.package_identification:_identify(src/gtg_ao) by extension 'ignore'
[1.050s] Level 1:colcon.colcon_core.package_identification:_identify(src/gtg_ao) by extension 'ignore_ament_install'
[1.050s] Level 1:colcon.colcon_core.package_identification:_identify(src/gtg_ao) by extensions ['colcon_pkg']
[1.050s] Level 1:colcon.colcon_core.package_identification:_identify(src/gtg_ao) by extension 'colcon_pkg'
[1.050s] Level 1:colcon.colcon_core.package_identification:_identify(src/gtg_ao) by extensions ['colcon_meta']
[1.050s] Level 1:colcon.colcon_core.package_identification:_identify(src/gtg_ao) by extension 'colcon_meta'
[1.050s] Level 1:colcon.colcon_core.package_identification:_identify(src/gtg_ao) by extensions ['ros']
[1.050s] Level 1:colcon.colcon_core.package_identification:_identify(src/gtg_ao) by extension 'ros'
[1.054s] DEBUG:colcon.colcon_core.package_identification:Package 'src/gtg_ao' with type 'ros.ament_python' and name 'gtg_ao'
[1.055s] Level 1:colcon.colcon_core.package_identification:_identify(src/gtg_behavior) by extensions ['ignore', 'ignore_ament_install']
[1.055s] Level 1:colcon.colcon_core.package_identification:_identify(src/gtg_behavior) by extension 'ignore'
[1.055s] Level 1:colcon.colcon_core.package_identification:_identify(src/gtg_behavior) by extension 'ignore_ament_install'
[1.055s] Level 1:colcon.colcon_core.package_identification:_identify(src/gtg_behavior) by extensions ['colcon_pkg']
[1.055s] Level 1:colcon.colcon_core.package_identification:_identify(src/gtg_behavior) by extension 'colcon_pkg'
[1.055s] Level 1:colcon.colcon_core.package_identification:_identify(src/gtg_behavior) by extensions ['colcon_meta']
[1.055s] Level 1:colcon.colcon_core.package_identification:_identify(src/gtg_behavior) by extension 'colcon_meta'
[1.055s] Level 1:colcon.colcon_core.package_identification:_identify(src/gtg_behavior) by extensions ['ros']
[1.055s] Level 1:colcon.colcon_core.package_identification:_identify(src/gtg_behavior) by extension 'ros'
[1.056s] DEBUG:colcon.colcon_core.package_identification:Package 'src/gtg_behavior' with type 'ros.ament_python' and name 'gtg_behavior'
[1.056s] Level 1:colcon.colcon_core.package_identification:_identify(src/learning_tf2) by extensions ['ignore', 'ignore_ament_install']
[1.056s] Level 1:colcon.colcon_core.package_identification:_identify(src/learning_tf2) by extension 'ignore'
[1.056s] Level 1:colcon.colcon_core.package_identification:_identify(src/learning_tf2) by extension 'ignore_ament_install'
[1.056s] Level 1:colcon.colcon_core.package_identification:_identify(src/learning_tf2) by extensions ['colcon_pkg']
[1.056s] Level 1:colcon.colcon_core.package_identification:_identify(src/learning_tf2) by extension 'colcon_pkg'
[1.056s] Level 1:colcon.colcon_core.package_identification:_identify(src/learning_tf2) by extensions ['colcon_meta']
[1.056s] Level 1:colcon.colcon_core.package_identification:_identify(src/learning_tf2) by extension 'colcon_meta'
[1.056s] Level 1:colcon.colcon_core.package_identification:_identify(src/learning_tf2) by extensions ['ros']
[1.056s] Level 1:colcon.colcon_core.package_identification:_identify(src/learning_tf2) by extension 'ros'
[1.062s] DEBUG:colcon.colcon_core.package_identification:Package 'src/learning_tf2' with type 'ros.ament_python' and name 'learning_tf2'
[1.062s] Level 1:colcon.colcon_core.package_identification:_identify(src/mini1_checo) by extensions ['ignore', 'ignore_ament_install']
[1.062s] Level 1:colcon.colcon_core.package_identification:_identify(src/mini1_checo) by extension 'ignore'
[1.062s] Level 1:colcon.colcon_core.package_identification:_identify(src/mini1_checo) by extension 'ignore_ament_install'
[1.062s] Level 1:colcon.colcon_core.package_identification:_identify(src/mini1_checo) by extensions ['colcon_pkg']
[1.062s] Level 1:colcon.colcon_core.package_identification:_identify(src/mini1_checo) by extension 'colcon_pkg'
[1.062s] Level 1:colcon.colcon_core.package_identification:_identify(src/mini1_checo) by extensions ['colcon_meta']
[1.062s] Level 1:colcon.colcon_core.package_identification:_identify(src/mini1_checo) by extension 'colcon_meta'
[1.062s] Level 1:colcon.colcon_core.package_identification:_identify(src/mini1_checo) by extensions ['ros']
[1.062s] Level 1:colcon.colcon_core.package_identification:_identify(src/mini1_checo) by extension 'ros'
[1.063s] DEBUG:colcon.colcon_core.package_identification:Package 'src/mini1_checo' with type 'ros.ament_python' and name 'mini1_checo'
[1.063s] Level 1:colcon.colcon_core.package_identification:_identify(src/minichallenge3) by extensions ['ignore', 'ignore_ament_install']
[1.063s] Level 1:colcon.colcon_core.package_identification:_identify(src/minichallenge3) by extension 'ignore'
[1.063s] Level 1:colcon.colcon_core.package_identification:_identify(src/minichallenge3) by extension 'ignore_ament_install'
[1.063s] Level 1:colcon.colcon_core.package_identification:_identify(src/minichallenge3) by extensions ['colcon_pkg']
[1.063s] Level 1:colcon.colcon_core.package_identification:_identify(src/minichallenge3) by extension 'colcon_pkg'
[1.063s] Level 1:colcon.colcon_core.package_identification:_identify(src/minichallenge3) by extensions ['colcon_meta']
[1.063s] Level 1:colcon.colcon_core.package_identification:_identify(src/minichallenge3) by extension 'colcon_meta'
[1.063s] Level 1:colcon.colcon_core.package_identification:_identify(src/minichallenge3) by extensions ['ros']
[1.063s] Level 1:colcon.colcon_core.package_identification:_identify(src/minichallenge3) by extension 'ros'
[1.064s] DEBUG:colcon.colcon_core.package_identification:Package 'src/minichallenge3' with type 'ros.ament_python' and name 'minichallenge3'
[1.064s] Level 1:colcon.colcon_core.package_identification:_identify(src/minichallenge4) by extensions ['ignore', 'ignore_ament_install']
[1.064s] Level 1:colcon.colcon_core.package_identification:_identify(src/minichallenge4) by extension 'ignore'
[1.064s] Level 1:colcon.colcon_core.package_identification:_identify(src/minichallenge4) by extension 'ignore_ament_install'
[1.064s] Level 1:colcon.colcon_core.package_identification:_identify(src/minichallenge4) by extensions ['colcon_pkg']
[1.064s] Level 1:colcon.colcon_core.package_identification:_identify(src/minichallenge4) by extension 'colcon_pkg'
[1.064s] Level 1:colcon.colcon_core.package_identification:_identify(src/minichallenge4) by extensions ['colcon_meta']
[1.064s] Level 1:colcon.colcon_core.package_identification:_identify(src/minichallenge4) by extension 'colcon_meta'
[1.065s] Level 1:colcon.colcon_core.package_identification:_identify(src/minichallenge4) by extensions ['ros']
[1.065s] Level 1:colcon.colcon_core.package_identification:_identify(src/minichallenge4) by extension 'ros'
[1.065s] DEBUG:colcon.colcon_core.package_identification:Package 'src/minichallenge4' with type 'ros.ament_python' and name 'minichallenge4'
[1.065s] Level 1:colcon.colcon_core.package_identification:_identify(src/minichallenge4_bueno) by extensions ['ignore', 'ignore_ament_install']
[1.065s] Level 1:colcon.colcon_core.package_identification:_identify(src/minichallenge4_bueno) by extension 'ignore'
[1.065s] Level 1:colcon.colcon_core.package_identification:_identify(src/minichallenge4_bueno) by extension 'ignore_ament_install'
[1.065s] Level 1:colcon.colcon_core.package_identification:_identify(src/minichallenge4_bueno) by extensions ['colcon_pkg']
[1.065s] Level 1:colcon.colcon_core.package_identification:_identify(src/minichallenge4_bueno) by extension 'colcon_pkg'
[1.066s] Level 1:colcon.colcon_core.package_identification:_identify(src/minichallenge4_bueno) by extensions ['colcon_meta']
[1.066s] Level 1:colcon.colcon_core.package_identification:_identify(src/minichallenge4_bueno) by extension 'colcon_meta'
[1.066s] Level 1:colcon.colcon_core.package_identification:_identify(src/minichallenge4_bueno) by extensions ['ros']
[1.066s] Level 1:colcon.colcon_core.package_identification:_identify(src/minichallenge4_bueno) by extension 'ros'
[1.066s] DEBUG:colcon.colcon_core.package_identification:Package 'src/minichallenge4_bueno' with type 'ros.ament_python' and name 'minichallenge4_bueno'
[1.067s] Level 1:colcon.colcon_core.package_identification:_identify(src/minichallenge5) by extensions ['ignore', 'ignore_ament_install']
[1.067s] Level 1:colcon.colcon_core.package_identification:_identify(src/minichallenge5) by extension 'ignore'
[1.067s] Level 1:colcon.colcon_core.package_identification:_identify(src/minichallenge5) by extension 'ignore_ament_install'
[1.067s] Level 1:colcon.colcon_core.package_identification:_identify(src/minichallenge5) by extensions ['colcon_pkg']
[1.067s] Level 1:colcon.colcon_core.package_identification:_identify(src/minichallenge5) by extension 'colcon_pkg'
[1.067s] Level 1:colcon.colcon_core.package_identification:_identify(src/minichallenge5) by extensions ['colcon_meta']
[1.067s] Level 1:colcon.colcon_core.package_identification:_identify(src/minichallenge5) by extension 'colcon_meta'
[1.067s] Level 1:colcon.colcon_core.package_identification:_identify(src/minichallenge5) by extensions ['ros']
[1.067s] Level 1:colcon.colcon_core.package_identification:_identify(src/minichallenge5) by extension 'ros'
[1.068s] DEBUG:colcon.colcon_core.package_identification:Package 'src/minichallenge5' with type 'ros.ament_python' and name 'minichallenge5'
[1.068s] Level 1:colcon.colcon_core.package_identification:_identify(src/mobile_robotics) by extensions ['ignore', 'ignore_ament_install']
[1.068s] Level 1:colcon.colcon_core.package_identification:_identify(src/mobile_robotics) by extension 'ignore'
[1.068s] Level 1:colcon.colcon_core.package_identification:_identify(src/mobile_robotics) by extension 'ignore_ament_install'
[1.068s] Level 1:colcon.colcon_core.package_identification:_identify(src/mobile_robotics) by extensions ['colcon_pkg']
[1.068s] Level 1:colcon.colcon_core.package_identification:_identify(src/mobile_robotics) by extension 'colcon_pkg'
[1.068s] Level 1:colcon.colcon_core.package_identification:_identify(src/mobile_robotics) by extensions ['colcon_meta']
[1.068s] Level 1:colcon.colcon_core.package_identification:_identify(src/mobile_robotics) by extension 'colcon_meta'
[1.068s] Level 1:colcon.colcon_core.package_identification:_identify(src/mobile_robotics) by extensions ['ros']
[1.068s] Level 1:colcon.colcon_core.package_identification:_identify(src/mobile_robotics) by extension 'ros'
[1.186s] DEBUG:colcon.colcon_core.package_identification:Package 'src/mobile_robotics' with type 'ros.ament_python' and name 'mobile_robotics'
[1.186s] Level 1:colcon.colcon_core.package_identification:_identify(src/open_cv_example) by extensions ['ignore', 'ignore_ament_install']
[1.187s] Level 1:colcon.colcon_core.package_identification:_identify(src/open_cv_example) by extension 'ignore'
[1.187s] Level 1:colcon.colcon_core.package_identification:_identify(src/open_cv_example) by extension 'ignore_ament_install'
[1.187s] Level 1:colcon.colcon_core.package_identification:_identify(src/open_cv_example) by extensions ['colcon_pkg']
[1.187s] Level 1:colcon.colcon_core.package_identification:_identify(src/open_cv_example) by extension 'colcon_pkg'
[1.187s] Level 1:colcon.colcon_core.package_identification:_identify(src/open_cv_example) by extensions ['colcon_meta']
[1.187s] Level 1:colcon.colcon_core.package_identification:_identify(src/open_cv_example) by extension 'colcon_meta'
[1.187s] Level 1:colcon.colcon_core.package_identification:_identify(src/open_cv_example) by extensions ['ros']
[1.187s] Level 1:colcon.colcon_core.package_identification:_identify(src/open_cv_example) by extension 'ros'
[1.188s] DEBUG:colcon.colcon_core.package_identification:Package 'src/open_cv_example' with type 'ros.ament_python' and name 'open_cv_example'
[1.189s] Level 1:colcon.colcon_core.package_identification:_identify(src/programming_assignment) by extensions ['ignore', 'ignore_ament_install']
[1.189s] Level 1:colcon.colcon_core.package_identification:_identify(src/programming_assignment) by extension 'ignore'
[1.189s] Level 1:colcon.colcon_core.package_identification:_identify(src/programming_assignment) by extension 'ignore_ament_install'
[1.189s] Level 1:colcon.colcon_core.package_identification:_identify(src/programming_assignment) by extensions ['colcon_pkg']
[1.189s] Level 1:colcon.colcon_core.package_identification:_identify(src/programming_assignment) by extension 'colcon_pkg'
[1.189s] Level 1:colcon.colcon_core.package_identification:_identify(src/programming_assignment) by extensions ['colcon_meta']
[1.189s] Level 1:colcon.colcon_core.package_identification:_identify(src/programming_assignment) by extension 'colcon_meta'
[1.189s] Level 1:colcon.colcon_core.package_identification:_identify(src/programming_assignment) by extensions ['ros']
[1.189s] Level 1:colcon.colcon_core.package_identification:_identify(src/programming_assignment) by extension 'ros'
[1.190s] DEBUG:colcon.colcon_core.package_identification:Package 'src/programming_assignment' with type 'ros.ament_python' and name 'programming_assignment'
[1.190s] Level 1:colcon.colcon_core.package_identification:_identify(src/two_wheeled_robot) by extensions ['ignore', 'ignore_ament_install']
[1.190s] Level 1:colcon.colcon_core.package_identification:_identify(src/two_wheeled_robot) by extension 'ignore'
[1.190s] Level 1:colcon.colcon_core.package_identification:_identify(src/two_wheeled_robot) by extension 'ignore_ament_install'
[1.190s] Level 1:colcon.colcon_core.package_identification:_identify(src/two_wheeled_robot) by extensions ['colcon_pkg']
[1.190s] Level 1:colcon.colcon_core.package_identification:_identify(src/two_wheeled_robot) by extension 'colcon_pkg'
[1.190s] Level 1:colcon.colcon_core.package_identification:_identify(src/two_wheeled_robot) by extensions ['colcon_meta']
[1.190s] Level 1:colcon.colcon_core.package_identification:_identify(src/two_wheeled_robot) by extension 'colcon_meta'
[1.190s] Level 1:colcon.colcon_core.package_identification:_identify(src/two_wheeled_robot) by extensions ['ros']
[1.190s] Level 1:colcon.colcon_core.package_identification:_identify(src/two_wheeled_robot) by extension 'ros'
[1.191s] DEBUG:colcon.colcon_core.package_identification:Package 'src/two_wheeled_robot' with type 'ros.ament_cmake' and name 'two_wheeled_robot'
[1.192s] Level 1:colcon.colcon_core.package_identification:_identify(src/yolo_msg) by extensions ['ignore', 'ignore_ament_install']
[1.192s] Level 1:colcon.colcon_core.package_identification:_identify(src/yolo_msg) by extension 'ignore'
[1.192s] Level 1:colcon.colcon_core.package_identification:_identify(src/yolo_msg) by extension 'ignore_ament_install'
[1.192s] Level 1:colcon.colcon_core.package_identification:_identify(src/yolo_msg) by extensions ['colcon_pkg']
[1.192s] Level 1:colcon.colcon_core.package_identification:_identify(src/yolo_msg) by extension 'colcon_pkg'
[1.192s] Level 1:colcon.colcon_core.package_identification:_identify(src/yolo_msg) by extensions ['colcon_meta']
[1.192s] Level 1:colcon.colcon_core.package_identification:_identify(src/yolo_msg) by extension 'colcon_meta'
[1.192s] Level 1:colcon.colcon_core.package_identification:_identify(src/yolo_msg) by extensions ['ros']
[1.193s] Level 1:colcon.colcon_core.package_identification:_identify(src/yolo_msg) by extension 'ros'
[1.194s] DEBUG:colcon.colcon_core.package_identification:Package 'src/yolo_msg' with type 'ros.ament_cmake' and name 'yolo_msg'
[1.194s] Level 1:colcon.colcon_core.package_identification:_identify(src/yolov8_ros2) by extensions ['ignore', 'ignore_ament_install']
[1.195s] Level 1:colcon.colcon_core.package_identification:_identify(src/yolov8_ros2) by extension 'ignore'
[1.195s] Level 1:colcon.colcon_core.package_identification:_identify(src/yolov8_ros2) by extension 'ignore_ament_install'
[1.196s] Level 1:colcon.colcon_core.package_identification:_identify(src/yolov8_ros2) by extensions ['colcon_pkg']
[1.196s] Level 1:colcon.colcon_core.package_identification:_identify(src/yolov8_ros2) by extension 'colcon_pkg'
[1.196s] Level 1:colcon.colcon_core.package_identification:_identify(src/yolov8_ros2) by extensions ['colcon_meta']
[1.196s] Level 1:colcon.colcon_core.package_identification:_identify(src/yolov8_ros2) by extension 'colcon_meta'
[1.196s] Level 1:colcon.colcon_core.package_identification:_identify(src/yolov8_ros2) by extensions ['ros']
[1.196s] Level 1:colcon.colcon_core.package_identification:_identify(src/yolov8_ros2) by extension 'ros'
[1.197s] DEBUG:colcon.colcon_core.package_identification:Package 'src/yolov8_ros2' with type 'ros.ament_python' and name 'yolov8_ros2'
[1.197s] Level 1:colcon.colcon_core.package_discovery:discover_packages(recursive) using defaults
[1.198s] Level 1:colcon.colcon_core.package_discovery:discover_packages(ignore) discover
[1.198s] Level 1:colcon.colcon_core.package_discovery:discover_packages(ignore) using defaults
[1.198s] Level 1:colcon.colcon_core.package_discovery:discover_packages(path) discover
[1.198s] Level 1:colcon.colcon_core.package_discovery:discover_packages(path) using defaults
[1.275s] INFO:colcon.colcon_core.package_selection:Skipping not selected package 'gtg_ao' in 'src/gtg_ao'
[1.275s] INFO:colcon.colcon_core.package_selection:Skipping not selected package 'learning_tf2' in 'src/learning_tf2'
[1.275s] INFO:colcon.colcon_core.package_selection:Skipping not selected package 'mini1_checo' in 'src/mini1_checo'
[1.275s] INFO:colcon.colcon_core.package_selection:Skipping not selected package 'minichallenge3' in 'src/minichallenge3'
[1.275s] INFO:colcon.colcon_core.package_selection:Skipping not selected package 'minichallenge4' in 'src/minichallenge4'
[1.275s] INFO:colcon.colcon_core.package_selection:Skipping not selected package 'minichallenge4_bueno' in 'src/minichallenge4_bueno'
[1.275s] INFO:colcon.colcon_core.package_selection:Skipping not selected package 'minichallenge5' in 'src/minichallenge5'
[1.275s] INFO:colcon.colcon_core.package_selection:Skipping not selected package 'mobile_robotics' in 'src/mobile_robotics'
[1.275s] INFO:colcon.colcon_core.package_selection:Skipping not selected package 'open_cv_example' in 'src/open_cv_example'
[1.276s] INFO:colcon.colcon_core.package_selection:Skipping not selected package 'programming_assignment' in 'src/programming_assignment'
[1.276s] INFO:colcon.colcon_core.package_selection:Skipping not selected package 'two_wheeled_robot' in 'src/two_wheeled_robot'
[1.276s] INFO:colcon.colcon_core.package_selection:Skipping not selected package 'yolo_msg' in 'src/yolo_msg'
[1.276s] INFO:colcon.colcon_core.package_selection:Skipping not selected package 'yolov8_ros2' in 'src/yolov8_ros2'
[1.278s] Level 1:colcon.colcon_core.package_discovery:discover_packages(prefix_path) check parameters
[1.279s] Level 1:colcon.colcon_core.package_discovery:discover_packages(prefix_path) discover
[1.292s] DEBUG:colcon.colcon_installed_package_information.package_discovery:Found 15 installed packages in /home/robertog/ros2_ws/install
[1.293s] DEBUG:colcon.colcon_installed_package_information.package_discovery:Found 337 installed packages in /opt/ros/humble
[1.298s] Level 1:colcon.colcon_core.package_discovery:discover_packages(prefix_path) using defaults
[1.429s] Level 5:colcon.colcon_core.verb:set package 'gtg_behavior' build argument 'cmake_args' from command line to 'None'
[1.430s] Level 5:colcon.colcon_core.verb:set package 'gtg_behavior' build argument 'cmake_target' from command line to 'None'
[1.430s] Level 5:colcon.colcon_core.verb:set package 'gtg_behavior' build argument 'cmake_target_skip_unavailable' from command line to 'False'
[1.430s] Level 5:colcon.colcon_core.verb:set package 'gtg_behavior' build argument 'cmake_clean_cache' from command line to 'False'
[1.430s] Level 5:colcon.colcon_core.verb:set package 'gtg_behavior' build argument 'cmake_clean_first' from command line to 'False'
[1.430s] Level 5:colcon.colcon_core.verb:set package 'gtg_behavior' build argument 'cmake_force_configure' from command line to 'False'
[1.430s] Level 5:colcon.colcon_core.verb:set package 'gtg_behavior' build argument 'ament_cmake_args' from command line to 'None'
[1.430s] Level 5:colcon.colcon_core.verb:set package 'gtg_behavior' build argument 'catkin_cmake_args' from command line to 'None'
[1.431s] Level 5:colcon.colcon_core.verb:set package 'gtg_behavior' build argument 'catkin_skip_building_tests' from command line to 'False'
[1.431s] DEBUG:colcon.colcon_core.verb:Building package 'gtg_behavior' with the following arguments: {'ament_cmake_args': None, 'build_base': '/home/robertog/ros2_ws/build/gtg_behavior', 'catkin_cmake_args': None, 'catkin_skip_building_tests': False, 'cmake_args': None, 'cmake_clean_cache': False, 'cmake_clean_first': False, 'cmake_force_configure': False, 'cmake_target': None, 'cmake_target_skip_unavailable': False, 'install_base': '/home/robertog/ros2_ws/install/gtg_behavior', 'merge_install': False, 'path': '/home/robertog/ros2_ws/src/gtg_behavior', 'symlink_install': False, 'test_result_base': None}
[1.433s] INFO:colcon.colcon_core.executor:Executing jobs using 'parallel' executor
[1.438s] DEBUG:colcon.colcon_parallel_executor.executor.parallel:run_until_complete
[1.441s] INFO:colcon.colcon_ros.task.ament_python.build:Building ROS package in '/home/robertog/ros2_ws/src/gtg_behavior' with build type 'ament_python'
[1.441s] Level 1:colcon.colcon_core.shell:create_environment_hook('gtg_behavior', 'ament_prefix_path')
[1.455s] INFO:colcon.colcon_core.plugin_system:Skipping extension 'colcon_core.shell.bat': Not used on non-Windows systems
[1.455s] INFO:colcon.colcon_core.shell:Creating environment hook '/home/robertog/ros2_ws/install/gtg_behavior/share/gtg_behavior/hook/ament_prefix_path.ps1'
[1.459s] INFO:colcon.colcon_core.shell:Creating environment descriptor '/home/robertog/ros2_ws/install/gtg_behavior/share/gtg_behavior/hook/ament_prefix_path.dsv'
[1.461s] INFO:colcon.colcon_core.shell:Creating environment hook '/home/robertog/ros2_ws/install/gtg_behavior/share/gtg_behavior/hook/ament_prefix_path.sh'
[1.464s] INFO:colcon.colcon_core.shell:Skip shell extension 'powershell' for command environment: Not usable outside of PowerShell
[1.465s] DEBUG:colcon.colcon_core.shell:Skip shell extension 'dsv' for command environment
[2.510s] INFO:colcon.colcon_core.task.python.build:Building Python package in '/home/robertog/ros2_ws/src/gtg_behavior'
[2.510s] INFO:colcon.colcon_core.shell:Skip shell extension 'powershell' for command environment: Not usable outside of PowerShell
[2.512s] DEBUG:colcon.colcon_core.shell:Skip shell extension 'dsv' for command environment
[3.797s] DEBUG:colcon.colcon_core.event_handler.log_command:Invoking command in '/home/robertog/ros2_ws/src/gtg_behavior': PYTHONPATH=/home/robertog/ros2_ws/build/gtg_behavior/prefix_override:/home/robertog/ros2_ws/install/gtg_behavior/lib/python3.10/site-packages:${PYTHONPATH} /usr/bin/python3 -W ignore:setup.py install is deprecated setup.py egg_info --egg-base ../../build/gtg_behavior build --build-base /home/robertog/ros2_ws/build/gtg_behavior/build install --record /home/robertog/ros2_ws/build/gtg_behavior/install.log --single-version-externally-managed install_data
[4.950s] DEBUG:colcon.colcon_core.event_handler.log_command:Invoked command in '/home/robertog/ros2_ws/src/gtg_behavior' returned '0': PYTHONPATH=/home/robertog/ros2_ws/build/gtg_behavior/prefix_override:/home/robertog/ros2_ws/install/gtg_behavior/lib/python3.10/site-packages:${PYTHONPATH} /usr/bin/python3 -W ignore:setup.py install is deprecated setup.py egg_info --egg-base ../../build/gtg_behavior build --build-base /home/robertog/ros2_ws/build/gtg_behavior/build install --record /home/robertog/ros2_ws/build/gtg_behavior/install.log --single-version-externally-managed install_data
[4.959s] Level 1:colcon.colcon_core.environment:checking '/home/robertog/ros2_ws/install/gtg_behavior' for CMake module files
[4.960s] Level 1:colcon.colcon_core.environment:checking '/home/robertog/ros2_ws/install/gtg_behavior' for CMake config files
[4.962s] Level 1:colcon.colcon_core.environment:checking '/home/robertog/ros2_ws/install/gtg_behavior/lib'
[4.963s] Level 1:colcon.colcon_core.environment:checking '/home/robertog/ros2_ws/install/gtg_behavior/bin'
[4.963s] Level 1:colcon.colcon_core.environment:checking '/home/robertog/ros2_ws/install/gtg_behavior/lib/pkgconfig/gtg_behavior.pc'
[4.964s] Level 1:colcon.colcon_core.environment:checking '/home/robertog/ros2_ws/install/gtg_behavior/lib/python3.10/site-packages'
[4.964s] Level 1:colcon.colcon_core.shell:create_environment_hook('gtg_behavior', 'pythonpath')
[4.965s] INFO:colcon.colcon_core.shell:Creating environment hook '/home/robertog/ros2_ws/install/gtg_behavior/share/gtg_behavior/hook/pythonpath.ps1'
[4.968s] INFO:colcon.colcon_core.shell:Creating environment descriptor '/home/robertog/ros2_ws/install/gtg_behavior/share/gtg_behavior/hook/pythonpath.dsv'
[4.970s] INFO:colcon.colcon_core.shell:Creating environment hook '/home/robertog/ros2_ws/install/gtg_behavior/share/gtg_behavior/hook/pythonpath.sh'
[4.972s] Level 1:colcon.colcon_core.environment:checking '/home/robertog/ros2_ws/install/gtg_behavior/bin'
[4.972s] Level 1:colcon.colcon_core.environment:create_environment_scripts_only(gtg_behavior)
[4.974s] INFO:colcon.colcon_core.shell:Creating package script '/home/robertog/ros2_ws/install/gtg_behavior/share/gtg_behavior/package.ps1'
[4.976s] INFO:colcon.colcon_core.shell:Creating package descriptor '/home/robertog/ros2_ws/install/gtg_behavior/share/gtg_behavior/package.dsv'
[4.977s] INFO:colcon.colcon_core.shell:Creating package script '/home/robertog/ros2_ws/install/gtg_behavior/share/gtg_behavior/package.sh'
[4.978s] INFO:colcon.colcon_core.shell:Creating package script '/home/robertog/ros2_ws/install/gtg_behavior/share/gtg_behavior/package.bash'
[4.982s] INFO:colcon.colcon_core.shell:Creating package script '/home/robertog/ros2_ws/install/gtg_behavior/share/gtg_behavior/package.zsh'
[4.985s] Level 1:colcon.colcon_core.environment:create_file_with_runtime_dependencies(/home/robertog/ros2_ws/install/gtg_behavior/share/colcon-core/packages/gtg_behavior)
[4.988s] DEBUG:colcon.colcon_parallel_executor.executor.parallel:closing loop
[4.990s] DEBUG:colcon.colcon_parallel_executor.executor.parallel:loop closed
[4.991s] DEBUG:colcon.colcon_parallel_executor.executor.parallel:run_until_complete finished with '0'
[4.992s] DEBUG:colcon.colcon_core.event_reactor:joining thread
[5.020s] INFO:colcon.colcon_core.plugin_system:Skipping extension 'colcon_notification.desktop_notification.terminal_notifier': Not used on non-Darwin systems
[5.020s] INFO:colcon.colcon_core.plugin_system:Skipping extension 'colcon_notification.desktop_notification.win32': Not used on non-Windows systems
[5.020s] INFO:colcon.colcon_notification.desktop_notification:Sending desktop notification using 'notify2'
[5.057s] DEBUG:colcon.colcon_core.event_reactor:joined thread
[5.059s] INFO:colcon.colcon_core.shell:Creating prefix script '/home/robertog/ros2_ws/install/local_setup.ps1'
[5.063s] INFO:colcon.colcon_core.shell:Creating prefix util module '/home/robertog/ros2_ws/install/_local_setup_util_ps1.py'
[5.068s] INFO:colcon.colcon_core.shell:Creating prefix chain script '/home/robertog/ros2_ws/install/setup.ps1'
[5.079s] INFO:colcon.colcon_core.shell:Creating prefix script '/home/robertog/ros2_ws/install/local_setup.sh'
[5.081s] INFO:colcon.colcon_core.shell:Creating prefix util module '/home/robertog/ros2_ws/install/_local_setup_util_sh.py'
[5.083s] INFO:colcon.colcon_core.shell:Creating prefix chain script '/home/robertog/ros2_ws/install/setup.sh'
[5.089s] INFO:colcon.colcon_core.shell:Creating prefix script '/home/robertog/ros2_ws/install/local_setup.bash'
[5.090s] INFO:colcon.colcon_core.shell:Creating prefix chain script '/home/robertog/ros2_ws/install/setup.bash'
[5.094s] INFO:colcon.colcon_core.shell:Creating prefix script '/home/robertog/ros2_ws/install/local_setup.zsh'
[5.097s] INFO:colcon.colcon_core.shell:Creating prefix chain script '/home/robertog/ros2_ws/install/setup.zsh'
