[0.498s] Invoking command in '/home/robertog/ros2_ws/src/gtg_ao': PYTHONPATH=/home/robertog/ros2_ws/build/gtg_ao/prefix_override:/home/robertog/ros2_ws/install/gtg_ao/lib/python3.10/site-packages:${PYTHONPATH} /usr/bin/python3 -W ignore:setup.py install is deprecated setup.py egg_info --egg-base ../../build/gtg_ao build --build-base /home/robertog/ros2_ws/build/gtg_ao/build install --record /home/robertog/ros2_ws/build/gtg_ao/install.log --single-version-externally-managed install_data
[0.701s] running egg_info
[0.701s] writing ../../build/gtg_ao/gtg_ao.egg-info/PKG-INFO
[0.701s] writing dependency_links to ../../build/gtg_ao/gtg_ao.egg-info/dependency_links.txt
[0.702s] writing entry points to ../../build/gtg_ao/gtg_ao.egg-info/entry_points.txt
[0.702s] writing requirements to ../../build/gtg_ao/gtg_ao.egg-info/requires.txt
[0.702s] writing top-level names to ../../build/gtg_ao/gtg_ao.egg-info/top_level.txt
[0.703s] reading manifest file '../../build/gtg_ao/gtg_ao.egg-info/SOURCES.txt'
[0.704s] writing manifest file '../../build/gtg_ao/gtg_ao.egg-info/SOURCES.txt'
[0.704s] running build
[0.704s] running build_py
[0.704s] copying gtg_ao/avoid_obstacles.py -> /home/robertog/ros2_ws/build/gtg_ao/build/lib/gtg_ao
[0.704s] copying gtg_ao/go_to_goal.py -> /home/robertog/ros2_ws/build/gtg_ao/build/lib/gtg_ao
[0.704s] running install
[0.704s] running install_lib
[0.705s] copying /home/robertog/ros2_ws/build/gtg_ao/build/lib/gtg_ao/avoid_obstacles.py -> /home/robertog/ros2_ws/install/gtg_ao/lib/python3.10/site-packages/gtg_ao
[0.705s] copying /home/robertog/ros2_ws/build/gtg_ao/build/lib/gtg_ao/go_to_goal.py -> /home/robertog/ros2_ws/install/gtg_ao/lib/python3.10/site-packages/gtg_ao
[0.706s] byte-compiling /home/robertog/ros2_ws/install/gtg_ao/lib/python3.10/site-packages/gtg_ao/avoid_obstacles.py to avoid_obstacles.cpython-310.pyc
[0.706s] byte-compiling /home/robertog/ros2_ws/install/gtg_ao/lib/python3.10/site-packages/gtg_ao/go_to_goal.py to go_to_goal.cpython-310.pyc
[0.707s] running install_data
[0.707s] running install_egg_info
[0.708s] removing '/home/robertog/ros2_ws/install/gtg_ao/lib/python3.10/site-packages/gtg_ao-0.0.0-py3.10.egg-info' (and everything under it)
[0.709s] Copying ../../build/gtg_ao/gtg_ao.egg-info to /home/robertog/ros2_ws/install/gtg_ao/lib/python3.10/site-packages/gtg_ao-0.0.0-py3.10.egg-info
[0.709s] running install_scripts
[0.725s] Installing avoid_obstacles script to /home/robertog/ros2_ws/install/gtg_ao/lib/gtg_ao
[0.726s] Installing go_to_goal script to /home/robertog/ros2_ws/install/gtg_ao/lib/gtg_ao
[0.726s] writing list of installed files to '/home/robertog/ros2_ws/build/gtg_ao/install.log'
[0.744s] Invoked command in '/home/robertog/ros2_ws/src/gtg_ao' returned '0': PYTHONPATH=/home/robertog/ros2_ws/build/gtg_ao/prefix_override:/home/robertog/ros2_ws/install/gtg_ao/lib/python3.10/site-packages:${PYTHONPATH} /usr/bin/python3 -W ignore:setup.py install is deprecated setup.py egg_info --egg-base ../../build/gtg_ao build --build-base /home/robertog/ros2_ws/build/gtg_ao/build install --record /home/robertog/ros2_ws/build/gtg_ao/install.log --single-version-externally-managed install_data
