running egg_info
creating ../../build/mini1_checo/mini1_checo.egg-info
writing ../../build/mini1_checo/mini1_checo.egg-info/PKG-INFO
writing dependency_links to ../../build/mini1_checo/mini1_checo.egg-info/dependency_links.txt
writing entry points to ../../build/mini1_checo/mini1_checo.egg-info/entry_points.txt
writing requirements to ../../build/mini1_checo/mini1_checo.egg-info/requires.txt
writing top-level names to ../../build/mini1_checo/mini1_checo.egg-info/top_level.txt
writing manifest file '../../build/mini1_checo/mini1_checo.egg-info/SOURCES.txt'
reading manifest file '../../build/mini1_checo/mini1_checo.egg-info/SOURCES.txt'
writing manifest file '../../build/mini1_checo/mini1_checo.egg-info/SOURCES.txt'
running build
running build_py
creating /home/robertog/ros2_ws/build/mini1_checo/build
creating /home/robertog/ros2_ws/build/mini1_checo/build/lib
creating /home/robertog/ros2_ws/build/mini1_checo/build/lib/mini1_checo
copying mini1_checo/__init__.py -> /home/robertog/ros2_ws/build/mini1_checo/build/lib/mini1_checo
copying mini1_checo/signal_generator.py -> /home/robertog/ros2_ws/build/mini1_checo/build/lib/mini1_checo
running install
running install_lib
creating /home/robertog/ros2_ws/install/mini1_checo/lib/python3.10/site-packages/mini1_checo
copying /home/robertog/ros2_ws/build/mini1_checo/build/lib/mini1_checo/__init__.py -> /home/robertog/ros2_ws/install/mini1_checo/lib/python3.10/site-packages/mini1_checo
copying /home/robertog/ros2_ws/build/mini1_checo/build/lib/mini1_checo/signal_generator.py -> /home/robertog/ros2_ws/install/mini1_checo/lib/python3.10/site-packages/mini1_checo
byte-compiling /home/robertog/ros2_ws/install/mini1_checo/lib/python3.10/site-packages/mini1_checo/__init__.py to __init__.cpython-310.pyc
byte-compiling /home/robertog/ros2_ws/install/mini1_checo/lib/python3.10/site-packages/mini1_checo/signal_generator.py to signal_generator.cpython-310.pyc
running install_data
creating /home/robertog/ros2_ws/install/mini1_checo/share/ament_index
creating /home/robertog/ros2_ws/install/mini1_checo/share/ament_index/resource_index
creating /home/robertog/ros2_ws/install/mini1_checo/share/ament_index/resource_index/packages
copying resource/mini1_checo -> /home/robertog/ros2_ws/install/mini1_checo/share/ament_index/resource_index/packages
copying package.xml -> /home/robertog/ros2_ws/install/mini1_checo/share/mini1_checo
running install_egg_info
Copying ../../build/mini1_checo/mini1_checo.egg-info to /home/robertog/ros2_ws/install/mini1_checo/lib/python3.10/site-packages/mini1_checo-0.0.0-py3.10.egg-info
running install_scripts
Installing signal_generator script to /home/robertog/ros2_ws/install/mini1_checo/lib/mini1_checo
writing list of installed files to '/home/robertog/ros2_ws/build/mini1_checo/install.log'
