running egg_info
writing ../../build/minichallenge4/minichallenge4.egg-info/PKG-INFO
writing dependency_links to ../../build/minichallenge4/minichallenge4.egg-info/dependency_links.txt
writing entry points to ../../build/minichallenge4/minichallenge4.egg-info/entry_points.txt
writing requirements to ../../build/minichallenge4/minichallenge4.egg-info/requires.txt
writing top-level names to ../../build/minichallenge4/minichallenge4.egg-info/top_level.txt
reading manifest file '../../build/minichallenge4/minichallenge4.egg-info/SOURCES.txt'
adding license file 'LICENSE'
writing manifest file '../../build/minichallenge4/minichallenge4.egg-info/SOURCES.txt'
running build
running build_py
copying minichallenge4/traffic_lights.py -> /home/robertog/ros2_ws/build/minichallenge4/build/lib/minichallenge4
running install
running install_lib
copying /home/robertog/ros2_ws/build/minichallenge4/build/lib/minichallenge4/traffic_lights.py -> /home/robertog/ros2_ws/install/minichallenge4/lib/python3.10/site-packages/minichallenge4
byte-compiling /home/robertog/ros2_ws/install/minichallenge4/lib/python3.10/site-packages/minichallenge4/traffic_lights.py to traffic_lights.cpython-310.pyc
running install_data
running install_egg_info
removing '/home/robertog/ros2_ws/install/minichallenge4/lib/python3.10/site-packages/minichallenge4-0.0.0-py3.10.egg-info' (and everything under it)
Copying ../../build/minichallenge4/minichallenge4.egg-info to /home/robertog/ros2_ws/install/minichallenge4/lib/python3.10/site-packages/minichallenge4-0.0.0-py3.10.egg-info
running install_scripts
Installing traffic_lights script to /home/robertog/ros2_ws/install/minichallenge4/lib/minichallenge4
writing list of installed files to '/home/robertog/ros2_ws/build/minichallenge4/install.log'
