[0.467s] Invoking command in '/home/robertog/ros2_ws/src/minichallenge4_bueno': PYTHONPATH=/home/robertog/ros2_ws/build/minichallenge4_bueno/prefix_override:/home/robertog/ros2_ws/install/minichallenge4_bueno/lib/python3.10/site-packages:${PYTHONPATH} /usr/bin/python3 -W ignore:setup.py install is deprecated setup.py egg_info --egg-base ../../build/minichallenge4_bueno build --build-base /home/robertog/ros2_ws/build/minichallenge4_bueno/build install --record /home/robertog/ros2_ws/build/minichallenge4_bueno/install.log --single-version-externally-managed install_data
[0.655s] running egg_info
[0.656s] writing ../../build/minichallenge4_bueno/minichallenge4_bueno.egg-info/PKG-INFO
[0.656s] writing dependency_links to ../../build/minichallenge4_bueno/minichallenge4_bueno.egg-info/dependency_links.txt
[0.656s] writing entry points to ../../build/minichallenge4_bueno/minichallenge4_bueno.egg-info/entry_points.txt
[0.656s] writing requirements to ../../build/minichallenge4_bueno/minichallenge4_bueno.egg-info/requires.txt
[0.656s] writing top-level names to ../../build/minichallenge4_bueno/minichallenge4_bueno.egg-info/top_level.txt
[0.657s] reading manifest file '../../build/minichallenge4_bueno/minichallenge4_bueno.egg-info/SOURCES.txt'
[0.658s] writing manifest file '../../build/minichallenge4_bueno/minichallenge4_bueno.egg-info/SOURCES.txt'
[0.658s] running build
[0.658s] running build_py
[0.658s] copying minichallenge4_bueno/traffic_lights.py -> /home/robertog/ros2_ws/build/minichallenge4_bueno/build/lib/minichallenge4_bueno
[0.659s] running install
[0.659s] running install_lib
[0.659s] copying /home/robertog/ros2_ws/build/minichallenge4_bueno/build/lib/minichallenge4_bueno/traffic_lights.py -> /home/robertog/ros2_ws/install/minichallenge4_bueno/lib/python3.10/site-packages/minichallenge4_bueno
[0.660s] byte-compiling /home/robertog/ros2_ws/install/minichallenge4_bueno/lib/python3.10/site-packages/minichallenge4_bueno/traffic_lights.py to traffic_lights.cpython-310.pyc
[0.661s] running install_data
[0.661s] running install_egg_info
[0.662s] removing '/home/robertog/ros2_ws/install/minichallenge4_bueno/lib/python3.10/site-packages/minichallenge4_bueno-0.0.0-py3.10.egg-info' (and everything under it)
[0.662s] Copying ../../build/minichallenge4_bueno/minichallenge4_bueno.egg-info to /home/robertog/ros2_ws/install/minichallenge4_bueno/lib/python3.10/site-packages/minichallenge4_bueno-0.0.0-py3.10.egg-info
[0.663s] running install_scripts
[0.678s] Installing controller script to /home/robertog/ros2_ws/install/minichallenge4_bueno/lib/minichallenge4_bueno
[0.678s] Installing traffic_lights script to /home/robertog/ros2_ws/install/minichallenge4_bueno/lib/minichallenge4_bueno
[0.679s] writing list of installed files to '/home/robertog/ros2_ws/build/minichallenge4_bueno/install.log'
[0.696s] Invoked command in '/home/robertog/ros2_ws/src/minichallenge4_bueno' returned '0': PYTHONPATH=/home/robertog/ros2_ws/build/minichallenge4_bueno/prefix_override:/home/robertog/ros2_ws/install/minichallenge4_bueno/lib/python3.10/site-packages:${PYTHONPATH} /usr/bin/python3 -W ignore:setup.py install is deprecated setup.py egg_info --egg-base ../../build/minichallenge4_bueno build --build-base /home/robertog/ros2_ws/build/minichallenge4_bueno/build install --record /home/robertog/ros2_ws/build/minichallenge4_bueno/install.log --single-version-externally-managed install_data
