[2.960s] Invoking command in '/home/robertog/ros2_ws/src/minichallenge5': PYTHONPATH=/home/robertog/ros2_ws/build/minichallenge5/prefix_override:/home/robertog/ros2_ws/install/minichallenge5/lib/python3.10/site-packages:${PYTHONPATH} /usr/bin/python3 -W ignore:setup.py install is deprecated setup.py egg_info --egg-base ../../build/minichallenge5 build --build-base /home/robertog/ros2_ws/build/minichallenge5/build install --record /home/robertog/ros2_ws/build/minichallenge5/install.log --single-version-externally-managed install_data
[3.382s] running egg_info
[3.384s] writing ../../build/minichallenge5/minichallenge5.egg-info/PKG-INFO
[3.384s] writing dependency_links to ../../build/minichallenge5/minichallenge5.egg-info/dependency_links.txt
[3.385s] writing entry points to ../../build/minichallenge5/minichallenge5.egg-info/entry_points.txt
[3.385s] writing requirements to ../../build/minichallenge5/minichallenge5.egg-info/requires.txt
[3.385s] writing top-level names to ../../build/minichallenge5/minichallenge5.egg-info/top_level.txt
[3.390s] reading manifest file '../../build/minichallenge5/minichallenge5.egg-info/SOURCES.txt'
[3.396s] writing manifest file '../../build/minichallenge5/minichallenge5.egg-info/SOURCES.txt'
[3.396s] running build
[3.396s] running build_py
[3.396s] copying minichallenge5/traffic_lights.py -> /home/robertog/ros2_ws/build/minichallenge5/build/lib/minichallenge5
[3.408s] running install
[3.409s] running install_lib
[3.444s] copying /home/robertog/ros2_ws/build/minichallenge5/build/lib/minichallenge5/traffic_lights.py -> /home/robertog/ros2_ws/install/minichallenge5/lib/python3.10/site-packages/minichallenge5
[3.447s] byte-compiling /home/robertog/ros2_ws/install/minichallenge5/lib/python3.10/site-packages/minichallenge5/traffic_lights.py to traffic_lights.cpython-310.pyc
[3.461s] running install_data
[3.464s] running install_egg_info
[3.470s] removing '/home/robertog/ros2_ws/install/minichallenge5/lib/python3.10/site-packages/minichallenge5-0.0.0-py3.10.egg-info' (and everything under it)
[3.478s] Copying ../../build/minichallenge5/minichallenge5.egg-info to /home/robertog/ros2_ws/install/minichallenge5/lib/python3.10/site-packages/minichallenge5-0.0.0-py3.10.egg-info
[3.481s] running install_scripts
[3.544s] Installing line_follower script to /home/robertog/ros2_ws/install/minichallenge5/lib/minichallenge5
[3.545s] Installing traffic_lights script to /home/robertog/ros2_ws/install/minichallenge5/lib/minichallenge5
[3.545s] writing list of installed files to '/home/robertog/ros2_ws/build/minichallenge5/install.log'
[3.909s] Invoked command in '/home/robertog/ros2_ws/src/minichallenge5' returned '0': PYTHONPATH=/home/robertog/ros2_ws/build/minichallenge5/prefix_override:/home/robertog/ros2_ws/install/minichallenge5/lib/python3.10/site-packages:${PYTHONPATH} /usr/bin/python3 -W ignore:setup.py install is deprecated setup.py egg_info --egg-base ../../build/minichallenge5 build --build-base /home/robertog/ros2_ws/build/minichallenge5/build install --record /home/robertog/ros2_ws/build/minichallenge5/install.log --single-version-externally-managed install_data
