[0.481s] Invoking command in '/home/robertog/ros2_ws/src/gtg_ao': PYTHONPATH=/home/robertog/ros2_ws/build/gtg_ao/prefix_override:/home/robertog/ros2_ws/install/gtg_ao/lib/python3.10/site-packages:${PYTHONPATH} /usr/bin/python3 -W ignore:setup.py install is deprecated setup.py egg_info --egg-base ../../build/gtg_ao build --build-base /home/robertog/ros2_ws/build/gtg_ao/build install --record /home/robertog/ros2_ws/build/gtg_ao/install.log --single-version-externally-managed install_data
[0.669s] running egg_info
[0.670s] writing ../../build/gtg_ao/gtg_ao.egg-info/PKG-INFO
[0.671s] writing dependency_links to ../../build/gtg_ao/gtg_ao.egg-info/dependency_links.txt
[0.671s] writing entry points to ../../build/gtg_ao/gtg_ao.egg-info/entry_points.txt
[0.671s] writing requirements to ../../build/gtg_ao/gtg_ao.egg-info/requires.txt
[0.671s] writing top-level names to ../../build/gtg_ao/gtg_ao.egg-info/top_level.txt
[0.672s] reading manifest file '../../build/gtg_ao/gtg_ao.egg-info/SOURCES.txt'
[0.673s] writing manifest file '../../build/gtg_ao/gtg_ao.egg-info/SOURCES.txt'
[0.673s] running build
[0.673s] running build_py
[0.674s] copying gtg_ao/avoid_obstacles.py -> /home/robertog/ros2_ws/build/gtg_ao/build/lib/gtg_ao
[0.674s] running install
[0.674s] running install_lib
[0.675s] copying /home/robertog/ros2_ws/build/gtg_ao/build/lib/gtg_ao/avoid_obstacles.py -> /home/robertog/ros2_ws/install/gtg_ao/lib/python3.10/site-packages/gtg_ao
[0.675s] byte-compiling /home/robertog/ros2_ws/install/gtg_ao/lib/python3.10/site-packages/gtg_ao/avoid_obstacles.py to avoid_obstacles.cpython-310.pyc
[0.676s] running install_data
[0.677s] running install_egg_info
[0.678s] removing '/home/robertog/ros2_ws/install/gtg_ao/lib/python3.10/site-packages/gtg_ao-0.0.0-py3.10.egg-info' (and everything under it)
[0.678s] Copying ../../build/gtg_ao/gtg_ao.egg-info to /home/robertog/ros2_ws/install/gtg_ao/lib/python3.10/site-packages/gtg_ao-0.0.0-py3.10.egg-info
[0.679s] running install_scripts
[0.694s] Installing avoid_obstacles script to /home/robertog/ros2_ws/install/gtg_ao/lib/gtg_ao
[0.694s] Installing go_to_goal script to /home/robertog/ros2_ws/install/gtg_ao/lib/gtg_ao
[0.695s] writing list of installed files to '/home/robertog/ros2_ws/build/gtg_ao/install.log'
[0.711s] Invoked command in '/home/robertog/ros2_ws/src/gtg_ao' returned '0': PYTHONPATH=/home/robertog/ros2_ws/build/gtg_ao/prefix_override:/home/robertog/ros2_ws/install/gtg_ao/lib/python3.10/site-packages:${PYTHONPATH} /usr/bin/python3 -W ignore:setup.py install is deprecated setup.py egg_info --egg-base ../../build/gtg_ao build --build-base /home/robertog/ros2_ws/build/gtg_ao/build install --record /home/robertog/ros2_ws/build/gtg_ao/install.log --single-version-externally-managed install_data
