/home/robertog/ros2_ws/install/mobile_robotics/lib/python3.10/site-packages/mobile_robotics/ros_color_tracker.py
/home/robertog/ros2_ws/install/mobile_robotics/lib/python3.10/site-packages/mobile_robotics/__init__.py
/home/robertog/ros2_ws/install/mobile_robotics/lib/python3.10/site-packages/mobile_robotics/test_node.py
/home/robertog/ros2_ws/install/mobile_robotics/lib/python3.10/site-packages/mobile_robotics/laser_scan_subscriber.py
/home/robertog/ros2_ws/install/mobile_robotics/lib/python3.10/site-packages/mobile_robotics/avoid_obstacles_2.py
/home/robertog/ros2_ws/install/mobile_robotics/lib/python3.10/site-packages/mobile_robotics/avoid_obstacles.py
/home/robertog/ros2_ws/install/mobile_robotics/lib/python3.10/site-packages/mobile_robotics/following_walls.py
/home/robertog/ros2_ws/install/mobile_robotics/lib/python3.10/site-packages/mobile_robotics/follower.py
/home/robertog/ros2_ws/install/mobile_robotics/lib/python3.10/site-packages/mobile_robotics/real_camera.py
/home/robertog/ros2_ws/install/mobile_robotics/lib/python3.10/site-packages/mobile_robotics/__pycache__/ros_color_tracker.cpython-310.pyc
/home/robertog/ros2_ws/install/mobile_robotics/lib/python3.10/site-packages/mobile_robotics/__pycache__/__init__.cpython-310.pyc
/home/robertog/ros2_ws/install/mobile_robotics/lib/python3.10/site-packages/mobile_robotics/__pycache__/test_node.cpython-310.pyc
/home/robertog/ros2_ws/install/mobile_robotics/lib/python3.10/site-packages/mobile_robotics/__pycache__/laser_scan_subscriber.cpython-310.pyc
/home/robertog/ros2_ws/install/mobile_robotics/lib/python3.10/site-packages/mobile_robotics/__pycache__/avoid_obstacles_2.cpython-310.pyc
/home/robertog/ros2_ws/install/mobile_robotics/lib/python3.10/site-packages/mobile_robotics/__pycache__/avoid_obstacles.cpython-310.pyc
/home/robertog/ros2_ws/install/mobile_robotics/lib/python3.10/site-packages/mobile_robotics/__pycache__/following_walls.cpython-310.pyc
/home/robertog/ros2_ws/install/mobile_robotics/lib/python3.10/site-packages/mobile_robotics/__pycache__/follower.cpython-310.pyc
/home/robertog/ros2_ws/install/mobile_robotics/lib/python3.10/site-packages/mobile_robotics/__pycache__/real_camera.cpython-310.pyc
/home/robertog/ros2_ws/install/mobile_robotics/share/ament_index/resource_index/packages/mobile_robotics
/home/robertog/ros2_ws/install/mobile_robotics/share/mobile_robotics/package.xml
/home/robertog/ros2_ws/install/mobile_robotics/lib/python3.10/site-packages/mobile_robotics-0.0.0-py3.10.egg-info/requires.txt
/home/robertog/ros2_ws/install/mobile_robotics/lib/python3.10/site-packages/mobile_robotics-0.0.0-py3.10.egg-info/entry_points.txt
/home/robertog/ros2_ws/install/mobile_robotics/lib/python3.10/site-packages/mobile_robotics-0.0.0-py3.10.egg-info/top_level.txt
/home/robertog/ros2_ws/install/mobile_robotics/lib/python3.10/site-packages/mobile_robotics-0.0.0-py3.10.egg-info/dependency_links.txt
/home/robertog/ros2_ws/install/mobile_robotics/lib/python3.10/site-packages/mobile_robotics-0.0.0-py3.10.egg-info/zip-safe
/home/robertog/ros2_ws/install/mobile_robotics/lib/python3.10/site-packages/mobile_robotics-0.0.0-py3.10.egg-info/PKG-INFO
/home/robertog/ros2_ws/install/mobile_robotics/lib/python3.10/site-packages/mobile_robotics-0.0.0-py3.10.egg-info/SOURCES.txt
/home/robertog/ros2_ws/install/mobile_robotics/lib/mobile_robotics/follower
/home/robertog/ros2_ws/install/mobile_robotics/lib/mobile_robotics/ros_color_tracker
/home/robertog/ros2_ws/install/mobile_robotics/lib/mobile_robotics/test_node
