[0.959s] Invoking command in '/home/robertog/ros2_ws/src/gtg_behavior': PYTHONPATH=/home/robertog/ros2_ws/build/gtg_behavior/prefix_override:/home/robertog/ros2_ws/install/gtg_behavior/lib/python3.10/site-packages:${PYTHONPATH} /usr/bin/python3 -W ignore:setup.py install is deprecated setup.py egg_info --egg-base ../../build/gtg_behavior build --build-base /home/robertog/ros2_ws/build/gtg_behavior/build install --record /home/robertog/ros2_ws/build/gtg_behavior/install.log --single-version-externally-managed install_data
[1.335s] running egg_info
[1.336s] writing ../../build/gtg_behavior/gtg_behavior.egg-info/PKG-INFO
[1.337s] writing dependency_links to ../../build/gtg_behavior/gtg_behavior.egg-info/dependency_links.txt
[1.337s] writing entry points to ../../build/gtg_behavior/gtg_behavior.egg-info/entry_points.txt
[1.337s] writing requirements to ../../build/gtg_behavior/gtg_behavior.egg-info/requires.txt
[1.337s] writing top-level names to ../../build/gtg_behavior/gtg_behavior.egg-info/top_level.txt
[1.339s] reading manifest file '../../build/gtg_behavior/gtg_behavior.egg-info/SOURCES.txt'
[1.341s] writing manifest file '../../build/gtg_behavior/gtg_behavior.egg-info/SOURCES.txt'
[1.341s] running build
[1.341s] running build_py
[1.341s] running install
[1.342s] running install_lib
[1.344s] running install_data
[1.344s] copying config/params.yaml -> /home/robertog/ros2_ws/install/gtg_behavior/share/gtg_behavior/config
[1.344s] running install_egg_info
[1.347s] removing '/home/robertog/ros2_ws/install/gtg_behavior/lib/python3.10/site-packages/gtg_behavior-0.0.0-py3.10.egg-info' (and everything under it)
[1.348s] Copying ../../build/gtg_behavior/gtg_behavior.egg-info to /home/robertog/ros2_ws/install/gtg_behavior/lib/python3.10/site-packages/gtg_behavior-0.0.0-py3.10.egg-info
[1.349s] running install_scripts
[1.378s] Installing go_to_goal script to /home/robertog/ros2_ws/install/gtg_behavior/lib/gtg_behavior
[1.378s] writing list of installed files to '/home/robertog/ros2_ws/build/gtg_behavior/install.log'
[1.424s] Invoked command in '/home/robertog/ros2_ws/src/gtg_behavior' returned '0': PYTHONPATH=/home/robertog/ros2_ws/build/gtg_behavior/prefix_override:/home/robertog/ros2_ws/install/gtg_behavior/lib/python3.10/site-packages:${PYTHONPATH} /usr/bin/python3 -W ignore:setup.py install is deprecated setup.py egg_info --egg-base ../../build/gtg_behavior build --build-base /home/robertog/ros2_ws/build/gtg_behavior/build install --record /home/robertog/ros2_ws/build/gtg_behavior/install.log --single-version-externally-managed install_data
