[4.645s] Invoking command in '/home/robertog/ros2_ws/src/minichallenge4': PYTHONPATH=/home/robertog/ros2_ws/build/minichallenge4/prefix_override:/home/robertog/ros2_ws/install/minichallenge4/lib/python3.10/site-packages:${PYTHONPATH} /usr/bin/python3 -W ignore:setup.py install is deprecated setup.py egg_info --egg-base ../../build/minichallenge4 build --build-base /home/robertog/ros2_ws/build/minichallenge4/build install --record /home/robertog/ros2_ws/build/minichallenge4/install.log --single-version-externally-managed install_data
[5.177s] running egg_info
[5.179s] writing ../../build/minichallenge4/minichallenge4.egg-info/PKG-INFO
[5.180s] writing dependency_links to ../../build/minichallenge4/minichallenge4.egg-info/dependency_links.txt
[5.181s] writing entry points to ../../build/minichallenge4/minichallenge4.egg-info/entry_points.txt
[5.181s] writing requirements to ../../build/minichallenge4/minichallenge4.egg-info/requires.txt
[5.182s] writing top-level names to ../../build/minichallenge4/minichallenge4.egg-info/top_level.txt
[5.188s] reading manifest file '../../build/minichallenge4/minichallenge4.egg-info/SOURCES.txt'
[5.189s] adding license file 'LICENSE'
[5.189s] writing manifest file '../../build/minichallenge4/minichallenge4.egg-info/SOURCES.txt'
[5.189s] running build
[5.190s] running build_py
[5.191s] running install
[5.191s] running install_lib
[5.198s] running install_data
[5.205s] running install_egg_info
[5.217s] removing '/home/robertog/ros2_ws/install/minichallenge4/lib/python3.10/site-packages/minichallenge4-0.0.0-py3.10.egg-info' (and everything under it)
[5.217s] Copying ../../build/minichallenge4/minichallenge4.egg-info to /home/robertog/ros2_ws/install/minichallenge4/lib/python3.10/site-packages/minichallenge4-0.0.0-py3.10.egg-info
[5.217s] running install_scripts
[5.262s] Installing controller script to /home/robertog/ros2_ws/install/minichallenge4/lib/minichallenge4
[5.263s] Installing traffic_lights script to /home/robertog/ros2_ws/install/minichallenge4/lib/minichallenge4
[5.264s] writing list of installed files to '/home/robertog/ros2_ws/build/minichallenge4/install.log'
[5.775s] Invoked command in '/home/robertog/ros2_ws/src/minichallenge4' returned '0': PYTHONPATH=/home/robertog/ros2_ws/build/minichallenge4/prefix_override:/home/robertog/ros2_ws/install/minichallenge4/lib/python3.10/site-packages:${PYTHONPATH} /usr/bin/python3 -W ignore:setup.py install is deprecated setup.py egg_info --egg-base ../../build/minichallenge4 build --build-base /home/robertog/ros2_ws/build/minichallenge4/build install --record /home/robertog/ros2_ws/build/minichallenge4/install.log --single-version-externally-managed install_data
