[0.828s] Invoking command in '/home/robertog/ros2_ws/src/GTG_AO': PYTHONPATH=/home/robertog/ros2_ws/build/GTG_AO/prefix_override:/home/robertog/ros2_ws/install/GTG_AO/lib/python3.10/site-packages:${PYTHONPATH} /usr/bin/python3 -W ignore:setup.py install is deprecated setup.py egg_info --egg-base ../../build/GTG_AO build --build-base /home/robertog/ros2_ws/build/GTG_AO/build install --record /home/robertog/ros2_ws/build/GTG_AO/install.log --single-version-externally-managed install_data
[1.153s] running egg_info
[1.153s] writing ../../build/GTG_AO/GTG_AO.egg-info/PKG-INFO
[1.153s] writing dependency_links to ../../build/GTG_AO/GTG_AO.egg-info/dependency_links.txt
[1.154s] writing entry points to ../../build/GTG_AO/GTG_AO.egg-info/entry_points.txt
[1.154s] writing requirements to ../../build/GTG_AO/GTG_AO.egg-info/requires.txt
[1.154s] writing top-level names to ../../build/GTG_AO/GTG_AO.egg-info/top_level.txt
[1.156s] reading manifest file '../../build/GTG_AO/GTG_AO.egg-info/SOURCES.txt'
[1.157s] writing manifest file '../../build/GTG_AO/GTG_AO.egg-info/SOURCES.txt'
[1.157s] running build
[1.157s] running build_py
[1.158s] running install
[1.158s] running install_lib
[1.160s] running install_data
[1.160s] copying package.xml -> /home/robertog/ros2_ws/install/GTG_AO/share/GTG_AO
[1.160s] running install_egg_info
[1.163s] removing '/home/robertog/ros2_ws/install/GTG_AO/lib/python3.10/site-packages/GTG_AO-0.0.0-py3.10.egg-info' (and everything under it)
[1.163s] Copying ../../build/GTG_AO/GTG_AO.egg-info to /home/robertog/ros2_ws/install/GTG_AO/lib/python3.10/site-packages/GTG_AO-0.0.0-py3.10.egg-info
[1.164s] running install_scripts
[1.193s] Installing avoid_obstacles script to /home/robertog/ros2_ws/install/GTG_AO/lib/GTG_AO
[1.193s] writing list of installed files to '/home/robertog/ros2_ws/build/GTG_AO/install.log'
[1.229s] Invoked command in '/home/robertog/ros2_ws/src/GTG_AO' returned '0': PYTHONPATH=/home/robertog/ros2_ws/build/GTG_AO/prefix_override:/home/robertog/ros2_ws/install/GTG_AO/lib/python3.10/site-packages:${PYTHONPATH} /usr/bin/python3 -W ignore:setup.py install is deprecated setup.py egg_info --egg-base ../../build/GTG_AO build --build-base /home/robertog/ros2_ws/build/GTG_AO/build install --record /home/robertog/ros2_ws/build/GTG_AO/install.log --single-version-externally-managed install_data
