[4.093s] Invoking command in '/home/robertog/ros2_ws/src/minichallenge4_bueno': PYTHONPATH=/home/robertog/ros2_ws/build/minichallenge4_bueno/prefix_override:/home/robertog/ros2_ws/install/minichallenge4_bueno/lib/python3.10/site-packages:${PYTHONPATH} /usr/bin/python3 -W ignore:setup.py install is deprecated setup.py egg_info --egg-base ../../build/minichallenge4_bueno build --build-base /home/robertog/ros2_ws/build/minichallenge4_bueno/build install --record /home/robertog/ros2_ws/build/minichallenge4_bueno/install.log --single-version-externally-managed install_data
[4.558s] running egg_info
[4.560s] writing ../../build/minichallenge4_bueno/minichallenge4_bueno.egg-info/PKG-INFO
[4.560s] writing dependency_links to ../../build/minichallenge4_bueno/minichallenge4_bueno.egg-info/dependency_links.txt
[4.561s] writing entry points to ../../build/minichallenge4_bueno/minichallenge4_bueno.egg-info/entry_points.txt
[4.561s] writing requirements to ../../build/minichallenge4_bueno/minichallenge4_bueno.egg-info/requires.txt
[4.562s] writing top-level names to ../../build/minichallenge4_bueno/minichallenge4_bueno.egg-info/top_level.txt
[4.566s] reading manifest file '../../build/minichallenge4_bueno/minichallenge4_bueno.egg-info/SOURCES.txt'
[4.571s] writing manifest file '../../build/minichallenge4_bueno/minichallenge4_bueno.egg-info/SOURCES.txt'
[4.571s] running build
[4.571s] running build_py
[4.572s] running install
[4.573s] running install_lib
[4.579s] running install_data
[4.579s] running install_egg_info
[4.582s] removing '/home/robertog/ros2_ws/install/minichallenge4_bueno/lib/python3.10/site-packages/minichallenge4_bueno-0.0.0-py3.10.egg-info' (and everything under it)
[4.588s] Copying ../../build/minichallenge4_bueno/minichallenge4_bueno.egg-info to /home/robertog/ros2_ws/install/minichallenge4_bueno/lib/python3.10/site-packages/minichallenge4_bueno-0.0.0-py3.10.egg-info
[4.591s] running install_scripts
[4.652s] Installing controller script to /home/robertog/ros2_ws/install/minichallenge4_bueno/lib/minichallenge4_bueno
[4.652s] Installing traffic_lights script to /home/robertog/ros2_ws/install/minichallenge4_bueno/lib/minichallenge4_bueno
[4.652s] writing list of installed files to '/home/robertog/ros2_ws/build/minichallenge4_bueno/install.log'
[5.005s] Invoked command in '/home/robertog/ros2_ws/src/minichallenge4_bueno' returned '0': PYTHONPATH=/home/robertog/ros2_ws/build/minichallenge4_bueno/prefix_override:/home/robertog/ros2_ws/install/minichallenge4_bueno/lib/python3.10/site-packages:${PYTHONPATH} /usr/bin/python3 -W ignore:setup.py install is deprecated setup.py egg_info --egg-base ../../build/minichallenge4_bueno build --build-base /home/robertog/ros2_ws/build/minichallenge4_bueno/build install --record /home/robertog/ros2_ws/build/minichallenge4_bueno/install.log --single-version-externally-managed install_data
