[0.514s] Invoking command in '/home/robertog/ros2_ws/src/learning_tf2': PYTHONPATH=/home/robertog/ros2_ws/build/learning_tf2/prefix_override:/home/robertog/ros2_ws/install/learning_tf2/lib/python3.10/site-packages:${PYTHONPATH} /usr/bin/python3 -W ignore:setup.py install is deprecated setup.py egg_info --egg-base ../../build/learning_tf2 build --build-base /home/robertog/ros2_ws/build/learning_tf2/build install --record /home/robertog/ros2_ws/build/learning_tf2/install.log --single-version-externally-managed install_data
[0.727s] running egg_info
[0.727s] writing ../../build/learning_tf2/learning_tf2.egg-info/PKG-INFO
[0.727s] writing dependency_links to ../../build/learning_tf2/learning_tf2.egg-info/dependency_links.txt
[0.728s] writing entry points to ../../build/learning_tf2/learning_tf2.egg-info/entry_points.txt
[0.728s] writing requirements to ../../build/learning_tf2/learning_tf2.egg-info/requires.txt
[0.728s] writing top-level names to ../../build/learning_tf2/learning_tf2.egg-info/top_level.txt
[0.729s] reading manifest file '../../build/learning_tf2/learning_tf2.egg-info/SOURCES.txt'
[0.730s] writing manifest file '../../build/learning_tf2/learning_tf2.egg-info/SOURCES.txt'
[0.730s] running build
[0.730s] running build_py
[0.730s] running install
[0.730s] running install_lib
[0.731s] running install_data
[0.732s] copying launch/homework.launch.py -> /home/robertog/ros2_ws/install/learning_tf2/share/learning_tf2/launch
[0.732s] running install_egg_info
[0.733s] removing '/home/robertog/ros2_ws/install/learning_tf2/lib/python3.10/site-packages/learning_tf2-0.0.0-py3.10.egg-info' (and everything under it)
[0.733s] Copying ../../build/learning_tf2/learning_tf2.egg-info to /home/robertog/ros2_ws/install/learning_tf2/lib/python3.10/site-packages/learning_tf2-0.0.0-py3.10.egg-info
[0.734s] running install_scripts
[0.750s] Installing test_node script to /home/robertog/ros2_ws/install/learning_tf2/lib/learning_tf2
[0.750s] writing list of installed files to '/home/robertog/ros2_ws/build/learning_tf2/install.log'
[0.769s] Invoked command in '/home/robertog/ros2_ws/src/learning_tf2' returned '0': PYTHONPATH=/home/robertog/ros2_ws/build/learning_tf2/prefix_override:/home/robertog/ros2_ws/install/learning_tf2/lib/python3.10/site-packages:${PYTHONPATH} /usr/bin/python3 -W ignore:setup.py install is deprecated setup.py egg_info --egg-base ../../build/learning_tf2 build --build-base /home/robertog/ros2_ws/build/learning_tf2/build install --record /home/robertog/ros2_ws/build/learning_tf2/install.log --single-version-externally-managed install_data
