[0.070s] Invoking command in '/home/robertog/ros2_ws/build/yolo_msg': CMAKE_PREFIX_PATH=/opt/ros/humble /usr/bin/cmake --build /home/robertog/ros2_ws/build/yolo_msg -- -j12 -l12
[3.035s] [  7%] Built target yolo_msg__cpp
[3.036s] [ 12%] Built target yolo_msg__rosidl_generator_c
[3.036s] [ 12%] Built target ament_cmake_python_copy_yolo_msg
[3.036s] [ 56%] Built target yolo_msg__rosidl_typesupport_c
[3.036s] [ 56%] Built target yolo_msg__rosidl_typesupport_cpp
[3.036s] [ 56%] Built target yolo_msg__rosidl_typesupport_fastrtps_c
[3.036s] [ 56%] Built target yolo_msg__rosidl_typesupport_introspection_cpp
[3.036s] [ 64%] Built target yolo_msg__rosidl_typesupport_introspection_c
[3.037s] [ 74%] Built target yolo_msg__rosidl_typesupport_fastrtps_cpp
[3.037s] [ 74%] Built target yolo_msg
[3.037s] [ 76%] Built target yolo_msg__py
[3.037s] [ 84%] Built target yolo_msg__rosidl_generator_py
[3.037s] [ 97%] Built target yolo_msg__rosidl_typesupport_introspection_c__pyext
[3.039s] [ 97%] Built target yolo_msg__rosidl_typesupport_c__pyext
[3.039s] [100%] Built target yolo_msg__rosidl_typesupport_fastrtps_c__pyext
[3.039s] running egg_info
[3.041s] writing yolo_msg.egg-info/PKG-INFO
[3.041s] writing dependency_links to yolo_msg.egg-info/dependency_links.txt
[3.042s] writing top-level names to yolo_msg.egg-info/top_level.txt
[3.042s] reading manifest file 'yolo_msg.egg-info/SOURCES.txt'
[3.043s] writing manifest file 'yolo_msg.egg-info/SOURCES.txt'
[3.043s] [100%] Built target ament_cmake_python_build_yolo_msg_egg
[3.046s] Invoked command in '/home/robertog/ros2_ws/build/yolo_msg' returned '0': CMAKE_PREFIX_PATH=/opt/ros/humble /usr/bin/cmake --build /home/robertog/ros2_ws/build/yolo_msg -- -j12 -l12
[3.196s] Invoking command in '/home/robertog/ros2_ws/build/yolo_msg': CMAKE_PREFIX_PATH=/opt/ros/humble /usr/bin/cmake --install /home/robertog/ros2_ws/build/yolo_msg
[3.213s] -- Install configuration: ""
[3.213s] -- Up-to-date: /home/robertog/ros2_ws/install/yolo_msg/share/ament_index/resource_index/rosidl_interfaces/yolo_msg
[3.213s] -- Up-to-date: /home/robertog/ros2_ws/install/yolo_msg/include/yolo_msg/yolo_msg
[3.214s] -- Up-to-date: /home/robertog/ros2_ws/install/yolo_msg/include/yolo_msg/yolo_msg/msg
[3.214s] -- Up-to-date: /home/robertog/ros2_ws/install/yolo_msg/include/yolo_msg/yolo_msg/msg/detail
[3.214s] -- Up-to-date: /home/robertog/ros2_ws/install/yolo_msg/include/yolo_msg/yolo_msg/msg/detail/yolov8_inference__type_support.h
[3.214s] -- Up-to-date: /home/robertog/ros2_ws/install/yolo_msg/include/yolo_msg/yolo_msg/msg/detail/inference_result__type_support.h
[3.215s] -- Up-to-date: /home/robertog/ros2_ws/install/yolo_msg/include/yolo_msg/yolo_msg/msg/detail/inference_result__functions.c
[3.215s] -- Up-to-date: /home/robertog/ros2_ws/install/yolo_msg/include/yolo_msg/yolo_msg/msg/detail/yolov8_inference__functions.c
[3.215s] -- Up-to-date: /home/robertog/ros2_ws/install/yolo_msg/include/yolo_msg/yolo_msg/msg/detail/inference_result__struct.h
[3.215s] -- Up-to-date: /home/robertog/ros2_ws/install/yolo_msg/include/yolo_msg/yolo_msg/msg/detail/inference_result__functions.h
[3.215s] -- Up-to-date: /home/robertog/ros2_ws/install/yolo_msg/include/yolo_msg/yolo_msg/msg/detail/yolov8_inference__functions.h
[3.215s] -- Up-to-date: /home/robertog/ros2_ws/install/yolo_msg/include/yolo_msg/yolo_msg/msg/detail/yolov8_inference__struct.h
[3.216s] -- Up-to-date: /home/robertog/ros2_ws/install/yolo_msg/include/yolo_msg/yolo_msg/msg/yolov8_inference.h
[3.216s] -- Up-to-date: /home/robertog/ros2_ws/install/yolo_msg/include/yolo_msg/yolo_msg/msg/rosidl_generator_c__visibility_control.h
[3.216s] -- Up-to-date: /home/robertog/ros2_ws/install/yolo_msg/include/yolo_msg/yolo_msg/msg/inference_result.h
[3.216s] -- Up-to-date: /home/robertog/ros2_ws/install/yolo_msg/share/yolo_msg/environment/library_path.sh
[3.216s] -- Up-to-date: /home/robertog/ros2_ws/install/yolo_msg/share/yolo_msg/environment/library_path.dsv
[3.217s] -- Up-to-date: /home/robertog/ros2_ws/install/yolo_msg/lib/libyolo_msg__rosidl_generator_c.so
[3.218s] -- Up-to-date: /home/robertog/ros2_ws/install/yolo_msg/include/yolo_msg/yolo_msg
[3.218s] -- Up-to-date: /home/robertog/ros2_ws/install/yolo_msg/include/yolo_msg/yolo_msg/msg
[3.218s] -- Up-to-date: /home/robertog/ros2_ws/install/yolo_msg/include/yolo_msg/yolo_msg/msg/detail
[3.219s] -- Up-to-date: /home/robertog/ros2_ws/install/yolo_msg/include/yolo_msg/yolo_msg/msg/detail/yolov8_inference__rosidl_typesupport_fastrtps_c.h
[3.219s] -- Up-to-date: /home/robertog/ros2_ws/install/yolo_msg/include/yolo_msg/yolo_msg/msg/detail/inference_result__rosidl_typesupport_fastrtps_c.h
[3.219s] -- Up-to-date: /home/robertog/ros2_ws/install/yolo_msg/include/yolo_msg/yolo_msg/msg/rosidl_typesupport_fastrtps_c__visibility_control.h
[3.220s] -- Up-to-date: /home/robertog/ros2_ws/install/yolo_msg/lib/libyolo_msg__rosidl_typesupport_fastrtps_c.so
[3.221s] -- Up-to-date: /home/robertog/ros2_ws/install/yolo_msg/include/yolo_msg/yolo_msg
[3.222s] -- Up-to-date: /home/robertog/ros2_ws/install/yolo_msg/include/yolo_msg/yolo_msg/msg
[3.222s] -- Up-to-date: /home/robertog/ros2_ws/install/yolo_msg/include/yolo_msg/yolo_msg/msg/detail
[3.222s] -- Up-to-date: /home/robertog/ros2_ws/install/yolo_msg/include/yolo_msg/yolo_msg/msg/detail/inference_result__builder.hpp
[3.223s] -- Up-to-date: /home/robertog/ros2_ws/install/yolo_msg/include/yolo_msg/yolo_msg/msg/detail/inference_result__struct.hpp
[3.223s] -- Up-to-date: /home/robertog/ros2_ws/install/yolo_msg/include/yolo_msg/yolo_msg/msg/detail/yolov8_inference__builder.hpp
[3.223s] -- Up-to-date: /home/robertog/ros2_ws/install/yolo_msg/include/yolo_msg/yolo_msg/msg/detail/inference_result__traits.hpp
[3.224s] -- Up-to-date: /home/robertog/ros2_ws/install/yolo_msg/include/yolo_msg/yolo_msg/msg/detail/yolov8_inference__traits.hpp
[3.224s] -- Up-to-date: /home/robertog/ros2_ws/install/yolo_msg/include/yolo_msg/yolo_msg/msg/detail/yolov8_inference__struct.hpp
[3.224s] -- Up-to-date: /home/robertog/ros2_ws/install/yolo_msg/include/yolo_msg/yolo_msg/msg/yolov8_inference.hpp
[3.225s] -- Up-to-date: /home/robertog/ros2_ws/install/yolo_msg/include/yolo_msg/yolo_msg/msg/inference_result.hpp
[3.225s] -- Up-to-date: /home/robertog/ros2_ws/install/yolo_msg/include/yolo_msg/yolo_msg
[3.226s] -- Up-to-date: /home/robertog/ros2_ws/install/yolo_msg/include/yolo_msg/yolo_msg/msg
[3.226s] -- Up-to-date: /home/robertog/ros2_ws/install/yolo_msg/include/yolo_msg/yolo_msg/msg/detail
[3.226s] -- Up-to-date: /home/robertog/ros2_ws/install/yolo_msg/include/yolo_msg/yolo_msg/msg/detail/dds_fastrtps
[3.227s] -- Up-to-date: /home/robertog/ros2_ws/install/yolo_msg/include/yolo_msg/yolo_msg/msg/detail/inference_result__rosidl_typesupport_fastrtps_cpp.hpp
[3.227s] -- Up-to-date: /home/robertog/ros2_ws/install/yolo_msg/include/yolo_msg/yolo_msg/msg/detail/yolov8_inference__rosidl_typesupport_fastrtps_cpp.hpp
[3.227s] -- Up-to-date: /home/robertog/ros2_ws/install/yolo_msg/include/yolo_msg/yolo_msg/msg/rosidl_typesupport_fastrtps_cpp__visibility_control.h
[3.230s] -- Up-to-date: /home/robertog/ros2_ws/install/yolo_msg/lib/libyolo_msg__rosidl_typesupport_fastrtps_cpp.so
[3.230s] -- Up-to-date: /home/robertog/ros2_ws/install/yolo_msg/include/yolo_msg/yolo_msg
[3.230s] -- Up-to-date: /home/robertog/ros2_ws/install/yolo_msg/include/yolo_msg/yolo_msg/msg
[3.231s] -- Up-to-date: /home/robertog/ros2_ws/install/yolo_msg/include/yolo_msg/yolo_msg/msg/detail
[3.231s] -- Up-to-date: /home/robertog/ros2_ws/install/yolo_msg/include/yolo_msg/yolo_msg/msg/detail/yolov8_inference__rosidl_typesupport_introspection_c.h
[3.231s] -- Up-to-date: /home/robertog/ros2_ws/install/yolo_msg/include/yolo_msg/yolo_msg/msg/detail/inference_result__rosidl_typesupport_introspection_c.h
[3.231s] -- Up-to-date: /home/robertog/ros2_ws/install/yolo_msg/include/yolo_msg/yolo_msg/msg/detail/yolov8_inference__type_support.c
[3.232s] -- Up-to-date: /home/robertog/ros2_ws/install/yolo_msg/include/yolo_msg/yolo_msg/msg/detail/inference_result__type_support.c
[3.232s] -- Up-to-date: /home/robertog/ros2_ws/install/yolo_msg/include/yolo_msg/yolo_msg/msg/rosidl_typesupport_introspection_c__visibility_control.h
[3.232s] -- Up-to-date: /home/robertog/ros2_ws/install/yolo_msg/lib/libyolo_msg__rosidl_typesupport_introspection_c.so
[3.234s] -- Up-to-date: /home/robertog/ros2_ws/install/yolo_msg/lib/libyolo_msg__rosidl_typesupport_c.so
[3.235s] -- Up-to-date: /home/robertog/ros2_ws/install/yolo_msg/include/yolo_msg/yolo_msg
[3.236s] -- Up-to-date: /home/robertog/ros2_ws/install/yolo_msg/include/yolo_msg/yolo_msg/msg
[3.236s] -- Up-to-date: /home/robertog/ros2_ws/install/yolo_msg/include/yolo_msg/yolo_msg/msg/detail
[3.237s] -- Up-to-date: /home/robertog/ros2_ws/install/yolo_msg/include/yolo_msg/yolo_msg/msg/detail/inference_result__type_support.cpp
[3.237s] -- Up-to-date: /home/robertog/ros2_ws/install/yolo_msg/include/yolo_msg/yolo_msg/msg/detail/yolov8_inference__rosidl_typesupport_introspection_cpp.hpp
[3.237s] -- Up-to-date: /home/robertog/ros2_ws/install/yolo_msg/include/yolo_msg/yolo_msg/msg/detail/inference_result__rosidl_typesupport_introspection_cpp.hpp
[3.238s] -- Up-to-date: /home/robertog/ros2_ws/install/yolo_msg/include/yolo_msg/yolo_msg/msg/detail/yolov8_inference__type_support.cpp
[3.239s] -- Up-to-date: /home/robertog/ros2_ws/install/yolo_msg/lib/libyolo_msg__rosidl_typesupport_introspection_cpp.so
[3.241s] -- Up-to-date: /home/robertog/ros2_ws/install/yolo_msg/lib/libyolo_msg__rosidl_typesupport_cpp.so
[3.241s] -- Up-to-date: /home/robertog/ros2_ws/install/yolo_msg/share/yolo_msg/environment/pythonpath.sh
[3.242s] -- Up-to-date: /home/robertog/ros2_ws/install/yolo_msg/share/yolo_msg/environment/pythonpath.dsv
[3.242s] -- Up-to-date: /home/robertog/ros2_ws/install/yolo_msg/local/lib/python3.10/dist-packages/yolo_msg-0.0.0-py3.10.egg-info
[3.243s] -- Installing: /home/robertog/ros2_ws/install/yolo_msg/local/lib/python3.10/dist-packages/yolo_msg-0.0.0-py3.10.egg-info/top_level.txt
[3.243s] -- Installing: /home/robertog/ros2_ws/install/yolo_msg/local/lib/python3.10/dist-packages/yolo_msg-0.0.0-py3.10.egg-info/dependency_links.txt
[3.244s] -- Installing: /home/robertog/ros2_ws/install/yolo_msg/local/lib/python3.10/dist-packages/yolo_msg-0.0.0-py3.10.egg-info/PKG-INFO
[3.245s] -- Installing: /home/robertog/ros2_ws/install/yolo_msg/local/lib/python3.10/dist-packages/yolo_msg-0.0.0-py3.10.egg-info/SOURCES.txt
[3.246s] -- Up-to-date: /home/robertog/ros2_ws/install/yolo_msg/local/lib/python3.10/dist-packages/yolo_msg
[3.246s] -- Up-to-date: /home/robertog/ros2_ws/install/yolo_msg/local/lib/python3.10/dist-packages/yolo_msg/__init__.py
[3.246s] -- Up-to-date: /home/robertog/ros2_ws/install/yolo_msg/local/lib/python3.10/dist-packages/yolo_msg/yolo_msg_s__rosidl_typesupport_c.cpython-310-x86_64-linux-gnu.so
[3.247s] -- Up-to-date: /home/robertog/ros2_ws/install/yolo_msg/local/lib/python3.10/dist-packages/yolo_msg/yolo_msg_s__rosidl_typesupport_introspection_c.cpython-310-x86_64-linux-gnu.so
[3.247s] -- Up-to-date: /home/robertog/ros2_ws/install/yolo_msg/local/lib/python3.10/dist-packages/yolo_msg/_yolo_msg_s.ep.rosidl_typesupport_c.c
[3.248s] -- Up-to-date: /home/robertog/ros2_ws/install/yolo_msg/local/lib/python3.10/dist-packages/yolo_msg/yolo_msg_s__rosidl_typesupport_fastrtps_c.cpython-310-x86_64-linux-gnu.so
[3.248s] -- Up-to-date: /home/robertog/ros2_ws/install/yolo_msg/local/lib/python3.10/dist-packages/yolo_msg/_yolo_msg_s.ep.rosidl_typesupport_fastrtps_c.c
[3.248s] -- Up-to-date: /home/robertog/ros2_ws/install/yolo_msg/local/lib/python3.10/dist-packages/yolo_msg/_yolo_msg_s.ep.rosidl_typesupport_introspection_c.c
[3.249s] -- Up-to-date: /home/robertog/ros2_ws/install/yolo_msg/local/lib/python3.10/dist-packages/yolo_msg/msg
[3.249s] -- Up-to-date: /home/robertog/ros2_ws/install/yolo_msg/local/lib/python3.10/dist-packages/yolo_msg/msg/__init__.py
[3.249s] -- Up-to-date: /home/robertog/ros2_ws/install/yolo_msg/local/lib/python3.10/dist-packages/yolo_msg/msg/_yolov8_inference_s.c
[3.250s] -- Up-to-date: /home/robertog/ros2_ws/install/yolo_msg/local/lib/python3.10/dist-packages/yolo_msg/msg/_inference_result_s.c
[3.250s] -- Up-to-date: /home/robertog/ros2_ws/install/yolo_msg/local/lib/python3.10/dist-packages/yolo_msg/msg/_inference_result.py
[3.251s] -- Up-to-date: /home/robertog/ros2_ws/install/yolo_msg/local/lib/python3.10/dist-packages/yolo_msg/msg/_yolov8_inference.py
[3.251s] -- Up-to-date: /home/robertog/ros2_ws/install/yolo_msg/local/lib/python3.10/dist-packages/yolo_msg/libyolo_msg__rosidl_generator_py.so
[3.318s] Listing '/home/robertog/ros2_ws/install/yolo_msg/local/lib/python3.10/dist-packages/yolo_msg'...
[3.318s] Listing '/home/robertog/ros2_ws/install/yolo_msg/local/lib/python3.10/dist-packages/yolo_msg/msg'...
[3.329s] -- Up-to-date: /home/robertog/ros2_ws/install/yolo_msg/local/lib/python3.10/dist-packages/yolo_msg/yolo_msg_s__rosidl_typesupport_fastrtps_c.cpython-310-x86_64-linux-gnu.so
[3.331s] -- Up-to-date: /home/robertog/ros2_ws/install/yolo_msg/local/lib/python3.10/dist-packages/yolo_msg/yolo_msg_s__rosidl_typesupport_introspection_c.cpython-310-x86_64-linux-gnu.so
[3.334s] -- Up-to-date: /home/robertog/ros2_ws/install/yolo_msg/local/lib/python3.10/dist-packages/yolo_msg/yolo_msg_s__rosidl_typesupport_c.cpython-310-x86_64-linux-gnu.so
[3.335s] -- Up-to-date: /home/robertog/ros2_ws/install/yolo_msg/lib/libyolo_msg__rosidl_generator_py.so
[3.336s] -- Up-to-date: /home/robertog/ros2_ws/install/yolo_msg/share/yolo_msg/msg/InferenceResult.idl
[3.337s] -- Up-to-date: /home/robertog/ros2_ws/install/yolo_msg/share/yolo_msg/msg/Yolov8Inference.idl
[3.337s] -- Up-to-date: /home/robertog/ros2_ws/install/yolo_msg/share/yolo_msg/msg/InferenceResult.msg
[3.338s] -- Up-to-date: /home/robertog/ros2_ws/install/yolo_msg/share/yolo_msg/msg/Yolov8Inference.msg
[3.338s] -- Up-to-date: /home/robertog/ros2_ws/install/yolo_msg/share/ament_index/resource_index/package_run_dependencies/yolo_msg
[3.338s] -- Up-to-date: /home/robertog/ros2_ws/install/yolo_msg/share/ament_index/resource_index/parent_prefix_path/yolo_msg
[3.338s] -- Up-to-date: /home/robertog/ros2_ws/install/yolo_msg/share/yolo_msg/environment/ament_prefix_path.sh
[3.338s] -- Up-to-date: /home/robertog/ros2_ws/install/yolo_msg/share/yolo_msg/environment/ament_prefix_path.dsv
[3.339s] -- Up-to-date: /home/robertog/ros2_ws/install/yolo_msg/share/yolo_msg/environment/path.sh
[3.339s] -- Up-to-date: /home/robertog/ros2_ws/install/yolo_msg/share/yolo_msg/environment/path.dsv
[3.339s] -- Up-to-date: /home/robertog/ros2_ws/install/yolo_msg/share/yolo_msg/local_setup.bash
[3.339s] -- Up-to-date: /home/robertog/ros2_ws/install/yolo_msg/share/yolo_msg/local_setup.sh
[3.339s] -- Up-to-date: /home/robertog/ros2_ws/install/yolo_msg/share/yolo_msg/local_setup.zsh
[3.340s] -- Up-to-date: /home/robertog/ros2_ws/install/yolo_msg/share/yolo_msg/local_setup.dsv
[3.340s] -- Installing: /home/robertog/ros2_ws/install/yolo_msg/share/yolo_msg/package.dsv
[3.340s] -- Up-to-date: /home/robertog/ros2_ws/install/yolo_msg/share/ament_index/resource_index/packages/yolo_msg
[3.340s] -- Up-to-date: /home/robertog/ros2_ws/install/yolo_msg/share/yolo_msg/cmake/export_yolo_msg__rosidl_generator_cExport.cmake
[3.340s] -- Up-to-date: /home/robertog/ros2_ws/install/yolo_msg/share/yolo_msg/cmake/export_yolo_msg__rosidl_generator_cExport-noconfig.cmake
[3.341s] -- Up-to-date: /home/robertog/ros2_ws/install/yolo_msg/share/yolo_msg/cmake/export_yolo_msg__rosidl_typesupport_fastrtps_cExport.cmake
[3.341s] -- Up-to-date: /home/robertog/ros2_ws/install/yolo_msg/share/yolo_msg/cmake/export_yolo_msg__rosidl_typesupport_fastrtps_cExport-noconfig.cmake
[3.341s] -- Up-to-date: /home/robertog/ros2_ws/install/yolo_msg/share/yolo_msg/cmake/export_yolo_msg__rosidl_generator_cppExport.cmake
[3.341s] -- Up-to-date: /home/robertog/ros2_ws/install/yolo_msg/share/yolo_msg/cmake/export_yolo_msg__rosidl_typesupport_fastrtps_cppExport.cmake
[3.342s] -- Up-to-date: /home/robertog/ros2_ws/install/yolo_msg/share/yolo_msg/cmake/export_yolo_msg__rosidl_typesupport_fastrtps_cppExport-noconfig.cmake
[3.342s] -- Up-to-date: /home/robertog/ros2_ws/install/yolo_msg/share/yolo_msg/cmake/yolo_msg__rosidl_typesupport_introspection_cExport.cmake
[3.342s] -- Up-to-date: /home/robertog/ros2_ws/install/yolo_msg/share/yolo_msg/cmake/yolo_msg__rosidl_typesupport_introspection_cExport-noconfig.cmake
[3.342s] -- Up-to-date: /home/robertog/ros2_ws/install/yolo_msg/share/yolo_msg/cmake/yolo_msg__rosidl_typesupport_cExport.cmake
[3.342s] -- Up-to-date: /home/robertog/ros2_ws/install/yolo_msg/share/yolo_msg/cmake/yolo_msg__rosidl_typesupport_cExport-noconfig.cmake
[3.343s] -- Up-to-date: /home/robertog/ros2_ws/install/yolo_msg/share/yolo_msg/cmake/yolo_msg__rosidl_typesupport_introspection_cppExport.cmake
[3.343s] -- Up-to-date: /home/robertog/ros2_ws/install/yolo_msg/share/yolo_msg/cmake/yolo_msg__rosidl_typesupport_introspection_cppExport-noconfig.cmake
[3.343s] -- Up-to-date: /home/robertog/ros2_ws/install/yolo_msg/share/yolo_msg/cmake/yolo_msg__rosidl_typesupport_cppExport.cmake
[3.343s] -- Up-to-date: /home/robertog/ros2_ws/install/yolo_msg/share/yolo_msg/cmake/yolo_msg__rosidl_typesupport_cppExport-noconfig.cmake
[3.344s] -- Up-to-date: /home/robertog/ros2_ws/install/yolo_msg/share/yolo_msg/cmake/export_yolo_msg__rosidl_generator_pyExport.cmake
[3.344s] -- Up-to-date: /home/robertog/ros2_ws/install/yolo_msg/share/yolo_msg/cmake/export_yolo_msg__rosidl_generator_pyExport-noconfig.cmake
[3.344s] -- Up-to-date: /home/robertog/ros2_ws/install/yolo_msg/share/yolo_msg/cmake/rosidl_cmake-extras.cmake
[3.344s] -- Up-to-date: /home/robertog/ros2_ws/install/yolo_msg/share/yolo_msg/cmake/ament_cmake_export_dependencies-extras.cmake
[3.345s] -- Up-to-date: /home/robertog/ros2_ws/install/yolo_msg/share/yolo_msg/cmake/ament_cmake_export_include_directories-extras.cmake
[3.345s] -- Up-to-date: /home/robertog/ros2_ws/install/yolo_msg/share/yolo_msg/cmake/ament_cmake_export_libraries-extras.cmake
[3.345s] -- Up-to-date: /home/robertog/ros2_ws/install/yolo_msg/share/yolo_msg/cmake/ament_cmake_export_targets-extras.cmake
[3.345s] -- Up-to-date: /home/robertog/ros2_ws/install/yolo_msg/share/yolo_msg/cmake/rosidl_cmake_export_typesupport_targets-extras.cmake
[3.345s] -- Up-to-date: /home/robertog/ros2_ws/install/yolo_msg/share/yolo_msg/cmake/rosidl_cmake_export_typesupport_libraries-extras.cmake
[3.346s] -- Up-to-date: /home/robertog/ros2_ws/install/yolo_msg/share/yolo_msg/cmake/yolo_msgConfig.cmake
[3.346s] -- Up-to-date: /home/robertog/ros2_ws/install/yolo_msg/share/yolo_msg/cmake/yolo_msgConfig-version.cmake
[3.346s] -- Up-to-date: /home/robertog/ros2_ws/install/yolo_msg/share/yolo_msg/package.xml
[3.358s] Invoked command in '/home/robertog/ros2_ws/build/yolo_msg' returned '0': CMAKE_PREFIX_PATH=/opt/ros/humble /usr/bin/cmake --install /home/robertog/ros2_ws/build/yolo_msg
