[0.784s] Invoking command in '/home/robertog/ros2_ws/src/learning_tf2': PYTHONPATH=/home/robertog/ros2_ws/build/learning_tf2/prefix_override:/home/robertog/ros2_ws/install/learning_tf2/lib/python3.10/site-packages:${PYTHONPATH} /usr/bin/python3 -W ignore:setup.py install is deprecated setup.py egg_info --egg-base ../../build/learning_tf2 build --build-base /home/robertog/ros2_ws/build/learning_tf2/build install --record /home/robertog/ros2_ws/build/learning_tf2/install.log --single-version-externally-managed install_data
[1.097s] running egg_info
[1.098s] writing ../../build/learning_tf2/learning_tf2.egg-info/PKG-INFO
[1.098s] writing dependency_links to ../../build/learning_tf2/learning_tf2.egg-info/dependency_links.txt
[1.098s] writing entry points to ../../build/learning_tf2/learning_tf2.egg-info/entry_points.txt
[1.098s] writing requirements to ../../build/learning_tf2/learning_tf2.egg-info/requires.txt
[1.098s] writing top-level names to ../../build/learning_tf2/learning_tf2.egg-info/top_level.txt
[1.100s] reading manifest file '../../build/learning_tf2/learning_tf2.egg-info/SOURCES.txt'
[1.101s] writing manifest file '../../build/learning_tf2/learning_tf2.egg-info/SOURCES.txt'
[1.102s] running build
[1.102s] running build_py
[1.102s] running install
[1.102s] running install_lib
[1.104s] running install_data
[1.104s] copying launch/homework.launch.py -> /home/robertog/ros2_ws/install/learning_tf2/share/learning_tf2/launch
[1.104s] running install_egg_info
[1.106s] removing '/home/robertog/ros2_ws/install/learning_tf2/lib/python3.10/site-packages/learning_tf2-0.0.0-py3.10.egg-info' (and everything under it)
[1.107s] Copying ../../build/learning_tf2/learning_tf2.egg-info to /home/robertog/ros2_ws/install/learning_tf2/lib/python3.10/site-packages/learning_tf2-0.0.0-py3.10.egg-info
[1.108s] running install_scripts
[1.132s] Installing test_node script to /home/robertog/ros2_ws/install/learning_tf2/lib/learning_tf2
[1.133s] writing list of installed files to '/home/robertog/ros2_ws/build/learning_tf2/install.log'
[1.173s] Invoked command in '/home/robertog/ros2_ws/src/learning_tf2' returned '0': PYTHONPATH=/home/robertog/ros2_ws/build/learning_tf2/prefix_override:/home/robertog/ros2_ws/install/learning_tf2/lib/python3.10/site-packages:${PYTHONPATH} /usr/bin/python3 -W ignore:setup.py install is deprecated setup.py egg_info --egg-base ../../build/learning_tf2 build --build-base /home/robertog/ros2_ws/build/learning_tf2/build install --record /home/robertog/ros2_ws/build/learning_tf2/install.log --single-version-externally-managed install_data
