[2.888s] Invoking command in '/home/robertog/ros2_ws/src/mini1_checo': PYTHONPATH=/home/robertog/ros2_ws/build/mini1_checo/prefix_override:/home/robertog/ros2_ws/install/mini1_checo/lib/python3.10/site-packages:${PYTHONPATH} /usr/bin/python3 -W ignore:setup.py install is deprecated setup.py egg_info --egg-base ../../build/mini1_checo build --build-base /home/robertog/ros2_ws/build/mini1_checo/build install --record /home/robertog/ros2_ws/build/mini1_checo/install.log --single-version-externally-managed install_data
[3.311s] running egg_info
[3.313s] writing ../../build/mini1_checo/mini1_checo.egg-info/PKG-INFO
[3.314s] writing dependency_links to ../../build/mini1_checo/mini1_checo.egg-info/dependency_links.txt
[3.315s] writing entry points to ../../build/mini1_checo/mini1_checo.egg-info/entry_points.txt
[3.316s] writing requirements to ../../build/mini1_checo/mini1_checo.egg-info/requires.txt
[3.317s] writing top-level names to ../../build/mini1_checo/mini1_checo.egg-info/top_level.txt
[3.322s] reading manifest file '../../build/mini1_checo/mini1_checo.egg-info/SOURCES.txt'
[3.324s] writing manifest file '../../build/mini1_checo/mini1_checo.egg-info/SOURCES.txt'
[3.324s] running build
[3.324s] running build_py
[3.325s] running install
[3.326s] running install_lib
[3.338s] running install_data
[3.338s] running install_egg_info
[3.341s] removing '/home/robertog/ros2_ws/install/mini1_checo/lib/python3.10/site-packages/mini1_checo-0.0.0-py3.10.egg-info' (and everything under it)
[3.348s] Copying ../../build/mini1_checo/mini1_checo.egg-info to /home/robertog/ros2_ws/install/mini1_checo/lib/python3.10/site-packages/mini1_checo-0.0.0-py3.10.egg-info
[3.352s] running install_scripts
[3.392s] Installing signal_generator script to /home/robertog/ros2_ws/install/mini1_checo/lib/mini1_checo
[3.398s] writing list of installed files to '/home/robertog/ros2_ws/build/mini1_checo/install.log'
[3.843s] Invoked command in '/home/robertog/ros2_ws/src/mini1_checo' returned '0': PYTHONPATH=/home/robertog/ros2_ws/build/mini1_checo/prefix_override:/home/robertog/ros2_ws/install/mini1_checo/lib/python3.10/site-packages:${PYTHONPATH} /usr/bin/python3 -W ignore:setup.py install is deprecated setup.py egg_info --egg-base ../../build/mini1_checo build --build-base /home/robertog/ros2_ws/build/mini1_checo/build install --record /home/robertog/ros2_ws/build/mini1_checo/install.log --single-version-externally-managed install_data
