[3.768s] Invoking command in '/home/robertog/ros2_ws/src/minichallenge5': PYTHONPATH=/home/robertog/ros2_ws/build/minichallenge5/prefix_override:/home/robertog/ros2_ws/install/minichallenge5/lib/python3.10/site-packages:${PYTHONPATH} /usr/bin/python3 -W ignore:setup.py install is deprecated setup.py egg_info --egg-base ../../build/minichallenge5 build --build-base /home/robertog/ros2_ws/build/minichallenge5/build install --record /home/robertog/ros2_ws/build/minichallenge5/install.log --single-version-externally-managed install_data
[4.295s] running egg_info
[4.296s] writing ../../build/minichallenge5/minichallenge5.egg-info/PKG-INFO
[4.298s] writing dependency_links to ../../build/minichallenge5/minichallenge5.egg-info/dependency_links.txt
[4.298s] writing entry points to ../../build/minichallenge5/minichallenge5.egg-info/entry_points.txt
[4.299s] writing requirements to ../../build/minichallenge5/minichallenge5.egg-info/requires.txt
[4.299s] writing top-level names to ../../build/minichallenge5/minichallenge5.egg-info/top_level.txt
[4.303s] reading manifest file '../../build/minichallenge5/minichallenge5.egg-info/SOURCES.txt'
[4.305s] writing manifest file '../../build/minichallenge5/minichallenge5.egg-info/SOURCES.txt'
[4.305s] running build
[4.305s] running build_py
[4.306s] copying minichallenge5/line_follower.py -> /home/robertog/ros2_ws/build/minichallenge5/build/lib/minichallenge5
[4.307s] running install
[4.308s] running install_lib
[4.313s] copying /home/robertog/ros2_ws/build/minichallenge5/build/lib/minichallenge5/line_follower.py -> /home/robertog/ros2_ws/install/minichallenge5/lib/python3.10/site-packages/minichallenge5
[4.314s] byte-compiling /home/robertog/ros2_ws/install/minichallenge5/lib/python3.10/site-packages/minichallenge5/line_follower.py to line_follower.cpython-310.pyc
[4.316s] running install_data
[4.319s] running install_egg_info
[4.322s] removing '/home/robertog/ros2_ws/install/minichallenge5/lib/python3.10/site-packages/minichallenge5-0.0.0-py3.10.egg-info' (and everything under it)
[4.326s] Copying ../../build/minichallenge5/minichallenge5.egg-info to /home/robertog/ros2_ws/install/minichallenge5/lib/python3.10/site-packages/minichallenge5-0.0.0-py3.10.egg-info
[4.328s] running install_scripts
[4.366s] Installing line_follower script to /home/robertog/ros2_ws/install/minichallenge5/lib/minichallenge5
[4.367s] Installing traffic_lights script to /home/robertog/ros2_ws/install/minichallenge5/lib/minichallenge5
[4.367s] writing list of installed files to '/home/robertog/ros2_ws/build/minichallenge5/install.log'
[4.448s] Invoked command in '/home/robertog/ros2_ws/src/minichallenge5' returned '0': PYTHONPATH=/home/robertog/ros2_ws/build/minichallenge5/prefix_override:/home/robertog/ros2_ws/install/minichallenge5/lib/python3.10/site-packages:${PYTHONPATH} /usr/bin/python3 -W ignore:setup.py install is deprecated setup.py egg_info --egg-base ../../build/minichallenge5 build --build-base /home/robertog/ros2_ws/build/minichallenge5/build install --record /home/robertog/ros2_ws/build/minichallenge5/install.log --single-version-externally-managed install_data
