[3.371s] Invoking command in '/home/robertog/ros2_ws/src/gtg_ao': PYTHONPATH=/home/robertog/ros2_ws/build/gtg_ao/prefix_override:/home/robertog/ros2_ws/install/gtg_ao/lib/python3.10/site-packages:${PYTHONPATH} /usr/bin/python3 -W ignore:setup.py install is deprecated setup.py egg_info --egg-base ../../build/gtg_ao build --build-base /home/robertog/ros2_ws/build/gtg_ao/build install --record /home/robertog/ros2_ws/build/gtg_ao/install.log --single-version-externally-managed install_data
[3.931s] running egg_info
[3.933s] writing ../../build/gtg_ao/gtg_ao.egg-info/PKG-INFO
[3.933s] writing dependency_links to ../../build/gtg_ao/gtg_ao.egg-info/dependency_links.txt
[3.933s] writing entry points to ../../build/gtg_ao/gtg_ao.egg-info/entry_points.txt
[3.934s] writing requirements to ../../build/gtg_ao/gtg_ao.egg-info/requires.txt
[3.934s] writing top-level names to ../../build/gtg_ao/gtg_ao.egg-info/top_level.txt
[3.952s] reading manifest file '../../build/gtg_ao/gtg_ao.egg-info/SOURCES.txt'
[3.954s] writing manifest file '../../build/gtg_ao/gtg_ao.egg-info/SOURCES.txt'
[3.954s] running build
[3.955s] running build_py
[3.956s] running install
[3.956s] running install_lib
[3.956s] running install_data
[3.956s] running install_egg_info
[3.960s] removing '/home/robertog/ros2_ws/install/gtg_ao/lib/python3.10/site-packages/gtg_ao-0.0.0-py3.10.egg-info' (and everything under it)
[3.963s] Copying ../../build/gtg_ao/gtg_ao.egg-info to /home/robertog/ros2_ws/install/gtg_ao/lib/python3.10/site-packages/gtg_ao-0.0.0-py3.10.egg-info
[3.965s] running install_scripts
[3.998s] Installing avoid_obstacles script to /home/robertog/ros2_ws/install/gtg_ao/lib/gtg_ao
[3.999s] Installing go_to_goal script to /home/robertog/ros2_ws/install/gtg_ao/lib/gtg_ao
[3.999s] writing list of installed files to '/home/robertog/ros2_ws/build/gtg_ao/install.log'
[4.453s] Invoked command in '/home/robertog/ros2_ws/src/gtg_ao' returned '0': PYTHONPATH=/home/robertog/ros2_ws/build/gtg_ao/prefix_override:/home/robertog/ros2_ws/install/gtg_ao/lib/python3.10/site-packages:${PYTHONPATH} /usr/bin/python3 -W ignore:setup.py install is deprecated setup.py egg_info --egg-base ../../build/gtg_ao build --build-base /home/robertog/ros2_ws/build/gtg_ao/build install --record /home/robertog/ros2_ws/build/gtg_ao/install.log --single-version-externally-managed install_data
