[3.739s] Invoking command in '/home/robertog/ros2_ws/src/mini1_checo': PYTHONPATH=/home/robertog/ros2_ws/build/mini1_checo/prefix_override:/home/robertog/ros2_ws/install/mini1_checo/lib/python3.10/site-packages:${PYTHONPATH} /usr/bin/python3 -W ignore:setup.py install is deprecated setup.py egg_info --egg-base ../../build/mini1_checo build --build-base /home/robertog/ros2_ws/build/mini1_checo/build install --record /home/robertog/ros2_ws/build/mini1_checo/install.log --single-version-externally-managed install_data
[4.312s] running egg_info
[4.314s] writing ../../build/mini1_checo/mini1_checo.egg-info/PKG-INFO
[4.315s] writing dependency_links to ../../build/mini1_checo/mini1_checo.egg-info/dependency_links.txt
[4.316s] writing entry points to ../../build/mini1_checo/mini1_checo.egg-info/entry_points.txt
[4.317s] writing requirements to ../../build/mini1_checo/mini1_checo.egg-info/requires.txt
[4.317s] writing top-level names to ../../build/mini1_checo/mini1_checo.egg-info/top_level.txt
[4.324s] reading manifest file '../../build/mini1_checo/mini1_checo.egg-info/SOURCES.txt'
[4.327s] writing manifest file '../../build/mini1_checo/mini1_checo.egg-info/SOURCES.txt'
[4.328s] running build
[4.328s] running build_py
[4.329s] running install
[4.330s] running install_lib
[4.338s] running install_data
[4.339s] running install_egg_info
[4.344s] removing '/home/robertog/ros2_ws/install/mini1_checo/lib/python3.10/site-packages/mini1_checo-0.0.0-py3.10.egg-info' (and everything under it)
[4.345s] Copying ../../build/mini1_checo/mini1_checo.egg-info to /home/robertog/ros2_ws/install/mini1_checo/lib/python3.10/site-packages/mini1_checo-0.0.0-py3.10.egg-info
[4.350s] running install_scripts
[4.436s] Installing signal_generator script to /home/robertog/ros2_ws/install/mini1_checo/lib/mini1_checo
[4.437s] writing list of installed files to '/home/robertog/ros2_ws/build/mini1_checo/install.log'
[4.554s] Invoked command in '/home/robertog/ros2_ws/src/mini1_checo' returned '0': PYTHONPATH=/home/robertog/ros2_ws/build/mini1_checo/prefix_override:/home/robertog/ros2_ws/install/mini1_checo/lib/python3.10/site-packages:${PYTHONPATH} /usr/bin/python3 -W ignore:setup.py install is deprecated setup.py egg_info --egg-base ../../build/mini1_checo build --build-base /home/robertog/ros2_ws/build/mini1_checo/build install --record /home/robertog/ros2_ws/build/mini1_checo/install.log --single-version-externally-managed install_data
