[2.324s] Invoking command in '/home/robertog/ros2_ws/src/gtg_behavior': PYTHONPATH=/home/robertog/ros2_ws/build/gtg_behavior/prefix_override:/home/robertog/ros2_ws/install/gtg_behavior/lib/python3.10/site-packages:${PYTHONPATH} /usr/bin/python3 -W ignore:setup.py install is deprecated setup.py egg_info --egg-base ../../build/gtg_behavior build --build-base /home/robertog/ros2_ws/build/gtg_behavior/build install --record /home/robertog/ros2_ws/build/gtg_behavior/install.log --single-version-externally-managed install_data
[3.084s] running egg_info
[3.089s] writing ../../build/gtg_behavior/gtg_behavior.egg-info/PKG-INFO
[3.091s] writing dependency_links to ../../build/gtg_behavior/gtg_behavior.egg-info/dependency_links.txt
[3.092s] writing entry points to ../../build/gtg_behavior/gtg_behavior.egg-info/entry_points.txt
[3.093s] writing requirements to ../../build/gtg_behavior/gtg_behavior.egg-info/requires.txt
[3.093s] writing top-level names to ../../build/gtg_behavior/gtg_behavior.egg-info/top_level.txt
[3.105s] reading manifest file '../../build/gtg_behavior/gtg_behavior.egg-info/SOURCES.txt'
[3.110s] writing manifest file '../../build/gtg_behavior/gtg_behavior.egg-info/SOURCES.txt'
[3.111s] running build
[3.111s] running build_py
[3.112s] running install
[3.113s] running install_lib
[3.123s] running install_data
[3.124s] copying config/params.yaml -> /home/robertog/ros2_ws/install/gtg_behavior/share/gtg_behavior/config
[3.125s] running install_egg_info
[3.132s] removing '/home/robertog/ros2_ws/install/gtg_behavior/lib/python3.10/site-packages/gtg_behavior-0.0.0-py3.10.egg-info' (and everything under it)
[3.134s] Copying ../../build/gtg_behavior/gtg_behavior.egg-info to /home/robertog/ros2_ws/install/gtg_behavior/lib/python3.10/site-packages/gtg_behavior-0.0.0-py3.10.egg-info
[3.136s] running install_scripts
[3.207s] Installing go_to_goal script to /home/robertog/ros2_ws/install/gtg_behavior/lib/gtg_behavior
[3.207s] writing list of installed files to '/home/robertog/ros2_ws/build/gtg_behavior/install.log'
[3.465s] Invoked command in '/home/robertog/ros2_ws/src/gtg_behavior' returned '0': PYTHONPATH=/home/robertog/ros2_ws/build/gtg_behavior/prefix_override:/home/robertog/ros2_ws/install/gtg_behavior/lib/python3.10/site-packages:${PYTHONPATH} /usr/bin/python3 -W ignore:setup.py install is deprecated setup.py egg_info --egg-base ../../build/gtg_behavior build --build-base /home/robertog/ros2_ws/build/gtg_behavior/build install --record /home/robertog/ros2_ws/build/gtg_behavior/install.log --single-version-externally-managed install_data
