[4.069s] Invoking command in '/home/robertog/ros2_ws/src/minichallenge5': PYTHONPATH=/home/robertog/ros2_ws/build/minichallenge5/prefix_override:/home/robertog/ros2_ws/install/minichallenge5/lib/python3.10/site-packages:${PYTHONPATH} /usr/bin/python3 -W ignore:setup.py install is deprecated setup.py egg_info --egg-base ../../build/minichallenge5 build --build-base /home/robertog/ros2_ws/build/minichallenge5/build install --record /home/robertog/ros2_ws/build/minichallenge5/install.log --single-version-externally-managed install_data
[4.601s] running egg_info
[4.603s] writing ../../build/minichallenge5/minichallenge5.egg-info/PKG-INFO
[4.603s] writing dependency_links to ../../build/minichallenge5/minichallenge5.egg-info/dependency_links.txt
[4.604s] writing entry points to ../../build/minichallenge5/minichallenge5.egg-info/entry_points.txt
[4.604s] writing requirements to ../../build/minichallenge5/minichallenge5.egg-info/requires.txt
[4.605s] writing top-level names to ../../build/minichallenge5/minichallenge5.egg-info/top_level.txt
[4.612s] reading manifest file '../../build/minichallenge5/minichallenge5.egg-info/SOURCES.txt'
[4.616s] writing manifest file '../../build/minichallenge5/minichallenge5.egg-info/SOURCES.txt'
[4.617s] running build
[4.618s] running build_py
[4.620s] copying minichallenge5/line_follower.py -> /home/robertog/ros2_ws/build/minichallenge5/build/lib/minichallenge5
[4.621s] running install
[4.622s] running install_lib
[4.629s] copying /home/robertog/ros2_ws/build/minichallenge5/build/lib/minichallenge5/line_follower.py -> /home/robertog/ros2_ws/install/minichallenge5/lib/python3.10/site-packages/minichallenge5
[4.631s] byte-compiling /home/robertog/ros2_ws/install/minichallenge5/lib/python3.10/site-packages/minichallenge5/line_follower.py to line_follower.cpython-310.pyc
[4.635s] running install_data
[4.636s] running install_egg_info
[4.640s] removing '/home/robertog/ros2_ws/install/minichallenge5/lib/python3.10/site-packages/minichallenge5-0.0.0-py3.10.egg-info' (and everything under it)
[4.647s] Copying ../../build/minichallenge5/minichallenge5.egg-info to /home/robertog/ros2_ws/install/minichallenge5/lib/python3.10/site-packages/minichallenge5-0.0.0-py3.10.egg-info
[4.651s] running install_scripts
[4.719s] Installing line_follower script to /home/robertog/ros2_ws/install/minichallenge5/lib/minichallenge5
[4.719s] Installing traffic_lights script to /home/robertog/ros2_ws/install/minichallenge5/lib/minichallenge5
[4.719s] writing list of installed files to '/home/robertog/ros2_ws/build/minichallenge5/install.log'
[5.158s] Invoked command in '/home/robertog/ros2_ws/src/minichallenge5' returned '0': PYTHONPATH=/home/robertog/ros2_ws/build/minichallenge5/prefix_override:/home/robertog/ros2_ws/install/minichallenge5/lib/python3.10/site-packages:${PYTHONPATH} /usr/bin/python3 -W ignore:setup.py install is deprecated setup.py egg_info --egg-base ../../build/minichallenge5 build --build-base /home/robertog/ros2_ws/build/minichallenge5/build install --record /home/robertog/ros2_ws/build/minichallenge5/install.log --single-version-externally-managed install_data
