[0.820s] Invoking command in '/home/robertog/ros2_ws/src/dataset': PYTHONPATH=/home/robertog/ros2_ws/build/dataset/prefix_override:/home/robertog/ros2_ws/install/dataset/lib/python3.10/site-packages:${PYTHONPATH} /usr/bin/python3 -W ignore:setup.py install is deprecated setup.py egg_info --egg-base ../../build/dataset build --build-base /home/robertog/ros2_ws/build/dataset/build install --record /home/robertog/ros2_ws/build/dataset/install.log --single-version-externally-managed install_data
[1.144s] running egg_info
[1.145s] writing ../../build/dataset/dataset.egg-info/PKG-INFO
[1.145s] writing dependency_links to ../../build/dataset/dataset.egg-info/dependency_links.txt
[1.145s] writing entry points to ../../build/dataset/dataset.egg-info/entry_points.txt
[1.146s] writing requirements to ../../build/dataset/dataset.egg-info/requires.txt
[1.146s] writing top-level names to ../../build/dataset/dataset.egg-info/top_level.txt
[1.148s] reading manifest file '../../build/dataset/dataset.egg-info/SOURCES.txt'
[1.149s] writing manifest file '../../build/dataset/dataset.egg-info/SOURCES.txt'
[1.149s] running build
[1.149s] running build_py
[1.149s] copying dataset/save_images.py -> /home/robertog/ros2_ws/build/dataset/build/lib/dataset
[1.149s] running install
[1.150s] running install_lib
[1.150s] copying /home/robertog/ros2_ws/build/dataset/build/lib/dataset/save_images.py -> /home/robertog/ros2_ws/install/dataset/lib/python3.10/site-packages/dataset
[1.151s] byte-compiling /home/robertog/ros2_ws/install/dataset/lib/python3.10/site-packages/dataset/save_images.py to save_images.cpython-310.pyc
[1.152s] running install_data
[1.152s] running install_egg_info
[1.154s] removing '/home/robertog/ros2_ws/install/dataset/lib/python3.10/site-packages/dataset-0.0.0-py3.10.egg-info' (and everything under it)
[1.155s] Copying ../../build/dataset/dataset.egg-info to /home/robertog/ros2_ws/install/dataset/lib/python3.10/site-packages/dataset-0.0.0-py3.10.egg-info
[1.156s] running install_scripts
[1.179s] Installing save_images script to /home/robertog/ros2_ws/install/dataset/lib/dataset
[1.180s] writing list of installed files to '/home/robertog/ros2_ws/build/dataset/install.log'
[1.204s] Invoked command in '/home/robertog/ros2_ws/src/dataset' returned '0': PYTHONPATH=/home/robertog/ros2_ws/build/dataset/prefix_override:/home/robertog/ros2_ws/install/dataset/lib/python3.10/site-packages:${PYTHONPATH} /usr/bin/python3 -W ignore:setup.py install is deprecated setup.py egg_info --egg-base ../../build/dataset build --build-base /home/robertog/ros2_ws/build/dataset/build install --record /home/robertog/ros2_ws/build/dataset/install.log --single-version-externally-managed install_data
