[2.991s] Invoking command in '/home/robertog/ros2_ws/src/gtg_ao': PYTHONPATH=/home/robertog/ros2_ws/build/gtg_ao/prefix_override:/home/robertog/ros2_ws/install/gtg_ao/lib/python3.10/site-packages:${PYTHONPATH} /usr/bin/python3 -W ignore:setup.py install is deprecated setup.py egg_info --egg-base ../../build/gtg_ao build --build-base /home/robertog/ros2_ws/build/gtg_ao/build install --record /home/robertog/ros2_ws/build/gtg_ao/install.log --single-version-externally-managed install_data
[3.641s] running egg_info
[3.642s] writing ../../build/gtg_ao/gtg_ao.egg-info/PKG-INFO
[3.644s] writing dependency_links to ../../build/gtg_ao/gtg_ao.egg-info/dependency_links.txt
[3.645s] writing entry points to ../../build/gtg_ao/gtg_ao.egg-info/entry_points.txt
[3.646s] writing requirements to ../../build/gtg_ao/gtg_ao.egg-info/requires.txt
[3.646s] writing top-level names to ../../build/gtg_ao/gtg_ao.egg-info/top_level.txt
[3.646s] reading manifest file '../../build/gtg_ao/gtg_ao.egg-info/SOURCES.txt'
[3.647s] writing manifest file '../../build/gtg_ao/gtg_ao.egg-info/SOURCES.txt'
[3.647s] running build
[3.647s] running build_py
[3.647s] running install
[3.647s] running install_lib
[3.648s] running install_data
[3.648s] running install_egg_info
[3.648s] removing '/home/robertog/ros2_ws/install/gtg_ao/lib/python3.10/site-packages/gtg_ao-0.0.0-py3.10.egg-info' (and everything under it)
[3.648s] Copying ../../build/gtg_ao/gtg_ao.egg-info to /home/robertog/ros2_ws/install/gtg_ao/lib/python3.10/site-packages/gtg_ao-0.0.0-py3.10.egg-info
[3.648s] running install_scripts
[3.648s] Installing avoid_obstacles script to /home/robertog/ros2_ws/install/gtg_ao/lib/gtg_ao
[3.648s] Installing go_to_goal script to /home/robertog/ros2_ws/install/gtg_ao/lib/gtg_ao
[3.648s] writing list of installed files to '/home/robertog/ros2_ws/build/gtg_ao/install.log'
[3.906s] Invoked command in '/home/robertog/ros2_ws/src/gtg_ao' returned '0': PYTHONPATH=/home/robertog/ros2_ws/build/gtg_ao/prefix_override:/home/robertog/ros2_ws/install/gtg_ao/lib/python3.10/site-packages:${PYTHONPATH} /usr/bin/python3 -W ignore:setup.py install is deprecated setup.py egg_info --egg-base ../../build/gtg_ao build --build-base /home/robertog/ros2_ws/build/gtg_ao/build install --record /home/robertog/ros2_ws/build/gtg_ao/install.log --single-version-externally-managed install_data
