[0.968s] Invoking command in '/home/robertog/ros2_ws/src/mobile_robotics': PYTHONPATH=/home/robertog/ros2_ws/build/mobile_robotics/prefix_override:/home/robertog/ros2_ws/install/mobile_robotics/lib/python3.10/site-packages:${PYTHONPATH} /usr/bin/python3 -W ignore:setup.py install is deprecated setup.py egg_info --egg-base ../../build/mobile_robotics build --build-base /home/robertog/ros2_ws/build/mobile_robotics/build install --record /home/robertog/ros2_ws/build/mobile_robotics/install.log --single-version-externally-managed install_data
[1.294s] running egg_info
[1.294s] writing ../../build/mobile_robotics/mobile_robotics.egg-info/PKG-INFO
[1.294s] writing dependency_links to ../../build/mobile_robotics/mobile_robotics.egg-info/dependency_links.txt
[1.294s] writing entry points to ../../build/mobile_robotics/mobile_robotics.egg-info/entry_points.txt
[1.294s] writing requirements to ../../build/mobile_robotics/mobile_robotics.egg-info/requires.txt
[1.294s] writing top-level names to ../../build/mobile_robotics/mobile_robotics.egg-info/top_level.txt
[1.294s] reading manifest file '../../build/mobile_robotics/mobile_robotics.egg-info/SOURCES.txt'
[1.295s] writing manifest file '../../build/mobile_robotics/mobile_robotics.egg-info/SOURCES.txt'
[1.295s] running build
[1.295s] running build_py
[1.295s] running install
[1.295s] running install_lib
[1.295s] running install_data
[1.295s] running install_egg_info
[1.296s] removing '/home/robertog/ros2_ws/install/mobile_robotics/lib/python3.10/site-packages/mobile_robotics-0.0.0-py3.10.egg-info' (and everything under it)
[1.296s] Copying ../../build/mobile_robotics/mobile_robotics.egg-info to /home/robertog/ros2_ws/install/mobile_robotics/lib/python3.10/site-packages/mobile_robotics-0.0.0-py3.10.egg-info
[1.296s] running install_scripts
[1.299s] Installing ros_color_tracker script to /home/robertog/ros2_ws/install/mobile_robotics/lib/mobile_robotics
[1.300s] Installing test_node script to /home/robertog/ros2_ws/install/mobile_robotics/lib/mobile_robotics
[1.300s] writing list of installed files to '/home/robertog/ros2_ws/build/mobile_robotics/install.log'
[1.319s] Invoked command in '/home/robertog/ros2_ws/src/mobile_robotics' returned '0': PYTHONPATH=/home/robertog/ros2_ws/build/mobile_robotics/prefix_override:/home/robertog/ros2_ws/install/mobile_robotics/lib/python3.10/site-packages:${PYTHONPATH} /usr/bin/python3 -W ignore:setup.py install is deprecated setup.py egg_info --egg-base ../../build/mobile_robotics build --build-base /home/robertog/ros2_ws/build/mobile_robotics/build install --record /home/robertog/ros2_ws/build/mobile_robotics/install.log --single-version-externally-managed install_data
